k-points are in crystal coordinates
nk(3) =    12   12    1
dk(3) =   0.500000000  0.500000000  0.000000000

direct lattice vectors
a1 =   1.000000000  0.000000000  0.000000000
a2 =  -0.500000000  0.866025000  0.000000000
a3 =   0.000000000  0.000000000  8.000000000

unit cell volume =  0.692820000E+01

reciprocal lattice vectors
b1 =   6.283185307  3.627600420  0.000000000
b2 =   0.000000000  7.255200840  0.000000000
b3 =   0.000000000  0.000000000  0.785398163

symmetries of the Bravais lattice
 24
Space group 191, symbol P6/mmm               
r01 =     1   0   0     0   1   0     0   0   1      0.000000    0.000000    0.000000
r02 =     1   0   0     0   1   0     0   0  -1      0.000000    0.000000    0.000000
r03 =    -1   0   0    -1   1   0     0   0   1      0.000000    0.000000    0.000000
r04 =    -1   0   0    -1   1   0     0   0  -1      0.000000    0.000000    0.000000
r05 =    -1   1   0     0   1   0     0   0   1      0.000000    0.000000    0.000000
r06 =    -1   1   0     0   1   0     0   0  -1      0.000000    0.000000    0.000000
r07 =     1  -1   0     1   0   0     0   0   1      0.000000    0.000000    0.000000
r08 =     1  -1   0     1   0   0     0   0  -1      0.000000    0.000000    0.000000
r09 =    -1   0   0     0  -1   0     0   0   1      0.000000    0.000000    0.000000
r10 =    -1   0   0     0  -1   0     0   0  -1      0.000000    0.000000    0.000000
r11 =     1   0   0     1  -1   0     0   0   1      0.000000    0.000000    0.000000
r12 =     1   0   0     1  -1   0     0   0  -1      0.000000    0.000000    0.000000
r13 =     1  -1   0     0  -1   0     0   0   1      0.000000    0.000000    0.000000
r14 =     1  -1   0     0  -1   0     0   0  -1      0.000000    0.000000    0.000000
r15 =    -1   1   0    -1   0   0     0   0   1      0.000000    0.000000    0.000000
r16 =    -1   1   0    -1   0   0     0   0  -1      0.000000    0.000000    0.000000
r17 =     0   1   0    -1   1   0     0   0   1      0.000000    0.000000    0.000000
r18 =     0   1   0    -1   1   0     0   0  -1      0.000000    0.000000    0.000000
r19 =     0  -1   0    -1   0   0     0   0   1      0.000000    0.000000    0.000000
r20 =     0  -1   0    -1   0   0     0   0  -1      0.000000    0.000000    0.000000
r21 =     0   1   0     1   0   0     0   0   1      0.000000    0.000000    0.000000
r22 =     0   1   0     1   0   0     0   0  -1      0.000000    0.000000    0.000000
r23 =     0  -1   0     1  -1   0     0   0   1      0.000000    0.000000    0.000000
r24 =     0  -1   0     1  -1   0     0   0  -1      0.000000    0.000000    0.000000

symmetries of the crystal without FFT grid
 12
Space group 187, symbol P-6m2                
r01 =     1   0   0     0   1   0     0   0   1      0.000000    0.000000    0.000000
r02 =     1   0   0     0   1   0     0   0  -1      0.000000    0.000000    0.000000
r03 =    -1   1   0     0   1   0     0   0   1      0.000000    0.000000    0.000000
r04 =    -1   1   0     0   1   0     0   0  -1      0.000000    0.000000    0.000000
r05 =     1   0   0     1  -1   0     0   0   1      0.000000    0.000000    0.000000
r06 =     1   0   0     1  -1   0     0   0  -1      0.000000    0.000000    0.000000
r07 =    -1   1   0    -1   0   0     0   0   1      0.000000    0.000000    0.000000
r08 =    -1   1   0    -1   0   0     0   0  -1      0.000000    0.000000    0.000000
r09 =     0  -1   0    -1   0   0     0   0   1      0.000000    0.000000    0.000000
r10 =     0  -1   0    -1   0   0     0   0  -1      0.000000    0.000000    0.000000
r11 =     0  -1   0     1  -1   0     0   0   1      0.000000    0.000000    0.000000
r12 =     0  -1   0     1  -1   0     0   0  -1      0.000000    0.000000    0.000000

FFT grid:     25    25    72

symmetries of the crystal with FFT grid
 12
Space group 187, symbol P-6m2                
r01 =     1   0   0     0   1   0     0   0   1      0.000000    0.000000    0.000000
r02 =     1   0   0     0   1   0     0   0  -1      0.000000    0.000000    0.000000
r03 =    -1   1   0     0   1   0     0   0   1      0.000000    0.000000    0.000000
r04 =    -1   1   0     0   1   0     0   0  -1      0.000000    0.000000    0.000000
r05 =     1   0   0     1  -1   0     0   0   1      0.000000    0.000000    0.000000
r06 =     1   0   0     1  -1   0     0   0  -1      0.000000    0.000000    0.000000
r07 =    -1   1   0    -1   0   0     0   0   1      0.000000    0.000000    0.000000
r08 =    -1   1   0    -1   0   0     0   0  -1      0.000000    0.000000    0.000000
r09 =     0  -1   0    -1   0   0     0   0   1      0.000000    0.000000    0.000000
r10 =     0  -1   0    -1   0   0     0   0  -1      0.000000    0.000000    0.000000
r11 =     0  -1   0     1  -1   0     0   0   1      0.000000    0.000000    0.000000
r12 =     0  -1   0     1  -1   0     0   0  -1      0.000000    0.000000    0.000000

symmetries that reduce the k-points
r09 =     0  -1   0    -1   0   0     0   0   1

k-points in the original uniform grid
    144
      1  0.041666667  0.041666667  0.000000000   2.0       0  ---
      2  0.041666667  0.125000000  0.000000000   2.0       0  ---
      3  0.041666667  0.208333333  0.000000000   2.0       0  ---
      4  0.041666667  0.291666667  0.000000000   2.0       0  ---
      5  0.041666667  0.375000000  0.000000000   2.0       0  ---
      6  0.041666667  0.458333333  0.000000000   2.0       0  ---
      7  0.041666667  0.541666667  0.000000000   2.0       0  ---
      8  0.041666667  0.625000000  0.000000000   2.0       0  ---
      9  0.041666667  0.708333333  0.000000000   2.0       0  ---
     10  0.041666667  0.791666667  0.000000000   2.0       0  ---
     11  0.041666667  0.875000000  0.000000000   2.0       0  ---
     12  0.041666667  0.958333333  0.000000000   1.0       0  ---
     13  0.125000000  0.041666667  0.000000000   2.0       0  ---
     14  0.125000000  0.125000000  0.000000000   2.0       0  ---
     15  0.125000000  0.208333333  0.000000000   2.0       0  ---
     16  0.125000000  0.291666667  0.000000000   2.0       0  ---
     17  0.125000000  0.375000000  0.000000000   2.0       0  ---
     18  0.125000000  0.458333333  0.000000000   2.0       0  ---
     19  0.125000000  0.541666667  0.000000000   2.0       0  ---
     20  0.125000000  0.625000000  0.000000000   2.0       0  ---
     21  0.125000000  0.708333333  0.000000000   2.0       0  ---
     22  0.125000000  0.791666667  0.000000000   2.0       0  ---
     23  0.125000000  0.875000000  0.000000000   1.0       0  ---
     24  0.125000000  0.958333333  0.000000000   0.0      11  r09
     25  0.208333333  0.041666667  0.000000000   2.0       0  ---
     26  0.208333333  0.125000000  0.000000000   2.0       0  ---
     27  0.208333333  0.208333333  0.000000000   2.0       0  ---
     28  0.208333333  0.291666667  0.000000000   2.0       0  ---
     29  0.208333333  0.375000000  0.000000000   2.0       0  ---
     30  0.208333333  0.458333333  0.000000000   2.0       0  ---
     31  0.208333333  0.541666667  0.000000000   2.0       0  ---
     32  0.208333333  0.625000000  0.000000000   2.0       0  ---
     33  0.208333333  0.708333333  0.000000000   2.0       0  ---
     34  0.208333333  0.791666667  0.000000000   1.0       0  ---
     35  0.208333333  0.875000000  0.000000000   0.0      22  r09
     36  0.208333333  0.958333333  0.000000000   0.0      10  r09
     37  0.291666667  0.041666667  0.000000000   2.0       0  ---
     38  0.291666667  0.125000000  0.000000000   2.0       0  ---
     39  0.291666667  0.208333333  0.000000000   2.0       0  ---
     40  0.291666667  0.291666667  0.000000000   2.0       0  ---
     41  0.291666667  0.375000000  0.000000000   2.0       0  ---
     42  0.291666667  0.458333333  0.000000000   2.0       0  ---
     43  0.291666667  0.541666667  0.000000000   2.0       0  ---
     44  0.291666667  0.625000000  0.000000000   2.0       0  ---
     45  0.291666667  0.708333333  0.000000000   1.0       0  ---
     46  0.291666667  0.791666667  0.000000000   0.0      33  r09
     47  0.291666667  0.875000000  0.000000000   0.0      21  r09
     48  0.291666667  0.958333333  0.000000000   0.0       9  r09
     49  0.375000000  0.041666667  0.000000000   2.0       0  ---
     50  0.375000000  0.125000000  0.000000000   2.0       0  ---
     51  0.375000000  0.208333333  0.000000000   2.0       0  ---
     52  0.375000000  0.291666667  0.000000000   2.0       0  ---
     53  0.375000000  0.375000000  0.000000000   2.0       0  ---
     54  0.375000000  0.458333333  0.000000000   2.0       0  ---
     55  0.375000000  0.541666667  0.000000000   2.0       0  ---
     56  0.375000000  0.625000000  0.000000000   1.0       0  ---
     57  0.375000000  0.708333333  0.000000000   0.0      44  r09
     58  0.375000000  0.791666667  0.000000000   0.0      32  r09
     59  0.375000000  0.875000000  0.000000000   0.0      20  r09
     60  0.375000000  0.958333333  0.000000000   0.0       8  r09
     61  0.458333333  0.041666667  0.000000000   2.0       0  ---
     62  0.458333333  0.125000000  0.000000000   2.0       0  ---
     63  0.458333333  0.208333333  0.000000000   2.0       0  ---
     64  0.458333333  0.291666667  0.000000000   2.0       0  ---
     65  0.458333333  0.375000000  0.000000000   2.0       0  ---
     66  0.458333333  0.458333333  0.000000000   2.0       0  ---
     67  0.458333333  0.541666667  0.000000000   1.0       0  ---
     68  0.458333333  0.625000000  0.000000000   0.0      55  r09
     69  0.458333333  0.708333333  0.000000000   0.0      43  r09
     70  0.458333333  0.791666667  0.000000000   0.0      31  r09
     71  0.458333333  0.875000000  0.000000000   0.0      19  r09
     72  0.458333333  0.958333333  0.000000000   0.0       7  r09
     73  0.541666667  0.041666667  0.000000000   2.0       0  ---
     74  0.541666667  0.125000000  0.000000000   2.0       0  ---
     75  0.541666667  0.208333333  0.000000000   2.0       0  ---
     76  0.541666667  0.291666667  0.000000000   2.0       0  ---
     77  0.541666667  0.375000000  0.000000000   2.0       0  ---
     78  0.541666667  0.458333333  0.000000000   1.0       0  ---
     79  0.541666667  0.541666667  0.000000000   0.0      66  r09
     80  0.541666667  0.625000000  0.000000000   0.0      54  r09
     81  0.541666667  0.708333333  0.000000000   0.0      42  r09
     82  0.541666667  0.791666667  0.000000000   0.0      30  r09
     83  0.541666667  0.875000000  0.000000000   0.0      18  r09
     84  0.541666667  0.958333333  0.000000000   0.0       6  r09
     85  0.625000000  0.041666667  0.000000000   2.0       0  ---
     86  0.625000000  0.125000000  0.000000000   2.0       0  ---
     87  0.625000000  0.208333333  0.000000000   2.0       0  ---
     88  0.625000000  0.291666667  0.000000000   2.0       0  ---
     89  0.625000000  0.375000000  0.000000000   1.0       0  ---
     90  0.625000000  0.458333333  0.000000000   0.0      77  r09
     91  0.625000000  0.541666667  0.000000000   0.0      65  r09
     92  0.625000000  0.625000000  0.000000000   0.0      53  r09
     93  0.625000000  0.708333333  0.000000000   0.0      41  r09
     94  0.625000000  0.791666667  0.000000000   0.0      29  r09
     95  0.625000000  0.875000000  0.000000000   0.0      17  r09
     96  0.625000000  0.958333333  0.000000000   0.0       5  r09
     97  0.708333333  0.041666667  0.000000000   2.0       0  ---
     98  0.708333333  0.125000000  0.000000000   2.0       0  ---
     99  0.708333333  0.208333333  0.000000000   2.0       0  ---
    100  0.708333333  0.291666667  0.000000000   1.0       0  ---
    101  0.708333333  0.375000000  0.000000000   0.0      88  r09
    102  0.708333333  0.458333333  0.000000000   0.0      76  r09
    103  0.708333333  0.541666667  0.000000000   0.0      64  r09
    104  0.708333333  0.625000000  0.000000000   0.0      52  r09
    105  0.708333333  0.708333333  0.000000000   0.0      40  r09
    106  0.708333333  0.791666667  0.000000000   0.0      28  r09
    107  0.708333333  0.875000000  0.000000000   0.0      16  r09
    108  0.708333333  0.958333333  0.000000000   0.0       4  r09
    109  0.791666667  0.041666667  0.000000000   2.0       0  ---
    110  0.791666667  0.125000000  0.000000000   2.0       0  ---
    111  0.791666667  0.208333333  0.000000000   1.0       0  ---
    112  0.791666667  0.291666667  0.000000000   0.0      99  r09
    113  0.791666667  0.375000000  0.000000000   0.0      87  r09
    114  0.791666667  0.458333333  0.000000000   0.0      75  r09
    115  0.791666667  0.541666667  0.000000000   0.0      63  r09
    116  0.791666667  0.625000000  0.000000000   0.0      51  r09
    117  0.791666667  0.708333333  0.000000000   0.0      39  r09
    118  0.791666667  0.791666667  0.000000000   0.0      27  r09
    119  0.791666667  0.875000000  0.000000000   0.0      15  r09
    120  0.791666667  0.958333333  0.000000000   0.0       3  r09
    121  0.875000000  0.041666667  0.000000000   2.0       0  ---
    122  0.875000000  0.125000000  0.000000000   1.0       0  ---
    123  0.875000000  0.208333333  0.000000000   0.0     110  r09
    124  0.875000000  0.291666667  0.000000000   0.0      98  r09
    125  0.875000000  0.375000000  0.000000000   0.0      86  r09
    126  0.875000000  0.458333333  0.000000000   0.0      74  r09
    127  0.875000000  0.541666667  0.000000000   0.0      62  r09
    128  0.875000000  0.625000000  0.000000000   0.0      50  r09
    129  0.875000000  0.708333333  0.000000000   0.0      38  r09
    130  0.875000000  0.791666667  0.000000000   0.0      26  r09
    131  0.875000000  0.875000000  0.000000000   0.0      14  r09
    132  0.875000000  0.958333333  0.000000000   0.0       2  r09
    133  0.958333333  0.041666667  0.000000000   1.0       0  ---
    134  0.958333333  0.125000000  0.000000000   0.0     121  r09
    135  0.958333333  0.208333333  0.000000000   0.0     109  r09
    136  0.958333333  0.291666667  0.000000000   0.0      97  r09
    137  0.958333333  0.375000000  0.000000000   0.0      85  r09
    138  0.958333333  0.458333333  0.000000000   0.0      73  r09
    139  0.958333333  0.541666667  0.000000000   0.0      61  r09
    140  0.958333333  0.625000000  0.000000000   0.0      49  r09
    141  0.958333333  0.708333333  0.000000000   0.0      37  r09
    142  0.958333333  0.791666667  0.000000000   0.0      25  r09
    143  0.958333333  0.875000000  0.000000000   0.0      13  r09
    144  0.958333333  0.958333333  0.000000000   0.0       1  r09

k-points in the irreducible wedge
     78
      1  0.041666667  0.041666667  0.000000000   2.0       1
      2  0.041666667  0.125000000  0.000000000   2.0       2
      3  0.041666667  0.208333333  0.000000000   2.0       3
      4  0.041666667  0.291666667  0.000000000   2.0       4
      5  0.041666667  0.375000000  0.000000000   2.0       5
      6  0.041666667  0.458333333  0.000000000   2.0       6
      7  0.041666667  0.541666667  0.000000000   2.0       7
      8  0.041666667  0.625000000  0.000000000   2.0       8
      9  0.041666667  0.708333333  0.000000000   2.0       9
     10  0.041666667  0.791666667  0.000000000   2.0      10
     11  0.041666667  0.875000000  0.000000000   2.0      11
     12  0.041666667  0.958333333  0.000000000   1.0      12
     13  0.125000000  0.041666667  0.000000000   2.0      13
     14  0.125000000  0.125000000  0.000000000   2.0      14
     15  0.125000000  0.208333333  0.000000000   2.0      15
     16  0.125000000  0.291666667  0.000000000   2.0      16
     17  0.125000000  0.375000000  0.000000000   2.0      17
     18  0.125000000  0.458333333  0.000000000   2.0      18
     19  0.125000000  0.541666667  0.000000000   2.0      19
     20  0.125000000  0.625000000  0.000000000   2.0      20
     21  0.125000000  0.708333333  0.000000000   2.0      21
     22  0.125000000  0.791666667  0.000000000   2.0      22
     23  0.125000000  0.875000000  0.000000000   1.0      23
     24  0.208333333  0.041666667  0.000000000   2.0      25
     25  0.208333333  0.125000000  0.000000000   2.0      26
     26  0.208333333  0.208333333  0.000000000   2.0      27
     27  0.208333333  0.291666667  0.000000000   2.0      28
     28  0.208333333  0.375000000  0.000000000   2.0      29
     29  0.208333333  0.458333333  0.000000000   2.0      30
     30  0.208333333  0.541666667  0.000000000   2.0      31
     31  0.208333333  0.625000000  0.000000000   2.0      32
     32  0.208333333  0.708333333  0.000000000   2.0      33
     33  0.208333333  0.791666667  0.000000000   1.0      34
     34  0.291666667  0.041666667  0.000000000   2.0      37
     35  0.291666667  0.125000000  0.000000000   2.0      38
     36  0.291666667  0.208333333  0.000000000   2.0      39
     37  0.291666667  0.291666667  0.000000000   2.0      40
     38  0.291666667  0.375000000  0.000000000   2.0      41
     39  0.291666667  0.458333333  0.000000000   2.0      42
     40  0.291666667  0.541666667  0.000000000   2.0      43
     41  0.291666667  0.625000000  0.000000000   2.0      44
     42  0.291666667  0.708333333  0.000000000   1.0      45
     43  0.375000000  0.041666667  0.000000000   2.0      49
     44  0.375000000  0.125000000  0.000000000   2.0      50
     45  0.375000000  0.208333333  0.000000000   2.0      51
     46  0.375000000  0.291666667  0.000000000   2.0      52
     47  0.375000000  0.375000000  0.000000000   2.0      53
     48  0.375000000  0.458333333  0.000000000   2.0      54
     49  0.375000000  0.541666667  0.000000000   2.0      55
     50  0.375000000  0.625000000  0.000000000   1.0      56
     51  0.458333333  0.041666667  0.000000000   2.0      61
     52  0.458333333  0.125000000  0.000000000   2.0      62
     53  0.458333333  0.208333333  0.000000000   2.0      63
     54  0.458333333  0.291666667  0.000000000   2.0      64
     55  0.458333333  0.375000000  0.000000000   2.0      65
     56  0.458333333  0.458333333  0.000000000   2.0      66
     57  0.458333333  0.541666667  0.000000000   1.0      67
     58  0.541666667  0.041666667  0.000000000   2.0      73
     59  0.541666667  0.125000000  0.000000000   2.0      74
     60  0.541666667  0.208333333  0.000000000   2.0      75
     61  0.541666667  0.291666667  0.000000000   2.0      76
     62  0.541666667  0.375000000  0.000000000   2.0      77
     63  0.541666667  0.458333333  0.000000000   1.0      78
     64  0.625000000  0.041666667  0.000000000   2.0      85
     65  0.625000000  0.125000000  0.000000000   2.0      86
     66  0.625000000  0.208333333  0.000000000   2.0      87
     67  0.625000000  0.291666667  0.000000000   2.0      88
     68  0.625000000  0.375000000  0.000000000   1.0      89
     69  0.708333333  0.041666667  0.000000000   2.0      97
     70  0.708333333  0.125000000  0.000000000   2.0      98
     71  0.708333333  0.208333333  0.000000000   2.0      99
     72  0.708333333  0.291666667  0.000000000   1.0     100
     73  0.791666667  0.041666667  0.000000000   2.0     109
     74  0.791666667  0.125000000  0.000000000   2.0     110
     75  0.791666667  0.208333333  0.000000000   1.0     111
     76  0.875000000  0.041666667  0.000000000   2.0     121
     77  0.875000000  0.125000000  0.000000000   1.0     122
     78  0.958333333  0.041666667  0.000000000   1.0     133

