K_POINTS crystal
   78
  0.041666667  0.041666667  0.000000000   2.0
  0.041666667  0.125000000  0.000000000   2.0
  0.041666667  0.208333333  0.000000000   2.0
  0.041666667  0.291666667  0.000000000   2.0
  0.041666667  0.375000000  0.000000000   2.0
  0.041666667  0.458333333  0.000000000   2.0
  0.041666667  0.541666667  0.000000000   2.0
  0.041666667  0.625000000  0.000000000   2.0
  0.041666667  0.708333333  0.000000000   2.0
  0.041666667  0.791666667  0.000000000   2.0
  0.041666667  0.875000000  0.000000000   2.0
  0.041666667  0.958333333  0.000000000   1.0
  0.125000000  0.041666667  0.000000000   2.0
  0.125000000  0.125000000  0.000000000   2.0
  0.125000000  0.208333333  0.000000000   2.0
  0.125000000  0.291666667  0.000000000   2.0
  0.125000000  0.375000000  0.000000000   2.0
  0.125000000  0.458333333  0.000000000   2.0
  0.125000000  0.541666667  0.000000000   2.0
  0.125000000  0.625000000  0.000000000   2.0
  0.125000000  0.708333333  0.000000000   2.0
  0.125000000  0.791666667  0.000000000   2.0
  0.125000000  0.875000000  0.000000000   1.0
  0.208333333  0.041666667  0.000000000   2.0
  0.208333333  0.125000000  0.000000000   2.0
  0.208333333  0.208333333  0.000000000   2.0
  0.208333333  0.291666667  0.000000000   2.0
  0.208333333  0.375000000  0.000000000   2.0
  0.208333333  0.458333333  0.000000000   2.0
  0.208333333  0.541666667  0.000000000   2.0
  0.208333333  0.625000000  0.000000000   2.0
  0.208333333  0.708333333  0.000000000   2.0
  0.208333333  0.791666667  0.000000000   1.0
  0.291666667  0.041666667  0.000000000   2.0
  0.291666667  0.125000000  0.000000000   2.0
  0.291666667  0.208333333  0.000000000   2.0
  0.291666667  0.291666667  0.000000000   2.0
  0.291666667  0.375000000  0.000000000   2.0
  0.291666667  0.458333333  0.000000000   2.0
  0.291666667  0.541666667  0.000000000   2.0
  0.291666667  0.625000000  0.000000000   2.0
  0.291666667  0.708333333  0.000000000   1.0
  0.375000000  0.041666667  0.000000000   2.0
  0.375000000  0.125000000  0.000000000   2.0
  0.375000000  0.208333333  0.000000000   2.0
  0.375000000  0.291666667  0.000000000   2.0
  0.375000000  0.375000000  0.000000000   2.0
  0.375000000  0.458333333  0.000000000   2.0
  0.375000000  0.541666667  0.000000000   2.0
  0.375000000  0.625000000  0.000000000   1.0
  0.458333333  0.041666667  0.000000000   2.0
  0.458333333  0.125000000  0.000000000   2.0
  0.458333333  0.208333333  0.000000000   2.0
  0.458333333  0.291666667  0.000000000   2.0
  0.458333333  0.375000000  0.000000000   2.0
  0.458333333  0.458333333  0.000000000   2.0
  0.458333333  0.541666667  0.000000000   1.0
  0.541666667  0.041666667  0.000000000   2.0
  0.541666667  0.125000000  0.000000000   2.0
  0.541666667  0.208333333  0.000000000   2.0
  0.541666667  0.291666667  0.000000000   2.0
  0.541666667  0.375000000  0.000000000   2.0
  0.541666667  0.458333333  0.000000000   1.0
  0.625000000  0.041666667  0.000000000   2.0
  0.625000000  0.125000000  0.000000000   2.0
  0.625000000  0.208333333  0.000000000   2.0
  0.625000000  0.291666667  0.000000000   2.0
  0.625000000  0.375000000  0.000000000   1.0
  0.708333333  0.041666667  0.000000000   2.0
  0.708333333  0.125000000  0.000000000   2.0
  0.708333333  0.208333333  0.000000000   2.0
  0.708333333  0.291666667  0.000000000   1.0
  0.791666667  0.041666667  0.000000000   2.0
  0.791666667  0.125000000  0.000000000   2.0
  0.791666667  0.208333333  0.000000000   1.0
  0.875000000  0.041666667  0.000000000   2.0
  0.875000000  0.125000000  0.000000000   1.0
  0.958333333  0.041666667  0.000000000   1.0
