
 frequency_dependence   1

 band_index     1    16
 sigma_matrix     0   0

 finite_difference_form   2
 finite_difference_spacing  1.000000

 symmetries
 ntran  = 12
 mtrx01 =  1  0  0  0  1  0  0  0  1
 mtrx02 = -1  1  0  0  1  0  0  0 -1
 mtrx03 =  0 -1  0  1 -1  0  0  0  1
 mtrx04 = -1  1  0 -1  0  0  0  0  1
 mtrx05 =  0 -1  0 -1  0  0  0  0 -1
 mtrx06 =  1  0  0  1 -1  0  0  0 -1
 mtrx07 =  1  0  0  0  1  0  0  0 -1
 mtrx08 = -1  1  0  0  1  0  0  0  1
 mtrx09 = -1  1  0 -1  0  0  0  0 -1
 mtrx10 =  0 -1  0  1 -1  0  0  0 -1
 mtrx11 =  1  0  0  1 -1  0  0  0  1
 mtrx12 =  0 -1  0 -1  0  0  0  0  1
 
       k =  0.000000  0.000000  0.000000 ik =   1 spin = 1

   n         Emf          Eo           X        SX-X          CH         Sig         Vxc        Eqp0        Eqp1         CH`        Sig`       Eqp0`       Eqp1`         Znk
   1  -21.816349  -21.816349  -26.918049   15.141912   -8.940883  -20.717020  -16.065919  -26.467451  -25.430814   -8.813211  -20.589349  -26.339779  -25.331598    0.777120
   2   -9.669656   -9.669656  -18.537667    9.719054   -7.660537  -16.479150  -13.176062  -12.972744  -12.449007   -7.461072  -16.279685  -12.773279  -12.281170    0.841440
   3   -5.751189   -5.751189  -22.776600   11.825689  -10.576854  -21.527765  -18.207387   -9.071567   -8.566461  -10.118625  -21.069536   -8.613338   -8.177939    0.847877
   4   -5.751189   -5.751189  -22.776600   11.825689  -10.576854  -21.527765  -18.207387   -9.071567   -8.566461  -10.118625  -21.069536   -8.613338   -8.177939    0.847877
   5    0.359896    0.359896   -1.322942    0.666353   -2.382566   -3.039155   -3.743427    1.064169    1.018841   -2.360591   -3.017180    1.086143    1.039401    0.935638
   6    1.153488    1.153488   -0.376628    0.201381   -0.943492   -1.118738   -1.230444    1.265194    1.261733   -0.927789   -1.103036    1.280897    1.276949    0.969015
   7    1.189180    1.189180   -0.178229    0.092602   -0.481414   -0.567041   -0.509922    1.132061    1.132924   -0.478168   -0.563795    1.135307    1.136120    0.984905
   8    2.249761    2.249761   -0.614980    0.333848   -1.184921   -1.466053   -1.677426    2.461134    2.453974   -1.156876   -1.438008    2.489179    2.481069    0.966125
   9    2.543290    2.543290   -0.482483    0.265230   -0.968230   -1.185483   -1.231990    2.589798    2.588530   -0.958194   -1.175447    2.599834    2.598292    0.972731
  10    4.230756    4.230756   -0.923604    0.517443   -1.541223   -1.947384   -2.187688    4.471060    4.461668   -1.491888   -1.898049    4.520395    4.509075    0.960915
  11    4.786252    4.786252   -0.822082    0.493332   -1.471422   -1.800172   -1.950907    4.936986    4.931537   -1.450407   -1.779157    4.958001    4.951793    0.963850
  12    6.857242    6.857242   -2.112540    1.222223   -3.189371   -4.079688   -4.611089    7.388644    7.353356   -3.052444   -3.942761    7.525570    7.481190    0.933595
  13    7.093745    7.093745   -7.433738    4.454402   -9.363162  -12.342498  -14.367790    9.119037    8.834247   -9.068442  -12.047778    9.413757    9.087525    0.859384
  14    7.093745    7.093745   -7.433738    4.454402   -9.363162  -12.342498  -14.367790    9.119037    8.834247   -9.068442  -12.047778    9.413757    9.087525    0.859384
  15    7.538126    7.538126   -2.107397    1.406995   -3.333739   -4.034140   -4.442750    7.946735    7.920737   -3.268615   -3.969017    8.011859    7.981716    0.936373
  16    8.938272    8.938272   -3.438603    1.901801   -6.078042   -7.614843   -8.755957   10.079386    9.943013   -5.831323   -7.368124   10.326105   10.160247    0.880491
 
       k =  0.000000  0.083333  0.000000 ik =   2 spin = 1

   n         Emf          Eo           X        SX-X          CH         Sig         Vxc        Eqp0        Eqp1         CH`        Sig`       Eqp0`       Eqp1`         Znk
   1  -21.681507  -21.681507  -26.905087   15.127462   -8.963379  -20.741004  -16.096625  -26.325885  -25.293030   -8.834048  -20.611673  -26.196555  -25.192461    0.777612
   2   -9.489556   -9.489556  -18.510395    9.700790   -7.696123  -16.505727  -13.222329  -12.772954  -12.253914   -7.493671  -16.303276  -12.570502  -12.083466    0.841920
   3   -6.295283   -6.295283  -22.703924   11.799186  -10.428919  -21.333658  -17.959507   -9.669434   -9.151183   -9.995714  -20.900453   -9.236229   -8.784516    0.846406
   4   -6.009336   -6.009336  -22.717657   11.790173  -10.485693  -21.413177  -18.083178   -9.339335   -8.830891  -10.038042  -20.965526   -8.891684   -8.451590    0.847314
   5    0.588224    0.588224   -1.318694    0.661828   -2.375495   -3.032361   -3.737957    1.293820    1.248444   -2.351941   -3.008807    1.317374    1.270484    0.935692
   6    1.369079    1.369079   -0.401247    0.215860   -0.974858   -1.160245   -1.281632    1.490467    1.486626   -0.957823   -1.143210    1.507501    1.503122    0.968362
   7    1.412111    1.412111   -0.179888    0.093144   -0.484160   -0.570905   -0.515610    1.356817    1.357656   -0.480657   -0.567401    1.360321    1.361107    0.984822
   8    2.458637    2.458637   -0.653448    0.356945   -1.225119   -1.521622   -1.739472    2.676487    2.668972   -1.194796   -1.491299    2.706810    2.698249    0.965502
   9    2.767534    2.767534   -0.482470    0.263211   -0.968272   -1.187531   -1.236465    2.816468    2.815130   -0.957589   -1.176848    2.827151    2.825521    0.972654
  10    4.420843    4.420843   -1.034308    0.583905   -1.665556   -2.115959   -2.375200    4.680084    4.669450   -1.609518   -2.059922    4.736121    4.723189    0.958980
  11    5.010871    5.010871   -0.830813    0.496183   -1.482544   -1.817174   -1.973547    5.167244    5.161549   -1.460092   -1.794722    5.189696    5.183183    0.963582
  12    6.919457    6.919457   -2.658645    1.536625   -3.954563   -5.076584   -5.749016    7.591890    7.538811   -3.783708   -4.905729    7.762745    7.696180    0.921065
  13    6.985130    6.985130   -7.107463    4.300834   -9.026729  -11.833358  -13.716793    8.868565    8.611220   -8.761644  -11.568273    9.133650    8.840085    0.863364
  14    7.683630    7.683630   -7.432654    4.479476   -9.517572  -12.470750  -14.519122    9.732001    9.439182   -9.206063  -12.159241   10.043510    9.706160    0.857048
  15    7.840004    7.840004   -2.173197    1.402788   -3.355339   -4.125749   -4.600623    8.314878    8.284274   -3.274473   -4.044882    8.395745    8.359929    0.935553
  16    8.778335    8.778335   -2.925138    1.584974   -5.373356   -6.713520   -7.742452    9.807267    9.694115   -5.173657   -6.513821   10.006966    9.871853    0.890030
 
       k =  0.000000  0.166667  0.000000 ik =   3 spin = 1

   n         Emf          Eo           X        SX-X          CH         Sig         Vxc        Eqp0        Eqp1         CH`        Sig`       Eqp0`       Eqp1`         Znk
   1  -21.284274  -21.284274  -26.873052   15.087042   -9.033014  -20.819025  -16.192162  -25.911137  -24.890183   -8.898667  -20.684678  -25.776790  -24.785480    0.779342
   2   -8.957252   -8.957252  -18.437867    9.651830   -7.809229  -16.595267  -13.370212  -12.182306  -11.676069   -7.597313  -16.383350  -11.970390  -11.497418    0.843030
   3   -7.675109   -7.675109  -22.651672   11.801797  -10.094615  -20.944490  -17.430111  -11.189487  -10.635009   -9.714747  -20.564622  -10.809619  -10.315075    0.842226
   4   -6.637696   -6.637696  -22.636592   11.740885  -10.289972  -21.185679  -17.823348  -10.000027   -9.481455   -9.865037  -20.760744   -9.575092   -9.122058    0.845770
   5    1.248709    1.248709   -1.317763    0.660759   -2.404572   -3.061576   -3.786963    1.974096    1.926889   -2.378084   -3.035088    2.000584    1.951653    0.934921
   6    2.008005    2.008005   -0.526460    0.288883   -1.126701   -1.364278   -1.529318    2.173044    2.167322   -1.103154   -1.340731    2.196592    2.190053    0.965329
   7    2.077337    2.077337   -0.178228    0.092326   -0.485230   -0.571132   -0.516830    2.023036    2.023862   -0.481332   -0.567233    2.026934    2.027701    0.984791
   8    3.067970    3.067970   -0.857509    0.479310   -1.437692   -1.815890   -2.065771    3.317851    3.308423   -1.395999   -1.774198    3.359543    3.348542    0.962268
   9    3.428299    3.428299   -0.493100    0.269552   -0.989640   -1.213187   -1.269372    3.484484    3.482924   -0.977434   -1.200982    3.496689    3.494790    0.972238
  10    4.917046    4.917046   -1.745297    1.003348   -2.497832   -3.239781   -3.632512    5.309776    5.288473   -2.401427   -3.143376    5.406182    5.379649    0.945756
  11    5.633251    5.633251   -1.157480    0.702027   -1.895318   -2.350771   -2.589745    5.872226    5.862039   -1.861350   -2.316803    5.906193    5.894558    0.957372
  12    6.753524    6.753524   -3.743288    2.107906   -5.700097   -7.335479   -8.373749    7.791794    7.678645   -5.479392   -7.114774    8.012499    7.875299    0.891022
  13    6.814934    6.814934   -6.487682    3.955377   -8.334973  -10.867278  -12.528382    8.476038    8.262077   -8.113011  -10.645316    8.698000    8.455449    0.871194
  14    8.628212    8.628212   -1.890236    1.189715   -2.986680   -3.687201   -4.143477    9.084488    9.057138   -2.903331   -3.603852    9.167837    9.135490    0.940057
  15    8.704435    8.704435   -1.082111    0.520437   -2.579294   -3.140968   -3.658816    9.222283    9.188864   -2.518815   -3.080488    9.282763    9.245441    0.935467
  16    9.284283    9.284283   -7.348331    4.506477   -9.908329  -12.750183  -14.863860   11.397959   11.081534   -9.555004  -12.396858   11.751284   11.381964    0.850296
 
       k =  0.000000  0.250000  0.000000 ik =   4 spin = 1

   n         Emf          Eo           X        SX-X          CH         Sig         Vxc        Eqp0        Eqp1         CH`        Sig`       Eqp0`       Eqp1`         Znk
   1  -20.651217  -20.651217  -26.846061   15.040843   -9.156880  -20.962098  -16.363919  -25.249396  -24.250037   -9.014100  -20.819318  -25.106616  -24.138289    0.782662
   2   -9.434572   -9.434572  -22.707987   11.868485   -9.704738  -20.544240  -16.857024  -13.121788  -12.517921   -9.379545  -20.219047  -12.796595  -12.245986    0.836227
   3   -8.102271   -8.102271  -18.357788    9.594454   -8.016887  -16.780221  -13.651748  -11.230744  -10.747204   -7.787267  -16.550601  -11.001124  -10.553074    0.845439
   4   -7.365613   -7.365613  -22.623755   11.731382  -10.097691  -20.990064  -17.579825  -10.775853  -10.243118   -9.694959  -20.587333  -10.373121   -9.903300    0.843784
   5    2.308161    2.308161   -1.410255    0.719924   -2.586420   -3.276751   -4.061994    3.093403    3.039658   -2.554487   -3.244818    3.125336    3.069405    0.931555
   6    2.974992    2.974992   -1.607601    0.913131   -2.354323   -3.048793   -3.502688    3.428887    3.403290   -2.279090   -2.973559    3.504120    3.474281    0.943606
   7    3.179649    3.179649   -0.177000    0.094180   -0.485349   -0.568169   -0.508632    3.120112    3.121007   -0.480986   -0.563806    3.124475    3.125305    0.984961
   8    3.876839    3.876839   -2.195747    1.255298   -2.901632   -3.842080   -4.286473    4.321231    4.294647   -2.795182   -3.735630    4.427682    4.394729    0.940178
   9    4.498459    4.498459   -0.624396    0.357093   -1.163708   -1.431011   -1.514664    4.582112    4.579574   -1.146678   -1.413981    4.599142    4.596087    0.969657
  10    5.068859    5.068859   -2.917641    1.622807   -4.253071   -5.547905   -6.283935    5.804889    5.742136   -4.112242   -5.407076    5.945717    5.870957    0.914741
  11    6.241329    6.241329   -4.667679    2.897268   -6.206866   -7.977278   -9.059394    7.323445    7.212822   -6.069023   -7.839434    7.461288    7.336575    0.897772
  12    6.692898    6.692898   -0.942697    0.460539   -2.130170   -2.612328   -3.042070    7.122641    7.099086   -2.088355   -2.570512    7.164457    7.138610    0.945188
  13    7.114227    7.114227   -2.525749    1.502924   -3.567971   -4.590795   -5.249528    7.772960    7.728277   -3.481894   -4.504719    7.859036    7.808514    0.932168
  14    9.432199    9.432199   -0.454623    0.193920   -1.447565   -1.708268   -1.992746    9.716677    9.704470   -1.425562   -1.686266    9.738679    9.725529    0.957092
  15    9.795777    9.795777   -1.636617    1.010362   -2.712725   -3.338980   -3.774895   10.231692   10.206768   -2.628487   -3.254741   10.315930   10.286190    0.942824
  16   11.543027   11.543027   -7.122132    4.484382  -10.422981  -13.060731  -15.260548   13.742844   13.391673  -10.014089  -12.651839   14.151736   13.735292    0.840364
 
       k =  0.000000  0.333333  0.000000 ik =   5 spin = 1

   n         Emf          Eo           X        SX-X          CH         Sig         Vxc        Eqp0        Eqp1         CH`        Sig`       Eqp0`       Eqp1`         Znk
   1  -19.849605  -19.849605  -26.876178   15.028977   -9.347306  -21.194506  -16.632438  -24.411674  -23.429618   -9.192865  -21.040066  -24.257233  -23.308423    0.784734
   2  -11.199701  -11.199701  -22.764795   11.934416   -9.312904  -20.143283  -16.297349  -15.045635  -14.393085   -9.033669  -19.864048  -14.766400  -14.161229    0.830327
   3   -7.990540   -7.990540  -22.660906   11.754449   -9.956954  -20.863412  -17.406912  -11.447040  -10.900509   -9.570683  -20.477140  -11.060768  -10.575313    0.841883
   4   -7.000417   -7.000417  -18.375243    9.600568   -8.361651  -17.136327  -14.136147  -10.000597   -9.544515   -8.102392  -16.877068   -9.741338   -9.324668    0.847982
   5    2.576517    2.576517   -6.625524    3.706354   -7.894740  -10.813910  -12.277260    4.039867    3.837755   -7.638687  -10.557858    4.295919    4.058442    0.861884
   6    3.708001    3.708001   -1.911767    1.038500   -3.279681   -4.152949   -5.082998    4.638050    4.564641   -3.230843   -4.104111    4.686888    4.609624    0.921069
   7    4.708469    4.708469   -0.243057    0.142376   -0.559608   -0.660289   -0.594341    4.642521    4.643559   -0.553041   -0.653723    4.649088    4.650022    0.984273
   8    4.815725    4.815725   -0.285329    0.138806   -0.923908   -1.070431   -1.137683    4.882977    4.880955   -0.913792   -1.060315    4.893093    4.890768    0.969946
   9    5.778773    5.778773   -2.679407    1.669579   -3.724262   -4.734090   -5.268869    6.313551    6.277367   -3.651253   -4.661082    6.386560    6.345436    0.932338
  10    5.946015    5.946015   -0.394445    0.180997   -1.218726   -1.432173   -1.684807    6.198648    6.189205   -1.203655   -1.417102    6.213719    6.203712    0.962620
  11    6.540309    6.540309   -3.530372    2.157463   -4.867395   -6.240303   -7.110181    7.410186    7.335286   -4.766192   -6.139101    7.511389    7.427775    0.913896
  12    7.929207    7.929207   -0.413787    0.187380   -1.274926   -1.501333   -1.751079    8.178953    8.169313   -1.255478   -1.481885    8.198401    8.188010    0.961401
  13    8.478126    8.478126   -0.907473    0.515239   -1.648670   -2.040905   -2.295647    8.732868    8.722559   -1.610890   -2.003124    8.770649    8.758811    0.959531
  14   10.721094   10.721094   -0.548854    0.263197   -1.545401   -1.831058   -2.137723   11.027759   11.014170   -1.513042   -1.798699   11.060119   11.045095    0.955686
  15   11.243503   11.243503   -1.871707    1.116904   -3.157774   -3.912578   -4.480833   11.811758   11.773881   -3.041674   -3.796478   11.927857   11.882242    0.933345
  16   12.870710   12.870710   -2.883055    1.709044   -5.119996   -6.294007   -7.467915   14.044618   13.922578   -4.948843   -6.122854   14.215772   14.075939    0.896040
 
       k =  0.000000  0.416667  0.000000 ik =   6 spin = 1

   n         Emf          Eo           X        SX-X          CH         Sig         Vxc        Eqp0        Eqp1         CH`        Sig`       Eqp0`       Eqp1`         Znk
   1  -19.055041  -19.055041  -27.033473   15.105908   -9.600792  -21.528357  -16.997812  -23.585586  -22.623559   -9.433185  -21.360750  -23.417979  -22.491542    0.787658
   2  -12.625890  -12.625890  -22.684452   11.902730   -8.937064  -19.718786  -15.760277  -16.584399  -15.894221   -8.691500  -19.473222  -16.338834  -15.691471    0.825647
   3   -8.400408   -8.400408  -22.703044   11.780445   -9.873561  -20.796160  -17.307649  -11.888919  -11.333003   -9.497060  -20.419659  -11.512418  -11.016500    0.840644
   4   -5.864470   -5.864470  -18.719455    9.817253   -8.886006  -17.788209  -14.907768   -8.744911   -8.312146   -8.581148  -17.483351   -8.440053   -8.053090    0.849757
   5    1.042055    1.042055   -6.421089    3.503984   -7.479685  -10.396790  -11.770264    2.415529    2.231921   -7.294872  -10.211977    2.600342    2.392027    0.866318
   6    5.033624    5.033624   -4.705052    2.852833   -6.575541   -8.427760   -9.757126    6.362989    6.207347   -6.452096   -8.304314    6.486435    6.316340    0.882920
   7    6.416550    6.416550   -2.191907    1.331652   -3.322479   -4.182734   -4.780165    7.013982    6.973997   -3.262721   -4.122975    7.073741    7.029756    0.933071
   8    6.704571    6.704571   -0.243071    0.116232   -0.970901   -1.097740   -1.243627    6.850458    6.845580   -0.959349   -1.086187    6.862011    6.856746    0.966563
   9    6.828895    6.828895   -0.989048    0.580591   -1.664416   -2.072873   -2.335463    7.091485    7.081555   -1.635504   -2.043961    7.120398    7.109374    0.962183
  10    7.778100    7.778100   -0.386857    0.187391   -1.196719   -1.396185   -1.654074    8.035989    8.026449   -1.176491   -1.375957    8.056217    8.045929    0.963010
  11    8.151372    8.151372   -0.633614    0.347299   -1.275229   -1.561545   -1.720146    8.309974    8.304595   -1.250573   -1.536888    8.334630    8.328415    0.966087
  12    9.688010    9.688010   -0.576310    0.289904   -1.513012   -1.799417   -2.101685    9.990277    9.977226   -1.478377   -1.764783   10.024911   10.010365    0.956823
  13   10.260411   10.260411   -1.208435    0.665706   -2.257707   -2.800436   -3.258508   10.718483   10.693403   -2.185437   -2.728166   10.790752   10.761716    0.945250
  14   10.934506   10.934506   -1.247500    0.652616   -2.787127   -3.382011   -4.261723   11.814218   11.749640   -2.734739   -3.329624   11.866605   11.798181    0.926592
  15   11.585058   11.585058   -0.826406    0.422669   -2.299888   -2.703625   -3.324526   12.205960   12.165619   -2.246422   -2.650159   12.259425   12.215610    0.935028
  16   12.022351   12.022351   -0.132092    0.073495   -0.450966   -0.509563   -0.421632   11.934420   11.935673   -0.442950   -0.501547   11.942436   11.943575    0.985749
 
       k =  0.000000  0.500000  0.000000 ik =   7 spin = 1

   n         Emf          Eo           X        SX-X          CH         Sig         Vxc        Eqp0        Eqp1         CH`        Sig`       Eqp0`       Eqp1`         Znk
   1  -18.676392  -18.676392  -27.189178   15.200092   -9.762116  -21.751201  -17.234057  -23.193536  -22.238924   -9.587344  -21.576430  -23.018765  -22.101087    0.788669
   2  -13.222979  -13.222979  -22.558054   11.825002   -8.734132  -19.467183  -15.467565  -17.222598  -16.517395   -8.502518  -19.235569  -16.990984  -16.326619    0.823683
   3   -8.542231   -8.542231  -22.720304   11.790867   -9.845971  -20.775408  -17.275547  -12.042092  -11.483023   -9.472686  -20.402123  -11.668806  -11.169366    0.840260
   4   -5.290199   -5.290199  -19.183757   10.107053   -9.278735  -18.355439  -15.511119   -8.134520   -7.706319   -8.939168  -18.015872   -7.794953   -7.417872    0.849454
   5    0.287771    0.287771   -5.927468    3.172248   -7.008826   -9.764046  -11.092752    1.616478    1.445085   -6.870339   -9.625558    1.754965    1.565708    0.871008
   6    5.363336    5.363336   -6.478177    4.023236   -8.573822  -11.028763  -12.516199    6.850773    6.647925   -8.407765  -10.862706    7.016830    6.791337    0.863626
   7    8.076845    8.076845   -1.637990    0.837835   -3.300381   -4.100535   -5.123221    9.099532    9.013263   -3.221159   -4.021313    9.178753    9.085802    0.915645
   8    8.592181    8.592181   -1.068200    0.575344   -2.328513   -2.821369   -3.529544    9.300356    9.256142   -2.302006   -2.794862    9.326863    9.280995    0.937567
   9    8.791801    8.791801   -0.859055    0.451201   -2.147543   -2.555397   -3.165778    9.402181    9.364788   -2.094880   -2.502735    9.454844    9.414224    0.938738
  10    9.149459    9.149459   -0.140241    0.074654   -0.454218   -0.519805   -0.440269    9.069923    9.071064   -0.446757   -0.512344    9.077384    9.078418    0.985658
  11    9.197478    9.197478   -0.110340    0.044707   -0.779652   -0.845285   -0.910474    9.262667    9.260755   -0.774209   -0.839842    9.268111    9.266038    0.970657
  12    9.223614    9.223614   -0.224141    0.118650   -0.650714   -0.756204   -0.792096    9.259506    9.258795   -0.645144   -0.750634    9.265077    9.264255    0.980185
  13    9.863553    9.863553   -0.490125    0.257167   -1.250701   -1.483660   -1.674881   10.054774   10.047947   -1.219665   -1.452623   10.085810   10.077876    0.964300
  14   10.331916   10.331916   -0.185185    0.071994   -0.995015   -1.108206   -1.312790   10.536500   10.529469   -0.985319   -1.098510   10.546196   10.538831    0.965632
  15   10.404943   10.404943   -0.503674    0.275321   -1.103003   -1.331356   -1.410036   10.483623   10.481218   -1.072386   -1.300740   10.514239   10.510899    0.969443
  16   10.615252   10.615252   -0.350744    0.182589   -0.954484   -1.122638   -1.236801   10.729414   10.726083   -0.945211   -1.113365   10.738687   10.735085    0.970820
 
       k =  0.000000  0.583333  0.000000 ik =   8 spin = 1

   n         Emf          Eo           X        SX-X          CH         Sig         Vxc        Eqp0        Eqp1         CH`        Sig`       Eqp0`       Eqp1`         Znk
   1  -19.055041  -19.055041  -27.033473   15.105899   -9.600789  -21.528363  -16.997812  -23.585592  -22.623565   -9.433182  -21.360756  -23.417985  -22.491547    0.787658
   2  -12.625890  -12.625890  -22.684452   11.902740   -8.937069  -19.718781  -15.760277  -16.584394  -15.894216   -8.691505  -19.473217  -16.338830  -15.691468    0.825647
   3   -8.400408   -8.400408  -22.703044   11.780445   -9.873562  -20.796161  -17.307649  -11.888920  -11.333004   -9.497061  -20.419660  -11.512419  -11.016500    0.840644
   4   -5.864470   -5.864470  -18.719455    9.817252   -8.886004  -17.788208  -14.907768   -8.744910   -8.312145   -8.581146  -17.483349   -8.440052   -8.053089    0.849757
   5    1.042055    1.042055   -6.421089    3.503989   -7.479689  -10.396790  -11.770264    2.415529    2.231921   -7.294877  -10.211978    2.600341    2.392027    0.866318
   6    5.033624    5.033624   -4.705052    2.852835   -6.575545   -8.427761   -9.757126    6.362988    6.207346   -6.452099   -8.304316    6.486434    6.316339    0.882920
   7    6.416550    6.416550   -2.191907    1.331655   -3.322481   -4.182733   -4.780165    7.013983    6.973998   -3.262722   -4.122974    7.073742    7.029757    0.933071
   8    6.704571    6.704571   -0.243071    0.116233   -0.970901   -1.097739   -1.243627    6.850459    6.845581   -0.959349   -1.086187    6.862012    6.856747    0.966563
   9    6.828895    6.828895   -0.989048    0.580592   -1.664416   -2.072873   -2.335463    7.091486    7.081555   -1.635504   -2.043960    7.120398    7.109375    0.962183
  10    7.778100    7.778100   -0.386857    0.187392   -1.196719   -1.396184   -1.654074    8.035990    8.026450   -1.176491   -1.375956    8.056218    8.045930    0.963010
  11    8.151372    8.151372   -0.633614    0.347300   -1.275230   -1.561544   -1.720146    8.309974    8.304596   -1.250573   -1.536887    8.334631    8.328416    0.966087
  12    9.688010    9.688010   -0.576310    0.289905   -1.513012   -1.799417   -2.101685    9.990278    9.977227   -1.478377   -1.764783   10.024912   10.010365    0.956823
  13   10.260411   10.260411   -1.208435    0.665713   -2.257713   -2.800435   -3.258508   10.718484   10.693404   -2.185443   -2.728165   10.790753   10.761717    0.945250
  14   10.934506   10.934506   -1.247500    0.652614   -2.787127   -3.382012   -4.261723   11.814217   11.749639   -2.734739   -3.329625   11.866604   11.798181    0.926592
  15   11.585058   11.585058   -0.826406    0.422669   -2.299888   -2.703625   -3.324526   12.205960   12.165619   -2.246423   -2.650160   12.259425   12.215610    0.935028
  16   12.022351   12.022351   -0.132092    0.073495   -0.450965   -0.509563   -0.421632   11.934420   11.935673   -0.442949   -0.501547   11.942436   11.943575    0.985749
 
       k =  0.000000  0.666667  0.000000 ik =   9 spin = 1

   n         Emf          Eo           X        SX-X          CH         Sig         Vxc        Eqp0        Eqp1         CH`        Sig`       Eqp0`       Eqp1`         Znk
   1  -19.849605  -19.849605  -26.876178   15.028964   -9.347303  -21.194516  -16.632438  -24.411684  -23.429626   -9.192862  -21.040076  -24.257243  -23.308431    0.784735
   2  -11.199701  -11.199701  -22.764795   11.934430   -9.312912  -20.143276  -16.297349  -15.045629  -14.393080   -9.033678  -19.864043  -14.766395  -14.161224    0.830327
   3   -7.990540   -7.990540  -22.660906   11.754449   -9.956956  -20.863413  -17.406912  -11.447041  -10.900510   -9.570685  -20.477142  -11.060770  -10.575315    0.841883
   4   -7.000417   -7.000417  -18.375243    9.600566   -8.361648  -17.136325  -14.136147  -10.000595   -9.544514   -8.102389  -16.877066   -9.741336   -9.324667    0.847982
   5    2.576517    2.576517   -6.625524    3.706357   -7.894746  -10.813913  -12.277260    4.039865    3.837753   -7.638694  -10.557861    4.295916    4.058439    0.861884
   6    3.708001    3.708001   -1.911767    1.038498   -3.279680   -4.152949   -5.082998    4.638050    4.564640   -3.230842   -4.104111    4.686888    4.609623    0.921069
   7    4.708469    4.708469   -0.243057    0.142376   -0.559608   -0.660289   -0.594341    4.642521    4.643559   -0.553041   -0.653723    4.649088    4.650022    0.984273
   8    4.815725    4.815725   -0.285329    0.138807   -0.923908   -1.070430   -1.137683    4.882978    4.880957   -0.913792   -1.060313    4.893094    4.890769    0.969946
   9    5.778773    5.778773   -2.679407    1.669579   -3.724263   -4.734091   -5.268869    6.313551    6.277367   -3.651254   -4.661082    6.386560    6.345436    0.932338
  10    5.946015    5.946015   -0.394445    0.180999   -1.218726   -1.432171   -1.684807    6.198650    6.189207   -1.203655   -1.417100    6.213721    6.203714    0.962620
  11    6.540309    6.540309   -3.530372    2.157467   -4.867398   -6.240303   -7.110181    7.410187    7.335287   -4.766195   -6.139100    7.511390    7.427776    0.913896
  12    7.929207    7.929207   -0.413787    0.187381   -1.274926   -1.501331   -1.751079    8.178955    8.169315   -1.255478   -1.481884    8.198402    8.188011    0.961401
  13    8.478126    8.478126   -0.907473    0.515257   -1.648688   -2.040904   -2.295647    8.732869    8.722560   -1.610907   -2.003123    8.770650    8.758812    0.959531
  14   10.721094   10.721094   -0.548854    0.263198   -1.545402   -1.831058   -2.137723   11.027760   11.014170   -1.513042   -1.798698   11.060119   11.045096    0.955686
  15   11.243503   11.243503   -1.871707    1.116909   -3.157779   -3.912577   -4.480833   11.811759   11.773882   -3.041679   -3.796476   11.927859   11.882243    0.933345
  16   12.870710   12.870710   -2.883055    1.709084   -5.120036   -6.294007   -7.467915   14.044619   13.922581   -4.948882   -6.122853   14.215773   14.075942    0.896041
 
       k =  0.000000  0.750000  0.000000 ik =  10 spin = 1

   n         Emf          Eo           X        SX-X          CH         Sig         Vxc        Eqp0        Eqp1         CH`        Sig`       Eqp0`       Eqp1`         Znk
   1  -20.651217  -20.651217  -26.846061   15.040823   -9.156877  -20.962115  -16.363919  -25.249413  -24.250067   -9.014097  -20.819335  -25.106632  -24.138317    0.782666
   2   -9.434572   -9.434572  -22.707987   11.868500   -9.704747  -20.544234  -16.857024  -13.121782  -12.517916   -9.379555  -20.219043  -12.796591  -12.245982    0.836227
   3   -8.102271   -8.102271  -18.357788    9.594452   -8.016885  -16.780220  -13.651748  -11.230743  -10.747203   -7.787265  -16.550600  -11.001123  -10.553073    0.845439
   4   -7.365613   -7.365613  -22.623755   11.731382  -10.097693  -20.990066  -17.579825  -10.775854  -10.243120   -9.694962  -20.587335  -10.373123   -9.903302    0.843784
   5    2.308161    2.308161   -1.410255    0.719923   -2.586419   -3.276751   -4.061994    3.093403    3.039658   -2.554486   -3.244818    3.125336    3.069405    0.931555
   6    2.974992    2.974992   -1.607601    0.913127   -2.354322   -3.048795   -3.502688    3.428885    3.403288   -2.279089   -2.973562    3.504118    3.474278    0.943606
   7    3.179649    3.179649   -0.177000    0.094180   -0.485349   -0.568169   -0.508632    3.120112    3.121007   -0.480986   -0.563806    3.124475    3.125305    0.984961
   8    3.876839    3.876839   -2.195747    1.255299   -2.901634   -3.842082   -4.286473    4.321229    4.294645   -2.795184   -3.735632    4.427679    4.394727    0.940178
   9    4.498459    4.498459   -0.624396    0.357093   -1.163708   -1.431011   -1.514664    4.582112    4.579574   -1.146678   -1.413981    4.599142    4.596087    0.969657
  10    5.068859    5.068859   -2.917641    1.622813   -4.253074   -5.547902   -6.283935    5.804891    5.742138   -4.112246   -5.407074    5.945719    5.870959    0.914741
  11    6.241329    6.241329   -4.667679    2.897267   -6.206867   -7.977279   -9.059394    7.323444    7.212822   -6.069023   -7.839435    7.461287    7.336574    0.897772
  12    6.692898    6.692898   -0.942697    0.460544   -2.130172   -2.612324   -3.042070    7.122644    7.099089   -2.088357   -2.570509    7.164460    7.138613    0.945188
  13    7.114227    7.114227   -2.525749    1.502923   -3.567968   -4.590794   -5.249528    7.772961    7.728277   -3.481892   -4.504718    7.859037    7.808515    0.932167
  14    9.432199    9.432199   -0.454623    0.193922   -1.447566   -1.708266   -1.992746    9.716678    9.704472   -1.425563   -1.686264    9.738681    9.725530    0.957092
  15    9.795777    9.795777   -1.636617    1.010363   -2.712726   -3.338979   -3.774895   10.231693   10.206769   -2.628487   -3.254740   10.315931   10.286191    0.942824
  16   11.543027   11.543027   -7.122132    4.484359  -10.422964  -13.060737  -15.260548   13.742838   13.391668  -10.014070  -12.651844   14.151731   13.735288    0.840364
 
       k =  0.000000  0.833333  0.000000 ik =  11 spin = 1

   n         Emf          Eo           X        SX-X          CH         Sig         Vxc        Eqp0        Eqp1         CH`        Sig`       Eqp0`       Eqp1`         Znk
   1  -21.284274  -21.284274  -26.873052   15.087030   -9.033012  -20.819035  -16.192162  -25.911147  -24.890190   -8.898665  -20.684688  -25.776800  -24.785488    0.779342
   2   -8.957252   -8.957252  -18.437867    9.651828   -7.809227  -16.595266  -13.370212  -12.182306  -11.676069   -7.597311  -16.383350  -11.970390  -11.497417    0.843030
   3   -7.675109   -7.675109  -22.651672   11.801810  -10.094624  -20.944485  -17.430111  -11.189483  -10.635005   -9.714758  -20.564619  -10.809617  -10.315072    0.842226
   4   -6.637696   -6.637696  -22.636592   11.740886  -10.289975  -21.185681  -17.823348  -10.000029   -9.481456   -9.865041  -20.760746   -9.575095   -9.122060    0.845770
   5    1.248709    1.248709   -1.317763    0.660758   -2.404571   -3.061576   -3.786963    1.974096    1.926889   -2.378083   -3.035088    2.000584    1.951653    0.934921
   6    2.008005    2.008005   -0.526460    0.288882   -1.126701   -1.364279   -1.529318    2.173044    2.167322   -1.103154   -1.340731    2.196591    2.190053    0.965329
   7    2.077337    2.077337   -0.178228    0.092327   -0.485230   -0.571132   -0.516830    2.023036    2.023862   -0.481332   -0.567233    2.026934    2.027701    0.984791
   8    3.067970    3.067970   -0.857509    0.479311   -1.437693   -1.815891   -2.065771    3.317850    3.308422   -1.396001   -1.774199    3.359542    3.348541    0.962268
   9    3.428299    3.428299   -0.493100    0.269553   -0.989640   -1.213187   -1.269372    3.484484    3.482924   -0.977435   -1.200982    3.496689    3.494790    0.972238
  10    4.917046    4.917046   -1.745297    1.003348   -2.497833   -3.239783   -3.632512    5.309775    5.288472   -2.401428   -3.143377    5.406180    5.379648    0.945756
  11    5.633251    5.633251   -1.157480    0.702027   -1.895318   -2.350771   -2.589745    5.872226    5.862039   -1.861350   -2.316803    5.906193    5.894558    0.957372
  12    6.753524    6.753524   -3.743288    2.107911   -5.700100   -7.335477   -8.373749    7.791795    7.678647   -5.479396   -7.114773    8.012500    7.875299    0.891022
  13    6.814934    6.814934   -6.487682    3.955387   -8.334983  -10.867279  -12.528382    8.476037    8.262077   -8.113022  -10.645317    8.697999    8.455448    0.871194
  14    8.628212    8.628212   -1.890236    1.189714   -2.986678   -3.687200   -4.143477    9.084489    9.057138   -2.903329   -3.603851    9.167838    9.135491    0.940057
  15    8.704435    8.704435   -1.082111    0.520441   -2.579295   -3.140965   -3.658816    9.222286    9.188867   -2.518816   -3.080486    9.282765    9.245443    0.935467
  16    9.284283    9.284283   -7.348331    4.506457   -9.908315  -12.750189  -14.863860   11.397954   11.081529   -9.554990  -12.396863   11.751279   11.381961    0.850296
 
       k =  0.000000  0.916667  0.000000 ik =  12 spin = 1

   n         Emf          Eo           X        SX-X          CH         Sig         Vxc        Eqp0        Eqp1         CH`        Sig`       Eqp0`       Eqp1`         Znk
   1  -21.681507  -21.681507  -26.905087   15.127454   -8.963377  -20.741010  -16.096625  -26.325892  -25.293038   -8.834047  -20.611680  -26.196562  -25.192469    0.777612
   2   -9.489556   -9.489556  -18.510395    9.700789   -7.696122  -16.505727  -13.222329  -12.772954  -12.253914   -7.493670  -16.303276  -12.570502  -12.083466    0.841920
   3   -6.295283   -6.295283  -22.703924   11.799195  -10.428925  -21.333655  -17.959507   -9.669432   -9.151181   -9.995722  -20.900452   -9.236228   -8.784515    0.846405
   4   -6.009336   -6.009336  -22.717657   11.790174  -10.485695  -21.413178  -18.083178   -9.339336   -8.830892  -10.038045  -20.965528   -8.891686   -8.451592    0.847314
   5    0.588224    0.588224   -1.318694    0.661828   -2.375495   -3.032361   -3.737957    1.293820    1.248445   -2.351941   -3.008807    1.317374    1.270484    0.935692
   6    1.369079    1.369079   -0.401247    0.215860   -0.974858   -1.160245   -1.281632    1.490467    1.486626   -0.957823   -1.143210    1.507501    1.503122    0.968362
   7    1.412111    1.412111   -0.179888    0.093144   -0.484160   -0.570905   -0.515610    1.356817    1.357656   -0.480656   -0.567401    1.360321    1.361107    0.984822
   8    2.458637    2.458637   -0.653448    0.356945   -1.225119   -1.521622   -1.739472    2.676487    2.668971   -1.194796   -1.491299    2.706810    2.698249    0.965502
   9    2.767534    2.767534   -0.482470    0.263212   -0.968272   -1.187531   -1.236465    2.816468    2.815130   -0.957589   -1.176848    2.827151    2.825521    0.972654
  10    4.420843    4.420843   -1.034308    0.583904   -1.665556   -2.115960   -2.375200    4.680083    4.669449   -1.609519   -2.059922    4.736121    4.723188    0.958980
  11    5.010871    5.010871   -0.830813    0.496183   -1.482544   -1.817174   -1.973547    5.167244    5.161549   -1.460092   -1.794722    5.189696    5.183184    0.963582
  12    6.919457    6.919457   -2.658645    1.536626   -3.954565   -5.076584   -5.749016    7.591890    7.538811   -3.783710   -4.905729    7.762745    7.696179    0.921065
  13    6.985130    6.985130   -7.107463    4.300833   -9.026729  -11.833359  -13.716793    8.868565    8.611220   -8.761644  -11.568274    9.133649    8.840084    0.863364
  14    7.683630    7.683630   -7.432654    4.479470   -9.517569  -12.470754  -14.519122    9.731997    9.439179   -9.206060  -12.159244   10.043507    9.706158    0.857048
  15    7.840004    7.840004   -2.173197    1.402783   -3.355334   -4.125749   -4.600623    8.314878    8.284274   -3.274467   -4.044882    8.395745    8.359929    0.935553
  16    8.778335    8.778335   -2.925138    1.584978   -5.373358   -6.713518   -7.742452    9.807268    9.694117   -5.173660   -6.513820   10.006967    9.871854    0.890030
 
       k =  0.083333  0.083333  0.000000 ik =  13 spin = 1

   n         Emf          Eo           X        SX-X          CH         Sig         Vxc        Eqp0        Eqp1         CH`        Sig`       Eqp0`       Eqp1`         Znk
   1  -21.415358  -21.415358  -26.882505   15.099227   -9.009424  -20.792702  -16.159711  -26.048349  -25.024619   -8.876754  -20.660032  -25.915679  -24.921264    0.779035
   2   -9.133184   -9.133184  -18.460274    9.667548   -7.771100  -16.563825  -13.319262  -12.377747  -11.866811   -7.562429  -16.355154  -12.169076  -11.691001    0.842525
   3   -7.190631   -7.190631  -22.692198   11.814292  -10.222501  -21.100407  -17.631013  -10.660025  -10.117605   -9.823960  -20.701866  -10.261484   -9.781374    0.843656
   4   -6.519443   -6.519443  -22.597606   11.720617  -10.307351  -21.184340  -17.831210   -9.872573   -9.356747   -9.880795  -20.757784   -9.446017   -8.995810    0.846166
   5    1.033465    1.033465   -1.309857    0.655439   -2.380783   -3.035201   -3.750437    1.748701    1.702506   -2.355129   -3.009546    1.774356    1.726503    0.935412
   6    1.796835    1.796835   -0.472280    0.257416   -1.062172   -1.277035   -1.424058    1.943858    1.938947   -1.041397   -1.256261    1.964633    1.959028    0.966596
   7    1.856396    1.856396   -0.179191    0.092537   -0.485556   -0.572210   -0.518433    1.802618    1.803438   -0.481737   -0.568391    1.806438    1.807199    0.984766
   8    2.868916    2.868916   -0.767876    0.425905   -1.344442   -1.686414   -1.922497    3.104999    3.096426   -1.307625   -1.649596    3.141817    3.131907    0.963687
   9    3.211377    3.211377   -0.481668    0.261860   -0.972515   -1.192323   -1.245136    3.264191    3.262738   -0.960862   -1.180669    3.275844    3.274071    0.972503
  10    4.770521    4.770521   -1.413133    0.808891   -2.102332   -2.706574   -3.034564    5.098511    5.082791   -2.024308   -2.628550    5.176535    5.157076    0.952073
  11    5.450298    5.450298   -0.858141    0.512939   -1.525683   -1.870885   -2.039373    5.618786    5.612522   -1.500537   -1.845739    5.643932    5.636732    0.962819
  12    6.861372    6.861372   -3.666721    2.088855   -5.482475   -7.060341   -8.036987    7.838018    7.735820   -5.257814   -6.835680    8.062680    7.936972    0.895358
  13    7.048338    7.048338   -7.194320    4.369398   -9.138563  -11.963485  -13.839583    8.924436    8.665420   -8.875310  -11.700232    9.187689    8.892327    0.861939
  14    8.076875    8.076875   -3.900013    2.454971   -5.533952   -6.978994   -7.944219    9.042100    8.950997   -5.377596   -6.822638    9.198456    9.092595    0.905615
  15    8.658935    8.658935   -1.575335    0.796623   -3.364941   -4.143652   -4.811694    9.326977    9.274739   -3.269801   -4.048513    9.422117    9.362439    0.921804
  16    8.800315    8.800315   -4.947719    2.998882   -6.735020   -8.683857  -10.093984   10.210442   10.054614   -6.507861   -8.456698   10.437601   10.256670    0.889494
 
       k =  0.083333  0.166667  0.000000 ik =  14 spin = 1

   n         Emf          Eo           X        SX-X          CH         Sig         Vxc        Eqp0        Eqp1         CH`        Sig`       Eqp0`       Eqp1`         Znk
   1  -20.898907  -20.898907  -26.852211   15.055525   -9.106045  -20.902730  -16.293061  -25.508577  -24.501529   -8.966634  -20.763320  -25.369167  -24.392575    0.781536
   2   -8.652131   -8.652131  -22.733730   11.870520   -9.902494  -20.765704  -17.150032  -12.267803  -11.685353   -9.552266  -20.415476  -11.917575  -11.391543    0.838910
   3   -8.438141   -8.438141  -18.381897    9.611788   -7.929831  -16.699940  -13.532916  -11.605165  -11.112951   -7.707620  -16.477728  -11.382954  -10.925275    0.844582
   4   -7.306778   -7.306778  -22.511561   11.671123  -10.072889  -20.913328  -17.508027  -10.712079  -10.181160   -9.674373  -20.514812  -10.313564   -9.844777    0.844090
   5    1.899774    1.899774   -1.325379    0.666296   -2.452771   -3.111853   -3.861022    2.648943    2.599352   -2.423530   -3.082613    2.678184    2.626657    0.933806
   6    2.620882    2.620882   -0.862010    0.483640   -1.513787   -1.892156   -2.155593    2.884318    2.873291   -1.473601   -1.851970    2.924505    2.911795    0.958142
   7    2.741373    2.741373   -0.173979    0.090404   -0.482807   -0.566382   -0.510993    2.685985    2.686824   -0.478619   -0.562193    2.690173    2.690949    0.984853
   8    3.618252    3.618252   -1.401744    0.799284   -2.015633   -2.618093   -2.949513    3.949672    3.934267   -1.945876   -2.548336    4.019429    4.000782    0.953519
   9    4.086298    4.086298   -0.499297    0.274284   -1.007338   -1.232351   -1.293261    4.147208    4.145497   -0.993713   -1.218726    4.160833    4.158739    0.971898
  10    5.135117    5.135117   -3.222502    1.837612   -4.408914   -5.793803   -6.523847    5.865160    5.802806   -4.239204   -5.624094    6.034870    5.958021    0.914588
  11    6.259806    6.259806   -1.450017    0.889475   -2.278079   -2.838621   -3.151711    6.572896    6.557764   -2.231907   -2.792450    6.619067    6.601704    0.951671
  12    6.557830    6.557830   -2.072935    1.099380   -3.687936   -4.661491   -5.378515    7.274854    7.216961   -3.582043   -4.555599    7.380746    7.314303    0.919259
  13    7.145775    7.145775   -6.328813    3.865506   -8.176293  -10.639600  -12.254767    8.760942    8.555485   -7.951986  -10.415293    8.985249    8.751259    0.872795
  14    9.022852    9.022852   -3.277040    2.085189   -4.884386   -6.076236   -6.894083    9.840698    9.769635   -4.737645   -5.929496    9.987439    9.903625    0.913109
  15    9.090087    9.090087   -0.529654    0.225491   -1.619854   -1.924017   -2.247341    9.413412    9.398354   -1.594677   -1.898839    9.438589    9.422359    0.953428
  16   10.206890   10.206890   -4.592392    2.862404   -6.711615   -8.441603   -9.796116   11.561403   11.409191   -6.490445   -8.220433   11.782573   11.605508    0.887626
 
       k =  0.083333  0.250000  0.000000 ik =  15 spin = 1

   n         Emf          Eo           X        SX-X          CH         Sig         Vxc        Eqp0        Eqp1         CH`        Sig`       Eqp0`       Eqp1`         Znk
   1  -20.175199  -20.175199  -26.851192   15.024032   -9.263240  -21.090400  -16.512878  -24.752721  -23.764150   -9.113701  -20.940861  -24.603182  -23.646906    0.784038
   2  -10.352376  -10.352376  -22.780028   11.927865   -9.519949  -20.372113  -16.602754  -14.121736  -13.492950   -9.217866  -20.070030  -13.819652  -13.241259    0.833185
   3   -8.049661   -8.049661  -22.537345   11.689688   -9.899742  -20.747399  -17.280267  -11.516793  -10.968617   -9.522584  -20.370241  -11.139635  -10.651090    0.841894
   4   -7.452266   -7.452266  -18.340618    9.579932   -8.204803  -16.965489  -13.912351  -10.505404  -10.038991   -7.959046  -16.719731  -10.259647   -9.830776    0.847235
   5    3.135374    3.135374   -5.680344    3.219585   -6.913808   -9.374567  -10.690104    4.450911    4.286745   -6.666837   -9.127596    4.697882    4.502897    0.875210
   6    3.156293    3.156293   -1.481682    0.765457   -2.728127   -3.444351   -4.273679    3.985621    3.926656   -2.690657   -3.406882    4.023091    3.961461    0.928900
   7    4.062318    4.062318   -0.176343    0.095435   -0.485790   -0.566699   -0.503359    3.998978    3.999925   -0.480917   -0.561825    4.003852    4.004726    0.985053
   8    4.276138    4.276138   -0.917368    0.497907   -1.601970   -2.021430   -2.167891    4.422599    4.416777   -1.563809   -1.983269    4.460760    4.453420    0.960245
   9    5.356306    5.356306   -0.748347    0.438255   -1.328821   -1.638913   -1.749076    5.466469    5.462848   -1.306149   -1.616241    5.489141    5.484775    0.967127
  10    5.407015    5.407015   -0.726035    0.358451   -1.678268   -2.045852   -2.374108    5.735271    5.720329   -1.650075   -2.017658    5.763465    5.747239    0.954480
  11    6.787078    6.787078   -5.417092    3.374776   -7.205965   -9.248280  -10.533284    8.072082    7.923518   -7.034174   -9.076489    8.243873    8.075448    0.884386
  12    7.346614    7.346614   -0.450619    0.198384   -1.367816   -1.620051   -1.893909    7.620471    7.609347   -1.349182   -1.601418    7.639105    7.627223    0.959378
  13    7.872021    7.872021   -1.668513    0.984381   -2.563618   -3.247749   -3.694253    8.318525    8.294548   -2.499750   -3.183881    8.382392    8.354986    0.946301
  14   10.150823   10.150823   -0.485150    0.220308   -1.458923   -1.723765   -2.011773   10.438831   10.426450   -1.433704   -1.698546   10.464049   10.450585    0.957012
  15   10.432168   10.432168   -2.781036    1.744490   -4.366591   -5.403137   -6.160470   11.189501   11.127450   -4.216671   -5.253217   11.339421   11.265086    0.918067
  16   11.833970   11.833970   -4.092873    2.584182   -6.487274   -7.995966   -9.264845   13.102850   12.959195   -6.271072   -7.779763   13.319053   13.150921    0.886786
 
       k =  0.083333  0.333333  0.000000 ik =  16 spin = 1

   n         Emf          Eo           X        SX-X          CH         Sig         Vxc        Eqp0        Eqp1         CH`        Sig`       Eqp0`       Eqp1`         Znk
   1  -19.352728  -19.352728  -26.946920   15.056324   -9.491644  -21.382241  -16.838214  -23.896755  -22.928557   -9.329270  -21.219866  -23.734380  -22.800779    0.786929
   2  -11.938411  -11.938411  -22.747285   11.933097   -9.130130  -19.944319  -16.046411  -15.836319  -15.166414   -8.867612  -19.681801  -15.573801  -14.949014    0.828138
   3   -8.597915   -8.597915  -22.598033   11.728752   -9.791579  -20.660860  -17.144714  -12.114060  -11.552143   -9.427937  -20.297218  -11.750418  -11.246615    0.840189
   4   -6.300805   -6.300805  -18.503969    9.679905   -8.645271  -17.469335  -14.548099   -9.222041   -8.782182   -8.361222  -17.185285   -8.937992   -8.540902    0.849427
   5    1.762405    1.762405   -6.699227    3.699782   -7.854016  -10.853461  -12.282414    3.191358    2.994278   -7.630145  -10.629591    3.415228    3.187273    0.862081
   6    4.701486    4.701486   -2.346187    1.315948   -3.861500   -4.891739   -5.924892    5.734639    5.644635   -3.793690   -4.823929    5.802449    5.706538    0.912884
   7    5.797176    5.797176   -0.371538    0.227393   -0.720844   -0.864989   -0.816055    5.748242    5.749130   -0.709722   -0.853867    5.759364    5.760050    0.981853
   8    5.851096    5.851096   -0.217239    0.100464   -0.904125   -1.020900   -1.129908    5.960103    5.956682   -0.895450   -1.012225    5.968778    5.965084    0.968612
   9    6.571197    6.571197   -4.033429    2.523710   -5.523355   -7.033073   -7.949959    7.488083    7.401874   -5.402743   -6.912461    7.608695    7.511146    0.905977
  10    6.944654    6.944654   -0.358147    0.166304   -1.162576   -1.354419   -1.604226    7.194462    7.185377   -1.146566   -1.338408    7.210472    7.200805    0.963634
  11    7.408006    7.408006   -1.748656    1.044146   -2.691370   -3.395880   -3.852034    7.864160    7.838777   -2.634251   -3.338761    7.921279    7.892717    0.944354
  12    8.892288    8.892288   -0.488099    0.234581   -1.377660   -1.631179   -1.902779    9.163889    9.152846   -1.352302   -1.605820    9.189248    9.177173    0.959340
  13    9.504699    9.504699   -0.932018    0.528481   -1.723123   -2.126661   -2.397465    9.775503    9.764044   -1.676773   -2.080311    9.821853    9.808433    0.957687
  14   11.420562   11.420562   -0.979459    0.512850   -2.333586   -2.800195   -3.346228   11.966595   11.933323   -2.280592   -2.747201   12.019589   11.983088    0.939067
  15   11.589269   11.589269   -3.116331    1.820448   -5.282979   -6.578862   -7.808826   12.819233   12.688427   -5.094026   -6.389908   13.008187   12.857285    0.893650
  16   12.851697   12.851697   -0.671844    0.360297   -1.719142   -2.030688   -2.474968   13.295977   13.274297   -1.696451   -2.007997   13.318667   13.295880    0.951203
 
       k =  0.083333  0.416667  0.000000 ik =  17 spin = 1

   n         Emf          Eo           X        SX-X          CH         Sig         Vxc        Eqp0        Eqp1         CH`        Sig`       Eqp0`       Eqp1`         Znk
   1  -18.709945  -18.709945  -27.155053   15.176059   -9.737049  -21.716043  -17.194851  -23.231137  -22.275383   -9.563099  -21.542093  -23.057187  -22.138206    0.788606
   2  -12.992388  -12.992388  -22.581945   11.837616   -8.801071  -19.545400  -15.573947  -16.963840  -16.268087   -8.563594  -19.307923  -16.726364  -16.072213    0.824811
   3   -8.885341   -8.885341  -22.639518   11.755447   -9.740097  -20.624168  -17.081809  -12.427701  -11.858369   -9.382955  -20.267026  -12.070559  -11.558627    0.839279
   4   -5.349740   -5.349740  -19.053654   10.026988   -9.206823  -18.233489  -15.394518   -8.188712   -7.762171   -8.873381  -17.900048   -7.855270   -7.478827    0.849755
   5    0.510829    0.510829   -6.110462    3.291136   -7.189881  -10.009207  -11.347691    1.849313    1.674019   -7.037096   -9.856422    2.002098    1.806795    0.869036
   6    5.797868    5.797868   -5.814664    3.591822   -7.916692  -10.139533  -11.610979    7.269314    7.076588   -7.746769   -9.969610    7.439237    7.224254    0.869022
   7    7.462268    7.462268   -1.951832    1.118282   -3.386674   -4.220224   -5.067526    8.309571    8.244304   -3.320876   -4.154426    8.375369    8.305034    0.922971
   8    7.940380    7.940380   -0.424117    0.211905   -1.347379   -1.559591   -1.860326    8.241114    8.228207   -1.324964   -1.537176    8.263530    8.249660    0.957079
   9    8.086498    8.086498   -0.311921    0.170985   -0.730060   -0.870996   -0.893866    8.109368    8.108899   -0.717754   -0.858690    8.121675    8.120953    0.979483
  10    8.931083    8.931083   -0.586157    0.300344   -1.502747   -1.788560   -2.118363    9.260886    9.246715   -1.470336   -1.756148    9.293297    9.277734    0.957034
  11    9.335756    9.335756   -0.847497    0.454460   -1.706761   -2.099797   -2.413208    9.649167    9.635179   -1.660437   -2.053474    9.695491    9.679435    0.955367
  12    9.805632    9.805632   -1.184491    0.625241   -2.587879   -3.147128   -3.952080   10.610584   10.555565   -2.545425   -3.104675   10.653037   10.595117    0.931650
  13   10.261958   10.261958   -0.817342    0.424935   -2.108318   -2.500725   -3.039560   10.800793   10.769009   -2.063147   -2.455554   10.845964   10.811515    0.941013
  14   10.707858   10.707858   -0.146190    0.079121   -0.475986   -0.543055   -0.473944   10.638747   10.639778   -0.468321   -0.535390   10.646413   10.647329    0.985092
  15   10.939403   10.939403   -0.256122    0.125353   -0.930828   -1.061597   -1.137234   11.015039   11.012762   -0.917183   -1.047952   11.028684   11.025997    0.969901
  16   11.619181   11.619181   -0.290345    0.130272   -1.156911   -1.316984   -1.553795   11.855992   11.847200   -1.141558   -1.301631   11.871345   11.861983    0.962874
 
       k =  0.083333  0.500000  0.000000 ik =  18 spin = 1

   n         Emf          Eo           X        SX-X          CH         Sig         Vxc        Eqp0        Eqp1         CH`        Sig`       Eqp0`       Eqp1`         Znk
   1  -18.709945  -18.709945  -27.155053   15.176053   -9.737047  -21.716046  -17.194851  -23.231140  -22.275386   -9.563097  -21.542096  -23.057190  -22.138208    0.788606
   2  -12.992388  -12.992388  -22.581945   11.837621   -8.801074  -19.545397  -15.573947  -16.963837  -16.268084   -8.563598  -19.307921  -16.726361  -16.072211    0.824811
   3   -8.885341   -8.885341  -22.639518   11.755447   -9.740097  -20.624169  -17.081809  -12.427701  -11.858369   -9.382955  -20.267027  -12.070559  -11.558627    0.839279
   4   -5.349740   -5.349740  -19.053654   10.026987   -9.206821  -18.233489  -15.394518   -8.188711   -7.762170   -8.873379  -17.900046   -7.855269   -7.478826    0.849755
   5    0.510829    0.510829   -6.110462    3.291138   -7.189883  -10.009207  -11.347691    1.849313    1.674020   -7.037098   -9.856422    2.002098    1.806795    0.869036
   6    5.797868    5.797868   -5.814664    3.591821   -7.916691  -10.139534  -11.610979    7.269314    7.076586   -7.746769   -9.969611    7.439236    7.224252    0.869022
   7    7.462268    7.462268   -1.951832    1.118285   -3.386675   -4.220222   -5.067526    8.309572    8.244305   -3.320877   -4.154424    8.375370    8.305035    0.922971
   8    7.940380    7.940380   -0.424117    0.211905   -1.347379   -1.559591   -1.860326    8.241115    8.228207   -1.324964   -1.537175    8.263531    8.249661    0.957079
   9    8.086498    8.086498   -0.311921    0.170986   -0.730061   -0.870996   -0.893866    8.109368    8.108899   -0.717754   -0.858689    8.121675    8.120953    0.979483
  10    8.931083    8.931083   -0.586157    0.300344   -1.502747   -1.788559   -2.118363    9.260886    9.246716   -1.470336   -1.756148    9.293297    9.277734    0.957034
  11    9.335756    9.335756   -0.847497    0.454460   -1.706760   -2.099797   -2.413208    9.649168    9.635179   -1.660436   -2.053473    9.695491    9.679435    0.955367
  12    9.805632    9.805632   -1.184491    0.625240   -2.587879   -3.147129   -3.952080   10.610583   10.555564   -2.545426   -3.104676   10.653036   10.595116    0.931650
  13   10.261958   10.261958   -0.817342    0.424936   -2.108318   -2.500725   -3.039560   10.800793   10.769009   -2.063148   -2.455554   10.845964   10.811515    0.941013
  14   10.707858   10.707858   -0.146190    0.079121   -0.475986   -0.543055   -0.473944   10.638747   10.639778   -0.468320   -0.535390   10.646413   10.647329    0.985092
  15   10.939403   10.939403   -0.256122    0.125353   -0.930828   -1.061597   -1.137234   11.015039   11.012762   -0.917183   -1.047952   11.028684   11.025997    0.969901
  16   11.619181   11.619181   -0.290345    0.130273   -1.156912   -1.316984   -1.553795   11.855992   11.847200   -1.141559   -1.301630   11.871345   11.861983    0.962874
 
       k =  0.083333  0.583333  0.000000 ik =  19 spin = 1

   n         Emf          Eo           X        SX-X          CH         Sig         Vxc        Eqp0        Eqp1         CH`        Sig`       Eqp0`       Eqp1`         Znk
   1  -19.352728  -19.352728  -26.946920   15.056312   -9.491641  -21.382249  -16.838214  -23.896763  -22.928563   -9.329266  -21.219874  -23.734388  -22.800786    0.786930
   2  -11.938411  -11.938411  -22.747285   11.933109   -9.130137  -19.944313  -16.046411  -15.836313  -15.166409   -8.867620  -19.681796  -15.573796  -14.949009    0.828137
   3   -8.597915   -8.597915  -22.598033   11.728752   -9.791580  -20.660861  -17.144714  -12.114061  -11.552143   -9.427939  -20.297219  -11.750420  -11.246616    0.840189
   4   -6.300805   -6.300805  -18.503969    9.679904   -8.645269  -17.469334  -14.548099   -9.222040   -8.782181   -8.361219  -17.185284   -8.937990   -8.540901    0.849427
   5    1.762405    1.762405   -6.699227    3.699785   -7.854020  -10.853462  -12.282414    3.191357    2.994278   -7.630150  -10.629592    3.415227    3.187272    0.862081
   6    4.701486    4.701486   -2.346187    1.315949   -3.861502   -4.891739   -5.924892    5.734639    5.644635   -3.793692   -4.823930    5.802448    5.706537    0.912884
   7    5.797176    5.797176   -0.371538    0.227393   -0.720844   -0.864989   -0.816055    5.748242    5.749130   -0.709722   -0.853867    5.759364    5.760050    0.981853
   8    5.851096    5.851096   -0.217239    0.100465   -0.904125   -1.020899   -1.129908    5.960105    5.956683   -0.895450   -1.012224    5.968779    5.965085    0.968612
   9    6.571197    6.571197   -4.033429    2.523712   -5.523356   -7.033073   -7.949959    7.488083    7.401875   -5.402745   -6.912461    7.608695    7.511146    0.905977
  10    6.944654    6.944654   -0.358147    0.166305   -1.162576   -1.354417   -1.604226    7.194463    7.185378   -1.146566   -1.338407    7.210473    7.200806    0.963634
  11    7.408006    7.408006   -1.748656    1.044148   -2.691371   -3.395879   -3.852033    7.864161    7.838778   -2.634252   -3.338760    7.921280    7.892718    0.944354
  12    8.892288    8.892288   -0.488099    0.234582   -1.377661   -1.631178   -1.902779    9.163890    9.152846   -1.352302   -1.605819    9.189249    9.177174    0.959340
  13    9.504699    9.504699   -0.932018    0.528480   -1.723122   -2.126660   -2.397465    9.775504    9.764045   -1.676771   -2.080310    9.821854    9.808434    0.957686
  14   11.420562   11.420562   -0.979459    0.512851   -2.333587   -2.800195   -3.346228   11.966595   11.933323   -2.280592   -2.747201   12.019589   11.983089    0.939067
  15   11.589269   11.589269   -3.116331    1.820439   -5.282970   -6.578862   -7.808826   12.819233   12.688427   -5.094016   -6.389907   13.008187   12.857286    0.893651
  16   12.851697   12.851697   -0.671844    0.360296   -1.719140   -2.030688   -2.474967   13.295976   13.274297   -1.696450   -2.007998   13.318666   13.295880    0.951203
 
       k =  0.083333  0.666667  0.000000 ik =  20 spin = 1

   n         Emf          Eo           X        SX-X          CH         Sig         Vxc        Eqp0        Eqp1         CH`        Sig`       Eqp0`       Eqp1`         Znk
   1  -20.175199  -20.175199  -26.851192   15.024019   -9.263237  -21.090410  -16.512878  -24.752731  -23.764157   -9.113698  -20.940871  -24.603192  -23.646913    0.784038
   2  -10.352376  -10.352376  -22.780028   11.927879   -9.519957  -20.372107  -16.602754  -14.121730  -13.492945   -9.217875  -20.070025  -13.819647  -13.241255    0.833185
   3   -8.049661   -8.049661  -22.537345   11.689689   -9.899744  -20.747400  -17.280267  -11.516794  -10.968619   -9.522586  -20.370243  -11.139637  -10.651092    0.841894
   4   -7.452266   -7.452266  -18.340618    9.579931   -8.204801  -16.965488  -13.912351  -10.505403  -10.038990   -7.959043  -16.719730  -10.259645   -9.830775    0.847235
   5    3.135374    3.135374   -5.680344    3.219590   -6.913817   -9.374572  -10.690104    4.450907    4.286741   -6.666847   -9.127601    4.697877    4.502892    0.875210
   6    3.156293    3.156293   -1.481682    0.765460   -2.728129   -3.444351   -4.273679    3.985621    3.926656   -2.690660   -3.406882    4.023091    3.961461    0.928900
   7    4.062318    4.062318   -0.176343    0.095435   -0.485790   -0.566699   -0.503359    3.998978    3.999925   -0.480917   -0.561825    4.003852    4.004726    0.985053
   8    4.276138    4.276138   -0.917368    0.497910   -1.601971   -2.021429   -2.167891    4.422601    4.416778   -1.563810   -1.983268    4.460762    4.453422    0.960245
   9    5.356306    5.356306   -0.748347    0.438255   -1.328821   -1.638913   -1.749076    5.466469    5.462848   -1.306149   -1.616241    5.489141    5.484774    0.967127
  10    5.407015    5.407015   -0.726035    0.358455   -1.678269   -2.045849   -2.374108    5.735274    5.720332   -1.650076   -2.017656    5.763468    5.747242    0.954480
  11    6.787078    6.787078   -5.417092    3.374775   -7.205964   -9.248281  -10.533284    8.072082    7.923518   -7.034173   -9.076490    8.243873    8.075447    0.884386
  12    7.346614    7.346614   -0.450619    0.198386   -1.367816   -1.620050   -1.893909    7.620473    7.609348   -1.349182   -1.601416    7.639107    7.627225    0.959378
  13    7.872021    7.872021   -1.668513    0.984376   -2.563612   -3.247748   -3.694253    8.318525    8.294549   -2.499744   -3.183881    8.382393    8.354987    0.946301
  14   10.150823   10.150823   -0.485150    0.220309   -1.458923   -1.723764   -2.011773   10.438832   10.426451   -1.433705   -1.698545   10.464050   10.450586    0.957012
  15   10.432168   10.432168   -2.781036    1.744487   -4.366588   -5.403138   -6.160470   11.189500   11.127450   -4.216668   -5.253217   11.339421   11.265087    0.918067
  16   11.833970   11.833970   -4.092873    2.584180   -6.487275   -7.995968   -9.264845   13.102848   12.959193   -6.271071   -7.779764   13.319051   13.150919    0.886786
 
       k =  0.083333  0.750000  0.000000 ik =  21 spin = 1

   n         Emf          Eo           X        SX-X          CH         Sig         Vxc        Eqp0        Eqp1         CH`        Sig`       Eqp0`       Eqp1`         Znk
   1  -20.898907  -20.898907  -26.852211   15.055513   -9.106042  -20.902740  -16.293061  -25.508587  -24.501535   -8.966632  -20.763330  -25.369176  -24.392581    0.781535
   2   -8.652131   -8.652131  -22.733730   11.870533   -9.902502  -20.765699  -17.150032  -12.267798  -11.685349   -9.552275  -20.415472  -11.917571  -11.391540    0.838910
   3   -8.438141   -8.438141  -18.381897    9.611787   -7.929829  -16.699939  -13.532916  -11.605165  -11.112951   -7.707617  -16.477728  -11.382953  -10.925275    0.844582
   4   -7.306778   -7.306778  -22.511561   11.671124  -10.072891  -20.913329  -17.508027  -10.712081  -10.181161   -9.674377  -20.514814  -10.313566   -9.844779    0.844090
   5    1.899774    1.899774   -1.325379    0.666295   -2.452769   -3.111853   -3.861022    2.648943    2.599352   -2.423528   -3.082612    2.678184    2.626658    0.933806
   6    2.620882    2.620882   -0.862010    0.483639   -1.513787   -1.892158   -2.155593    2.884317    2.873290   -1.473601   -1.851972    2.924503    2.911794    0.958142
   7    2.741373    2.741373   -0.173979    0.090404   -0.482807   -0.566382   -0.510993    2.685985    2.686824   -0.478619   -0.562193    2.690173    2.690949    0.984853
   8    3.618252    3.618252   -1.401744    0.799283   -2.015634   -2.618095   -2.949513    3.949670    3.934265   -1.945877   -2.548338    4.019427    4.000780    0.953519
   9    4.086298    4.086298   -0.499297    0.274284   -1.007337   -1.232351   -1.293261    4.147208    4.145497   -0.993712   -1.218726    4.160833    4.158739    0.971898
  10    5.135117    5.135117   -3.222502    1.837614   -4.408916   -5.793804   -6.523847    5.865160    5.802806   -4.239207   -5.624094    6.034869    5.958020    0.914588
  11    6.259806    6.259806   -1.450017    0.889475   -2.278079   -2.838622   -3.151711    6.572895    6.557764   -2.231908   -2.792450    6.619067    6.601704    0.951671
  12    6.557830    6.557830   -2.072935    1.099388   -3.687940   -4.661487   -5.378515    7.274857    7.216964   -3.582048   -4.555595    7.380749    7.314306    0.919259
  13    7.145775    7.145775   -6.328813    3.865503   -8.176291  -10.639600  -12.254767    8.760942    8.555484   -7.951984  -10.415293    8.985249    8.751258    0.872795
  14    9.022852    9.022852   -3.277040    2.085186   -4.884384   -6.076238   -6.894083    9.840697    9.769634   -4.737642   -5.929496    9.987438    9.903624    0.913109
  15    9.090087    9.090087   -0.529654    0.225493   -1.619854   -1.924015   -2.247341    9.413414    9.398356   -1.594677   -1.898838    9.438591    9.422361    0.953428
  16   10.206890   10.206890   -4.592392    2.862398   -6.711612   -8.441607   -9.796116   11.561400   11.409188   -6.490441   -8.220436   11.782571   11.605505    0.887626
 
       k =  0.166667  0.166667  0.000000 ik =  22 spin = 1

   n         Emf          Eo           X        SX-X          CH         Sig         Vxc        Eqp0        Eqp1         CH`        Sig`       Eqp0`       Eqp1`         Znk
   1  -20.287727  -20.287727  -26.845853   15.025422   -9.235824  -21.056255  -16.473926  -24.870056  -23.876388   -9.087931  -20.908362  -24.722163  -23.760565    0.783152
   2   -9.851415   -9.851415  -22.857169   11.966448   -9.675313  -20.566034  -16.840404  -13.577044  -12.961386   -9.356403  -20.247124  -13.258134  -12.695176    0.834751
   3   -8.315193   -8.315193  -22.372503   11.600222   -9.771349  -20.543630  -17.052830  -11.805992  -11.252090   -9.410432  -20.182713  -11.445075  -10.948442    0.841325
   4   -7.607557   -7.607557  -18.335705    9.576546   -8.154272  -16.913432  -13.841644  -10.679345  -10.209896   -7.912788  -16.671948  -10.437860  -10.005316    0.847174
   5    2.975214    2.975214   -1.349184    0.682187   -2.553303   -3.220300   -4.013023    3.767937    3.713667   -2.519054   -3.186052    3.802185    3.745571    0.931540
   6    3.260557    3.260557   -4.521071    2.577019   -5.621745   -7.565797   -8.653747    4.348507    4.232517   -5.416122   -7.360174    4.554131    4.416218    0.893386
   7    3.847130    3.847130   -0.164851    0.086269   -0.475602   -0.554184   -0.495067    3.788013    3.788898   -0.471003   -0.549584    3.792612    3.793429    0.985031
   8    4.165430    4.165430   -1.665495    0.930211   -2.416379   -3.151663   -3.434718    4.448486    4.433685   -2.341539   -3.076823    4.523325    4.504612    0.947713
   9    5.181055    5.181055   -0.497826    0.274986   -1.024142   -1.246982   -1.312043    5.246116    5.244263   -1.008286   -1.231126    5.261972    5.259667    0.971512
  10    5.276453    5.276453   -1.127838    0.582258   -2.197479   -2.743059   -3.155844    5.689238    5.666844   -2.150227   -2.695807    5.736489    5.711533    0.945750
  11    7.163333    7.163333   -0.503381    0.222059   -1.472023   -1.753345   -2.050780    7.460767    7.448043   -1.451841   -1.733163    7.480950    7.467362    0.957219
  12    7.356504    7.356504   -1.183445    0.728931   -2.013161   -2.467675   -2.729761    7.618589    7.606803   -1.969315   -2.423829    7.662436    7.648677    0.955028
  13    7.893493    7.893493   -7.057834    4.361939   -9.205124  -11.901018  -13.721188    9.713662    9.458509   -8.927306  -11.623200    9.991480    9.697383    0.859819
  14    9.531908    9.531908   -4.161047    2.692269   -6.333084   -7.801862   -8.853630   10.583675   10.470233   -6.149455   -7.618233   10.767305   10.634056    0.892141
  15    9.952172    9.952172   -0.475626    0.211104   -1.461596   -1.726118   -2.017406   10.243460   10.230873   -1.438784   -1.703306   10.266272   10.252699    0.956789
  16   11.177555   11.177555   -2.326803    1.449791   -3.861915   -4.738927   -5.471229   11.909857   11.854784   -3.755645   -4.632657   12.016127   11.953063    0.924795
 
       k =  0.166667  0.250000  0.000000 ik =  23 spin = 1

   n         Emf          Eo           X        SX-X          CH         Sig         Vxc        Eqp0        Eqp1         CH`        Sig`       Eqp0`       Eqp1`         Znk
   1  -19.521081  -19.521081  -26.906737   15.034593   -9.433967  -21.306111  -16.753731  -24.073461  -23.100770   -9.274440  -21.146583  -23.913934  -22.975328    0.786334
   2  -11.203772  -11.203772  -22.827367   11.969631   -9.342150  -20.199885  -16.378326  -15.025332  -14.375979   -9.058161  -19.915896  -14.741343  -14.140245    0.830082
   3   -9.169427   -9.169427  -22.410388   11.634911   -9.584982  -20.360459  -16.774927  -12.754958  -12.175925   -9.249480  -20.024957  -12.419456  -11.894604    0.838508
   4   -6.544562   -6.544562  -18.412439    9.621977   -8.524751  -17.315214  -14.368468   -9.491307   -9.046540   -8.251051  -17.041514   -9.217607   -8.814151    0.849065
   5    2.316587    2.316587   -6.882193    3.836867   -8.149879  -11.195204  -12.665952    3.787335    3.579427   -7.893958  -10.939283    4.043256    3.799171    0.858638
   6    4.438876    4.438876   -1.514085    0.784710   -2.860054   -3.589429   -4.471910    5.321357    5.255944   -2.814303   -3.543679    5.367108    5.298303    0.925875
   7    5.389594    5.389594   -0.163055    0.088486   -0.473925   -0.548494   -0.480055    5.321155    5.322162   -0.468460   -0.543029    5.326620    5.327547    0.985287
   8    5.426437    5.426437   -0.228367    0.103775   -0.913636   -1.038228   -1.138377    5.526587    5.523458   -0.905674   -1.030266    5.534549    5.531171    0.968760
   9    6.522243    6.522243   -0.361644    0.161885   -1.188726   -1.388485   -1.645728    6.779486    6.769953   -1.174828   -1.374587    6.793384    6.783335    0.962938
  10    6.674935    6.674935   -0.691657    0.404636   -1.291409   -1.578430   -1.683806    6.780312    6.776879   -1.265429   -1.552451    6.806291    6.802011    0.967422
  11    8.101146    8.101146   -5.734421    3.585892   -7.814851   -9.963380  -11.405366    9.543132    9.362915   -7.592015   -9.740544    9.765968    9.557901    0.875021
  12    8.459732    8.459732   -0.478686    0.222742   -1.381987   -1.637931   -1.917118    8.738919    8.727489   -1.361136   -1.617080    8.759770    8.747487    0.959062
  13    9.007116    9.007116   -1.992505    1.203234   -3.062618   -3.851889   -4.386571    9.541798    9.508847   -2.970803   -3.760074    9.633613    9.595005    0.938374
  14   10.734512   10.734512   -4.356476    2.750547   -6.801921   -8.407850   -9.671233   11.997895   11.848994   -6.582657   -8.188586   12.217158   12.042415    0.882141
  15   10.961429   10.961429   -1.007260    0.530318   -2.347468   -2.824410   -3.390646   11.527664   11.493199   -2.308846   -2.785788   11.566286   11.529470    0.939132
  16   12.563969   12.563969   -1.449227    0.878003   -2.740599   -3.311822   -3.851124   13.103271   13.070631   -2.672243   -3.243466   13.171627   13.134851    0.939479
 
       k =  0.166667  0.333333  0.000000 ik =  24 spin = 1

   n         Emf          Eo           X        SX-X          CH         Sig         Vxc        Eqp0        Eqp1         CH`        Sig`       Eqp0`       Eqp1`         Znk
   1  -18.774241  -18.774241  -27.094329   15.133983   -9.691508  -21.651855  -17.123539  -23.302557  -22.345489   -9.519080  -21.479427  -23.130129  -22.209504    0.788648
   2  -12.404490  -12.404490  -22.634712   11.862304   -8.967218  -19.739627  -15.845603  -16.298514  -15.625049   -8.713647  -19.486056  -16.044942  -15.415333    0.827052
   3   -9.681819   -9.681819  -22.503474   11.699582   -9.506692  -20.310583  -16.662595  -13.329807  -12.734002   -9.183457  -19.987349  -13.006573  -12.463560    0.836676
   4   -5.461406   -5.461406  -18.837128    9.890442   -9.079180  -18.025866  -15.192469   -8.294803   -7.870333   -8.756377  -17.703064   -7.972000   -7.595889    0.850190
   5    0.987583    0.987583   -6.473901    3.524463   -7.585487  -10.534925  -11.902574    2.355233    2.169929   -7.401454  -10.350892    2.539266    2.329028    0.864510
   6    6.166572    6.166572   -2.456236    1.383791   -4.132190   -5.204634   -6.316287    7.278225    7.175702   -4.042500   -5.114944    7.367915    7.257120    0.907774
   7    7.272819    7.272819   -0.423082    0.204438   -1.353220   -1.571864   -1.879510    7.580465    7.567224   -1.335251   -1.553894    7.598434    7.584420    0.956962
   8    7.342063    7.342063   -0.417135    0.257534   -0.798128   -0.957729   -0.922393    7.306727    7.307419   -0.782120   -0.941721    7.322735    7.323114    0.980419
   9    7.995340    7.995340   -4.336373    2.715917   -6.141966   -7.762423   -8.863432    9.096349    8.980801   -5.977368   -7.597824    9.260947    9.128125    0.895053
  10    8.260360    8.260360   -0.577732    0.288527   -1.487070   -1.776275   -2.106937    8.591022    8.576954   -1.462761   -1.751966    8.615331    8.600229    0.957456
  11    8.840546    8.840546   -1.400044    0.828221   -2.309908   -2.881730   -3.264818    9.223634    9.204257   -2.251048   -2.822870    9.282494    9.260140    0.949420
  12    9.842907    9.842907   -1.076012    0.574859   -2.336692   -2.837845   -3.396158   10.401220   10.367795   -2.298287   -2.799440   10.439625   10.403901    0.940131
  13   10.627709   10.627709   -2.299408    1.328542   -3.873720   -4.844587   -5.701349   11.484471   11.414515   -3.741897   -4.712764   11.616294   11.535574    0.918348
  14   11.331695   11.331695   -0.941970    0.509967   -2.350472   -2.782475   -3.451785   12.001005   11.958595   -2.321264   -2.753268   12.030212   11.985951    0.936636
  15   11.446331   11.446331   -1.270757    0.701232   -2.641037   -3.210562   -3.927288   12.163057   12.116129   -2.590371   -3.159896   12.213723   12.163477    0.934525
  16   12.643655   12.643655   -0.224383    0.138584   -0.597253   -0.683052   -0.607925   12.568527   12.569795   -0.583354   -0.669154   12.582426   12.583459    0.983126
 
       k =  0.166667  0.416667  0.000000 ik =  25 spin = 1

   n         Emf          Eo           X        SX-X          CH         Sig         Vxc        Eqp0        Eqp1         CH`        Sig`       Eqp0`       Eqp1`         Znk
   1  -18.425905  -18.425905  -27.257129   15.232774   -9.849080  -21.873435  -17.352584  -22.946756  -21.994463   -9.669822  -21.694177  -22.767497  -21.852965    0.789356
   2  -12.921368  -12.921368  -22.471083   11.761035   -8.766496  -19.476544  -15.556627  -16.841285  -16.157899   -8.526008  -19.236056  -16.600797  -15.959338    0.825663
   3   -9.850486   -9.850486  -22.541654   11.725151   -9.484219  -20.300722  -16.632169  -13.519040  -12.917573   -9.164635  -19.981138  -13.199455  -12.650385    0.836048
   4   -4.921369   -4.921369  -19.342681   10.206052   -9.484996  -18.621625  -15.820859   -7.722136   -7.301173   -9.125491  -18.262120   -7.362631   -6.995702    0.849697
   5    0.337688    0.337688   -5.938180    3.172338   -7.119529   -9.885371  -11.214974    1.667291    1.493048   -6.981843   -9.747686    1.804976    1.612690    0.868951
   6    7.173236    7.173236   -5.665511    3.487916   -7.994886  -10.172482  -11.732851    8.733606    8.523622   -7.777908   -9.955504    8.950584    8.711401    0.865427
   7    8.623070    8.623070   -1.999687    1.069601   -3.773776   -4.703862   -5.821852    9.741060    9.639667   -3.678307   -4.608393    9.836529    9.726477    0.909307
   8    8.668806    8.668806   -1.932913    1.016106   -3.985187   -4.901994   -6.130959    9.897771    9.778547   -3.909587   -4.826394    9.973371    9.846813    0.902988
   9    9.388691    9.388691   -1.549951    0.920126   -2.875792   -3.505616   -4.213527   10.096602   10.049417   -2.824740   -3.454565   10.147653   10.097065    0.933346
  10    9.803349    9.803349   -0.150694    0.083851   -0.462018   -0.528861   -0.442564    9.717051    9.718284   -0.453882   -0.520725    9.725187    9.726304    0.985714
  11    9.811099    9.811099   -0.143401    0.060638   -0.875580   -0.958343   -1.086019    9.938774    9.934635   -0.868656   -0.951420    9.945698    9.941335    0.967583
  12    9.909859    9.909859   -0.432113    0.247767   -0.978206   -1.162552   -1.291171   10.038479   10.035125   -0.964592   -1.148938   10.052092   10.048383    0.973922
  13   10.225426   10.225426   -0.295640    0.161860   -0.843640   -0.977420   -0.985953   10.233960   10.233739   -0.834173   -0.967953   10.243427   10.242961    0.974111
  14   10.909953   10.909953   -0.221750    0.095901   -1.015574   -1.141423   -1.364265   11.132795   11.125100   -1.003882   -1.129732   11.144486   11.136388    0.965472
  15   11.001424   11.001424   -0.603949    0.341891   -1.233116   -1.495175   -1.591944   11.098193   11.095073   -1.195723   -1.457781   11.135587   11.131261    0.967757
  16   11.278952   11.278952   -0.431237    0.232368   -1.084199   -1.283068   -1.430980   11.426863   11.422195   -1.070825   -1.269694   11.440238   11.435147    0.968439
 
       k =  0.166667  0.500000  0.000000 ik =  26 spin = 1

   n         Emf          Eo           X        SX-X          CH         Sig         Vxc        Eqp0        Eqp1         CH`        Sig`       Eqp0`       Eqp1`         Znk
   1  -18.774241  -18.774241  -27.094329   15.133975   -9.691506  -21.651861  -17.123539  -23.302563  -22.345493   -9.519077  -21.479432  -23.130134  -22.209508    0.788648
   2  -12.404490  -12.404490  -22.634712   11.862313   -8.967223  -19.739622  -15.845603  -16.298509  -15.625045   -8.713652  -19.486052  -16.044939  -15.415329    0.827052
   3   -9.681819   -9.681819  -22.503474   11.699583   -9.506693  -20.310584  -16.662595  -13.329808  -12.734003   -9.183459  -19.987350  -13.006573  -12.463560    0.836676
   4   -5.461406   -5.461406  -18.837128    9.890441   -9.079178  -18.025865  -15.192469   -8.294802   -7.870332   -8.756375  -17.703062   -7.971999   -7.595888    0.850190
   5    0.987583    0.987583   -6.473901    3.524466   -7.585489  -10.534924  -11.902574    2.355233    2.169930   -7.401457  -10.350892    2.539266    2.329028    0.864509
   6    6.166572    6.166572   -2.456236    1.383794   -4.132193   -5.204634   -6.316287    7.278225    7.175702   -4.042502   -5.114944    7.367915    7.257120    0.907774
   7    7.272819    7.272819   -0.423082    0.204439   -1.353220   -1.571863   -1.879510    7.580465    7.567225   -1.335251   -1.553894    7.598435    7.584421    0.956962
   8    7.342063    7.342063   -0.417135    0.257534   -0.798128   -0.957729   -0.922393    7.306727    7.307419   -0.782120   -0.941721    7.322735    7.323114    0.980419
   9    7.995340    7.995340   -4.336373    2.715916   -6.141965   -7.762422   -8.863432    9.096349    8.980801   -5.977366   -7.597824    9.260948    9.128126    0.895053
  10    8.260360    8.260360   -0.577732    0.288527   -1.487070   -1.776275   -2.106937    8.591022    8.576954   -1.462761   -1.751966    8.615331    8.600229    0.957456
  11    8.840546    8.840546   -1.400044    0.828223   -2.309908   -2.881729   -3.264818    9.223634    9.204258   -2.251048   -2.822869    9.282494    9.260141    0.949420
  12    9.842907    9.842907   -1.076012    0.574859   -2.336692   -2.837845   -3.396158   10.401220   10.367795   -2.298287   -2.799440   10.439625   10.403901    0.940131
  13   10.627709   10.627709   -2.299408    1.328549   -3.873726   -4.844586   -5.701349   11.484472   11.414516   -3.741903   -4.712763   11.616295   11.535575    0.918348
  14   11.331695   11.331695   -0.941970    0.509969   -2.350472   -2.782474   -3.451785   12.001006   11.958596   -2.321265   -2.753266   12.030213   11.985953    0.936636
  15   11.446331   11.446331   -1.270757    0.701227   -2.641033   -3.210563   -3.927288   12.163056   12.116128   -2.590367   -3.159897   12.213722   12.163477    0.934524
  16   12.643655   12.643655   -0.224383    0.138583   -0.597252   -0.683052   -0.607925   12.568527   12.569795   -0.583354   -0.669153   12.582426   12.583459    0.983126
 
       k =  0.166667  0.583333  0.000000 ik =  27 spin = 1

   n         Emf          Eo           X        SX-X          CH         Sig         Vxc        Eqp0        Eqp1         CH`        Sig`       Eqp0`       Eqp1`         Znk
   1  -19.521081  -19.521081  -26.906737   15.034581   -9.433964  -21.306120  -16.753731  -24.073471  -23.100778   -9.274436  -21.146592  -23.913943  -22.975336    0.786334
   2  -11.203772  -11.203772  -22.827367   11.969643   -9.342156  -20.199879  -16.378326  -15.025326  -14.375974   -9.058168  -19.915892  -14.741338  -14.140241    0.830082
   3   -9.169427   -9.169427  -22.410388   11.634913   -9.584984  -20.360460  -16.774927  -12.754959  -12.175926   -9.249483  -20.024958  -12.419457  -11.894605    0.838508
   4   -6.544562   -6.544562  -18.412439    9.621975   -8.524749  -17.315213  -14.368468   -9.491306   -9.046539   -8.251048  -17.041512   -9.217606   -8.814149    0.849065
   5    2.316587    2.316587   -6.882193    3.836870   -8.149883  -11.195205  -12.665952    3.787334    3.579426   -7.893963  -10.939285    4.043254    3.799169    0.858638
   6    4.438876    4.438876   -1.514085    0.784709   -2.860053   -3.589429   -4.471910    5.321357    5.255944   -2.814302   -3.543678    5.367108    5.298303    0.925875
   7    5.389594    5.389594   -0.163055    0.088486   -0.473925   -0.548494   -0.480055    5.321155    5.322162   -0.468460   -0.543029    5.326620    5.327547    0.985287
   8    5.426437    5.426437   -0.228367    0.103776   -0.913636   -1.038227   -1.138377    5.526588    5.523459   -0.905674   -1.030265    5.534550    5.531172    0.968760
   9    6.522243    6.522243   -0.361644    0.161886   -1.188725   -1.388483   -1.645728    6.779488    6.769954   -1.174828   -1.374586    6.793385    6.783336    0.962938
  10    6.674935    6.674935   -0.691657    0.404637   -1.291409   -1.578430   -1.683806    6.780311    6.776879   -1.265430   -1.552451    6.806291    6.802011    0.967422
  11    8.101146    8.101146   -5.734421    3.585892   -7.814851   -9.963380  -11.405366    9.543132    9.362915   -7.592015   -9.740545    9.765967    9.557900    0.875021
  12    8.459732    8.459732   -0.478686    0.222743   -1.381987   -1.637930   -1.917118    8.738920    8.727490   -1.361136   -1.617079    8.759771    8.747488    0.959062
  13    9.007116    9.007116   -1.992505    1.203232   -3.062616   -3.851889   -4.386571    9.541798    9.508848   -2.970800   -3.760073    9.633614    9.595005    0.938374
  14   10.734512   10.734512   -4.356476    2.750533   -6.801908   -8.407851   -9.671233   11.997894   11.848993   -6.582643   -8.188586   12.217158   12.042415    0.882141
  15   10.961429   10.961429   -1.007260    0.530320   -2.347470   -2.824410   -3.390646   11.527665   11.493199   -2.308848   -2.785788   11.566286   11.529470    0.939132
  16   12.563969   12.563969   -1.449227    0.878002   -2.740598   -3.311823   -3.851124   13.103270   13.070631   -2.672241   -3.243466   13.171627   13.134851    0.939479
 
       k =  0.250000  0.250000  0.000000 ik =  28 spin = 1

   n         Emf          Eo           X        SX-X          CH         Sig         Vxc        Eqp0        Eqp1         CH`        Sig`       Eqp0`       Eqp1`         Znk
   1  -18.805035  -18.805035  -27.067199   15.114779   -9.670585  -21.623005  -17.090952  -23.337088  -22.382010   -9.498866  -21.451286  -23.165369  -22.246479    0.789262
   2  -11.951951  -11.951951  -22.694007   11.892156   -9.105570  -19.907421  -16.085101  -15.774272  -15.116882   -8.837244  -19.639095  -15.505945  -14.894704    0.828013
   3  -10.231513  -10.231513  -22.414050   11.659816   -9.339215  -20.093449  -16.359979  -13.964983  -13.348615   -9.038543  -19.792777  -13.664311  -13.097581    0.834907
   4   -5.513975   -5.513975  -18.746350    9.833101   -9.023408  -17.936656  -15.104054   -8.346577   -7.922679   -8.705272  -17.618521   -8.028441   -7.652152    0.850350
   5    1.247487    1.247487   -6.670164    3.650071   -7.817511  -10.837604  -12.224979    2.634861    2.443078   -7.615315  -10.635408    2.837057    2.617323    0.861765
   6    6.094937    6.094937   -1.709471    0.900551   -3.232516   -4.041436   -5.029532    7.083033    7.002901   -3.168064   -3.976984    7.147485    7.062126    0.918902
   7    7.034190    7.034190   -0.452283    0.215108   -1.420763   -1.657938   -1.997955    7.374208    7.358990   -1.404395   -1.641569    7.390576    7.374626    0.955244
   8    7.153521    7.153521   -0.155650    0.086104   -0.466384   -0.535929   -0.457403    7.074995    7.076128   -0.459707   -0.529252    7.081672    7.082709    0.985569
   9    8.005479    8.005479   -0.599148    0.296851   -1.515076   -1.817373   -2.159286    8.347392    8.332691   -1.494591   -1.796889    8.367876    8.352295    0.957005
  10    8.391063    8.391063   -0.786842    0.463506   -1.459854   -1.783191   -1.917949    8.525821    8.521011   -1.420800   -1.744137    8.564875    8.558671    0.964301
  11    9.418269    9.418269   -6.100866    3.737312   -8.530001  -10.893555  -12.599805   11.124519   10.887277   -8.229043  -10.592596   11.425478   11.146389    0.860957
  12    9.540550    9.540550   -1.090914    0.585306   -2.315044   -2.820651   -3.388020   10.107919   10.074405   -2.286793   -2.792400   10.136169   10.100987    0.940931
  13   10.216984   10.216984   -3.076040    1.936474   -4.849144   -5.988709   -6.854878   11.083152   11.005988   -4.705646   -5.845212   11.226650   11.136702    0.910913
  14   11.121456   11.121456   -0.989730    0.553475   -2.301201   -2.737456   -3.384124   11.768123   11.728904   -2.279051   -2.715307   11.790273   11.749711    0.939353
  15   11.461538   11.461538   -2.484667    1.530273   -4.296658   -5.251052   -6.124549   12.335035   12.261042   -4.186233   -5.140627   12.445460   12.362113    0.915291
  16   13.517184   13.517184   -0.502173    0.255708   -1.544114   -1.790580   -2.172356   13.898960   13.881107   -1.517420   -1.763885   13.925655   13.906554    0.953237
 
       k =  0.250000  0.333333  0.000000 ik =  29 spin = 1

   n         Emf          Eo           X        SX-X          CH         Sig         Vxc        Eqp0        Eqp1         CH`        Sig`       Eqp0`       Eqp1`         Znk
   1  -18.277344  -18.277344  -27.296829   15.251177   -9.900274  -21.945926  -17.420816  -22.802454  -21.854097   -9.718350  -21.764002  -22.620530  -21.710300    0.790423
   2  -12.496016  -12.496016  -22.390544   11.700994   -8.835381  -19.524931  -15.727943  -16.293003  -15.637666   -8.580562  -19.270111  -16.038184  -15.426827    0.827406
   3  -10.819534  -10.819534  -22.526514   11.742490   -9.252863  -20.036887  -16.198556  -14.657864  -14.014505   -8.968684  -19.752707  -14.373685  -13.777958    0.832386
   4   -4.699945   -4.699945  -19.429516   10.261463   -9.610553  -18.778606  -16.008967   -7.469585   -7.053728   -9.238526  -18.406579   -7.097558   -6.737560    0.849852
   5    0.411341    0.411341   -6.001875    3.206551   -7.249721  -10.045045  -11.375102    1.741398    1.564387   -7.109028   -9.904352    1.882090    1.686356    0.866915
   6    7.906195    7.906195   -2.960021    1.664769   -4.929053   -6.224306   -7.512686    9.194575    9.059053   -4.785044   -6.080296    9.338585    9.187915    0.894812
   7    8.057769    8.057769   -2.199543    1.153608   -4.291804   -5.337740   -6.707433    9.427462    9.288765   -4.239174   -5.285110    9.480092    9.336066    0.898739
   8    9.260812    9.260812   -1.710866    1.033682   -2.729350   -3.406534   -3.844122    9.698401    9.673856   -2.641690   -3.318874    9.786061    9.756599    0.943909
   9    9.503984    9.503984   -2.634715    1.559265   -4.126462   -5.201912   -6.079824   10.381895   10.309956   -3.995253   -5.070704   10.513104   10.430412    0.918056
  10    9.612044    9.612044   -0.287024    0.156807   -0.892630   -1.022847   -1.085563    9.674760    9.672966   -0.886277   -1.016494    9.681112    9.679138    0.971407
  11   10.463761   10.463761   -1.646733    0.956154   -2.802984   -3.493563   -4.042221   11.012420   10.978641   -2.718668   -3.409247   11.096735   11.057766    0.938435
  12   10.764205   10.764205   -0.407364    0.213631   -1.302761   -1.496493   -1.822434   11.090146   11.076931   -1.288742   -1.482474   11.104165   11.090382    0.959458
  13   11.128926   11.128926   -1.814535    1.042633   -3.341132   -4.113034   -4.980727   11.996619   11.931536   -3.266373   -4.038275   12.071378   12.000687    0.924993
  14   11.991873   11.991873   -0.232395    0.141080   -0.598660   -0.689975   -0.621982   11.923879   11.925024   -0.585485   -0.676800   11.937055   11.937978    0.983157
  15   12.092740   12.092740   -0.182409    0.091478   -0.863643   -0.954574   -1.052397   12.190564   12.187563   -0.853430   -0.944360   12.200778   12.197463    0.969320
  16   12.676591   12.676591   -0.315538    0.158151   -1.089105   -1.246492   -1.447214   12.877313   12.870401   -1.071242   -1.228630   12.895175   12.887648    0.965565
 
       k =  0.250000  0.416667  0.000000 ik =  30 spin = 1

   n         Emf          Eo           X        SX-X          CH         Sig         Vxc        Eqp0        Eqp1         CH`        Sig`       Eqp0`       Eqp1`         Znk
   1  -18.277344  -18.277344  -27.296829   15.251173   -9.900272  -21.945929  -17.420816  -22.802457  -21.854100   -9.718348  -21.764005  -22.620533  -21.710303    0.790424
   2  -12.496016  -12.496016  -22.390544   11.700998   -8.835383  -19.524929  -15.727943  -16.293001  -15.637664   -8.580564  -19.270110  -16.038182  -15.426826    0.827406
   3  -10.819534  -10.819534  -22.526514   11.742491   -9.252864  -20.036887  -16.198556  -14.657864  -14.014505   -8.968685  -19.752708  -14.373685  -13.777959    0.832386
   4   -4.699945   -4.699945  -19.429516   10.261463   -9.610552  -18.778606  -16.008967   -7.469584   -7.053728   -9.238524  -18.406578   -7.097557   -6.737560    0.849852
   5    0.411341    0.411341   -6.001875    3.206553   -7.249723  -10.045044  -11.375102    1.741398    1.564388   -7.109031   -9.904352    1.882091    1.686356    0.866915
   6    7.906195    7.906195   -2.960021    1.664769   -4.929054   -6.224306   -7.512686    9.194576    9.059053   -4.785044   -6.080296    9.338585    9.187915    0.894812
   7    8.057769    8.057769   -2.199543    1.153608   -4.291805   -5.337741   -6.707433    9.427461    9.288764   -4.239175   -5.285111    9.480092    9.336065    0.898739
   8    9.260812    9.260812   -1.710866    1.033681   -2.729349   -3.406534   -3.844122    9.698401    9.673856   -2.641689   -3.318874    9.786061    9.756599    0.943909
   9    9.503984    9.503984   -2.634715    1.559264   -4.126460   -5.201912   -6.079824   10.381896   10.309956   -3.995252   -5.070703   10.513104   10.430413    0.918056
  10    9.612044    9.612044   -0.287024    0.156808   -0.892629   -1.022846   -1.085563    9.674760    9.672967   -0.886277   -1.016493    9.681113    9.679138    0.971407
  11   10.463761   10.463761   -1.646733    0.956152   -2.802981   -3.493563   -4.042221   11.012420   10.978641   -2.718666   -3.409247   11.096735   11.057766    0.938435
  12   10.764205   10.764205   -0.407364    0.213632   -1.302760   -1.496492   -1.822434   11.090147   11.076932   -1.288741   -1.482473   11.104166   11.090383    0.959458
  13   11.128926   11.128926   -1.814535    1.042632   -3.341132   -4.113034   -4.980727   11.996618   11.931535   -3.266373   -4.038275   12.071377   12.000687    0.924993
  14   11.991873   11.991873   -0.232395    0.141079   -0.598660   -0.689975   -0.621982   11.923879   11.925024   -0.585484   -0.676800   11.937055   11.937978    0.983157
  15   12.092740   12.092740   -0.182409    0.091478   -0.863644   -0.954574   -1.052397   12.190563   12.187562   -0.853430   -0.944360   12.200777   12.197462    0.969320
  16   12.676591   12.676591   -0.315538    0.158152   -1.089105   -1.246491   -1.447214   12.877314   12.870402   -1.071242   -1.228629   12.895176   12.887649    0.965565
 
       k =  0.333333  0.333333  0.000000 ik =  31 spin = 1

   n         Emf          Eo           X        SX-X          CH         Sig         Vxc        Eqp0        Eqp1         CH`        Sig`       Eqp0`       Eqp1`         Znk
   1  -18.074830  -18.074830  -27.404796   15.315195   -9.997622  -22.087223  -17.559053  -22.603000  -21.659139   -9.811562  -21.901162  -22.416940  -21.511862    0.791558
   2  -12.342972  -12.342972  -22.109282   11.516961   -8.753070  -19.345391  -15.732554  -15.955808  -15.335958   -8.487767  -19.080088  -15.690505  -15.116173    0.828431
   3  -11.442497  -11.442497  -22.700739   11.865819   -9.176122  -20.011042  -15.957119  -15.496420  -14.806654   -8.916464  -19.751385  -15.236762  -14.591177    0.829852
   4   -4.370186   -4.370186  -19.831221   10.507969   -9.902328  -19.225579  -16.473974   -7.121791   -6.706938   -9.502178  -18.825430   -6.721641   -6.367118    0.849233
   5    0.183817    0.183817   -5.661735    2.985775   -7.051845   -9.727805  -11.051697    1.507708    1.333141   -6.935441   -9.611401    1.624113    1.434197    0.868141
   6    7.801498    7.801498   -2.535268    1.333513   -4.669915   -5.871670   -7.385718    9.315547    9.153990   -4.626801   -5.828555    9.358661    9.192504    0.893295
   7    8.906018    8.906018   -4.565710    2.610245   -7.013029   -8.968493  -10.582595   10.520119   10.307094   -6.748395   -8.703860   10.784753   10.536802    0.868022
   8   10.107544   10.107544   -2.843719    1.545538   -4.854703   -6.152885   -7.526543   11.481202   11.336119   -4.702877   -6.001059   11.633028   11.471909    0.894382
   9   10.860032   10.860032   -0.964868    0.468981   -2.498880   -2.994767   -3.961330   11.826596   11.755669   -2.475237   -2.971125   11.850238   11.777576    0.926620
  10   11.611711   11.611711   -0.364903    0.180823   -1.356464   -1.540543   -1.917475   11.988643   11.971436   -1.331409   -1.515489   12.013697   11.995347    0.954350
  11   11.724791   11.724791   -0.120106    0.074094   -0.440929   -0.486941   -0.374668   11.612518   11.614063   -0.433060   -0.479072   11.620387   11.621824    0.986242
  12   11.775696   11.775696   -0.140330    0.081997   -0.442074   -0.500406   -0.394980   11.670270   11.671810   -0.433908   -0.492241   11.678435   11.679856    0.985389
  13   11.837429   11.837429   -0.097345    0.048951   -0.419466   -0.467860   -0.404452   11.774021   11.774942   -0.416690   -0.465084   11.776798   11.777678    0.985479
  14   11.841106   11.841106   -0.081087    0.031412   -0.761001   -0.810676   -0.880082   11.910512   11.908451   -0.756419   -0.806094   11.915094   11.912896    0.970292
  15   12.093165   12.093165   -0.083799    0.050568   -0.505718   -0.538949   -0.438332   11.992549   11.994428   -0.503657   -0.536888   11.994610   11.996451    0.981320
  16   12.600297   12.600297   -0.712125    0.445084   -1.514540   -1.781581   -1.939450   12.758166   12.752215   -1.467191   -1.734232   12.805515   12.797779    0.962305
 

================================================================================

    n = band index.
  Emf = "inner" mean-field energy eigenvalue used to construct Sigma(E),
        read from WFN_inner.
   Eo = "outer" mean-field energy eigenvalue where we center the evaluation
        frequency grid {E} of Sigma(E). Defaults to Emf, unless
        you use WFN_outer and eqp_outer.dat / scissors_outer.
  Vxc = exchange-correlation pot., calculated from VXC or read from vxc.dat.
    X = bare exchange.
   SX = screened exchange contrib. to Sigma(E) at energy E=Eo
   CH = Coulomb hole contrib. to Sigma(E) at energy E=Eo
  Cor = SX-X + CH = correlation portion of Sigma(E) at energy E=Eo.
  Sig = X + Cor = self energy, Sigma(E), at energy E=Eo.
 Eqp0 = on-shell QP energy = Emf - Vxc + Sig(Eo)
        Eqp0 is *not* the recommended quantity to use for QP properties.
 Eqp1 = off-shell solution to the linearized  Dyson`s equation
      = Eqp0 + (dSig/dE) / (1 - dSig/dE) * (Eqp0 - Eo),
        or a full linear interpolation if more freq. points where computed.
        Eqp1 is the recommended quantity to use for QP properties.
  Znk = quasiparticle renormalization factor

 Notes on the static remainder:
 - Unprimed values, such as Eqp0, are evaluated WITH the static remainder
 - Primed values, such as Eqp0`, are evaluated WITHOUT the static remainder

 Notes on the finite_difference_form from sigma.inp file:
   none    : -2 => dSig/dE = 0 (skip the expansion)
   backward: -1 => dSig/dE = (Sig(Eo) - Sig(Eo-dE)) / dE
   central :  0 => dSig/dE = (Sig(Eo+dE) - Sig(Eo-dE)) / (2*dE)
   forward :  1 => dSig/dE = (Sig(Eo+dE) - Sig(Eo)) / dE
   default :  2 => forward for diagonal and none for off-diagonal
   dE is finite_difference_spacing from Sigma.inp file.
   We are using the form #2 with dE = 1.000 eV.

 General notes:
 - All energies are reported here in eV.
 - Both Emf and Vxc contain the average pot. Vxc0, so Vxc0 doesn`t affect Sigma.
 - Eqp1 and Eqp0 are Eqs. (36-37) from Hybertsen & Louie PRB 34 5390.
 - We recommend you use Eqp1 for QP properties of materials.

================================================================================

