k-points are in crystal coordinates
nk(3) =    12   12    1
dk(3) =   0.500000000  0.500000000  0.000000000
dq(3) =   0.001000000  0.000000000  0.000000000

direct lattice vectors
a1 =   1.000000000  0.000000000  0.000000000
a2 =  -0.500000000  0.866025000  0.000000000
a3 =   0.000000000  0.000000000  8.000000000

unit cell volume =  0.692820000E+01

reciprocal lattice vectors
b1 =   6.283185307  3.627600420  0.000000000
b2 =   0.000000000  7.255200840  0.000000000
b3 =   0.000000000  0.000000000  0.785398163

symmetries of the Bravais lattice
 24
Space group 191, symbol P6/mmm               
r01 =     1   0   0     0   1   0     0   0   1      0.000000    0.000000    0.000000
r02 =     1   0   0     0   1   0     0   0  -1      0.000000    0.000000    0.000000
r03 =    -1   0   0    -1   1   0     0   0   1      0.000000    0.000000    0.000000
r04 =    -1   0   0    -1   1   0     0   0  -1      0.000000    0.000000    0.000000
r05 =    -1   1   0     0   1   0     0   0   1      0.000000    0.000000    0.000000
r06 =    -1   1   0     0   1   0     0   0  -1      0.000000    0.000000    0.000000
r07 =     1  -1   0     1   0   0     0   0   1      0.000000    0.000000    0.000000
r08 =     1  -1   0     1   0   0     0   0  -1      0.000000    0.000000    0.000000
r09 =    -1   0   0     0  -1   0     0   0   1      0.000000    0.000000    0.000000
r10 =    -1   0   0     0  -1   0     0   0  -1      0.000000    0.000000    0.000000
r11 =     1   0   0     1  -1   0     0   0   1      0.000000    0.000000    0.000000
r12 =     1   0   0     1  -1   0     0   0  -1      0.000000    0.000000    0.000000
r13 =     1  -1   0     0  -1   0     0   0   1      0.000000    0.000000    0.000000
r14 =     1  -1   0     0  -1   0     0   0  -1      0.000000    0.000000    0.000000
r15 =    -1   1   0    -1   0   0     0   0   1      0.000000    0.000000    0.000000
r16 =    -1   1   0    -1   0   0     0   0  -1      0.000000    0.000000    0.000000
r17 =     0   1   0    -1   1   0     0   0   1      0.000000    0.000000    0.000000
r18 =     0   1   0    -1   1   0     0   0  -1      0.000000    0.000000    0.000000
r19 =     0  -1   0    -1   0   0     0   0   1      0.000000    0.000000    0.000000
r20 =     0  -1   0    -1   0   0     0   0  -1      0.000000    0.000000    0.000000
r21 =     0   1   0     1   0   0     0   0   1      0.000000    0.000000    0.000000
r22 =     0   1   0     1   0   0     0   0  -1      0.000000    0.000000    0.000000
r23 =     0  -1   0     1  -1   0     0   0   1      0.000000    0.000000    0.000000
r24 =     0  -1   0     1  -1   0     0   0  -1      0.000000    0.000000    0.000000

symmetries of the crystal without FFT grid
 12
Space group 187, symbol P-6m2                
r01 =     1   0   0     0   1   0     0   0   1      0.000000    0.000000    0.000000
r02 =     1   0   0     0   1   0     0   0  -1      0.000000    0.000000    0.000000
r03 =    -1   1   0     0   1   0     0   0   1      0.000000    0.000000    0.000000
r04 =    -1   1   0     0   1   0     0   0  -1      0.000000    0.000000    0.000000
r05 =     1   0   0     1  -1   0     0   0   1      0.000000    0.000000    0.000000
r06 =     1   0   0     1  -1   0     0   0  -1      0.000000    0.000000    0.000000
r07 =    -1   1   0    -1   0   0     0   0   1      0.000000    0.000000    0.000000
r08 =    -1   1   0    -1   0   0     0   0  -1      0.000000    0.000000    0.000000
r09 =     0  -1   0    -1   0   0     0   0   1      0.000000    0.000000    0.000000
r10 =     0  -1   0    -1   0   0     0   0  -1      0.000000    0.000000    0.000000
r11 =     0  -1   0     1  -1   0     0   0   1      0.000000    0.000000    0.000000
r12 =     0  -1   0     1  -1   0     0   0  -1      0.000000    0.000000    0.000000

FFT grid:     25    25    72

symmetries of the crystal with FFT grid
 12
Space group 187, symbol P-6m2                
r01 =     1   0   0     0   1   0     0   0   1      0.000000    0.000000    0.000000
r02 =     1   0   0     0   1   0     0   0  -1      0.000000    0.000000    0.000000
r03 =    -1   1   0     0   1   0     0   0   1      0.000000    0.000000    0.000000
r04 =    -1   1   0     0   1   0     0   0  -1      0.000000    0.000000    0.000000
r05 =     1   0   0     1  -1   0     0   0   1      0.000000    0.000000    0.000000
r06 =     1   0   0     1  -1   0     0   0  -1      0.000000    0.000000    0.000000
r07 =    -1   1   0    -1   0   0     0   0   1      0.000000    0.000000    0.000000
r08 =    -1   1   0    -1   0   0     0   0  -1      0.000000    0.000000    0.000000
r09 =     0  -1   0    -1   0   0     0   0   1      0.000000    0.000000    0.000000
r10 =     0  -1   0    -1   0   0     0   0  -1      0.000000    0.000000    0.000000
r11 =     0  -1   0     1  -1   0     0   0   1      0.000000    0.000000    0.000000
r12 =     0  -1   0     1  -1   0     0   0  -1      0.000000    0.000000    0.000000

symmetries that reduce the k-points
r09 =     0  -1   0    -1   0   0     0   0   1

symmetries of a subgroup of the q-vector
r01 =     1   0   0     0   1   0     0   0   1
r02 =     1   0   0     0   1   0     0   0  -1
r05 =     1   0   0     1  -1   0     0   0   1
r06 =     1   0   0     1  -1   0     0   0  -1

k-points in the original uniform grid
    144
      1  0.041666667  0.041666667  0.000000000   2.0       0  ---
      2  0.041666667  0.125000000  0.000000000   2.0       0  ---
      3  0.041666667  0.208333333  0.000000000   2.0       0  ---
      4  0.041666667  0.291666667  0.000000000   2.0       0  ---
      5  0.041666667  0.375000000  0.000000000   2.0       0  ---
      6  0.041666667  0.458333333  0.000000000   2.0       0  ---
      7  0.041666667  0.541666667  0.000000000   2.0       0  ---
      8  0.041666667  0.625000000  0.000000000   2.0       0  ---
      9  0.041666667  0.708333333  0.000000000   2.0       0  ---
     10  0.041666667  0.791666667  0.000000000   2.0       0  ---
     11  0.041666667  0.875000000  0.000000000   2.0       0  ---
     12  0.041666667  0.958333333  0.000000000   1.0       0  ---
     13  0.125000000  0.041666667  0.000000000   2.0       0  ---
     14  0.125000000  0.125000000  0.000000000   2.0       0  ---
     15  0.125000000  0.208333333  0.000000000   2.0       0  ---
     16  0.125000000  0.291666667  0.000000000   2.0       0  ---
     17  0.125000000  0.375000000  0.000000000   2.0       0  ---
     18  0.125000000  0.458333333  0.000000000   2.0       0  ---
     19  0.125000000  0.541666667  0.000000000   2.0       0  ---
     20  0.125000000  0.625000000  0.000000000   2.0       0  ---
     21  0.125000000  0.708333333  0.000000000   2.0       0  ---
     22  0.125000000  0.791666667  0.000000000   2.0       0  ---
     23  0.125000000  0.875000000  0.000000000   1.0       0  ---
     24  0.125000000  0.958333333  0.000000000   0.0      11  r09
     25  0.208333333  0.041666667  0.000000000   2.0       0  ---
     26  0.208333333  0.125000000  0.000000000   2.0       0  ---
     27  0.208333333  0.208333333  0.000000000   2.0       0  ---
     28  0.208333333  0.291666667  0.000000000   2.0       0  ---
     29  0.208333333  0.375000000  0.000000000   2.0       0  ---
     30  0.208333333  0.458333333  0.000000000   2.0       0  ---
     31  0.208333333  0.541666667  0.000000000   2.0       0  ---
     32  0.208333333  0.625000000  0.000000000   2.0       0  ---
     33  0.208333333  0.708333333  0.000000000   2.0       0  ---
     34  0.208333333  0.791666667  0.000000000   1.0       0  ---
     35  0.208333333  0.875000000  0.000000000   0.0      22  r09
     36  0.208333333  0.958333333  0.000000000   0.0      10  r09
     37  0.291666667  0.041666667  0.000000000   2.0       0  ---
     38  0.291666667  0.125000000  0.000000000   2.0       0  ---
     39  0.291666667  0.208333333  0.000000000   2.0       0  ---
     40  0.291666667  0.291666667  0.000000000   2.0       0  ---
     41  0.291666667  0.375000000  0.000000000   2.0       0  ---
     42  0.291666667  0.458333333  0.000000000   2.0       0  ---
     43  0.291666667  0.541666667  0.000000000   2.0       0  ---
     44  0.291666667  0.625000000  0.000000000   2.0       0  ---
     45  0.291666667  0.708333333  0.000000000   1.0       0  ---
     46  0.291666667  0.791666667  0.000000000   0.0      33  r09
     47  0.291666667  0.875000000  0.000000000   0.0      21  r09
     48  0.291666667  0.958333333  0.000000000   0.0       9  r09
     49  0.375000000  0.041666667  0.000000000   2.0       0  ---
     50  0.375000000  0.125000000  0.000000000   2.0       0  ---
     51  0.375000000  0.208333333  0.000000000   2.0       0  ---
     52  0.375000000  0.291666667  0.000000000   2.0       0  ---
     53  0.375000000  0.375000000  0.000000000   2.0       0  ---
     54  0.375000000  0.458333333  0.000000000   2.0       0  ---
     55  0.375000000  0.541666667  0.000000000   2.0       0  ---
     56  0.375000000  0.625000000  0.000000000   1.0       0  ---
     57  0.375000000  0.708333333  0.000000000   0.0      44  r09
     58  0.375000000  0.791666667  0.000000000   0.0      32  r09
     59  0.375000000  0.875000000  0.000000000   0.0      20  r09
     60  0.375000000  0.958333333  0.000000000   0.0       8  r09
     61  0.458333333  0.041666667  0.000000000   2.0       0  ---
     62  0.458333333  0.125000000  0.000000000   2.0       0  ---
     63  0.458333333  0.208333333  0.000000000   2.0       0  ---
     64  0.458333333  0.291666667  0.000000000   2.0       0  ---
     65  0.458333333  0.375000000  0.000000000   2.0       0  ---
     66  0.458333333  0.458333333  0.000000000   2.0       0  ---
     67  0.458333333  0.541666667  0.000000000   1.0       0  ---
     68  0.458333333  0.625000000  0.000000000   0.0      55  r09
     69  0.458333333  0.708333333  0.000000000   0.0      43  r09
     70  0.458333333  0.791666667  0.000000000   0.0      31  r09
     71  0.458333333  0.875000000  0.000000000   0.0      19  r09
     72  0.458333333  0.958333333  0.000000000   0.0       7  r09
     73  0.541666667  0.041666667  0.000000000   2.0       0  ---
     74  0.541666667  0.125000000  0.000000000   2.0       0  ---
     75  0.541666667  0.208333333  0.000000000   2.0       0  ---
     76  0.541666667  0.291666667  0.000000000   2.0       0  ---
     77  0.541666667  0.375000000  0.000000000   2.0       0  ---
     78  0.541666667  0.458333333  0.000000000   1.0       0  ---
     79  0.541666667  0.541666667  0.000000000   0.0      66  r09
     80  0.541666667  0.625000000  0.000000000   0.0      54  r09
     81  0.541666667  0.708333333  0.000000000   0.0      42  r09
     82  0.541666667  0.791666667  0.000000000   0.0      30  r09
     83  0.541666667  0.875000000  0.000000000   0.0      18  r09
     84  0.541666667  0.958333333  0.000000000   0.0       6  r09
     85  0.625000000  0.041666667  0.000000000   2.0       0  ---
     86  0.625000000  0.125000000  0.000000000   2.0       0  ---
     87  0.625000000  0.208333333  0.000000000   2.0       0  ---
     88  0.625000000  0.291666667  0.000000000   2.0       0  ---
     89  0.625000000  0.375000000  0.000000000   1.0       0  ---
     90  0.625000000  0.458333333  0.000000000   0.0      77  r09
     91  0.625000000  0.541666667  0.000000000   0.0      65  r09
     92  0.625000000  0.625000000  0.000000000   0.0      53  r09
     93  0.625000000  0.708333333  0.000000000   0.0      41  r09
     94  0.625000000  0.791666667  0.000000000   0.0      29  r09
     95  0.625000000  0.875000000  0.000000000   0.0      17  r09
     96  0.625000000  0.958333333  0.000000000   0.0       5  r09
     97  0.708333333  0.041666667  0.000000000   2.0       0  ---
     98  0.708333333  0.125000000  0.000000000   2.0       0  ---
     99  0.708333333  0.208333333  0.000000000   2.0       0  ---
    100  0.708333333  0.291666667  0.000000000   1.0       0  ---
    101  0.708333333  0.375000000  0.000000000   0.0      88  r09
    102  0.708333333  0.458333333  0.000000000   0.0      76  r09
    103  0.708333333  0.541666667  0.000000000   0.0      64  r09
    104  0.708333333  0.625000000  0.000000000   0.0      52  r09
    105  0.708333333  0.708333333  0.000000000   0.0      40  r09
    106  0.708333333  0.791666667  0.000000000   0.0      28  r09
    107  0.708333333  0.875000000  0.000000000   0.0      16  r09
    108  0.708333333  0.958333333  0.000000000   0.0       4  r09
    109  0.791666667  0.041666667  0.000000000   2.0       0  ---
    110  0.791666667  0.125000000  0.000000000   2.0       0  ---
    111  0.791666667  0.208333333  0.000000000   1.0       0  ---
    112  0.791666667  0.291666667  0.000000000   0.0      99  r09
    113  0.791666667  0.375000000  0.000000000   0.0      87  r09
    114  0.791666667  0.458333333  0.000000000   0.0      75  r09
    115  0.791666667  0.541666667  0.000000000   0.0      63  r09
    116  0.791666667  0.625000000  0.000000000   0.0      51  r09
    117  0.791666667  0.708333333  0.000000000   0.0      39  r09
    118  0.791666667  0.791666667  0.000000000   0.0      27  r09
    119  0.791666667  0.875000000  0.000000000   0.0      15  r09
    120  0.791666667  0.958333333  0.000000000   0.0       3  r09
    121  0.875000000  0.041666667  0.000000000   2.0       0  ---
    122  0.875000000  0.125000000  0.000000000   1.0       0  ---
    123  0.875000000  0.208333333  0.000000000   0.0     110  r09
    124  0.875000000  0.291666667  0.000000000   0.0      98  r09
    125  0.875000000  0.375000000  0.000000000   0.0      86  r09
    126  0.875000000  0.458333333  0.000000000   0.0      74  r09
    127  0.875000000  0.541666667  0.000000000   0.0      62  r09
    128  0.875000000  0.625000000  0.000000000   0.0      50  r09
    129  0.875000000  0.708333333  0.000000000   0.0      38  r09
    130  0.875000000  0.791666667  0.000000000   0.0      26  r09
    131  0.875000000  0.875000000  0.000000000   0.0      14  r09
    132  0.875000000  0.958333333  0.000000000   0.0       2  r09
    133  0.958333333  0.041666667  0.000000000   1.0       0  ---
    134  0.958333333  0.125000000  0.000000000   0.0     121  r09
    135  0.958333333  0.208333333  0.000000000   0.0     109  r09
    136  0.958333333  0.291666667  0.000000000   0.0      97  r09
    137  0.958333333  0.375000000  0.000000000   0.0      85  r09
    138  0.958333333  0.458333333  0.000000000   0.0      73  r09
    139  0.958333333  0.541666667  0.000000000   0.0      61  r09
    140  0.958333333  0.625000000  0.000000000   0.0      49  r09
    141  0.958333333  0.708333333  0.000000000   0.0      37  r09
    142  0.958333333  0.791666667  0.000000000   0.0      25  r09
    143  0.958333333  0.875000000  0.000000000   0.0      13  r09
    144  0.958333333  0.958333333  0.000000000   0.0       1  r09

k-points in the irreducible wedge
     78
      1  0.041666667  0.041666667  0.000000000   2.0       1
      2  0.041666667  0.125000000  0.000000000   2.0       2
      3  0.041666667  0.208333333  0.000000000   2.0       3
      4  0.041666667  0.291666667  0.000000000   2.0       4
      5  0.041666667  0.375000000  0.000000000   2.0       5
      6  0.041666667  0.458333333  0.000000000   2.0       6
      7  0.041666667  0.541666667  0.000000000   2.0       7
      8  0.041666667  0.625000000  0.000000000   2.0       8
      9  0.041666667  0.708333333  0.000000000   2.0       9
     10  0.041666667  0.791666667  0.000000000   2.0      10
     11  0.041666667  0.875000000  0.000000000   2.0      11
     12  0.041666667  0.958333333  0.000000000   1.0      12
     13  0.125000000  0.041666667  0.000000000   2.0      13
     14  0.125000000  0.125000000  0.000000000   2.0      14
     15  0.125000000  0.208333333  0.000000000   2.0      15
     16  0.125000000  0.291666667  0.000000000   2.0      16
     17  0.125000000  0.375000000  0.000000000   2.0      17
     18  0.125000000  0.458333333  0.000000000   2.0      18
     19  0.125000000  0.541666667  0.000000000   2.0      19
     20  0.125000000  0.625000000  0.000000000   2.0      20
     21  0.125000000  0.708333333  0.000000000   2.0      21
     22  0.125000000  0.791666667  0.000000000   2.0      22
     23  0.125000000  0.875000000  0.000000000   1.0      23
     24  0.208333333  0.041666667  0.000000000   2.0      25
     25  0.208333333  0.125000000  0.000000000   2.0      26
     26  0.208333333  0.208333333  0.000000000   2.0      27
     27  0.208333333  0.291666667  0.000000000   2.0      28
     28  0.208333333  0.375000000  0.000000000   2.0      29
     29  0.208333333  0.458333333  0.000000000   2.0      30
     30  0.208333333  0.541666667  0.000000000   2.0      31
     31  0.208333333  0.625000000  0.000000000   2.0      32
     32  0.208333333  0.708333333  0.000000000   2.0      33
     33  0.208333333  0.791666667  0.000000000   1.0      34
     34  0.291666667  0.041666667  0.000000000   2.0      37
     35  0.291666667  0.125000000  0.000000000   2.0      38
     36  0.291666667  0.208333333  0.000000000   2.0      39
     37  0.291666667  0.291666667  0.000000000   2.0      40
     38  0.291666667  0.375000000  0.000000000   2.0      41
     39  0.291666667  0.458333333  0.000000000   2.0      42
     40  0.291666667  0.541666667  0.000000000   2.0      43
     41  0.291666667  0.625000000  0.000000000   2.0      44
     42  0.291666667  0.708333333  0.000000000   1.0      45
     43  0.375000000  0.041666667  0.000000000   2.0      49
     44  0.375000000  0.125000000  0.000000000   2.0      50
     45  0.375000000  0.208333333  0.000000000   2.0      51
     46  0.375000000  0.291666667  0.000000000   2.0      52
     47  0.375000000  0.375000000  0.000000000   2.0      53
     48  0.375000000  0.458333333  0.000000000   2.0      54
     49  0.375000000  0.541666667  0.000000000   2.0      55
     50  0.375000000  0.625000000  0.000000000   1.0      56
     51  0.458333333  0.041666667  0.000000000   2.0      61
     52  0.458333333  0.125000000  0.000000000   2.0      62
     53  0.458333333  0.208333333  0.000000000   2.0      63
     54  0.458333333  0.291666667  0.000000000   2.0      64
     55  0.458333333  0.375000000  0.000000000   2.0      65
     56  0.458333333  0.458333333  0.000000000   2.0      66
     57  0.458333333  0.541666667  0.000000000   1.0      67
     58  0.541666667  0.041666667  0.000000000   2.0      73
     59  0.541666667  0.125000000  0.000000000   2.0      74
     60  0.541666667  0.208333333  0.000000000   2.0      75
     61  0.541666667  0.291666667  0.000000000   2.0      76
     62  0.541666667  0.375000000  0.000000000   2.0      77
     63  0.541666667  0.458333333  0.000000000   1.0      78
     64  0.625000000  0.041666667  0.000000000   2.0      85
     65  0.625000000  0.125000000  0.000000000   2.0      86
     66  0.625000000  0.208333333  0.000000000   2.0      87
     67  0.625000000  0.291666667  0.000000000   2.0      88
     68  0.625000000  0.375000000  0.000000000   1.0      89
     69  0.708333333  0.041666667  0.000000000   2.0      97
     70  0.708333333  0.125000000  0.000000000   2.0      98
     71  0.708333333  0.208333333  0.000000000   2.0      99
     72  0.708333333  0.291666667  0.000000000   1.0     100
     73  0.791666667  0.041666667  0.000000000   2.0     109
     74  0.791666667  0.125000000  0.000000000   2.0     110
     75  0.791666667  0.208333333  0.000000000   1.0     111
     76  0.875000000  0.041666667  0.000000000   2.0     121
     77  0.875000000  0.125000000  0.000000000   1.0     122
     78  0.958333333  0.041666667  0.000000000   1.0     133

k-points in the unfolded Brillouin Zone
    432
      1  0.001000000  0.041666667  0.000000000   1.0
      2  0.001000000  0.125000000  0.000000000   1.0
      3  0.001000000  0.208333333  0.000000000   1.0
      4  0.001000000  0.291666667  0.000000000   1.0
      5  0.001000000  0.375000000  0.000000000   1.0
      6  0.001000000  0.458333333  0.000000000   1.0
      7  0.001000000  0.541666667  0.000000000   1.0
      8  0.001000000  0.625000000  0.000000000   1.0
      9  0.001000000  0.708333333  0.000000000   1.0
     10  0.001000000  0.791666667  0.000000000   1.0
     11  0.001000000  0.875000000  0.000000000   1.0
     12  0.001000000  0.958333333  0.000000000   1.0
     13  0.042666667  0.000000000  0.000000000   1.0
     14  0.042666667  0.041666667  0.000000000   1.0
     15  0.042666667  0.083333333  0.000000000   1.0
     16  0.042666667  0.125000000  0.000000000   1.0
     17  0.042666667  0.166666667  0.000000000   1.0
     18  0.042666667  0.208333333  0.000000000   1.0
     19  0.042666667  0.250000000  0.000000000   1.0
     20  0.042666667  0.291666667  0.000000000   1.0
     21  0.042666667  0.333333333  0.000000000   1.0
     22  0.042666667  0.375000000  0.000000000   1.0
     23  0.042666667  0.416666667  0.000000000   1.0
     24  0.042666667  0.458333333  0.000000000   1.0
     25  0.042666667  0.500000000  0.000000000   1.0
     26  0.042666667  0.541666667  0.000000000   1.0
     27  0.042666667  0.583333333  0.000000000   1.0
     28  0.042666667  0.625000000  0.000000000   1.0
     29  0.042666667  0.666666667  0.000000000   1.0
     30  0.042666667  0.708333333  0.000000000   1.0
     31  0.042666667  0.750000000  0.000000000   1.0
     32  0.042666667  0.791666667  0.000000000   1.0
     33  0.042666667  0.833333333  0.000000000   1.0
     34  0.042666667  0.875000000  0.000000000   1.0
     35  0.042666667  0.916666667  0.000000000   1.0
     36  0.042666667  0.958333333  0.000000000   1.0
     37  0.084333333  0.041666667  0.000000000   1.0
     38  0.084333333  0.125000000  0.000000000   1.0
     39  0.084333333  0.208333333  0.000000000   1.0
     40  0.084333333  0.291666667  0.000000000   1.0
     41  0.084333333  0.375000000  0.000000000   1.0
     42  0.084333333  0.458333333  0.000000000   1.0
     43  0.084333333  0.541666667  0.000000000   1.0
     44  0.084333333  0.625000000  0.000000000   1.0
     45  0.084333333  0.708333333  0.000000000   1.0
     46  0.084333333  0.791666667  0.000000000   1.0
     47  0.084333333  0.875000000  0.000000000   1.0
     48  0.084333333  0.958333333  0.000000000   1.0
     49  0.126000000  0.000000000  0.000000000   1.0
     50  0.126000000  0.041666667  0.000000000   1.0
     51  0.126000000  0.083333333  0.000000000   1.0
     52  0.126000000  0.125000000  0.000000000   1.0
     53  0.126000000  0.166666667  0.000000000   1.0
     54  0.126000000  0.208333333  0.000000000   1.0
     55  0.126000000  0.250000000  0.000000000   1.0
     56  0.126000000  0.291666667  0.000000000   1.0
     57  0.126000000  0.333333333  0.000000000   1.0
     58  0.126000000  0.375000000  0.000000000   1.0
     59  0.126000000  0.416666667  0.000000000   1.0
     60  0.126000000  0.458333333  0.000000000   1.0
     61  0.126000000  0.500000000  0.000000000   1.0
     62  0.126000000  0.541666667  0.000000000   1.0
     63  0.126000000  0.583333333  0.000000000   1.0
     64  0.126000000  0.625000000  0.000000000   1.0
     65  0.126000000  0.666666667  0.000000000   1.0
     66  0.126000000  0.708333333  0.000000000   1.0
     67  0.126000000  0.750000000  0.000000000   1.0
     68  0.126000000  0.791666667  0.000000000   1.0
     69  0.126000000  0.833333333  0.000000000   1.0
     70  0.126000000  0.875000000  0.000000000   1.0
     71  0.126000000  0.916666667  0.000000000   1.0
     72  0.126000000  0.958333333  0.000000000   1.0
     73  0.167666667  0.041666667  0.000000000   1.0
     74  0.167666667  0.125000000  0.000000000   1.0
     75  0.167666667  0.208333333  0.000000000   1.0
     76  0.167666667  0.291666667  0.000000000   1.0
     77  0.167666667  0.375000000  0.000000000   1.0
     78  0.167666667  0.458333333  0.000000000   1.0
     79  0.167666667  0.541666667  0.000000000   1.0
     80  0.167666667  0.625000000  0.000000000   1.0
     81  0.167666667  0.708333333  0.000000000   1.0
     82  0.167666667  0.791666667  0.000000000   1.0
     83  0.167666667  0.875000000  0.000000000   1.0
     84  0.167666667  0.958333333  0.000000000   1.0
     85  0.209333333  0.000000000  0.000000000   1.0
     86  0.209333333  0.041666667  0.000000000   1.0
     87  0.209333333  0.083333333  0.000000000   1.0
     88  0.209333333  0.125000000  0.000000000   1.0
     89  0.209333333  0.166666667  0.000000000   1.0
     90  0.209333333  0.208333333  0.000000000   1.0
     91  0.209333333  0.250000000  0.000000000   1.0
     92  0.209333333  0.291666667  0.000000000   1.0
     93  0.209333333  0.333333333  0.000000000   1.0
     94  0.209333333  0.375000000  0.000000000   1.0
     95  0.209333333  0.416666667  0.000000000   1.0
     96  0.209333333  0.458333333  0.000000000   1.0
     97  0.209333333  0.500000000  0.000000000   1.0
     98  0.209333333  0.541666667  0.000000000   1.0
     99  0.209333333  0.583333333  0.000000000   1.0
    100  0.209333333  0.625000000  0.000000000   1.0
    101  0.209333333  0.666666667  0.000000000   1.0
    102  0.209333333  0.708333333  0.000000000   1.0
    103  0.209333333  0.750000000  0.000000000   1.0
    104  0.209333333  0.791666667  0.000000000   1.0
    105  0.209333333  0.833333333  0.000000000   1.0
    106  0.209333333  0.875000000  0.000000000   1.0
    107  0.209333333  0.916666667  0.000000000   1.0
    108  0.209333333  0.958333333  0.000000000   1.0
    109  0.251000000  0.041666667  0.000000000   1.0
    110  0.251000000  0.125000000  0.000000000   1.0
    111  0.251000000  0.208333333  0.000000000   1.0
    112  0.251000000  0.291666667  0.000000000   1.0
    113  0.251000000  0.375000000  0.000000000   1.0
    114  0.251000000  0.458333333  0.000000000   1.0
    115  0.251000000  0.541666667  0.000000000   1.0
    116  0.251000000  0.625000000  0.000000000   1.0
    117  0.251000000  0.708333333  0.000000000   1.0
    118  0.251000000  0.791666667  0.000000000   1.0
    119  0.251000000  0.875000000  0.000000000   1.0
    120  0.251000000  0.958333333  0.000000000   1.0
    121  0.292666667  0.000000000  0.000000000   1.0
    122  0.292666667  0.041666667  0.000000000   1.0
    123  0.292666667  0.083333333  0.000000000   1.0
    124  0.292666667  0.125000000  0.000000000   1.0
    125  0.292666667  0.166666667  0.000000000   1.0
    126  0.292666667  0.208333333  0.000000000   1.0
    127  0.292666667  0.250000000  0.000000000   1.0
    128  0.292666667  0.291666667  0.000000000   1.0
    129  0.292666667  0.333333333  0.000000000   1.0
    130  0.292666667  0.375000000  0.000000000   1.0
    131  0.292666667  0.416666667  0.000000000   1.0
    132  0.292666667  0.458333333  0.000000000   1.0
    133  0.292666667  0.500000000  0.000000000   1.0
    134  0.292666667  0.541666667  0.000000000   1.0
    135  0.292666667  0.583333333  0.000000000   1.0
    136  0.292666667  0.625000000  0.000000000   1.0
    137  0.292666667  0.666666667  0.000000000   1.0
    138  0.292666667  0.708333333  0.000000000   1.0
    139  0.292666667  0.750000000  0.000000000   1.0
    140  0.292666667  0.791666667  0.000000000   1.0
    141  0.292666667  0.833333333  0.000000000   1.0
    142  0.292666667  0.875000000  0.000000000   1.0
    143  0.292666667  0.916666667  0.000000000   1.0
    144  0.292666667  0.958333333  0.000000000   1.0
    145  0.334333333  0.041666667  0.000000000   1.0
    146  0.334333333  0.125000000  0.000000000   1.0
    147  0.334333333  0.208333333  0.000000000   1.0
    148  0.334333333  0.291666667  0.000000000   1.0
    149  0.334333333  0.375000000  0.000000000   1.0
    150  0.334333333  0.458333333  0.000000000   1.0
    151  0.334333333  0.541666667  0.000000000   1.0
    152  0.334333333  0.625000000  0.000000000   1.0
    153  0.334333333  0.708333333  0.000000000   1.0
    154  0.334333333  0.791666667  0.000000000   1.0
    155  0.334333333  0.875000000  0.000000000   1.0
    156  0.334333333  0.958333333  0.000000000   1.0
    157  0.376000000  0.000000000  0.000000000   1.0
    158  0.376000000  0.041666667  0.000000000   1.0
    159  0.376000000  0.083333333  0.000000000   1.0
    160  0.376000000  0.125000000  0.000000000   1.0
    161  0.376000000  0.166666667  0.000000000   1.0
    162  0.376000000  0.208333333  0.000000000   1.0
    163  0.376000000  0.250000000  0.000000000   1.0
    164  0.376000000  0.291666667  0.000000000   1.0
    165  0.376000000  0.333333333  0.000000000   1.0
    166  0.376000000  0.375000000  0.000000000   1.0
    167  0.376000000  0.416666667  0.000000000   1.0
    168  0.376000000  0.458333333  0.000000000   1.0
    169  0.376000000  0.500000000  0.000000000   1.0
    170  0.376000000  0.541666667  0.000000000   1.0
    171  0.376000000  0.583333333  0.000000000   1.0
    172  0.376000000  0.625000000  0.000000000   1.0
    173  0.376000000  0.666666667  0.000000000   1.0
    174  0.376000000  0.708333333  0.000000000   1.0
    175  0.376000000  0.750000000  0.000000000   1.0
    176  0.376000000  0.791666667  0.000000000   1.0
    177  0.376000000  0.833333333  0.000000000   1.0
    178  0.376000000  0.875000000  0.000000000   1.0
    179  0.376000000  0.916666667  0.000000000   1.0
    180  0.376000000  0.958333333  0.000000000   1.0
    181  0.417666667  0.041666667  0.000000000   1.0
    182  0.417666667  0.125000000  0.000000000   1.0
    183  0.417666667  0.208333333  0.000000000   1.0
    184  0.417666667  0.291666667  0.000000000   1.0
    185  0.417666667  0.375000000  0.000000000   1.0
    186  0.417666667  0.458333333  0.000000000   1.0
    187  0.417666667  0.541666667  0.000000000   1.0
    188  0.417666667  0.625000000  0.000000000   1.0
    189  0.417666667  0.708333333  0.000000000   1.0
    190  0.417666667  0.791666667  0.000000000   1.0
    191  0.417666667  0.875000000  0.000000000   1.0
    192  0.417666667  0.958333333  0.000000000   1.0
    193  0.459333333  0.000000000  0.000000000   1.0
    194  0.459333333  0.041666667  0.000000000   1.0
    195  0.459333333  0.083333333  0.000000000   1.0
    196  0.459333333  0.125000000  0.000000000   1.0
    197  0.459333333  0.166666667  0.000000000   1.0
    198  0.459333333  0.208333333  0.000000000   1.0
    199  0.459333333  0.250000000  0.000000000   1.0
    200  0.459333333  0.291666667  0.000000000   1.0
    201  0.459333333  0.333333333  0.000000000   1.0
    202  0.459333333  0.375000000  0.000000000   1.0
    203  0.459333333  0.416666667  0.000000000   1.0
    204  0.459333333  0.458333333  0.000000000   1.0
    205  0.459333333  0.500000000  0.000000000   1.0
    206  0.459333333  0.541666667  0.000000000   1.0
    207  0.459333333  0.583333333  0.000000000   1.0
    208  0.459333333  0.625000000  0.000000000   1.0
    209  0.459333333  0.666666667  0.000000000   1.0
    210  0.459333333  0.708333333  0.000000000   1.0
    211  0.459333333  0.750000000  0.000000000   1.0
    212  0.459333333  0.791666667  0.000000000   1.0
    213  0.459333333  0.833333333  0.000000000   1.0
    214  0.459333333  0.875000000  0.000000000   1.0
    215  0.459333333  0.916666667  0.000000000   1.0
    216  0.459333333  0.958333333  0.000000000   1.0
    217  0.501000000  0.041666667  0.000000000   1.0
    218  0.501000000  0.125000000  0.000000000   1.0
    219  0.501000000  0.208333333  0.000000000   1.0
    220  0.501000000  0.291666667  0.000000000   1.0
    221  0.501000000  0.375000000  0.000000000   1.0
    222  0.501000000  0.458333333  0.000000000   1.0
    223  0.501000000  0.541666667  0.000000000   1.0
    224  0.501000000  0.625000000  0.000000000   1.0
    225  0.501000000  0.708333333  0.000000000   1.0
    226  0.501000000  0.791666667  0.000000000   1.0
    227  0.501000000  0.875000000  0.000000000   1.0
    228  0.501000000  0.958333333  0.000000000   1.0
    229  0.542666667  0.000000000  0.000000000   1.0
    230  0.542666667  0.041666667  0.000000000   1.0
    231  0.542666667  0.083333333  0.000000000   1.0
    232  0.542666667  0.125000000  0.000000000   1.0
    233  0.542666667  0.166666667  0.000000000   1.0
    234  0.542666667  0.208333333  0.000000000   1.0
    235  0.542666667  0.250000000  0.000000000   1.0
    236  0.542666667  0.291666667  0.000000000   1.0
    237  0.542666667  0.333333333  0.000000000   1.0
    238  0.542666667  0.375000000  0.000000000   1.0
    239  0.542666667  0.416666667  0.000000000   1.0
    240  0.542666667  0.458333333  0.000000000   1.0
    241  0.542666667  0.500000000  0.000000000   1.0
    242  0.542666667  0.541666667  0.000000000   1.0
    243  0.542666667  0.583333333  0.000000000   1.0
    244  0.542666667  0.625000000  0.000000000   1.0
    245  0.542666667  0.666666667  0.000000000   1.0
    246  0.542666667  0.708333333  0.000000000   1.0
    247  0.542666667  0.750000000  0.000000000   1.0
    248  0.542666667  0.791666667  0.000000000   1.0
    249  0.542666667  0.833333333  0.000000000   1.0
    250  0.542666667  0.875000000  0.000000000   1.0
    251  0.542666667  0.916666667  0.000000000   1.0
    252  0.542666667  0.958333333  0.000000000   1.0
    253  0.584333333  0.041666667  0.000000000   1.0
    254  0.584333333  0.125000000  0.000000000   1.0
    255  0.584333333  0.208333333  0.000000000   1.0
    256  0.584333333  0.291666667  0.000000000   1.0
    257  0.584333333  0.375000000  0.000000000   1.0
    258  0.584333333  0.458333333  0.000000000   1.0
    259  0.584333333  0.541666667  0.000000000   1.0
    260  0.584333333  0.625000000  0.000000000   1.0
    261  0.584333333  0.708333333  0.000000000   1.0
    262  0.584333333  0.791666667  0.000000000   1.0
    263  0.584333333  0.875000000  0.000000000   1.0
    264  0.584333333  0.958333333  0.000000000   1.0
    265  0.626000000  0.000000000  0.000000000   1.0
    266  0.626000000  0.041666667  0.000000000   1.0
    267  0.626000000  0.083333333  0.000000000   1.0
    268  0.626000000  0.125000000  0.000000000   1.0
    269  0.626000000  0.166666667  0.000000000   1.0
    270  0.626000000  0.208333333  0.000000000   1.0
    271  0.626000000  0.250000000  0.000000000   1.0
    272  0.626000000  0.291666667  0.000000000   1.0
    273  0.626000000  0.333333333  0.000000000   1.0
    274  0.626000000  0.375000000  0.000000000   1.0
    275  0.626000000  0.416666667  0.000000000   1.0
    276  0.626000000  0.458333333  0.000000000   1.0
    277  0.626000000  0.500000000  0.000000000   1.0
    278  0.626000000  0.541666667  0.000000000   1.0
    279  0.626000000  0.583333333  0.000000000   1.0
    280  0.626000000  0.625000000  0.000000000   1.0
    281  0.626000000  0.666666667  0.000000000   1.0
    282  0.626000000  0.708333333  0.000000000   1.0
    283  0.626000000  0.750000000  0.000000000   1.0
    284  0.626000000  0.791666667  0.000000000   1.0
    285  0.626000000  0.833333333  0.000000000   1.0
    286  0.626000000  0.875000000  0.000000000   1.0
    287  0.626000000  0.916666667  0.000000000   1.0
    288  0.626000000  0.958333333  0.000000000   1.0
    289  0.667666667  0.041666667  0.000000000   1.0
    290  0.667666667  0.125000000  0.000000000   1.0
    291  0.667666667  0.208333333  0.000000000   1.0
    292  0.667666667  0.291666667  0.000000000   1.0
    293  0.667666667  0.375000000  0.000000000   1.0
    294  0.667666667  0.458333333  0.000000000   1.0
    295  0.667666667  0.541666667  0.000000000   1.0
    296  0.667666667  0.625000000  0.000000000   1.0
    297  0.667666667  0.708333333  0.000000000   1.0
    298  0.667666667  0.791666667  0.000000000   1.0
    299  0.667666667  0.875000000  0.000000000   1.0
    300  0.667666667  0.958333333  0.000000000   1.0
    301  0.709333333  0.000000000  0.000000000   1.0
    302  0.709333333  0.041666667  0.000000000   1.0
    303  0.709333333  0.083333333  0.000000000   1.0
    304  0.709333333  0.125000000  0.000000000   1.0
    305  0.709333333  0.166666667  0.000000000   1.0
    306  0.709333333  0.208333333  0.000000000   1.0
    307  0.709333333  0.250000000  0.000000000   1.0
    308  0.709333333  0.291666667  0.000000000   1.0
    309  0.709333333  0.333333333  0.000000000   1.0
    310  0.709333333  0.375000000  0.000000000   1.0
    311  0.709333333  0.416666667  0.000000000   1.0
    312  0.709333333  0.458333333  0.000000000   1.0
    313  0.709333333  0.500000000  0.000000000   1.0
    314  0.709333333  0.541666667  0.000000000   1.0
    315  0.709333333  0.583333333  0.000000000   1.0
    316  0.709333333  0.625000000  0.000000000   1.0
    317  0.709333333  0.666666667  0.000000000   1.0
    318  0.709333333  0.708333333  0.000000000   1.0
    319  0.709333333  0.750000000  0.000000000   1.0
    320  0.709333333  0.791666667  0.000000000   1.0
    321  0.709333333  0.833333333  0.000000000   1.0
    322  0.709333333  0.875000000  0.000000000   1.0
    323  0.709333333  0.916666667  0.000000000   1.0
    324  0.709333333  0.958333333  0.000000000   1.0
    325  0.751000000  0.041666667  0.000000000   1.0
    326  0.751000000  0.125000000  0.000000000   1.0
    327  0.751000000  0.208333333  0.000000000   1.0
    328  0.751000000  0.291666667  0.000000000   1.0
    329  0.751000000  0.375000000  0.000000000   1.0
    330  0.751000000  0.458333333  0.000000000   1.0
    331  0.751000000  0.541666667  0.000000000   1.0
    332  0.751000000  0.625000000  0.000000000   1.0
    333  0.751000000  0.708333333  0.000000000   1.0
    334  0.751000000  0.791666667  0.000000000   1.0
    335  0.751000000  0.875000000  0.000000000   1.0
    336  0.751000000  0.958333333  0.000000000   1.0
    337  0.792666667  0.000000000  0.000000000   1.0
    338  0.792666667  0.041666667  0.000000000   1.0
    339  0.792666667  0.083333333  0.000000000   1.0
    340  0.792666667  0.125000000  0.000000000   1.0
    341  0.792666667  0.166666667  0.000000000   1.0
    342  0.792666667  0.208333333  0.000000000   1.0
    343  0.792666667  0.250000000  0.000000000   1.0
    344  0.792666667  0.291666667  0.000000000   1.0
    345  0.792666667  0.333333333  0.000000000   1.0
    346  0.792666667  0.375000000  0.000000000   1.0
    347  0.792666667  0.416666667  0.000000000   1.0
    348  0.792666667  0.458333333  0.000000000   1.0
    349  0.792666667  0.500000000  0.000000000   1.0
    350  0.792666667  0.541666667  0.000000000   1.0
    351  0.792666667  0.583333333  0.000000000   1.0
    352  0.792666667  0.625000000  0.000000000   1.0
    353  0.792666667  0.666666667  0.000000000   1.0
    354  0.792666667  0.708333333  0.000000000   1.0
    355  0.792666667  0.750000000  0.000000000   1.0
    356  0.792666667  0.791666667  0.000000000   1.0
    357  0.792666667  0.833333333  0.000000000   1.0
    358  0.792666667  0.875000000  0.000000000   1.0
    359  0.792666667  0.916666667  0.000000000   1.0
    360  0.792666667  0.958333333  0.000000000   1.0
    361  0.834333333  0.041666667  0.000000000   1.0
    362  0.834333333  0.125000000  0.000000000   1.0
    363  0.834333333  0.208333333  0.000000000   1.0
    364  0.834333333  0.291666667  0.000000000   1.0
    365  0.834333333  0.375000000  0.000000000   1.0
    366  0.834333333  0.458333333  0.000000000   1.0
    367  0.834333333  0.541666667  0.000000000   1.0
    368  0.834333333  0.625000000  0.000000000   1.0
    369  0.834333333  0.708333333  0.000000000   1.0
    370  0.834333333  0.791666667  0.000000000   1.0
    371  0.834333333  0.875000000  0.000000000   1.0
    372  0.834333333  0.958333333  0.000000000   1.0
    373  0.876000000  0.000000000  0.000000000   1.0
    374  0.876000000  0.041666667  0.000000000   1.0
    375  0.876000000  0.083333333  0.000000000   1.0
    376  0.876000000  0.125000000  0.000000000   1.0
    377  0.876000000  0.166666667  0.000000000   1.0
    378  0.876000000  0.208333333  0.000000000   1.0
    379  0.876000000  0.250000000  0.000000000   1.0
    380  0.876000000  0.291666667  0.000000000   1.0
    381  0.876000000  0.333333333  0.000000000   1.0
    382  0.876000000  0.375000000  0.000000000   1.0
    383  0.876000000  0.416666667  0.000000000   1.0
    384  0.876000000  0.458333333  0.000000000   1.0
    385  0.876000000  0.500000000  0.000000000   1.0
    386  0.876000000  0.541666667  0.000000000   1.0
    387  0.876000000  0.583333333  0.000000000   1.0
    388  0.876000000  0.625000000  0.000000000   1.0
    389  0.876000000  0.666666667  0.000000000   1.0
    390  0.876000000  0.708333333  0.000000000   1.0
    391  0.876000000  0.750000000  0.000000000   1.0
    392  0.876000000  0.791666667  0.000000000   1.0
    393  0.876000000  0.833333333  0.000000000   1.0
    394  0.876000000  0.875000000  0.000000000   1.0
    395  0.876000000  0.916666667  0.000000000   1.0
    396  0.876000000  0.958333333  0.000000000   1.0
    397  0.917666667  0.041666667  0.000000000   1.0
    398  0.917666667  0.125000000  0.000000000   1.0
    399  0.917666667  0.208333333  0.000000000   1.0
    400  0.917666667  0.291666667  0.000000000   1.0
    401  0.917666667  0.375000000  0.000000000   1.0
    402  0.917666667  0.458333333  0.000000000   1.0
    403  0.917666667  0.541666667  0.000000000   1.0
    404  0.917666667  0.625000000  0.000000000   1.0
    405  0.917666667  0.708333333  0.000000000   1.0
    406  0.917666667  0.791666667  0.000000000   1.0
    407  0.917666667  0.875000000  0.000000000   1.0
    408  0.917666667  0.958333333  0.000000000   1.0
    409  0.959333333  0.000000000  0.000000000   1.0
    410  0.959333333  0.041666667  0.000000000   1.0
    411  0.959333333  0.083333333  0.000000000   1.0
    412  0.959333333  0.125000000  0.000000000   1.0
    413  0.959333333  0.166666667  0.000000000   1.0
    414  0.959333333  0.208333333  0.000000000   1.0
    415  0.959333333  0.250000000  0.000000000   1.0
    416  0.959333333  0.291666667  0.000000000   1.0
    417  0.959333333  0.333333333  0.000000000   1.0
    418  0.959333333  0.375000000  0.000000000   1.0
    419  0.959333333  0.416666667  0.000000000   1.0
    420  0.959333333  0.458333333  0.000000000   1.0
    421  0.959333333  0.500000000  0.000000000   1.0
    422  0.959333333  0.541666667  0.000000000   1.0
    423  0.959333333  0.583333333  0.000000000   1.0
    424  0.959333333  0.625000000  0.000000000   1.0
    425  0.959333333  0.666666667  0.000000000   1.0
    426  0.959333333  0.708333333  0.000000000   1.0
    427  0.959333333  0.750000000  0.000000000   1.0
    428  0.959333333  0.791666667  0.000000000   1.0
    429  0.959333333  0.833333333  0.000000000   1.0
    430  0.959333333  0.875000000  0.000000000   1.0
    431  0.959333333  0.916666667  0.000000000   1.0
    432  0.959333333  0.958333333  0.000000000   1.0

k-points folded with the symmetries of a subgroup of the q-vector
    222
      1  0.042666667  0.000000000  0.000000000   1.0
      2  0.042666667  0.041666667  0.000000000   2.0
      3  0.042666667  0.125000000  0.000000000   2.0
      4  0.042666667  0.208333333  0.000000000   2.0
      5  0.042666667  0.291666667  0.000000000   2.0
      6  0.042666667  0.375000000  0.000000000   2.0
      7  0.042666667  0.458333333  0.000000000   2.0
      8  0.042666667  0.541666667  0.000000000   2.0
      9  0.042666667  0.625000000  0.000000000   2.0
     10  0.042666667  0.708333333  0.000000000   2.0
     11  0.042666667  0.791666667  0.000000000   2.0
     12  0.042666667  0.875000000  0.000000000   2.0
     13  0.042666667  0.958333333  0.000000000   2.0
     14  0.084333333  0.041666667  0.000000000   2.0
     15  0.084333333  0.125000000  0.000000000   2.0
     16  0.084333333  0.208333333  0.000000000   2.0
     17  0.084333333  0.291666667  0.000000000   2.0
     18  0.084333333  0.375000000  0.000000000   2.0
     19  0.084333333  0.458333333  0.000000000   2.0
     20  0.084333333  0.541666667  0.000000000   2.0
     21  0.084333333  0.625000000  0.000000000   2.0
     22  0.084333333  0.708333333  0.000000000   2.0
     23  0.084333333  0.791666667  0.000000000   2.0
     24  0.084333333  0.875000000  0.000000000   2.0
     25  0.126000000  0.000000000  0.000000000   1.0
     26  0.126000000  0.041666667  0.000000000   2.0
     27  0.126000000  0.125000000  0.000000000   2.0
     28  0.126000000  0.208333333  0.000000000   2.0
     29  0.126000000  0.291666667  0.000000000   2.0
     30  0.126000000  0.375000000  0.000000000   2.0
     31  0.126000000  0.458333333  0.000000000   2.0
     32  0.126000000  0.541666667  0.000000000   2.0
     33  0.126000000  0.625000000  0.000000000   2.0
     34  0.126000000  0.708333333  0.000000000   2.0
     35  0.126000000  0.791666667  0.000000000   2.0
     36  0.126000000  0.875000000  0.000000000   2.0
     37  0.126000000  0.916666667  0.000000000   2.0
     38  0.167666667  0.041666667  0.000000000   2.0
     39  0.167666667  0.125000000  0.000000000   2.0
     40  0.167666667  0.208333333  0.000000000   2.0
     41  0.167666667  0.291666667  0.000000000   2.0
     42  0.167666667  0.375000000  0.000000000   2.0
     43  0.167666667  0.458333333  0.000000000   2.0
     44  0.167666667  0.541666667  0.000000000   2.0
     45  0.167666667  0.625000000  0.000000000   2.0
     46  0.167666667  0.708333333  0.000000000   2.0
     47  0.167666667  0.791666667  0.000000000   2.0
     48  0.209333333  0.000000000  0.000000000   1.0
     49  0.209333333  0.041666667  0.000000000   2.0
     50  0.209333333  0.125000000  0.000000000   2.0
     51  0.209333333  0.208333333  0.000000000   2.0
     52  0.209333333  0.291666667  0.000000000   2.0
     53  0.209333333  0.375000000  0.000000000   2.0
     54  0.209333333  0.458333333  0.000000000   2.0
     55  0.209333333  0.541666667  0.000000000   2.0
     56  0.209333333  0.625000000  0.000000000   2.0
     57  0.209333333  0.708333333  0.000000000   2.0
     58  0.209333333  0.791666667  0.000000000   2.0
     59  0.209333333  0.833333333  0.000000000   2.0
     60  0.209333333  0.916666667  0.000000000   2.0
     61  0.251000000  0.041666667  0.000000000   2.0
     62  0.251000000  0.125000000  0.000000000   2.0
     63  0.251000000  0.208333333  0.000000000   2.0
     64  0.251000000  0.291666667  0.000000000   2.0
     65  0.251000000  0.375000000  0.000000000   2.0
     66  0.251000000  0.458333333  0.000000000   2.0
     67  0.251000000  0.541666667  0.000000000   2.0
     68  0.251000000  0.625000000  0.000000000   2.0
     69  0.251000000  0.708333333  0.000000000   2.0
     70  0.292666667  0.000000000  0.000000000   1.0
     71  0.292666667  0.041666667  0.000000000   2.0
     72  0.292666667  0.125000000  0.000000000   2.0
     73  0.292666667  0.208333333  0.000000000   2.0
     74  0.292666667  0.291666667  0.000000000   2.0
     75  0.292666667  0.375000000  0.000000000   2.0
     76  0.292666667  0.458333333  0.000000000   2.0
     77  0.292666667  0.541666667  0.000000000   2.0
     78  0.292666667  0.625000000  0.000000000   2.0
     79  0.292666667  0.708333333  0.000000000   2.0
     80  0.292666667  0.750000000  0.000000000   2.0
     81  0.292666667  0.833333333  0.000000000   2.0
     82  0.292666667  0.916666667  0.000000000   2.0
     83  0.334333333  0.041666667  0.000000000   2.0
     84  0.334333333  0.125000000  0.000000000   2.0
     85  0.334333333  0.208333333  0.000000000   2.0
     86  0.334333333  0.291666667  0.000000000   2.0
     87  0.334333333  0.375000000  0.000000000   2.0
     88  0.334333333  0.458333333  0.000000000   2.0
     89  0.334333333  0.541666667  0.000000000   2.0
     90  0.334333333  0.625000000  0.000000000   2.0
     91  0.376000000  0.000000000  0.000000000   1.0
     92  0.376000000  0.041666667  0.000000000   2.0
     93  0.376000000  0.125000000  0.000000000   2.0
     94  0.376000000  0.208333333  0.000000000   2.0
     95  0.376000000  0.291666667  0.000000000   2.0
     96  0.376000000  0.375000000  0.000000000   2.0
     97  0.376000000  0.458333333  0.000000000   2.0
     98  0.376000000  0.541666667  0.000000000   2.0
     99  0.376000000  0.625000000  0.000000000   2.0
    100  0.376000000  0.666666667  0.000000000   2.0
    101  0.376000000  0.750000000  0.000000000   2.0
    102  0.376000000  0.833333333  0.000000000   2.0
    103  0.376000000  0.916666667  0.000000000   2.0
    104  0.417666667  0.041666667  0.000000000   2.0
    105  0.417666667  0.125000000  0.000000000   2.0
    106  0.417666667  0.208333333  0.000000000   2.0
    107  0.417666667  0.291666667  0.000000000   2.0
    108  0.417666667  0.375000000  0.000000000   2.0
    109  0.417666667  0.458333333  0.000000000   2.0
    110  0.417666667  0.541666667  0.000000000   2.0
    111  0.459333333  0.000000000  0.000000000   1.0
    112  0.459333333  0.041666667  0.000000000   2.0
    113  0.459333333  0.125000000  0.000000000   2.0
    114  0.459333333  0.208333333  0.000000000   2.0
    115  0.459333333  0.291666667  0.000000000   2.0
    116  0.459333333  0.375000000  0.000000000   2.0
    117  0.459333333  0.458333333  0.000000000   2.0
    118  0.459333333  0.541666667  0.000000000   2.0
    119  0.459333333  0.583333333  0.000000000   2.0
    120  0.459333333  0.666666667  0.000000000   2.0
    121  0.459333333  0.750000000  0.000000000   2.0
    122  0.459333333  0.833333333  0.000000000   2.0
    123  0.459333333  0.916666667  0.000000000   2.0
    124  0.501000000  0.041666667  0.000000000   2.0
    125  0.501000000  0.125000000  0.000000000   2.0
    126  0.501000000  0.208333333  0.000000000   2.0
    127  0.501000000  0.291666667  0.000000000   2.0
    128  0.501000000  0.375000000  0.000000000   2.0
    129  0.501000000  0.458333333  0.000000000   2.0
    130  0.542666667  0.000000000  0.000000000   1.0
    131  0.542666667  0.041666667  0.000000000   2.0
    132  0.542666667  0.125000000  0.000000000   2.0
    133  0.542666667  0.208333333  0.000000000   2.0
    134  0.542666667  0.291666667  0.000000000   2.0
    135  0.542666667  0.375000000  0.000000000   2.0
    136  0.542666667  0.458333333  0.000000000   2.0
    137  0.542666667  0.500000000  0.000000000   2.0
    138  0.542666667  0.583333333  0.000000000   2.0
    139  0.542666667  0.666666667  0.000000000   2.0
    140  0.542666667  0.750000000  0.000000000   2.0
    141  0.542666667  0.833333333  0.000000000   2.0
    142  0.542666667  0.916666667  0.000000000   2.0
    143  0.584333333  0.041666667  0.000000000   2.0
    144  0.584333333  0.125000000  0.000000000   2.0
    145  0.584333333  0.208333333  0.000000000   2.0
    146  0.584333333  0.291666667  0.000000000   2.0
    147  0.584333333  0.375000000  0.000000000   2.0
    148  0.626000000  0.000000000  0.000000000   1.0
    149  0.626000000  0.041666667  0.000000000   2.0
    150  0.626000000  0.125000000  0.000000000   2.0
    151  0.626000000  0.208333333  0.000000000   2.0
    152  0.626000000  0.291666667  0.000000000   2.0
    153  0.626000000  0.375000000  0.000000000   2.0
    154  0.626000000  0.416666667  0.000000000   2.0
    155  0.626000000  0.500000000  0.000000000   2.0
    156  0.626000000  0.583333333  0.000000000   2.0
    157  0.626000000  0.666666667  0.000000000   2.0
    158  0.626000000  0.750000000  0.000000000   2.0
    159  0.626000000  0.833333333  0.000000000   2.0
    160  0.626000000  0.916666667  0.000000000   2.0
    161  0.667666667  0.041666667  0.000000000   2.0
    162  0.667666667  0.125000000  0.000000000   2.0
    163  0.667666667  0.208333333  0.000000000   2.0
    164  0.667666667  0.291666667  0.000000000   2.0
    165  0.709333333  0.000000000  0.000000000   1.0
    166  0.709333333  0.041666667  0.000000000   2.0
    167  0.709333333  0.125000000  0.000000000   2.0
    168  0.709333333  0.208333333  0.000000000   2.0
    169  0.709333333  0.291666667  0.000000000   2.0
    170  0.709333333  0.333333333  0.000000000   2.0
    171  0.709333333  0.416666667  0.000000000   2.0
    172  0.709333333  0.500000000  0.000000000   2.0
    173  0.709333333  0.583333333  0.000000000   2.0
    174  0.709333333  0.666666667  0.000000000   2.0
    175  0.709333333  0.750000000  0.000000000   2.0
    176  0.709333333  0.833333333  0.000000000   2.0
    177  0.709333333  0.916666667  0.000000000   2.0
    178  0.751000000  0.041666667  0.000000000   2.0
    179  0.751000000  0.125000000  0.000000000   2.0
    180  0.751000000  0.208333333  0.000000000   2.0
    181  0.792666667  0.000000000  0.000000000   1.0
    182  0.792666667  0.041666667  0.000000000   2.0
    183  0.792666667  0.125000000  0.000000000   2.0
    184  0.792666667  0.208333333  0.000000000   2.0
    185  0.792666667  0.250000000  0.000000000   2.0
    186  0.792666667  0.333333333  0.000000000   2.0
    187  0.792666667  0.416666667  0.000000000   2.0
    188  0.792666667  0.500000000  0.000000000   2.0
    189  0.792666667  0.583333333  0.000000000   2.0
    190  0.792666667  0.666666667  0.000000000   2.0
    191  0.792666667  0.750000000  0.000000000   2.0
    192  0.792666667  0.833333333  0.000000000   2.0
    193  0.792666667  0.916666667  0.000000000   2.0
    194  0.834333333  0.041666667  0.000000000   2.0
    195  0.834333333  0.125000000  0.000000000   2.0
    196  0.876000000  0.000000000  0.000000000   1.0
    197  0.876000000  0.041666667  0.000000000   2.0
    198  0.876000000  0.125000000  0.000000000   2.0
    199  0.876000000  0.166666667  0.000000000   2.0
    200  0.876000000  0.250000000  0.000000000   2.0
    201  0.876000000  0.333333333  0.000000000   2.0
    202  0.876000000  0.416666667  0.000000000   2.0
    203  0.876000000  0.500000000  0.000000000   2.0
    204  0.876000000  0.583333333  0.000000000   2.0
    205  0.876000000  0.666666667  0.000000000   2.0
    206  0.876000000  0.750000000  0.000000000   2.0
    207  0.876000000  0.833333333  0.000000000   2.0
    208  0.876000000  0.916666667  0.000000000   2.0
    209  0.917666667  0.041666667  0.000000000   2.0
    210  0.959333333  0.000000000  0.000000000   1.0
    211  0.959333333  0.041666667  0.000000000   2.0
    212  0.959333333  0.083333333  0.000000000   2.0
    213  0.959333333  0.166666667  0.000000000   2.0
    214  0.959333333  0.250000000  0.000000000   2.0
    215  0.959333333  0.333333333  0.000000000   2.0
    216  0.959333333  0.416666667  0.000000000   2.0
    217  0.959333333  0.500000000  0.000000000   2.0
    218  0.959333333  0.583333333  0.000000000   2.0
    219  0.959333333  0.666666667  0.000000000   2.0
    220  0.959333333  0.750000000  0.000000000   2.0
    221  0.959333333  0.833333333  0.000000000   2.0
    222  0.959333333  0.916666667  0.000000000   2.0

