K_POINTS crystal
  222
  0.042666667  0.000000000  0.000000000   1.0
  0.042666667  0.041666667  0.000000000   2.0
  0.042666667  0.125000000  0.000000000   2.0
  0.042666667  0.208333333  0.000000000   2.0
  0.042666667  0.291666667  0.000000000   2.0
  0.042666667  0.375000000  0.000000000   2.0
  0.042666667  0.458333333  0.000000000   2.0
  0.042666667  0.541666667  0.000000000   2.0
  0.042666667  0.625000000  0.000000000   2.0
  0.042666667  0.708333333  0.000000000   2.0
  0.042666667  0.791666667  0.000000000   2.0
  0.042666667  0.875000000  0.000000000   2.0
  0.042666667  0.958333333  0.000000000   2.0
  0.084333333  0.041666667  0.000000000   2.0
  0.084333333  0.125000000  0.000000000   2.0
  0.084333333  0.208333333  0.000000000   2.0
  0.084333333  0.291666667  0.000000000   2.0
  0.084333333  0.375000000  0.000000000   2.0
  0.084333333  0.458333333  0.000000000   2.0
  0.084333333  0.541666667  0.000000000   2.0
  0.084333333  0.625000000  0.000000000   2.0
  0.084333333  0.708333333  0.000000000   2.0
  0.084333333  0.791666667  0.000000000   2.0
  0.084333333  0.875000000  0.000000000   2.0
  0.126000000  0.000000000  0.000000000   1.0
  0.126000000  0.041666667  0.000000000   2.0
  0.126000000  0.125000000  0.000000000   2.0
  0.126000000  0.208333333  0.000000000   2.0
  0.126000000  0.291666667  0.000000000   2.0
  0.126000000  0.375000000  0.000000000   2.0
  0.126000000  0.458333333  0.000000000   2.0
  0.126000000  0.541666667  0.000000000   2.0
  0.126000000  0.625000000  0.000000000   2.0
  0.126000000  0.708333333  0.000000000   2.0
  0.126000000  0.791666667  0.000000000   2.0
  0.126000000  0.875000000  0.000000000   2.0
  0.126000000  0.916666667  0.000000000   2.0
  0.167666667  0.041666667  0.000000000   2.0
  0.167666667  0.125000000  0.000000000   2.0
  0.167666667  0.208333333  0.000000000   2.0
  0.167666667  0.291666667  0.000000000   2.0
  0.167666667  0.375000000  0.000000000   2.0
  0.167666667  0.458333333  0.000000000   2.0
  0.167666667  0.541666667  0.000000000   2.0
  0.167666667  0.625000000  0.000000000   2.0
  0.167666667  0.708333333  0.000000000   2.0
  0.167666667  0.791666667  0.000000000   2.0
  0.209333333  0.000000000  0.000000000   1.0
  0.209333333  0.041666667  0.000000000   2.0
  0.209333333  0.125000000  0.000000000   2.0
  0.209333333  0.208333333  0.000000000   2.0
  0.209333333  0.291666667  0.000000000   2.0
  0.209333333  0.375000000  0.000000000   2.0
  0.209333333  0.458333333  0.000000000   2.0
  0.209333333  0.541666667  0.000000000   2.0
  0.209333333  0.625000000  0.000000000   2.0
  0.209333333  0.708333333  0.000000000   2.0
  0.209333333  0.791666667  0.000000000   2.0
  0.209333333  0.833333333  0.000000000   2.0
  0.209333333  0.916666667  0.000000000   2.0
  0.251000000  0.041666667  0.000000000   2.0
  0.251000000  0.125000000  0.000000000   2.0
  0.251000000  0.208333333  0.000000000   2.0
  0.251000000  0.291666667  0.000000000   2.0
  0.251000000  0.375000000  0.000000000   2.0
  0.251000000  0.458333333  0.000000000   2.0
  0.251000000  0.541666667  0.000000000   2.0
  0.251000000  0.625000000  0.000000000   2.0
  0.251000000  0.708333333  0.000000000   2.0
  0.292666667  0.000000000  0.000000000   1.0
  0.292666667  0.041666667  0.000000000   2.0
  0.292666667  0.125000000  0.000000000   2.0
  0.292666667  0.208333333  0.000000000   2.0
  0.292666667  0.291666667  0.000000000   2.0
  0.292666667  0.375000000  0.000000000   2.0
  0.292666667  0.458333333  0.000000000   2.0
  0.292666667  0.541666667  0.000000000   2.0
  0.292666667  0.625000000  0.000000000   2.0
  0.292666667  0.708333333  0.000000000   2.0
  0.292666667  0.750000000  0.000000000   2.0
  0.292666667  0.833333333  0.000000000   2.0
  0.292666667  0.916666667  0.000000000   2.0
  0.334333333  0.041666667  0.000000000   2.0
  0.334333333  0.125000000  0.000000000   2.0
  0.334333333  0.208333333  0.000000000   2.0
  0.334333333  0.291666667  0.000000000   2.0
  0.334333333  0.375000000  0.000000000   2.0
  0.334333333  0.458333333  0.000000000   2.0
  0.334333333  0.541666667  0.000000000   2.0
  0.334333333  0.625000000  0.000000000   2.0
  0.376000000  0.000000000  0.000000000   1.0
  0.376000000  0.041666667  0.000000000   2.0
  0.376000000  0.125000000  0.000000000   2.0
  0.376000000  0.208333333  0.000000000   2.0
  0.376000000  0.291666667  0.000000000   2.0
  0.376000000  0.375000000  0.000000000   2.0
  0.376000000  0.458333333  0.000000000   2.0
  0.376000000  0.541666667  0.000000000   2.0
  0.376000000  0.625000000  0.000000000   2.0
  0.376000000  0.666666667  0.000000000   2.0
  0.376000000  0.750000000  0.000000000   2.0
  0.376000000  0.833333333  0.000000000   2.0
  0.376000000  0.916666667  0.000000000   2.0
  0.417666667  0.041666667  0.000000000   2.0
  0.417666667  0.125000000  0.000000000   2.0
  0.417666667  0.208333333  0.000000000   2.0
  0.417666667  0.291666667  0.000000000   2.0
  0.417666667  0.375000000  0.000000000   2.0
  0.417666667  0.458333333  0.000000000   2.0
  0.417666667  0.541666667  0.000000000   2.0
  0.459333333  0.000000000  0.000000000   1.0
  0.459333333  0.041666667  0.000000000   2.0
  0.459333333  0.125000000  0.000000000   2.0
  0.459333333  0.208333333  0.000000000   2.0
  0.459333333  0.291666667  0.000000000   2.0
  0.459333333  0.375000000  0.000000000   2.0
  0.459333333  0.458333333  0.000000000   2.0
  0.459333333  0.541666667  0.000000000   2.0
  0.459333333  0.583333333  0.000000000   2.0
  0.459333333  0.666666667  0.000000000   2.0
  0.459333333  0.750000000  0.000000000   2.0
  0.459333333  0.833333333  0.000000000   2.0
  0.459333333  0.916666667  0.000000000   2.0
  0.501000000  0.041666667  0.000000000   2.0
  0.501000000  0.125000000  0.000000000   2.0
  0.501000000  0.208333333  0.000000000   2.0
  0.501000000  0.291666667  0.000000000   2.0
  0.501000000  0.375000000  0.000000000   2.0
  0.501000000  0.458333333  0.000000000   2.0
  0.542666667  0.000000000  0.000000000   1.0
  0.542666667  0.041666667  0.000000000   2.0
  0.542666667  0.125000000  0.000000000   2.0
  0.542666667  0.208333333  0.000000000   2.0
  0.542666667  0.291666667  0.000000000   2.0
  0.542666667  0.375000000  0.000000000   2.0
  0.542666667  0.458333333  0.000000000   2.0
  0.542666667  0.500000000  0.000000000   2.0
  0.542666667  0.583333333  0.000000000   2.0
  0.542666667  0.666666667  0.000000000   2.0
  0.542666667  0.750000000  0.000000000   2.0
  0.542666667  0.833333333  0.000000000   2.0
  0.542666667  0.916666667  0.000000000   2.0
  0.584333333  0.041666667  0.000000000   2.0
  0.584333333  0.125000000  0.000000000   2.0
  0.584333333  0.208333333  0.000000000   2.0
  0.584333333  0.291666667  0.000000000   2.0
  0.584333333  0.375000000  0.000000000   2.0
  0.626000000  0.000000000  0.000000000   1.0
  0.626000000  0.041666667  0.000000000   2.0
  0.626000000  0.125000000  0.000000000   2.0
  0.626000000  0.208333333  0.000000000   2.0
  0.626000000  0.291666667  0.000000000   2.0
  0.626000000  0.375000000  0.000000000   2.0
  0.626000000  0.416666667  0.000000000   2.0
  0.626000000  0.500000000  0.000000000   2.0
  0.626000000  0.583333333  0.000000000   2.0
  0.626000000  0.666666667  0.000000000   2.0
  0.626000000  0.750000000  0.000000000   2.0
  0.626000000  0.833333333  0.000000000   2.0
  0.626000000  0.916666667  0.000000000   2.0
  0.667666667  0.041666667  0.000000000   2.0
  0.667666667  0.125000000  0.000000000   2.0
  0.667666667  0.208333333  0.000000000   2.0
  0.667666667  0.291666667  0.000000000   2.0
  0.709333333  0.000000000  0.000000000   1.0
  0.709333333  0.041666667  0.000000000   2.0
  0.709333333  0.125000000  0.000000000   2.0
  0.709333333  0.208333333  0.000000000   2.0
  0.709333333  0.291666667  0.000000000   2.0
  0.709333333  0.333333333  0.000000000   2.0
  0.709333333  0.416666667  0.000000000   2.0
  0.709333333  0.500000000  0.000000000   2.0
  0.709333333  0.583333333  0.000000000   2.0
  0.709333333  0.666666667  0.000000000   2.0
  0.709333333  0.750000000  0.000000000   2.0
  0.709333333  0.833333333  0.000000000   2.0
  0.709333333  0.916666667  0.000000000   2.0
  0.751000000  0.041666667  0.000000000   2.0
  0.751000000  0.125000000  0.000000000   2.0
  0.751000000  0.208333333  0.000000000   2.0
  0.792666667  0.000000000  0.000000000   1.0
  0.792666667  0.041666667  0.000000000   2.0
  0.792666667  0.125000000  0.000000000   2.0
  0.792666667  0.208333333  0.000000000   2.0
  0.792666667  0.250000000  0.000000000   2.0
  0.792666667  0.333333333  0.000000000   2.0
  0.792666667  0.416666667  0.000000000   2.0
  0.792666667  0.500000000  0.000000000   2.0
  0.792666667  0.583333333  0.000000000   2.0
  0.792666667  0.666666667  0.000000000   2.0
  0.792666667  0.750000000  0.000000000   2.0
  0.792666667  0.833333333  0.000000000   2.0
  0.792666667  0.916666667  0.000000000   2.0
  0.834333333  0.041666667  0.000000000   2.0
  0.834333333  0.125000000  0.000000000   2.0
  0.876000000  0.000000000  0.000000000   1.0
  0.876000000  0.041666667  0.000000000   2.0
  0.876000000  0.125000000  0.000000000   2.0
  0.876000000  0.166666667  0.000000000   2.0
  0.876000000  0.250000000  0.000000000   2.0
  0.876000000  0.333333333  0.000000000   2.0
  0.876000000  0.416666667  0.000000000   2.0
  0.876000000  0.500000000  0.000000000   2.0
  0.876000000  0.583333333  0.000000000   2.0
  0.876000000  0.666666667  0.000000000   2.0
  0.876000000  0.750000000  0.000000000   2.0
  0.876000000  0.833333333  0.000000000   2.0
  0.876000000  0.916666667  0.000000000   2.0
  0.917666667  0.041666667  0.000000000   2.0
  0.959333333  0.000000000  0.000000000   1.0
  0.959333333  0.041666667  0.000000000   2.0
  0.959333333  0.083333333  0.000000000   2.0
  0.959333333  0.166666667  0.000000000   2.0
  0.959333333  0.250000000  0.000000000   2.0
  0.959333333  0.333333333  0.000000000   2.0
  0.959333333  0.416666667  0.000000000   2.0
  0.959333333  0.500000000  0.000000000   2.0
  0.959333333  0.583333333  0.000000000   2.0
  0.959333333  0.666666667  0.000000000   2.0
  0.959333333  0.750000000  0.000000000   2.0
  0.959333333  0.833333333  0.000000000   2.0
  0.959333333  0.916666667  0.000000000   2.0
