K_POINTS crystal
   76
  0.000000000  0.000000000  0.000000000   1.0
  0.000000000  0.000000000  0.166666667   2.0
  0.000000000  0.000000000  0.333333333   2.0
  0.000000000  0.000000000  0.500000000   1.0
  0.000000000  0.083333333  0.000000000   6.0
  0.000000000  0.083333333  0.166666667  12.0
  0.000000000  0.083333333  0.333333333  12.0
  0.000000000  0.083333333  0.500000000   6.0
  0.000000000  0.166666667  0.000000000   6.0
  0.000000000  0.166666667  0.166666667  12.0
  0.000000000  0.166666667  0.333333333  12.0
  0.000000000  0.166666667  0.500000000   6.0
  0.000000000  0.250000000  0.000000000   6.0
  0.000000000  0.250000000  0.166666667  12.0
  0.000000000  0.250000000  0.333333333  12.0
  0.000000000  0.250000000  0.500000000   6.0
  0.000000000  0.333333333  0.000000000   6.0
  0.000000000  0.333333333  0.166666667  12.0
  0.000000000  0.333333333  0.333333333  12.0
  0.000000000  0.333333333  0.500000000   6.0
  0.000000000  0.416666667  0.000000000   6.0
  0.000000000  0.416666667  0.166666667  12.0
  0.000000000  0.416666667  0.333333333  12.0
  0.000000000  0.416666667  0.500000000   6.0
  0.000000000  0.500000000  0.000000000   3.0
  0.000000000  0.500000000  0.166666667   6.0
  0.000000000  0.500000000  0.333333333   6.0
  0.000000000  0.500000000  0.500000000   3.0
  0.083333333  0.083333333  0.000000000   6.0
  0.083333333  0.083333333  0.166666667  12.0
  0.083333333  0.083333333  0.333333333  12.0
  0.083333333  0.083333333  0.500000000   6.0
  0.083333333  0.166666667  0.000000000  12.0
  0.083333333  0.166666667  0.166666667  24.0
  0.083333333  0.166666667  0.333333333  24.0
  0.083333333  0.166666667  0.500000000  12.0
  0.083333333  0.250000000  0.000000000  12.0
  0.083333333  0.250000000  0.166666667  24.0
  0.083333333  0.250000000  0.333333333  24.0
  0.083333333  0.250000000  0.500000000  12.0
  0.083333333  0.333333333  0.000000000  12.0
  0.083333333  0.333333333  0.166666667  24.0
  0.083333333  0.333333333  0.333333333  24.0
  0.083333333  0.333333333  0.500000000  12.0
  0.083333333  0.416666667  0.000000000  12.0
  0.083333333  0.416666667  0.166666667  24.0
  0.083333333  0.416666667  0.333333333  24.0
  0.083333333  0.416666667  0.500000000  12.0
  0.166666667  0.166666667  0.000000000   6.0
  0.166666667  0.166666667  0.166666667  12.0
  0.166666667  0.166666667  0.333333333  12.0
  0.166666667  0.166666667  0.500000000   6.0
  0.166666667  0.250000000  0.000000000  12.0
  0.166666667  0.250000000  0.166666667  24.0
  0.166666667  0.250000000  0.333333333  24.0
  0.166666667  0.250000000  0.500000000  12.0
  0.166666667  0.333333333  0.000000000  12.0
  0.166666667  0.333333333  0.166666667  24.0
  0.166666667  0.333333333  0.333333333  24.0
  0.166666667  0.333333333  0.500000000  12.0
  0.166666667  0.416666667  0.000000000   6.0
  0.166666667  0.416666667  0.166666667  12.0
  0.166666667  0.416666667  0.333333333  12.0
  0.166666667  0.416666667  0.500000000   6.0
  0.250000000  0.250000000  0.000000000   6.0
  0.250000000  0.250000000  0.166666667  12.0
  0.250000000  0.250000000  0.333333333  12.0
  0.250000000  0.250000000  0.500000000   6.0
  0.250000000  0.333333333  0.000000000  12.0
  0.250000000  0.333333333  0.166666667  24.0
  0.250000000  0.333333333  0.333333333  24.0
  0.250000000  0.333333333  0.500000000  12.0
  0.333333333  0.333333333  0.000000000   2.0
  0.333333333  0.333333333  0.166666667   4.0
  0.333333333  0.333333333  0.333333333   4.0
  0.333333333  0.333333333  0.500000000   2.0
