
 BerkeleyGW version 2.1
 Sigma code, Complex version, run on 28-Apr-2020 at 21:09:35 -0700

                                                                 ..o.          
                                                                .oxxo.         
                                                               .oxxxxo...      
                                                               oxxxxxxo.       
                                                              .oxxxxxxx.       
                                                              .ooooooxxo..     
                                                              .oooooooxo..     
                                                              .oooooxxo...     
                                                       .........oxooo......    
                                                 ............................  
                                             ................................. 
                                          .................................... 
           .          ..oo. ....  .................................oooxxxxxxxo.
     .............oxxxx@ox@@@x@x.....................o...........ooooooooooxx. 
    .o.........oox@x.oo........xxx@@............ooxxxxo..........ooooxxxxxoxo  
    .x........x@xxo...............o@xxo........oxxx@@@xoooooooooooooooxxxo...  
    .o......ox@@o..................oox@o.....ooxxx@xoooxxxxxxxoooooooooooo.... 
    o..ooooo@@xoooo....ooo...........x@o.....ooxxxxo   .oxxxxxxxxxxooooooo.... 
    . .oooo@@@@@@@@@@@@@@@@@@@@@@@@@@@@@@....ooooox.     .oxx@@@@@xxoo........ 
      .ooooxxxxxxxooooooxooooooooooooooxo...oooooxx.        ..ox@xxxoo.........
      .ooooooxxxx@xoooooooooooooxxoooooooooooxxxxx.            .oxxooooooooxxo.
     .oooooxxxxx@@@xxxxxxxxxxxxxxxxxxxxxxxxoxxxxo.                .oxxxxxxxxo. 
   ....oooxxxxx@@@xo..oxxx@@@@@@xxxxoxxoooooooxx.                  .oxxxoo..   
  .....ooxxxx@@xo.       ........    .ooooooooxxo                              
  ..oooxxxx@@@o                       .oooooooxoo.                             
  ....oxooxxxxx.                       .ooo..oooo.                             
  .....o.ooxxxxxo.                     .oooooooxo.                             
 ......ooooxxxxxxo.                     .ooooooxoo..                           
........ooxxxxxxxo..                     .o....oxoo...                         
.......ooooxxxxxxxo.                     ........oooo.                         
.ooooooo..ooxxxxoooo.                    .........ooo...                       
..oxo...ooooxxxoooo..                    .ooo......oooo...                     
  .ooooo....o.                            .oxxxoo....ooo....                   
    .oooooo...                              ...ooooo...ooo..                   
       ...                                     .oo.......                      
                                               ....ooo...                      
                      __              __                                       
 ______              [  |            [  |                 ._____  _          _ 
|_   _ \              | |  _          | |                /  ___ \| |        | |
  | |_) | .---.  _. _.| | / |  .---.  | | .---.  _    _ / /    \_|\ \  /\  / / 
  |  __'./ /__\\[ /`\_| '' <  / /__\\ | |/ /__\\| \  | | |   _____ \ \/  \/ /  
 _| |__| | \__. | |   | |`\ \ | \___. | || \___. \ \/ / \ \.___| |  \  /\  /   
|_______/ \.__./[_]  [__|  \_] \.__./[___]\.__./  \  /   \.____./    \/  \/    
                                                  / /                          
                                                 /_/                           
--------------------------------------------------------------------------------
 Please cite the following papers when using results from BerkeleyGW:

 Jack Deslippe, Georgy Samsonidze, David A. Strubbe, Manish Jain, Marvin L.
 Cohen, and Steven G. Louie, "BerkeleyGW: A Massively Parallel Computer Package
 for the Calculation of the Quasiparticle and Optical Properties of Materials
 and Nanostructures," Comput. Phys. Commun. 183, 1269 (2012)

 Mark S. Hybertsen and Steven G. Louie, "Electron correlation in semiconductors
 and insulators: Band gaps and quasiparticle energies," Phys. Rev. B 34, 5390
 (1986)

 Michael Rohlfing and Steven G. Louie, "Electron-hole excitations and optical
 spectra from first principles," Phys. Rev. B 62, 4927 (2000)
--------------------------------------------------------------------------------

 Running MPI version (parallel)
 Running with 144 MPI task(s)
 Using OpenMP. Number of threads per MPI task: 4

 Compilation flags:
 - Compiler: INTEL
 - Para. flags: MPI, OMP
 - Math  flags: USESCALAPACK, UNPACKED, USEFFTW3, HDF5
 - Debug flags: 

 Running with verbosity level 1 (default).


 NOTE: `screened_coulomb_cutoff` and `bare_coulomb_cutoff` are now optional flags.

 Using the Generalized Plasmon Pole model

 We are communicating via MPI

 Computing CH as a partial sum over empty bands with the static remainder

 Running with semiconductor screening

 We are using no truncation
 Cutoff for Monte-Carlo average of Coulomb potential: 1.000E+012 Ry

 Reading exchange-correlation matrix elements from vxc.dat file

 Treating W within the Hybertsen-Louie Generalized Plasmon Pole model
 
 Memory available: 1902.6 MB per PE
 
 Read from eps0mat.h5:
 - Number of G-vectors in the charge-density grid: 19375
 - Max. number of G-vectors for dielectric matrices: 651
 - Cutoff of the dielectric matrix (Ry): 30.000
 - Number of imaginary frequencies: 0
 - Total number of frequencies: 1
 - Frequency dependence: 0
 - Number of q-points: 1
 - Q grid: 12 12 6
 
 Read from epsmat.h5:
 - Number of G-vectors in the charge-density grid: 19375
 - Max. number of G-vectors for dielectric matrices: 699
 - Cutoff of the dielectric matrix: 30.000
 - Number of imaginary frequencies: 0
 - Total number of frequencies: 1
 - Frequency dependence: 0
 - Number of q-points: 75
 - Q grid: 12 12 6
 
 Reading header of WFN_inner
 Highest occupied band (unshifted grid) = 8
 Valence max    (unshifted grid) = 4.387564 eV
 Conduction min (unshifted grid) = 8.476917 eV
 Middle energy  (unshifted grid) = 6.432241 eV
 Fermi  energy  (unshifted grid) = 6.432241 eV

 
 Calculation parameters:
 - Cutoff of the bare Coulomb interaction (Ry): 70.00
 - Cutoff of the screened Coulomb interaction (Ry): 30.00
 - Number of G-vectors up to the bare int. cutoff: 2445
 - Number of G-vectors up to the screened int. cutoff: 651
 - Total number of bands in the calculation: 810
 - Number of fully occupied valence bands: 8
 - Number of partially occ. conduction bands: 0
 
 Memory required for execution: 322.2 MB per PE
 Memory required for vcoul: 114.4 MB per PE
 
 Number of electrons per unit cell (from ifmax) = 16.000000
 Number of electrons per unit cell (from occupations) = 16.000000
 Plasma Frequency = 1.815185 Ry

 Q-grid symmetries are being used.
 
 Parallelization report:
 - Using 144 processor(s), 16 pool(s), 9 processor(s) per pool.
 - Each pool is computing 1 diagonal sigma matrix element(s).
 - Each pool is computing 0 off-diagonal sigma matrix element(s).
 - Each processor is holding 90 band(s).
 
 
 Started reading wavefunctions (WFN_inner) with 61560 state(s) at 21:09:38.
 [ 21:09:38 |   0% ] state     1 / 61560.
 [ 21:09:38 |   0% ] state     3 / 61560, remaining: 62 s.
 [ 21:09:40 |  10% ] state  6156 / 61560, remaining: 18 s.
 [ 21:09:42 |  20% ] state 12312 / 61560, remaining: 16 s.
 [ 21:09:44 |  30% ] state 18468 / 61560, remaining: 14 s.
 [ 21:09:46 |  40% ] state 24624 / 61560, remaining: 12 s.
 [ 21:09:48 |  50% ] state 30780 / 61560, remaining: 10 s.
 [ 21:09:50 |  60% ] state 36936 / 61560, remaining: 8 s.
 [ 21:09:52 |  70% ] state 43092 / 61560, remaining: 6 s.
 [ 21:09:54 |  80% ] state 49248 / 61560, remaining: 4 s.
 [ 21:09:56 |  90% ] state 55404 / 61560, remaining: 2 s.
 [ 21:09:58 | 100% ] state 61560 / 61560, remaining: 0 s.
 Finished reading wavefunctions (WFN_inner) at 21:09:58.
 Elapsed time: 21 s.
 

 Scissors parameters:
 - Valence:    es =   0.0000 eV, e0 =   0.0000 eV, edel =   0.0000
 - Conduction: es =   0.0000 eV, e0 =   0.0000 eV, edel =   0.0000

 Scissors parameters (outer):
 - Valence:    es =   0.0000 eV, e0 =   0.0000 eV, edel =   0.0000
 - Conduction: es =   0.0000 eV, e0 =   0.0000 eV, edel =   0.0000


 Data for sum rule:
 - rho(0,1) = 16.000000 electrons
 - wp = 24.696843 eV

 Number of bands to compute diagonal self-energy matrix elements: 16
 Bands:
 - 1
 - 2
 - 3
 - 4
 - 5
 - 6
 - 7
 - 8
 - 9
 - 10
 - 11
 - 12
 - 13
 - 14
 - 15
 - 16
 Number of off-diagonal bands to compute self-energy matrix elements: 0
 

 Total number of frequencies in the dielectric matrix: 1
 Number of imag. frequencies in the dielectric matrix: 0

 
 Started reading eps0mat.h5 with 1 q-point(s) at 21:09:58.
 [ 21:09:58 |   0% ] q-point 1 / 1.
 Finished reading eps0mat.h5 at 21:09:59.
 Elapsed time: 0 s.
 
 
 Started reading epsmat.h5 with 75 q-point(s) at 21:09:59.
 [ 21:09:59 |   0% ] q-point  1 / 75.
 [ 21:10:00 |   3% ] q-point  3 / 75, remaining: 27 s.
 [ 21:10:02 |   9% ] q-point  8 / 75, remaining: 26 s.
 [ 21:10:04 |  19% ] q-point 15 / 75, remaining: 23 s.
 [ 21:10:07 |  29% ] q-point 23 / 75, remaining: 20 s.
 [ 21:10:10 |  39% ] q-point 30 / 75, remaining: 18 s.
 [ 21:10:13 |  49% ] q-point 38 / 75, remaining: 15 s.
 [ 21:10:16 |  59% ] q-point 45 / 75, remaining: 12 s.
 [ 21:10:21 |  69% ] q-point 53 / 75, remaining: 10 s.
 [ 21:10:23 |  79% ] q-point 60 / 75, remaining: 7 s.
 [ 21:10:26 |  89% ] q-point 68 / 75, remaining: 3 s.
 [ 21:10:29 |  99% ] q-point 75 / 75, remaining: 0 s.
 Finished reading epsmat.h5 at 21:10:29.
 Elapsed time: 30 s.
 
 Number of k-points in WFN_inner: 76
 Number of k-points in the full BZ of WFN_inner: 864
 
================================================================================
 21:10:29   Dealing with k =  0.000000  0.000000  0.000000                1 / 28
================================================================================

 Reading vxc.dat
 Number of q-points in the irreducible BZ(k) (nrq): 76
 
 Started calculating Sigma with 76 block(s) at 21:10:29.
 [ 21:10:31 |   0% ] block  1 / 76.
 [ 21:10:36 |   3% ] block  3 / 76, remaining: 171 s.
 [ 21:10:48 |   9% ] block  8 / 76, remaining: 166 s.
 [ 21:11:07 |  20% ] block 16 / 76, remaining: 146 s.
 [ 21:11:25 |  29% ] block 23 / 76, remaining: 131 s.
 [ 21:11:45 |  39% ] block 31 / 76, remaining: 113 s.
 [ 21:12:01 |  49% ] block 38 / 76, remaining: 95 s.
 [ 21:12:21 |  59% ] block 46 / 76, remaining: 76 s.
 [ 21:12:41 |  70% ] block 54 / 76, remaining: 56 s.
 [ 21:12:58 |  79% ] block 61 / 76, remaining: 39 s.
 [ 21:13:18 |  89% ] block 69 / 76, remaining: 20 s.
 [ 21:13:35 |  99% ] block 76 / 76, remaining: 2 s.
 Finished calculating Sigma at 21:13:37.
 Elapsed time: 187 s.
 
 Unsymmetrized values for ik =   1 spin = 1
 
     n      Emf       Eo      Vxc        X     SX-X       CH      Cor      Sig
     1  -13.184  -13.184  -15.902  -26.835   16.670   -9.769    6.901  -19.934
     2  -12.876  -12.876  -16.232  -27.125   16.806   -9.971    6.835  -20.289
     3   -1.909   -1.909  -12.526  -18.207   11.231   -8.161    3.070  -15.137
     4    0.265    0.265  -14.495  -19.510   11.933   -9.400    2.533  -16.977
     5    3.023    3.023  -18.186  -22.259   13.033  -11.328    1.705  -20.553
     6    3.023    3.023  -18.186  -23.354   13.479  -11.141    2.338  -21.017
     7    3.060    3.060  -18.227  -22.277   13.047  -11.357    1.689  -20.587
     8    3.060    3.060  -18.227  -23.386   13.504  -11.173    2.331  -21.055
     9    9.331    9.331   -9.177   -4.534    2.487   -6.787   -4.300   -8.834
    10   14.371   14.371  -13.849   -7.112    4.196  -10.065   -5.868  -12.980
    11   15.821   15.821  -14.303   -7.505    4.302  -10.018   -5.716  -13.220
    12   15.821   15.821  -14.303   -7.324    4.367  -10.085   -5.718  -13.042
    13   15.944   15.944  -14.432   -7.582    4.358  -10.113   -5.756  -13.338
    14   15.944   15.944  -14.432   -7.386    4.410  -10.174   -5.764  -13.150
    15   16.621   16.621  -14.487   -7.400    4.768  -11.302   -6.535  -13.935
    16   17.211   17.211  -14.986   -6.276    3.632  -11.190   -7.559  -13.834

 Symmetrized values from band-averaging:

       k =  0.000000  0.000000  0.000000 ik =   1 spin = 1

     n      Emf       Eo      Vxc        X      Cor     Eqp0     Eqp1      Znk
     1  -13.184  -13.184  -15.902  -26.835    6.901  -17.216  -16.267    0.765
     2  -12.876  -12.876  -16.232  -27.125    6.835  -16.933  -15.987    0.767
     3   -1.909   -1.909  -12.526  -18.207    3.070   -4.520   -4.075    0.830
     4    0.265    0.265  -14.495  -19.510    2.533   -2.216   -1.796    0.831
     5    3.023    3.023  -18.186  -22.806    2.022    0.425    0.841    0.840
     6    3.023    3.023  -18.186  -22.806    2.022    0.425    0.841    0.840
     7    3.060    3.060  -18.227  -22.831    2.010    0.466    0.882    0.840
     8    3.060    3.060  -18.227  -22.831    2.010    0.466    0.882    0.840
     9    9.331    9.331   -9.177   -4.534   -4.300    9.673    9.629    0.870
    10   14.371   14.371  -13.849   -7.112   -5.868   15.240   15.095    0.834
    11   15.821   15.821  -14.303   -7.414   -5.717   16.993   16.816    0.849
    12   15.821   15.821  -14.303   -7.414   -5.717   16.993   16.816    0.849
    13   15.944   15.944  -14.432   -7.484   -5.760   17.132   16.952    0.848
    14   15.944   15.944  -14.432   -7.484   -5.760   17.132   16.952    0.848
    15   16.621   16.621  -14.487   -7.400   -6.535   17.174   17.080    0.831
    16   17.211   17.211  -14.986   -6.276   -7.559   18.363   18.142    0.808
 
================================================================================
 21:13:37   Dealing with k =  0.000000  0.000000  0.166667                2 / 28
================================================================================

 Reading vxc.dat
 Number of q-points in the irreducible BZ(k) (nrq): 114
 
 Started calculating Sigma with 114 block(s) at 21:13:37.
 [ 21:13:37 |   0% ] block   1 / 114.
 [ 21:13:42 |   2% ] block   3 / 114, remaining: 331 s.
 [ 21:14:03 |  10% ] block  12 / 114, remaining: 246 s.
 [ 21:14:30 |  19% ] block  23 / 114, remaining: 220 s.
 [ 21:14:59 |  30% ] block  35 / 114, remaining: 194 s.
 [ 21:15:27 |  39% ] block  46 / 114, remaining: 169 s.
 [ 21:15:56 |  50% ] block  58 / 114, remaining: 139 s.
 [ 21:16:23 |  60% ] block  69 / 114, remaining: 112 s.
 [ 21:16:50 |  69% ] block  80 / 114, remaining: 86 s.
 [ 21:17:19 |  80% ] block  92 / 114, remaining: 56 s.
 [ 21:17:46 |  89% ] block 103 / 114, remaining: 29 s.
 Finished calculating Sigma at 21:18:16.
 Elapsed time: 279 s.
 
 Unsymmetrized values for ik =   2 spin = 1
 
     n      Emf       Eo      Vxc        X     SX-X       CH      Cor      Sig
     1  -13.165  -13.165  -15.922  -26.857   16.606   -9.748    6.858  -20.000
     2  -12.898  -12.898  -16.207  -27.107   16.719   -9.920    6.799  -20.308
     3   -1.789   -1.789  -12.613  -18.257   11.222   -8.202    3.020  -15.237
     4    0.079    0.079  -14.273  -19.336   11.784   -9.235    2.549  -16.786
     5    3.027    3.027  -18.189  -22.327   12.986  -11.263    1.723  -20.604
     6    3.027    3.027  -18.189  -23.298   13.411  -11.119    2.293  -21.005
     7    3.058    3.058  -18.224  -22.344   12.999  -11.289    1.710  -20.634
     8    3.058    3.058  -18.224  -23.324   13.433  -11.147    2.286  -21.038
     9    9.657    9.657   -9.466   -4.743    2.613   -6.994   -4.381   -9.124
    10   13.957   13.957  -13.287   -6.858    4.035   -9.691   -5.656  -12.514
    11   15.829   15.829  -14.311   -7.567    4.347  -10.001   -5.654  -13.221
    12   15.829   15.829  -14.311   -7.271    4.271  -10.026   -5.756  -13.027
    13   15.936   15.936  -14.423   -7.633    4.393  -10.082   -5.688  -13.322
    14   15.936   15.936  -14.423   -7.327    4.312  -10.106   -5.795  -13.121
    15   16.727   16.727  -14.686   -7.355    4.662  -11.323   -6.660  -14.016
    16   17.194   17.194  -14.997   -6.362    3.703  -11.175   -7.472  -13.834

 Symmetrized values from band-averaging:

       k =  0.000000  0.000000  0.166667 ik =   2 spin = 1

     n      Emf       Eo      Vxc        X      Cor     Eqp0     Eqp1      Znk
     1  -13.165  -13.165  -15.922  -26.857    6.858  -17.243  -16.289    0.766
     2  -12.898  -12.898  -16.207  -27.107    6.799  -17.000  -16.047    0.768
     3   -1.789   -1.789  -12.613  -18.257    3.020   -4.414   -3.967    0.830
     4    0.079    0.079  -14.273  -19.336    2.549   -2.434   -2.012    0.832
     5    3.027    3.027  -18.189  -22.812    2.008    0.411    0.829    0.840
     6    3.027    3.027  -18.189  -22.812    2.008    0.411    0.829    0.840
     7    3.058    3.058  -18.224  -22.834    1.998    0.446    0.863    0.840
     8    3.058    3.058  -18.224  -22.834    1.998    0.446    0.863    0.840
     9    9.657    9.657   -9.466   -4.743   -4.381    9.999    9.954    0.868
    10   13.957   13.957  -13.287   -6.858   -5.656   14.730   14.605    0.839
    11   15.829   15.829  -14.311   -7.419   -5.705   17.016   16.837    0.849
    12   15.829   15.829  -14.311   -7.419   -5.705   17.016   16.837    0.849
    13   15.936   15.936  -14.423   -7.480   -5.741   17.138   16.956    0.849
    14   15.936   15.936  -14.423   -7.480   -5.741   17.138   16.956    0.849
    15   16.727   16.727  -14.686   -7.355   -6.660   17.398   17.282    0.828
    16   17.194   17.194  -14.997   -6.362   -7.472   18.356   18.135    0.809
 
================================================================================
 21:18:16   Dealing with k =  0.000000  0.000000  0.333333                3 / 28
================================================================================

 Reading vxc.dat
 Number of q-points in the irreducible BZ(k) (nrq): 114
 
 Started calculating Sigma with 114 block(s) at 21:18:16.
 [ 21:18:16 |   0% ] block   1 / 114.
 [ 21:18:21 |   2% ] block   3 / 114, remaining: 260 s.
 [ 21:18:42 |  10% ] block  12 / 114, remaining: 246 s.
 [ 21:19:08 |  19% ] block  23 / 114, remaining: 219 s.
 [ 21:19:38 |  30% ] block  35 / 114, remaining: 193 s.
 [ 21:20:05 |  39% ] block  46 / 114, remaining: 167 s.
 [ 21:20:34 |  50% ] block  58 / 114, remaining: 138 s.
 [ 21:21:01 |  60% ] block  69 / 114, remaining: 112 s.
 [ 21:21:28 |  69% ] block  80 / 114, remaining: 85 s.
 [ 21:21:58 |  80% ] block  92 / 114, remaining: 56 s.
 [ 21:22:25 |  89% ] block 103 / 114, remaining: 29 s.
 Finished calculating Sigma at 21:22:54.
 Elapsed time: 278 s.
 
 Unsymmetrized values for ik =   3 spin = 1
 
     n      Emf       Eo      Vxc        X     SX-X       CH      Cor      Sig
     1  -13.111  -13.111  -15.976  -26.904   16.624   -9.781    6.843  -20.061
     2  -12.957  -12.957  -16.140  -27.048   16.690   -9.880    6.810  -20.238
     3   -1.451   -1.451  -12.867  -18.395   11.289   -8.362    2.927  -15.468
     4   -0.388   -0.388  -13.780  -18.967   11.586   -8.931    2.655  -16.312
     5    3.033    3.033  -18.196  -22.331   12.986  -11.266    1.721  -20.611
     6    3.033    3.033  -18.196  -23.303   13.415  -11.124    2.291  -21.012
     7    3.051    3.051  -18.217  -22.340   12.993  -11.281    1.713  -20.628
     8    3.051    3.051  -18.217  -23.319   13.428  -11.140    2.288  -21.031
     9   10.529   10.529  -10.180   -5.210    2.898   -7.470   -4.572   -9.782
    10   12.953   12.953  -12.193   -6.320    3.679   -8.940   -5.261  -11.580
    11   15.851   15.851  -14.334   -7.581    4.356  -10.017   -5.661  -13.242
    12   15.851   15.851  -14.334   -7.283    4.276  -10.039   -5.764  -13.046
    13   15.913   15.913  -14.399   -7.619    4.380  -10.061   -5.681  -13.300
    14   15.913   15.913  -14.399   -7.315    4.304  -10.090   -5.786  -13.101
    15   16.907   16.907  -14.919   -7.172    4.460  -11.376   -6.916  -14.088
    16   17.142   17.142  -15.016   -6.591    3.910  -11.250   -7.340  -13.931

 Symmetrized values from band-averaging:

       k =  0.000000  0.000000  0.333333 ik =   3 spin = 1

     n      Emf       Eo      Vxc        X      Cor     Eqp0     Eqp1      Znk
     1  -13.111  -13.111  -15.976  -26.904    6.843  -17.196  -16.247    0.768
     2  -12.957  -12.957  -16.140  -27.048    6.810  -17.055  -16.108    0.769
     3   -1.451   -1.451  -12.867  -18.395    2.927   -4.052   -3.612    0.831
     4   -0.388   -0.388  -13.780  -18.967    2.655   -2.920   -2.491    0.831
     5    3.033    3.033  -18.196  -22.817    2.006    0.418    0.836    0.840
     6    3.033    3.033  -18.196  -22.817    2.006    0.418    0.836    0.840
     7    3.051    3.051  -18.217  -22.830    2.000    0.438    0.856    0.840
     8    3.051    3.051  -18.217  -22.830    2.000    0.438    0.856    0.840
     9   10.529   10.529  -10.180   -5.210   -4.572   10.927   10.872    0.863
    10   12.953   12.953  -12.193   -6.320   -5.261   13.566   13.473    0.848
    11   15.851   15.851  -14.334   -7.432   -5.712   17.041   16.862    0.849
    12   15.851   15.851  -14.334   -7.432   -5.712   17.041   16.862    0.849
    13   15.913   15.913  -14.399   -7.467   -5.733   17.111   16.930    0.849
    14   15.913   15.913  -14.399   -7.467   -5.733   17.111   16.930    0.849
    15   16.907   16.907  -14.919   -7.172   -6.916   17.738   17.590    0.822
    16   17.142   17.142  -15.016   -6.591   -7.340   18.228   18.023    0.812
 
================================================================================
 21:22:55   Dealing with k =  0.000000  0.000000  0.500000                4 / 28
================================================================================

 Reading vxc.dat
 Number of q-points in the irreducible BZ(k) (nrq): 76
 
 Started calculating Sigma with 76 block(s) at 21:22:55.
 [ 21:22:55 |   0% ] block  1 / 76.
 [ 21:22:59 |   3% ] block  3 / 76, remaining: 167 s.
 [ 21:23:11 |   9% ] block  8 / 76, remaining: 164 s.
 [ 21:23:30 |  20% ] block 16 / 76, remaining: 145 s.
 [ 21:23:48 |  29% ] block 23 / 76, remaining: 131 s.
 [ 21:24:07 |  39% ] block 31 / 76, remaining: 111 s.
 [ 21:24:25 |  49% ] block 38 / 76, remaining: 95 s.
 [ 21:24:44 |  59% ] block 46 / 76, remaining: 76 s.
 [ 21:25:04 |  70% ] block 54 / 76, remaining: 56 s.
 [ 21:25:21 |  79% ] block 61 / 76, remaining: 39 s.
 [ 21:25:40 |  89% ] block 69 / 76, remaining: 19 s.
 [ 21:25:58 |  99% ] block 76 / 76, remaining: 2 s.
 Finished calculating Sigma at 21:26:00.
 Elapsed time: 185 s.
 
 Unsymmetrized values for ik =   4 spin = 1
 
     n      Emf       Eo      Vxc        X     SX-X       CH      Cor      Sig
     1  -13.036  -13.036  -16.055  -26.967   16.729   -9.863    6.866  -20.102
     2  -13.036  -13.036  -16.055  -26.967   16.729   -9.863    6.866  -20.102
     3   -0.950   -0.950  -13.270  -18.625   11.447   -8.633    2.814  -15.811
     4   -0.950   -0.950  -13.270  -18.625   11.447   -8.633    2.814  -15.811
     5    3.042    3.042  -18.206  -22.268   13.036  -11.338    1.698  -20.570
     6    3.042    3.042  -18.206  -22.268   13.036  -11.338    1.698  -20.570
     7    3.042    3.042  -18.206  -23.370   13.491  -11.157    2.334  -21.036
     8    3.042    3.042  -18.206  -23.370   13.491  -11.157    2.334  -21.036
     9   11.714   11.714  -11.114   -5.748    3.281   -8.147   -4.867  -10.615
    10   11.714   11.714  -11.114   -5.748    3.281   -8.147   -4.867  -10.615
    11   15.882   15.882  -14.366   -7.542    4.332  -10.067   -5.735  -13.277
    12   15.882   15.882  -14.366   -7.542    4.332  -10.067   -5.735  -13.277
    13   15.882   15.882  -14.366   -7.354    4.383  -10.123   -5.741  -13.094
    14   15.882   15.882  -14.366   -7.354    4.383  -10.123   -5.741  -13.094
    15   17.049   17.049  -15.010   -6.888    4.195  -11.375   -7.181  -14.069
    16   17.049   17.049  -15.010   -6.888    4.195  -11.375   -7.181  -14.069

 Symmetrized values from band-averaging:

       k =  0.000000  0.000000  0.500000 ik =   4 spin = 1

     n      Emf       Eo      Vxc        X      Cor     Eqp0     Eqp1      Znk
     1  -13.036  -13.036  -16.055  -26.967    6.866  -17.082  -16.142    0.768
     2  -13.036  -13.036  -16.055  -26.967    6.866  -17.082  -16.142    0.768
     3   -0.950   -0.950  -13.270  -18.625    2.814   -3.491   -3.059    0.830
     4   -0.950   -0.950  -13.270  -18.625    2.814   -3.491   -3.059    0.830
     5    3.042    3.042  -18.206  -22.819    2.016    0.445    0.862    0.840
     6    3.042    3.042  -18.206  -22.819    2.016    0.445    0.862    0.840
     7    3.042    3.042  -18.206  -22.819    2.016    0.445    0.862    0.840
     8    3.042    3.042  -18.206  -22.819    2.016    0.445    0.862    0.840
     9   11.714   11.714  -11.114   -5.748   -4.867   12.213   12.141    0.856
    10   11.714   11.714  -11.114   -5.748   -4.867   12.213   12.141    0.856
    11   15.882   15.882  -14.366   -7.448   -5.738   17.062   16.883    0.848
    12   15.882   15.882  -14.366   -7.448   -5.738   17.062   16.883    0.848
    13   15.882   15.882  -14.366   -7.448   -5.738   17.062   16.883    0.848
    14   15.882   15.882  -14.366   -7.448   -5.738   17.062   16.883    0.848
    15   17.049   17.049  -15.010   -6.888   -7.181   17.990   17.817    0.816
    16   17.049   17.049  -15.010   -6.888   -7.181   17.990   17.817    0.816
 
================================================================================
 21:26:00   Dealing with k =  0.000000  0.083333  0.000000                5 / 28
================================================================================

 Reading vxc.dat
 Number of q-points in the irreducible BZ(k) (nrq): 312
 
 Started calculating Sigma with 312 block(s) at 21:26:01.
 [ 21:26:01 |   0% ] block   1 / 312.
 [ 21:26:06 |   1% ] block   3 / 312, remaining: 711 s.
 [ 21:27:15 |  10% ] block  32 / 312, remaining: 673 s.
 [ 21:28:31 |  20% ] block  63 / 312, remaining: 604 s.
 [ 21:29:48 |  30% ] block  94 / 312, remaining: 534 s.
 [ 21:31:02 |  40% ] block 125 / 312, remaining: 457 s.
 [ 21:32:18 |  50% ] block 156 / 312, remaining: 382 s.
 [ 21:33:36 |  60% ] block 188 / 312, remaining: 304 s.
 [ 21:34:52 |  70% ] block 219 / 312, remaining: 229 s.
 [ 21:36:08 |  80% ] block 250 / 312, remaining: 153 s.
 [ 21:37:24 |  90% ] block 281 / 312, remaining: 78 s.
 [ 21:38:40 | 100% ] block 312 / 312, remaining: 2 s.
 Finished calculating Sigma at 21:38:42.
 Elapsed time: 761 s.
 
 Unsymmetrized values for ik =   5 spin = 1
 
     n      Emf       Eo      Vxc        X     SX-X       CH      Cor      Sig
     1  -13.047  -13.047  -15.935  -26.807   16.473   -9.710    6.763  -20.044
     2  -12.744  -12.744  -16.261  -27.094   16.597   -9.904    6.693  -20.401
     3   -1.721   -1.721  -12.566  -18.155   11.124   -8.154    2.970  -15.185
     4    0.433    0.433  -14.538  -19.468   11.791   -9.363    2.428  -17.040
     5    2.481    2.481  -17.947  -22.731   13.103  -11.007    2.096  -20.635
     6    2.513    2.513  -17.970  -22.730   13.105  -11.026    2.079  -20.652
     7    2.764    2.764  -18.059  -22.732   13.080  -11.044    2.036  -20.696
     8    2.804    2.804  -18.105  -22.762   13.098  -11.074    2.024  -20.738
     9    9.573    9.573   -9.215   -4.544    2.475   -6.824   -4.348   -8.892
    10   14.294   14.294  -14.029   -7.261    4.267  -10.140   -5.872  -13.134
    11   15.671   15.671  -14.134   -7.340    4.293   -9.967   -5.673  -13.014
    12   15.862   15.862  -14.288   -7.428    4.348  -10.046   -5.697  -13.125
    13   16.413   16.413  -14.456   -7.414    4.263  -10.060   -5.797  -13.211
    14   16.533   16.533  -14.582   -7.480    4.310  -10.149   -5.839  -13.318
    15   16.716   16.716  -14.753   -6.280    3.619  -10.886   -7.267  -13.546
    16   17.079   17.079  -14.634   -7.411    4.647  -11.139   -6.492  -13.903

 Symmetrized values from band-averaging:

       k =  0.000000  0.083333  0.000000 ik =   5 spin = 1

     n      Emf       Eo      Vxc        X      Cor     Eqp0     Eqp1      Znk
     1  -13.047  -13.047  -15.935  -26.807    6.763  -17.156  -16.205    0.769
     2  -12.744  -12.744  -16.261  -27.094    6.693  -16.883  -15.938    0.772
     3   -1.721   -1.721  -12.566  -18.155    2.970   -4.340   -3.896    0.831
     4    0.433    0.433  -14.538  -19.468    2.428   -2.069   -1.647    0.832
     5    2.481    2.481  -17.947  -22.731    2.096   -0.207    0.224    0.840
     6    2.513    2.513  -17.970  -22.730    2.079   -0.169    0.261    0.840
     7    2.764    2.764  -18.059  -22.732    2.036    0.127    0.547    0.841
     8    2.804    2.804  -18.105  -22.762    2.024    0.171    0.591    0.840
     9    9.573    9.573   -9.215   -4.544   -4.348    9.897    9.854    0.869
    10   14.294   14.294  -14.029   -7.261   -5.872   15.189   15.040    0.834
    11   15.671   15.671  -14.134   -7.340   -5.673   16.791   16.622    0.850
    12   15.862   15.862  -14.288   -7.428   -5.697   17.025   16.850    0.850
    13   16.413   16.413  -14.456   -7.414   -5.797   17.658   17.469    0.848
    14   16.533   16.533  -14.582   -7.480   -5.839   17.796   17.603    0.847
    15   16.716   16.716  -14.753   -6.280   -7.267   17.923   17.698    0.814
    16   17.079   17.079  -14.634   -7.411   -6.492   17.810   17.687    0.832
 
================================================================================
 21:38:43   Dealing with k =  0.000000  0.083333  0.166667                6 / 28
================================================================================

 Reading vxc.dat
 Number of q-points in the irreducible BZ(k) (nrq): 468
 
 Started calculating Sigma with 468 block(s) at 21:38:43.
 [ 21:38:43 |   0% ] block   1 / 468.
 [ 21:38:48 |   0% ] block   3 / 468, remaining: 1070 s.
 [ 21:40:32 |  10% ] block  47 / 468, remaining: 1000 s.
 [ 21:42:27 |  20% ] block  94 / 468, remaining: 904 s.
 [ 21:44:23 |  30% ] block 141 / 468, remaining: 796 s.
 [ 21:46:16 |  40% ] block 188 / 468, remaining: 681 s.
 [ 21:48:09 |  50% ] block 234 / 468, remaining: 571 s.
 [ 21:50:04 |  60% ] block 281 / 468, remaining: 457 s.
 [ 21:51:59 |  70% ] block 328 / 468, remaining: 343 s.
 [ 21:53:54 |  80% ] block 375 / 468, remaining: 229 s.
 [ 21:55:49 |  90% ] block 422 / 468, remaining: 115 s.
 [ 21:57:43 | 100% ] block 468 / 468, remaining: 2 s.
 Finished calculating Sigma at 21:57:45.
 Elapsed time: 1142 s.
 
 Unsymmetrized values for ik =   6 spin = 1
 
     n      Emf       Eo      Vxc        X     SX-X       CH      Cor      Sig
     1  -13.028  -13.028  -15.954  -26.825   16.465   -9.714    6.751  -20.074
     2  -12.765  -12.765  -16.236  -27.073   16.571   -9.881    6.690  -20.383
     3   -1.603   -1.603  -12.653  -18.202   11.138   -8.205    2.933  -15.269
     4    0.248    0.248  -14.317  -19.290   11.686   -9.224    2.461  -16.829
     5    2.484    2.484  -17.950  -22.734   13.095  -11.001    2.094  -20.640
     6    2.513    2.513  -17.973  -22.736   13.097  -11.018    2.079  -20.657
     7    2.766    2.766  -18.062  -22.735   13.070  -11.037    2.033  -20.702
     8    2.801    2.801  -18.102  -22.761   13.086  -11.064    2.022  -20.739
     9    9.892    9.892   -9.505   -4.751    2.600   -7.016   -4.416   -9.167
    10   13.951   13.951  -13.499   -7.014    4.115   -9.793   -5.677  -12.691
    11   15.694   15.694  -14.161   -7.347    4.286   -9.962   -5.677  -13.024
    12   15.856   15.856  -14.290   -7.423    4.334  -10.032   -5.698  -13.121
    13   16.420   16.420  -14.464   -7.418    4.258  -10.056   -5.797  -13.216
    14   16.525   16.525  -14.573   -7.475    4.299  -10.132   -5.833  -13.309
    15   16.736   16.736  -14.757   -6.315    3.648  -10.886   -7.238  -13.554
    16   17.046   17.046  -14.659   -7.238    4.483  -11.095   -6.612  -13.850

 Symmetrized values from band-averaging:

       k =  0.000000  0.083333  0.166667 ik =   6 spin = 1

     n      Emf       Eo      Vxc        X      Cor     Eqp0     Eqp1      Znk
     1  -13.028  -13.028  -15.954  -26.825    6.751  -17.148  -16.197    0.769
     2  -12.765  -12.765  -16.236  -27.073    6.690  -16.913  -15.965    0.771
     3   -1.603   -1.603  -12.653  -18.202    2.933   -4.219   -3.776    0.831
     4    0.248    0.248  -14.317  -19.290    2.461   -2.264   -1.842    0.832
     5    2.484    2.484  -17.950  -22.734    2.094   -0.206    0.225    0.840
     6    2.513    2.513  -17.973  -22.736    2.079   -0.172    0.258    0.840
     7    2.766    2.766  -18.062  -22.735    2.033    0.126    0.547    0.841
     8    2.801    2.801  -18.102  -22.761    2.022    0.165    0.585    0.841
     9    9.892    9.892   -9.505   -4.751   -4.416   10.230   10.185    0.867
    10   13.951   13.951  -13.499   -7.014   -5.677   14.758   14.628    0.838
    11   15.694   15.694  -14.161   -7.347   -5.677   16.831   16.660    0.850
    12   15.856   15.856  -14.290   -7.423   -5.698   17.024   16.849    0.850
    13   16.420   16.420  -14.464   -7.418   -5.797   17.669   17.479    0.848
    14   16.525   16.525  -14.573   -7.475   -5.833   17.789   17.596    0.848
    15   16.736   16.736  -14.757   -6.315   -7.238   17.939   17.716    0.814
    16   17.046   17.046  -14.659   -7.238   -6.612   17.856   17.717    0.829
 
================================================================================
 21:57:45   Dealing with k =  0.000000  0.083333  0.333333                7 / 28
================================================================================

 Reading vxc.dat
 Number of q-points in the irreducible BZ(k) (nrq): 468
 
 Started calculating Sigma with 468 block(s) at 21:57:46.
 [ 21:57:46 |   0% ] block   1 / 468.
 [ 21:57:50 |   0% ] block   3 / 468, remaining: 1062 s.
 [ 21:59:35 |  10% ] block  47 / 468, remaining: 1001 s.
 [ 22:01:30 |  20% ] block  94 / 468, remaining: 905 s.
 [ 22:03:27 |  30% ] block 141 / 468, remaining: 799 s.
 [ 22:05:20 |  40% ] block 188 / 468, remaining: 683 s.
 [ 22:07:13 |  50% ] block 234 / 468, remaining: 572 s.
 [ 22:09:07 |  60% ] block 281 / 468, remaining: 457 s.
 [ 22:11:02 |  70% ] block 328 / 468, remaining: 343 s.
 [ 22:12:56 |  80% ] block 375 / 468, remaining: 229 s.
 [ 22:15:13 |  90% ] block 422 / 468, remaining: 117 s.
 [ 22:17:07 | 100% ] block 468 / 468, remaining: 2 s.
 Finished calculating Sigma at 22:17:09.
 Elapsed time: 1163 s.
 
 Unsymmetrized values for ik =   7 spin = 1
 
     n      Emf       Eo      Vxc        X     SX-X       CH      Cor      Sig
     1  -12.975  -12.975  -16.008  -26.872   16.484   -9.746    6.738  -20.134
     2  -12.823  -12.823  -16.170  -27.014   16.545   -9.842    6.703  -20.311
     3   -1.268   -1.268  -12.908  -18.342   11.202   -8.363    2.840  -15.502
     4   -0.214   -0.214  -13.823  -18.920   11.491   -8.925    2.567  -16.353
     5    2.491    2.491  -17.958  -22.739   13.097  -11.005    2.091  -20.647
     6    2.509    2.509  -17.974  -22.743   13.101  -11.018    2.083  -20.660
     7    2.773    2.773  -18.071  -22.740   13.073  -11.043    2.031  -20.710
     8    2.794    2.794  -18.094  -22.755   13.083  -11.059    2.025  -20.731
     9   10.741   10.741  -10.232   -5.228    2.900   -7.505   -4.606   -9.834
    10   13.054   13.054  -12.365   -6.436    3.736   -9.023   -5.287  -11.724
    11   15.740   15.740  -14.196   -7.361    4.284   -9.964   -5.680  -13.041
    12   15.832   15.832  -14.271   -7.405    4.315  -10.010   -5.695  -13.101
    13   16.442   16.442  -14.486   -7.430    4.265  -10.070   -5.805  -13.234
    14   16.502   16.502  -14.549   -7.463    4.289  -10.115   -5.826  -13.288
    15   16.793   16.793  -14.763   -6.424    3.746  -10.922   -7.176  -13.600
    16   16.967   16.967  -14.715   -6.901    4.174  -11.028   -6.854  -13.755

 Symmetrized values from band-averaging:

       k =  0.000000  0.083333  0.333333 ik =   7 spin = 1

     n      Emf       Eo      Vxc        X      Cor     Eqp0     Eqp1      Znk
     1  -12.975  -12.975  -16.008  -26.872    6.738  -17.101  -16.148    0.769
     2  -12.823  -12.823  -16.170  -27.014    6.703  -16.964  -16.014    0.771
     3   -1.268   -1.268  -12.908  -18.342    2.840   -3.861   -3.424    0.831
     4   -0.214   -0.214  -13.823  -18.920    2.567   -2.745   -2.319    0.832
     5    2.491    2.491  -17.958  -22.739    2.091   -0.198    0.233    0.840
     6    2.509    2.509  -17.974  -22.743    2.083   -0.177    0.253    0.840
     7    2.773    2.773  -18.071  -22.740    2.031    0.134    0.555    0.841
     8    2.794    2.794  -18.094  -22.755    2.025    0.157    0.577    0.841
     9   10.741   10.741  -10.232   -5.228   -4.606   11.139   11.084    0.862
    10   13.054   13.054  -12.365   -6.436   -5.287   13.696   13.597    0.847
    11   15.740   15.740  -14.196   -7.361   -5.680   16.895   16.722    0.850
    12   15.832   15.832  -14.271   -7.405   -5.695   17.002   16.826    0.850
    13   16.442   16.442  -14.486   -7.430   -5.805   17.694   17.503    0.848
    14   16.502   16.502  -14.549   -7.463   -5.826   17.763   17.571    0.848
    15   16.793   16.793  -14.763   -6.424   -7.176   17.955   17.740    0.815
    16   16.967   16.967  -14.715   -6.901   -6.854   17.926   17.757    0.823
 
================================================================================
 22:17:09   Dealing with k =  0.000000  0.083333  0.500000                8 / 28
================================================================================

 Reading vxc.dat
 Number of q-points in the irreducible BZ(k) (nrq): 312
 
 Started calculating Sigma with 312 block(s) at 22:17:09.
 [ 22:17:09 |   0% ] block   1 / 312.
 [ 22:17:15 |   1% ] block   3 / 312, remaining: 722 s.
 [ 22:18:24 |  10% ] block  32 / 312, remaining: 667 s.
 [ 22:19:39 |  20% ] block  63 / 312, remaining: 602 s.
 [ 22:20:56 |  30% ] block  94 / 312, remaining: 532 s.
 [ 22:22:11 |  40% ] block 125 / 312, remaining: 456 s.
 [ 22:23:27 |  50% ] block 156 / 312, remaining: 382 s.
 [ 22:24:45 |  60% ] block 188 / 312, remaining: 304 s.
 [ 22:26:01 |  70% ] block 219 / 312, remaining: 229 s.
 [ 22:27:17 |  80% ] block 250 / 312, remaining: 154 s.
 [ 22:28:32 |  90% ] block 281 / 312, remaining: 78 s.
 [ 22:29:49 | 100% ] block 312 / 312, remaining: 2 s.
 Finished calculating Sigma at 22:29:52.
 Elapsed time: 762 s.
 
 Unsymmetrized values for ik =   8 spin = 1
 
     n      Emf       Eo      Vxc        X     SX-X       CH      Cor      Sig
     1  -12.900  -12.900  -16.086  -26.938   16.528   -9.800    6.728  -20.210
     2  -12.900  -12.900  -16.086  -26.938   16.528   -9.800    6.728  -20.210
     3   -0.771   -0.771  -13.312  -18.579   11.326   -8.615    2.711  -15.869
     4   -0.771   -0.771  -13.312  -18.579   11.326   -8.615    2.711  -15.869
     5    2.501    2.501  -17.968  -22.742   13.110  -11.021    2.089  -20.653
     6    2.501    2.501  -17.968  -22.742   13.110  -11.021    2.089  -20.653
     7    2.784    2.784  -18.082  -22.747   13.090  -11.060    2.030  -20.717
     8    2.784    2.784  -18.082  -22.747   13.090  -11.060    2.030  -20.717
     9   11.885   11.885  -11.211   -5.805    3.300   -8.204   -4.904  -10.709
    10   11.885   11.885  -11.211   -5.805    3.300   -8.204   -4.904  -10.709
    11   15.790   15.790  -14.234   -7.381    4.300   -9.989   -5.689  -13.070
    12   15.790   15.790  -14.234   -7.381    4.300   -9.989   -5.689  -13.070
    13   16.472   16.472  -14.517   -7.446    4.283  -10.101   -5.817  -13.263
    14   16.472   16.472  -14.517   -7.446    4.283  -10.101   -5.817  -13.263
    15   16.875   16.875  -14.754   -6.615    3.919  -10.980   -7.061  -13.676
    16   16.875   16.875  -14.754   -6.615    3.919  -10.980   -7.061  -13.676

 Symmetrized values from band-averaging:

       k =  0.000000  0.083333  0.500000 ik =   8 spin = 1

     n      Emf       Eo      Vxc        X      Cor     Eqp0     Eqp1      Znk
     1  -12.900  -12.900  -16.086  -26.938    6.728  -17.024  -16.076    0.770
     2  -12.900  -12.900  -16.086  -26.938    6.728  -17.024  -16.076    0.770
     3   -0.771   -0.771  -13.312  -18.579    2.711   -3.328   -2.898    0.832
     4   -0.771   -0.771  -13.312  -18.579    2.711   -3.328   -2.898    0.832
     5    2.501    2.501  -17.968  -22.742    2.089   -0.184    0.246    0.840
     6    2.501    2.501  -17.968  -22.742    2.089   -0.184    0.246    0.840
     7    2.784    2.784  -18.082  -22.747    2.030    0.149    0.569    0.840
     8    2.784    2.784  -18.082  -22.747    2.030    0.149    0.569    0.840
     9   11.885   11.885  -11.211   -5.805   -4.904   12.388   12.315    0.856
    10   11.885   11.885  -11.211   -5.805   -4.904   12.388   12.315    0.856
    11   15.790   15.790  -14.234   -7.381   -5.689   16.954   16.779    0.850
    12   15.790   15.790  -14.234   -7.381   -5.689   16.954   16.779    0.850
    13   16.472   16.472  -14.517   -7.446   -5.817   17.726   17.535    0.848
    14   16.472   16.472  -14.517   -7.446   -5.817   17.726   17.535    0.848
    15   16.875   16.875  -14.754   -6.615   -7.061   17.952   17.756    0.818
    16   16.875   16.875  -14.754   -6.615   -7.061   17.952   17.756    0.818
 
================================================================================
 22:29:52   Dealing with k =  0.000000  0.166667  0.000000                9 / 28
================================================================================

 Reading vxc.dat
 Number of q-points in the irreducible BZ(k) (nrq): 312
 
 Started calculating Sigma with 312 block(s) at 22:29:52.
 [ 22:29:52 |   0% ] block   1 / 312.
 [ 22:29:57 |   1% ] block   3 / 312, remaining: 708 s.
 [ 22:31:06 |  10% ] block  32 / 312, remaining: 669 s.
 [ 22:32:22 |  20% ] block  63 / 312, remaining: 605 s.
 [ 22:33:38 |  30% ] block  94 / 312, remaining: 533 s.
 [ 22:34:53 |  40% ] block 125 / 312, remaining: 457 s.
 [ 22:36:08 |  50% ] block 156 / 312, remaining: 381 s.
 [ 22:37:27 |  60% ] block 188 / 312, remaining: 304 s.
 [ 22:38:43 |  70% ] block 219 / 312, remaining: 229 s.
 [ 22:39:58 |  80% ] block 250 / 312, remaining: 153 s.
 [ 22:41:14 |  90% ] block 281 / 312, remaining: 78 s.
 [ 22:42:30 | 100% ] block 312 / 312, remaining: 2 s.
 Finished calculating Sigma at 22:42:33.
 Elapsed time: 761 s.
 
 Unsymmetrized values for ik =   9 spin = 1
 
     n      Emf       Eo      Vxc        X     SX-X       CH      Cor      Sig
     1  -12.642  -12.642  -16.036  -26.780   16.422   -9.781    6.641  -20.139
     2  -12.353  -12.353  -16.350  -27.057   16.546   -9.969    6.577  -20.480
     3   -1.165   -1.165  -12.696  -18.052   11.050   -8.250    2.800  -15.253
     4    0.927    0.927  -14.676  -19.398   11.756   -9.475    2.281  -17.117
     5    1.096    1.096  -17.413  -22.676   13.155  -10.739    2.416  -20.259
     6    1.135    1.135  -17.446  -22.682   13.162  -10.765    2.397  -20.285
     7    2.131    2.131  -17.795  -22.647   13.051  -10.878    2.174  -20.474
     8    2.179    2.179  -17.850  -22.685   13.069  -10.909    2.161  -20.525
     9   10.217   10.217   -9.272   -4.491    2.435   -6.849   -4.415   -8.906
    10   13.942   13.942  -14.408   -7.615    4.477  -10.368   -5.891  -13.506
    11   15.290   15.290  -13.824   -7.210    4.295   -9.938   -5.643  -12.853
    12   15.366   15.366  -14.147   -6.296    3.594  -10.347   -6.753  -13.049
    13   15.777   15.777  -13.988   -7.279    4.306   -9.949   -5.644  -12.923
    14   18.015   18.015  -14.803   -7.332    4.249  -10.391   -6.142  -13.474
    15   18.131   18.131  -14.924   -7.390    4.293  -10.479   -6.186  -13.576
    16   18.145   18.145  -14.776   -7.294    4.515  -11.117   -6.602  -13.896

 Symmetrized values from band-averaging:

       k =  0.000000  0.166667  0.000000 ik =   9 spin = 1

     n      Emf       Eo      Vxc        X      Cor     Eqp0     Eqp1      Znk
     1  -12.642  -12.642  -16.036  -26.780    6.641  -16.746  -15.820    0.774
     2  -12.353  -12.353  -16.350  -27.057    6.577  -16.484  -15.559    0.776
     3   -1.165   -1.165  -12.696  -18.052    2.800   -3.722   -3.293    0.832
     4    0.927    0.927  -14.676  -19.398    2.281   -1.514   -1.105    0.832
     5    1.096    1.096  -17.413  -22.676    2.416   -1.750   -1.284    0.836
     6    1.135    1.135  -17.446  -22.682    2.397   -1.703   -1.239    0.836
     7    2.131    2.131  -17.795  -22.647    2.174   -0.548   -0.117    0.839
     8    2.179    2.179  -17.850  -22.685    2.161   -0.496   -0.065    0.839
     9   10.217   10.217   -9.272   -4.491   -4.415   10.583   10.535    0.868
    10   13.942   13.942  -14.408   -7.615   -5.891   14.844   14.693    0.833
    11   15.290   15.290  -13.824   -7.210   -5.643   16.261   16.115    0.850
    12   15.366   15.366  -14.147   -6.296   -6.753   16.463   16.269    0.823
    13   15.777   15.777  -13.988   -7.279   -5.644   16.842   16.683    0.851
    14   18.015   18.015  -14.803   -7.332   -6.142   19.345   19.136    0.843
    15   18.131   18.131  -14.924   -7.390   -6.186   19.479   19.265    0.842
    16   18.145   18.145  -14.776   -7.294   -6.602   19.025   18.875    0.830
 
================================================================================
 22:42:33   Dealing with k =  0.000000  0.166667  0.166667               10 / 28
================================================================================

 Reading vxc.dat
 Number of q-points in the irreducible BZ(k) (nrq): 468
 
 Started calculating Sigma with 468 block(s) at 22:42:33.
 [ 22:42:33 |   0% ] block   1 / 468.
 [ 22:42:38 |   0% ] block   3 / 468, remaining: 1062 s.
 [ 22:44:23 |  10% ] block  47 / 468, remaining: 1007 s.
 [ 22:46:18 |  20% ] block  94 / 468, remaining: 907 s.
 [ 22:48:14 |  30% ] block 141 / 468, remaining: 798 s.
 [ 22:50:07 |  40% ] block 188 / 468, remaining: 682 s.
 [ 22:51:59 |  50% ] block 234 / 468, remaining: 571 s.
 [ 22:53:55 |  60% ] block 281 / 468, remaining: 458 s.
 [ 22:55:50 |  70% ] block 328 / 468, remaining: 344 s.
 [ 22:57:44 |  80% ] block 375 / 468, remaining: 229 s.
 [ 22:59:39 |  90% ] block 422 / 468, remaining: 115 s.
 [ 23:01:32 | 100% ] block 468 / 468, remaining: 2 s.
 Finished calculating Sigma at 23:01:35.
 Elapsed time: 1142 s.
 
 Unsymmetrized values for ik =  10 spin = 1
 
     n      Emf       Eo      Vxc        X     SX-X       CH      Cor      Sig
     1  -12.624  -12.624  -16.054  -26.797   16.414   -9.785    6.629  -20.169
     2  -12.374  -12.374  -16.326  -27.037   16.520   -9.947    6.573  -20.464
     3   -1.051   -1.051  -12.785  -18.104   11.066   -8.302    2.765  -15.339
     4    0.734    0.734  -14.539  -19.326   11.693   -9.374    2.319  -17.006
     5    1.102    1.102  -17.414  -22.675   13.145  -10.731    2.414  -20.261
     6    1.150    1.150  -17.371  -22.588   13.112  -10.721    2.391  -20.198
     7    2.134    2.134  -17.798  -22.651   13.042  -10.872    2.171  -20.480
     8    2.176    2.176  -17.846  -22.684   13.056  -10.897    2.159  -20.524
     9   10.509   10.509   -9.590   -4.726    2.580   -7.063   -4.483   -9.208
    10   13.745   13.745  -14.030   -7.435    4.363  -10.108   -5.745  -13.180
    11   15.315   15.315  -13.872   -7.184    4.267   -9.969   -5.701  -12.886
    12   15.405   15.405  -14.154   -6.423    3.698  -10.338   -6.641  -13.063
    13   15.795   15.795  -13.929   -7.130    4.192   -9.917   -5.725  -12.855
    14   17.704   17.704  -13.795   -6.324    3.776  -10.325   -6.548  -12.872
    15   18.023   18.023  -14.811   -7.336    4.244  -10.386   -6.142  -13.478
    16   18.123   18.123  -14.915   -7.386    4.282  -10.462   -6.180  -13.566

 Symmetrized values from band-averaging:

       k =  0.000000  0.166667  0.166667 ik =  10 spin = 1

     n      Emf       Eo      Vxc        X      Cor     Eqp0     Eqp1      Znk
     1  -12.624  -12.624  -16.054  -26.797    6.629  -16.738  -15.812    0.775
     2  -12.374  -12.374  -16.326  -27.037    6.573  -16.512  -15.586    0.776
     3   -1.051   -1.051  -12.785  -18.104    2.765   -3.605   -3.178    0.833
     4    0.734    0.734  -14.539  -19.326    2.319   -1.734   -1.321    0.833
     5    1.102    1.102  -17.414  -22.675    2.414   -1.746   -1.280    0.836
     6    1.150    1.150  -17.371  -22.588    2.391   -1.677   -1.214    0.836
     7    2.134    2.134  -17.798  -22.651    2.171   -0.548   -0.117    0.839
     8    2.176    2.176  -17.846  -22.684    2.159   -0.502   -0.072    0.839
     9   10.509   10.509   -9.590   -4.726   -4.483   10.890   10.839    0.866
    10   13.745   13.745  -14.030   -7.435   -5.745   14.596   14.456    0.836
    11   15.315   15.315  -13.872   -7.184   -5.701   16.302   16.152    0.848
    12   15.405   15.405  -14.154   -6.423   -6.641   16.496   16.306    0.826
    13   15.795   15.795  -13.929   -7.130   -5.725   16.869   16.707    0.849
    14   17.704   17.704  -13.795   -6.324   -6.548   18.627   18.471    0.831
    15   18.023   18.023  -14.811   -7.336   -6.142   19.356   19.146    0.843
    16   18.123   18.123  -14.915   -7.386   -6.180   19.472   19.259    0.842
 
================================================================================
 23:01:35   Dealing with k =  0.000000  0.166667  0.333333               11 / 28
================================================================================

 Reading vxc.dat
 Number of q-points in the irreducible BZ(k) (nrq): 468
 
 Started calculating Sigma with 468 block(s) at 23:01:36.
 [ 23:01:36 |   0% ] block   1 / 468.
 [ 23:01:40 |   0% ] block   3 / 468, remaining: 1139 s.
 [ 23:03:25 |  10% ] block  47 / 468, remaining: 1006 s.
 [ 23:05:20 |  20% ] block  94 / 468, remaining: 906 s.
 [ 23:07:16 |  30% ] block 141 / 468, remaining: 798 s.
 [ 23:09:09 |  40% ] block 188 / 468, remaining: 681 s.
 [ 23:11:01 |  50% ] block 234 / 468, remaining: 571 s.
 [ 23:12:56 |  60% ] block 281 / 468, remaining: 457 s.
 [ 23:14:51 |  70% ] block 328 / 468, remaining: 343 s.
 [ 23:16:46 |  80% ] block 375 / 468, remaining: 229 s.
 [ 23:18:41 |  90% ] block 422 / 468, remaining: 114 s.
