
 BerkeleyGW version 3.0
 BSE/Absorption code, Complex version, run on 19-Feb-2022 at 20:52:55 -0800

                                                                 ..o.          
                                                                .oxxo.         
                                                               .oxxxxo...      
                                                               oxxxxxxo.       
                                                              .oxxxxxxx.       
                                                              .ooooooxxo..     
                                                              .oooooooxo..     
                                                              .oooooxxo...     
                                                       .........oxooo......    
                                                 ............................  
                                             ................................. 
                                          .................................... 
           .          ..oo. ....  .................................oooxxxxxxxo.
     .............oxxxx@ox@@@x@x.....................o...........ooooooooooxx. 
    .o.........oox@x.oo........xxx@@............ooxxxxo..........ooooxxxxxoxo  
    .x........x@xxo...............o@xxo........oxxx@@@xoooooooooooooooxxxo...  
    .o......ox@@o..................oox@o.....ooxxx@xoooxxxxxxxoooooooooooo.... 
    o..ooooo@@xoooo....ooo...........x@o.....ooxxxxo   .oxxxxxxxxxxooooooo.... 
    . .oooo@@@@@@@@@@@@@@@@@@@@@@@@@@@@@@....ooooox.     .oxx@@@@@xxoo........ 
      .ooooxxxxxxxooooooxooooooooooooooxo...oooooxx.        ..ox@xxxoo.........
      .ooooooxxxx@xoooooooooooooxxoooooooooooxxxxx.            .oxxooooooooxxo.
     .oooooxxxxx@@@xxxxxxxxxxxxxxxxxxxxxxxxoxxxxo.                .oxxxxxxxxo. 
   ....oooxxxxx@@@xo..oxxx@@@@@@xxxxoxxoooooooxx.                  .oxxxoo..   
  .....ooxxxx@@xo.       ........    .ooooooooxxo                              
  ..oooxxxx@@@o                       .oooooooxoo.                             
  ....oxooxxxxx.                       .ooo..oooo.                             
  .....o.ooxxxxxo.                     .oooooooxo.                             
 ......ooooxxxxxxo.                     .ooooooxoo..                           
........ooxxxxxxxo..                     .o....oxoo...                         
.......ooooxxxxxxxo.                     ........oooo.                         
.ooooooo..ooxxxxoooo.                    .........ooo...                       
..oxo...ooooxxxoooo..                    .ooo......oooo...                     
  .ooooo....o.                            .oxxxoo....ooo....                   
    .oooooo...                              ...ooooo...ooo..                   
       ...                                     .oo.......                      
                                               ....ooo...                      
                      __              __                                       
 ______              [  |            [  |                 ._____  _          _ 
|_   _ \              | |  _          | |                /  ___ \| |        | |
  | |_) | .---.  _. _.| | / |  .---.  | | .---.  _    _ / /    \_|\ \  /\  / / 
  |  __'./ /__\\[ /`\_| '' <  / /__\\ | |/ /__\\| \  | | |   _____ \ \/  \/ /  
 _| |__| | \__. | |   | |`\ \ | \___. | || \___. \ \/ / \ \.___| |  \  /\  /   
|_______/ \.__./[_]  [__|  \_] \.__./[___]\.__./  \  /   \.____./    \/  \/    
                                                  / /                          
                                                 /_/                           
 --------------------------------------------------------------------------------
 Please cite the main BerkeleyGW paper when using results from this calculation:

 Jack Deslippe, Georgy Samsonidze, David A. Strubbe, Manish Jain, Marvin L.
 Cohen, and Steven G. Louie, "BerkeleyGW: A Massively Parallel Computer Package
 for the Calculation of the Quasiparticle and Optical Properties of Materials
 and Nanostructures," Comput. Phys. Commun. 183, 1269 (2012)

 Aditionally, PLEASE CITE ALL PAPERS REPORTED AT THE END OF THIS CALCULATION.
 --------------------------------------------------------------------------------

 Running MPI version (parallel)
 Running with 768 MPI task(s)
 Using OpenMP. Number of threads per MPI task: 4

 Compilation flags:
 - Compiler: INTEL
 - Para. flags: MPI, OMP
 - Math  flags: USESCALAPACK, UNPACKED, USEFFTW3, HDF5
 - Debug flags: 

 Running with verbosity level 1 (default).

 Kernel was calculated only for (v,c)->(v',c') transitions.
 This may not be a good idea for metals!
 
 The restricted fi/co WFN transformation dvv',dcc' will be calculated.
 
 Using the Tamm-Dancoff approximation.

 Using the velocity operator
 
 Using the Delaunay interpolation method.

 We are doing a calculation with zero exciton momentum
 Running with semiconductor screening

 We are communicating via MPI

 We are using no truncation
 Cutoff for Monte-Carlo average of Coulomb potential: 1.000E+012 Ry

 
 Number of k-points in the coarse k-grid: 864
 A 3-D interpolation algorithm will be employed.
 No symmetries used in the fine grid-sampling
 K-grid: 64 64 6
 Highest occupied band (fine grid) = 8
 Valence max    (fine grid) = 4.435091 eV
 Conduction min (fine grid) = 8.477238 eV
 Middle energy  (fine grid) = 6.456164 eV
 Fermi  energy  (fine grid) = 6.456164 eV

 Number of electrons per unit cell (from ifmax) = 16.000000
 Number of electrons per unit cell (from occupations) = 16.000000
 Plasma Frequency = 1.815185 Ry


 Scissors parameters:
 - Valence:    es =   0.0000 eV, e0 =   0.0000 eV, edel =   0.0000
 - Conduction: es =   0.0000 eV, e0 =   0.0000 eV, edel =   0.0000
 
 You are doing a class 1 calculation - npes <= nk

 Memory available: 3847.9 MB per PE
 Memory required for vcoul: 114.4 MB per PE
 Memory needed to store the effective Ham. and intkernel arrays: 354.0 MB per PE
 Additional memory needed for evecs and diagonalization: 813.5 MB per PE
 
 Distribution of kcv blocks among PE ranks:
   - PEs 0 to 767 : 32 blocks
 
 Started reading wavefunctions (WFN_fi) with 24576 k-point(s) at 20:53:23.
 [ 20:53:23 |   0% ] k-point     1 / 24576.
 [ 20:53:23 |   0% ] k-point     3 / 24576, remaining: 74 s.
 [ 20:53:33 |  10% ] k-point  2458 / 24576, remaining: 84 s.
 [ 20:53:41 |  20% ] k-point  4916 / 24576, remaining: 68 s.
 [ 20:53:48 |  30% ] k-point  7373 / 24576, remaining: 58 s.
 [ 20:53:56 |  40% ] k-point  9831 / 24576, remaining: 49 s.
 [ 20:54:04 |  50% ] k-point 12288 / 24576, remaining: 41 s.
 [ 20:54:12 |  60% ] k-point 14746 / 24576, remaining: 32 s.
 [ 20:54:20 |  70% ] k-point 17204 / 24576, remaining: 24 s.
 [ 20:54:28 |  80% ] k-point 19661 / 24576, remaining: 16 s.
 [ 20:54:36 |  90% ] k-point 22119 / 24576, remaining: 8 s.
 [ 20:54:44 | 100% ] k-point 24576 / 24576, remaining: 0 s.
 Finished reading wavefunctions (WFN_fi) at 20:54:44.
 Elapsed time: 81 s.
 

 Conduction wavefunctions read from file WFN_fi:
 - Number of k-points in irreducible BZ: 24576
 - Number of k-points in full BZ: 24576

 Lowest-energy independent-particle transitions:

                k-point                 ik     ic     iv     energy (eV)
   -------------------------------- ------ ------ ------ ---------------
     0.329688   0.331250  -0.498333   8194      1      1        4.497889
     0.329688   0.331250  -0.498333   8194      2      1        4.498085
     0.329688   0.331250  -0.498333   8194      1      2        4.498206
     0.329688   0.331250  -0.498333   8194      2      2        4.498402
    -0.326562   0.659375  -0.498333  16768      1      1        4.499958

 More job parameters:
 - Crystal volume (bohr): 5.999E+06
 - Broadening (eV): .050
 - Number of valence bands: 2
 - Number of cond. bands: 2
 - Number of spins: 1
 - Number of eigenvalues to be computed: 98304

 Highest occupied band (fine grid) = 8
 Valence max    (fine grid) = 4.434965 eV
 Conduction min (fine grid) = 8.477284 eV
 Middle energy  (fine grid) = 6.456124 eV
 Fermi  energy  (fine grid) = 6.456124 eV

 Shift vector :   0.00100 -0.00000  0.00000  Length = 0.00153

 No symmetries used in the shifted-grid sampling
 
 Started reading wavefunctions (WFNq_fi) with 24576 k-point(s) at 20:55:27.
 [ 20:55:27 |   0% ] k-point     1 / 24576.
 [ 20:55:27 |   0% ] k-point     3 / 24576, remaining: 541 s.
 [ 20:55:36 |  10% ] k-point  2458 / 24576, remaining: 83 s.
 [ 20:55:45 |  20% ] k-point  4916 / 24576, remaining: 72 s.
 [ 20:55:54 |  30% ] k-point  7373 / 24576, remaining: 63 s.
 [ 20:56:03 |  40% ] k-point  9831 / 24576, remaining: 54 s.
 [ 20:56:12 |  50% ] k-point 12288 / 24576, remaining: 45 s.
 [ 20:56:21 |  60% ] k-point 14746 / 24576, remaining: 36 s.
 [ 20:56:30 |  70% ] k-point 17204 / 24576, remaining: 27 s.
 [ 20:56:39 |  80% ] k-point 19661 / 24576, remaining: 18 s.
 [ 20:56:48 |  90% ] k-point 22119 / 24576, remaining: 9 s.
 [ 20:56:58 | 100% ] k-point 24576 / 24576, remaining: 0 s.
 Finished reading wavefunctions (WFNq_fi) at 20:56:58.
 Elapsed time: 91 s.
 

 Valence wavefunctions read from file WFNq_fi:
 - Number of k-points in irreducible BZ: 24576
 - Number of k-points in full BZ: 24576

 Reading quasiparticle energy corrections from eqp_co.dat
 Highest occupied band (coarse grid) = 8
 Valence max    (coarse grid) = 2.661687 eV
 Conduction min (coarse grid) = 8.908479 eV
 Middle energy  (coarse grid) = 5.785083 eV
 Fermi  energy  (coarse grid) = 5.785083 eV


 Reading quasiparticle energy corrections from eqp_co.dat
 No symmetries used in the coarse-grid sampling
 
 Started reading wavefunctions (WFN_co) with 864 k-point(s) at 20:56:59.
 [ 20:56:59 |   0% ] k-point   1 / 864.
 [ 20:56:59 |   0% ] k-point   3 / 864, remaining: 80 s.
 [ 20:57:08 |  10% ] k-point  87 / 864, remaining: 82 s.
 [ 20:57:17 |  20% ] k-point 173 / 864, remaining: 73 s.
 [ 20:57:26 |  30% ] k-point 260 / 864, remaining: 64 s.
 [ 20:57:35 |  40% ] k-point 346 / 864, remaining: 55 s.
 [ 20:57:44 |  50% ] k-point 433 / 864, remaining: 45 s.
 [ 20:57:53 |  60% ] k-point 519 / 864, remaining: 36 s.
 [ 20:58:03 |  70% ] k-point 605 / 864, remaining: 27 s.
 [ 20:58:12 |  80% ] k-point 692 / 864, remaining: 18 s.
 [ 20:58:21 |  90% ] k-point 778 / 864, remaining: 9 s.
 Finished reading wavefunctions (WFN_co) at 20:58:30.
 Elapsed time: 92 s.
 

 Coarse-grid wavefunctions read from file WFN_co:
 - Number of k-points in irreducible BZ: 864
 - Number of k-points in full BZ: 864
 
 Started wavefunction interpolation with 32 k-point(s) at 20:58:44.
 [ 20:58:44 |   0% ] k-point  1 / 32.
 [ 20:59:04 |   6% ] k-point  3 / 32, remaining: 290 s.
 [ 20:59:15 |   9% ] k-point  4 / 32, remaining: 305 s.
 [ 20:59:44 |  19% ] k-point  7 / 32, remaining: 261 s.
 [ 21:00:10 |  28% ] k-point 10 / 32, remaining: 219 s.
 [ 21:00:36 |  38% ] k-point 13 / 32, remaining: 186 s.
 [ 21:01:12 |  50% ] k-point 17 / 32, remaining: 147 s.
 [ 21:01:38 |  59% ] k-point 20 / 32, remaining: 118 s.
 [ 21:02:05 |  69% ] k-point 23 / 32, remaining: 91 s.
 [ 21:02:32 |  78% ] k-point 26 / 32, remaining: 63 s.
 [ 21:02:58 |  88% ] k-point 29 / 32, remaining: 36 s.
 Finished wavefunction interpolation at 21:03:35.
 Elapsed time: 291 s.
 
 Max. error in norm of transformation coefficients (1 - \sum_co |d_fi,co|^2):
  - For valence states: 3.371E-02
  - For conduction states: 3.300E-02
 Writing matrix elements into vmtxel
 
 Plasma Frequency :    24.6968429828517       eV
 
 Polarization:   0.001000  -0.000000   0.000000
 Sum rule (DFT) :   0.145721027084546     
 Sum rule (GW)  :   0.200742863851912     
 

 Epsilon matrix for q->0 read from eps0mat.h5:
 - Number of q-points: 1
 - Dielectric cutoff (Ry): 30.00

 Epsilon matrix for q/=0 read from epsmat.h5:
 - Number of q-points: 75
 - Number of q-points in the full BZ: 864
 - Dielectric cutoff (Ry): 30.00
 - Number of G-vectors for interpolation of epsinv_00(q+G): 19375
 - Maximum value of imaginary part of epsinv: .000000
 - Dielectric constant: 4.650095
 - Max. |q+G|^2 to interp. epsinv (Ry): 3.53
 - Number of q+G points to interp. epsinv: 23434

 Assembling spin-singlet kernel.
 Calculating Coulomb potential v(q) for 24576 q-points.
 Performing kernel interpolation.
 
 Started interpolating BSE kernel with 128 block(s) at 21:06:02.
 [ 21:09:13 |   0% ] block   1 / 128.
 [ 21:09:25 |   2% ] block   3 / 128, remaining: 750 s.
 [ 21:10:23 |   9% ] block  13 / 128, remaining: 668 s.
 [ 21:11:37 |  20% ] block  26 / 128, remaining: 592 s.
 [ 21:16:04 |  30% ] block  39 / 128, remaining: 985 s.
 [ 21:17:19 |  40% ] block  52 / 128, remaining: 739 s.
 [ 21:21:48 |  50% ] block  65 / 128, remaining: 761 s.
 [ 21:22:57 |  59% ] block  77 / 128, remaining: 567 s.
 [ 21:24:12 |  70% ] block  90 / 128, remaining: 395 s.
 [ 21:28:39 |  80% ] block 103 / 128, remaining: 299 s.
 [ 21:29:54 |  90% ] block 116 / 128, remaining: 141 s.
 Finished interpolating BSE kernel at 21:31:13.
 Elapsed time: 1510 s.
 

 BLACS processor grid: 27 x 28; BLOCKSIZE = 64
 Number of idle processors: 12

 Using diagonalization routine: PZHEEVX
 Beginning ScaLAPACK diagonalization. Size: 98304
 Done ScaLAPACK diagonalization
 Sharing eigenvectors
 Diagonalization done

 Plasma Frequency :    24.6968429828517       eV

 Polarization:   0.001000  -0.000000   0.000000
 Sum rule (BSE) :   0.159271491840466     

********************************************************************************
*                                                                              *
* Your calculation employed methods and algorithms published in peer-reviewed  *
* papers. Please, cite the following references to give proper credit to their *
*          authors and help support future development of BerkeleyGW.          *
*                                                                              *
********************************************************************************

 J. Deslippe, G. Samsonidze, D. A. Strubbe, M. Jain, M. L. Cohen, and S. G.
 Louie, BerkeleyGW: A Massively Parallel Computer Package for the Calculation
 of the Quasiparticle and Optical Properties of Materials and Nanostructures,
 Computer Physics Communications 183, 1269 (2012).

 M. Rohlfing and S. G. Louie, Electron-Hole Excitations and Optical Spectra
 from First Principles, Phys. Rev. B 62, 4927 (2000).

********************************************************************************

 
 Timing information
 
                                CPU time (s)          WALL time (s)       Number
 Routine                       min        max        min        max     of calls
 -------------------------  ---------  ---------  ---------  ---------  --------
 - Input                       106.79     107.02     107.03     107.39         1
 - Input q                     133.37     133.96     133.94     133.96         1
 - Intwfn                      439.10     440.74     439.40     441.92         1
 - Intkernel                  1567.82    1574.44    1573.84    1574.14         1
 - Epsdiag                       0.00       3.49       0.00       6.45         1
 - Eps Comm                      0.01       6.47       0.01       6.47         1
 - Absorp0                       0.00     142.15       0.00      38.63         1
 - Vmtxel                        0.41       3.25       0.42       3.25         1
 - Trans Mtxel                   0.07       0.14       0.07       0.14         1
 - Absorp                        0.00      38.45       0.00      38.90         1
 - Write Eig                     1.88      43.59       2.44      43.65         1
 - Iw Input_co                  91.98      92.51      92.18      92.51         1
 - Iw Interp                    13.57      14.36      13.24      13.90        33
 - Iw Genwf                      0.00       0.00       0.00       0.00       256
 - Iw Gwnwf_Co                 290.20     292.01     290.20     292.01       128
 - Iw Mtxel_t                    0.00       0.00       0.00       0.00       256
 - Iw Write                      0.02       6.27       0.02       6.52         1
 - Iw Reduce                     0.22       0.22       0.22       0.22         1
 - Ik Setup                      0.00       0.00       0.00       0.00         1
 - Ik C-Check                    0.22       0.35       0.53       0.70         1
 - Ik Input                    755.61     784.28     755.63     784.32      3456
 - Ik Inteps                     0.44       0.48       0.45       0.48         1
 - Ik Vcoul                     49.34      49.57      49.34      49.57         1
 - Ik Cache                     39.67      41.96      38.20      42.95   3145728
 - Ik Interp                   520.94     552.13     523.53     556.92   3145728
 - Ik Sum                       39.56      41.25      38.07      44.61   3145728
 - Diagonalize                6243.81   24224.11    6243.83    6243.84         1
 - TOTAL                      8585.23   26565.58    8585.00    8585.02         1
 
 Job Done
 
