k-points are in crystal coordinates
nk(3) =    12   12    6
dk(3) =   0.000000000  0.000000000  0.000000000

direct lattice vectors
a1 =   1.000000000  0.000000000  0.000000000
a2 =  -0.500000000  0.866025000  0.000000000
a3 =   0.000000000  0.000000000  2.660224000

unit cell volume =  0.230382049E+01

reciprocal lattice vectors
b1 =   6.283185307  3.627600420  0.000000000
b2 =   0.000000000  7.255200840  0.000000000
b3 =   0.000000000  0.000000000  2.361900843

symmetries of the Bravais lattice
 24
Space group 191, symbol P6/mmm               
r01 =     1   0   0     0   1   0     0   0   1      0.000000    0.000000    0.000000
r02 =     1   0   0     0   1   0     0   0  -1      0.000000    0.000000    0.000000
r03 =    -1   0   0    -1   1   0     0   0   1      0.000000    0.000000    0.000000
r04 =    -1   0   0    -1   1   0     0   0  -1      0.000000    0.000000    0.000000
r05 =    -1   1   0     0   1   0     0   0   1      0.000000    0.000000    0.000000
r06 =    -1   1   0     0   1   0     0   0  -1      0.000000    0.000000    0.000000
r07 =     1  -1   0     1   0   0     0   0   1      0.000000    0.000000    0.000000
r08 =     1  -1   0     1   0   0     0   0  -1      0.000000    0.000000    0.000000
r09 =    -1   0   0     0  -1   0     0   0   1      0.000000    0.000000    0.000000
r10 =    -1   0   0     0  -1   0     0   0  -1      0.000000    0.000000    0.000000
r11 =     1   0   0     1  -1   0     0   0   1      0.000000    0.000000    0.000000
r12 =     1   0   0     1  -1   0     0   0  -1      0.000000    0.000000    0.000000
r13 =     1  -1   0     0  -1   0     0   0   1      0.000000    0.000000    0.000000
r14 =     1  -1   0     0  -1   0     0   0  -1      0.000000    0.000000    0.000000
r15 =    -1   1   0    -1   0   0     0   0   1      0.000000    0.000000    0.000000
r16 =    -1   1   0    -1   0   0     0   0  -1      0.000000    0.000000    0.000000
r17 =     0   1   0    -1   1   0     0   0   1      0.000000    0.000000    0.000000
r18 =     0   1   0    -1   1   0     0   0  -1      0.000000    0.000000    0.000000
r19 =     0  -1   0    -1   0   0     0   0   1      0.000000    0.000000    0.000000
r20 =     0  -1   0    -1   0   0     0   0  -1      0.000000    0.000000    0.000000
r21 =     0   1   0     1   0   0     0   0   1      0.000000    0.000000    0.000000
r22 =     0   1   0     1   0   0     0   0  -1      0.000000    0.000000    0.000000
r23 =     0  -1   0     1  -1   0     0   0   1      0.000000    0.000000    0.000000
r24 =     0  -1   0     1  -1   0     0   0  -1      0.000000    0.000000    0.000000

symmetries of the crystal without FFT grid
 24
Space group 194, symbol P6_3/mmc             
r01 =     1   0   0     0   1   0     0   0   1      0.000000    0.000000    0.000000
r02 =     1   0   0     0   1   0     0   0  -1      0.000000    0.000000    3.141592
r03 =    -1   0   0    -1   1   0     0   0   1      0.000001   -0.000000    3.141592
r04 =    -1   0   0    -1   1   0     0   0  -1      0.000001   -0.000000   -0.000001
r05 =    -1   1   0     0   1   0     0   0   1      0.000000    0.000000    0.000000
r06 =    -1   1   0     0   1   0     0   0  -1      0.000000    0.000000    3.141592
r07 =     1  -1   0     1   0   0     0   0   1     -0.000002   -0.000000    3.141592
r08 =     1  -1   0     1   0   0     0   0  -1     -0.000002   -0.000000   -0.000001
r09 =    -1   0   0     0  -1   0     0   0   1      0.000001    0.000003    3.141592
r10 =    -1   0   0     0  -1   0     0   0  -1      0.000001    0.000003   -0.000001
r11 =     1   0   0     1  -1   0     0   0   1      0.000000    0.000003    0.000000
r12 =     1   0   0     1  -1   0     0   0  -1      0.000000    0.000003    3.141592
r13 =     1  -1   0     0  -1   0     0   0   1      0.000001    0.000003    3.141592
r14 =     1  -1   0     0  -1   0     0   0  -1      0.000001    0.000003   -0.000001
r15 =    -1   1   0    -1   0   0     0   0   1      0.000003    0.000003    0.000000
r16 =    -1   1   0    -1   0   0     0   0  -1      0.000003    0.000003    3.141592
r17 =     0   1   0    -1   1   0     0   0   1      0.000001   -0.000000    3.141592
r18 =     0   1   0    -1   1   0     0   0  -1      0.000001   -0.000000   -0.000001
r19 =     0  -1   0    -1   0   0     0   0   1      0.000003    0.000003    0.000000
r20 =     0  -1   0    -1   0   0     0   0  -1      0.000003    0.000003    3.141592
r21 =     0   1   0     1   0   0     0   0   1     -0.000002   -0.000000    3.141592
r22 =     0   1   0     1   0   0     0   0  -1     -0.000002   -0.000000   -0.000001
r23 =     0  -1   0     1  -1   0     0   0   1      0.000000    0.000003    0.000000
r24 =     0  -1   0     1  -1   0     0   0  -1      0.000000    0.000003    3.141592

FFT grid:     25    25    72

symmetries of the crystal with FFT grid
 24
Space group 194, symbol P6_3/mmc             
r01 =     1   0   0     0   1   0     0   0   1      0.000000    0.000000    0.000000
r02 =     1   0   0     0   1   0     0   0  -1      0.000000    0.000000    3.141592
r03 =    -1   0   0    -1   1   0     0   0   1      0.000001   -0.000000    3.141592
r04 =    -1   0   0    -1   1   0     0   0  -1      0.000001   -0.000000   -0.000001
r05 =    -1   1   0     0   1   0     0   0   1      0.000000    0.000000    0.000000
r06 =    -1   1   0     0   1   0     0   0  -1      0.000000    0.000000    3.141592
r07 =     1  -1   0     1   0   0     0   0   1     -0.000002   -0.000000    3.141592
r08 =     1  -1   0     1   0   0     0   0  -1     -0.000002   -0.000000   -0.000001
r09 =    -1   0   0     0  -1   0     0   0   1      0.000001    0.000003    3.141592
r10 =    -1   0   0     0  -1   0     0   0  -1      0.000001    0.000003   -0.000001
r11 =     1   0   0     1  -1   0     0   0   1      0.000000    0.000003    0.000000
r12 =     1   0   0     1  -1   0     0   0  -1      0.000000    0.000003    3.141592
r13 =     1  -1   0     0  -1   0     0   0   1      0.000001    0.000003    3.141592
r14 =     1  -1   0     0  -1   0     0   0  -1      0.000001    0.000003   -0.000001
r15 =    -1   1   0    -1   0   0     0   0   1      0.000003    0.000003    0.000000
r16 =    -1   1   0    -1   0   0     0   0  -1      0.000003    0.000003    3.141592
r17 =     0   1   0    -1   1   0     0   0   1      0.000001   -0.000000    3.141592
r18 =     0   1   0    -1   1   0     0   0  -1      0.000001   -0.000000   -0.000001
r19 =     0  -1   0    -1   0   0     0   0   1      0.000003    0.000003    0.000000
r20 =     0  -1   0    -1   0   0     0   0  -1      0.000003    0.000003    3.141592
r21 =     0   1   0     1   0   0     0   0   1     -0.000002   -0.000000    3.141592
r22 =     0   1   0     1   0   0     0   0  -1     -0.000002   -0.000000   -0.000001
r23 =     0  -1   0     1  -1   0     0   0   1      0.000000    0.000003    0.000000
r24 =     0  -1   0     1  -1   0     0   0  -1      0.000000    0.000003    3.141592

symmetries that reduce the k-points
r02 =     1   0   0     0   1   0     0   0  -1
r03 =    -1   0   0    -1   1   0     0   0   1
r05 =    -1   1   0     0   1   0     0   0   1
r07 =     1  -1   0     1   0   0     0   0   1
r09 =    -1   0   0     0  -1   0     0   0   1
r13 =     1  -1   0     0  -1   0     0   0   1
r17 =     0   1   0    -1   1   0     0   0   1
r21 =     0   1   0     1   0   0     0   0   1

k-points in the original uniform grid
    864
      1  0.000000000  0.000000000  0.000000000   1.0       0  ---
      2  0.000000000  0.000000000  0.166666667   2.0       0  ---
      3  0.000000000  0.000000000  0.333333333   2.0       0  ---
      4  0.000000000  0.000000000  0.500000000   1.0       0  ---
      5  0.000000000  0.000000000  0.666666667   0.0       3  r02
      6  0.000000000  0.000000000  0.833333333   0.0       2  r02
      7  0.000000000  0.083333333  0.000000000   6.0       0  ---
      8  0.000000000  0.083333333  0.166666667  12.0       0  ---
      9  0.000000000  0.083333333  0.333333333  12.0       0  ---
     10  0.000000000  0.083333333  0.500000000   6.0       0  ---
     11  0.000000000  0.083333333  0.666666667   0.0       9  r02
     12  0.000000000  0.083333333  0.833333333   0.0       8  r02
     13  0.000000000  0.166666667  0.000000000   6.0       0  ---
     14  0.000000000  0.166666667  0.166666667  12.0       0  ---
     15  0.000000000  0.166666667  0.333333333  12.0       0  ---
     16  0.000000000  0.166666667  0.500000000   6.0       0  ---
     17  0.000000000  0.166666667  0.666666667   0.0      15  r02
     18  0.000000000  0.166666667  0.833333333   0.0      14  r02
     19  0.000000000  0.250000000  0.000000000   6.0       0  ---
     20  0.000000000  0.250000000  0.166666667  12.0       0  ---
     21  0.000000000  0.250000000  0.333333333  12.0       0  ---
     22  0.000000000  0.250000000  0.500000000   6.0       0  ---
     23  0.000000000  0.250000000  0.666666667   0.0      21  r02
     24  0.000000000  0.250000000  0.833333333   0.0      20  r02
     25  0.000000000  0.333333333  0.000000000   6.0       0  ---
     26  0.000000000  0.333333333  0.166666667  12.0       0  ---
     27  0.000000000  0.333333333  0.333333333  12.0       0  ---
     28  0.000000000  0.333333333  0.500000000   6.0       0  ---
     29  0.000000000  0.333333333  0.666666667   0.0      27  r02
     30  0.000000000  0.333333333  0.833333333   0.0      26  r02
     31  0.000000000  0.416666667  0.000000000   6.0       0  ---
     32  0.000000000  0.416666667  0.166666667  12.0       0  ---
     33  0.000000000  0.416666667  0.333333333  12.0       0  ---
     34  0.000000000  0.416666667  0.500000000   6.0       0  ---
     35  0.000000000  0.416666667  0.666666667   0.0      33  r02
     36  0.000000000  0.416666667  0.833333333   0.0      32  r02
     37  0.000000000  0.500000000  0.000000000   3.0       0  ---
     38  0.000000000  0.500000000  0.166666667   6.0       0  ---
     39  0.000000000  0.500000000  0.333333333   6.0       0  ---
     40  0.000000000  0.500000000  0.500000000   3.0       0  ---
     41  0.000000000  0.500000000  0.666666667   0.0      39  r02
     42  0.000000000  0.500000000  0.833333333   0.0      38  r02
     43  0.000000000  0.583333333  0.000000000   0.0      31  r09
     44  0.000000000  0.583333333  0.166666667   0.0      32  r09
     45  0.000000000  0.583333333  0.333333333   0.0      33  r09
     46  0.000000000  0.583333333  0.500000000   0.0      34  r09
     47  0.000000000  0.583333333  0.666666667   0.0      33  r02
     48  0.000000000  0.583333333  0.833333333   0.0      32  r02
     49  0.000000000  0.666666667  0.000000000   0.0      25  r09
     50  0.000000000  0.666666667  0.166666667   0.0      26  r09
     51  0.000000000  0.666666667  0.333333333   0.0      27  r09
     52  0.000000000  0.666666667  0.500000000   0.0      28  r09
     53  0.000000000  0.666666667  0.666666667   0.0      27  r02
     54  0.000000000  0.666666667  0.833333333   0.0      26  r02
     55  0.000000000  0.750000000  0.000000000   0.0      19  r09
     56  0.000000000  0.750000000  0.166666667   0.0      20  r09
     57  0.000000000  0.750000000  0.333333333   0.0      21  r09
     58  0.000000000  0.750000000  0.500000000   0.0      22  r09
     59  0.000000000  0.750000000  0.666666667   0.0      21  r02
     60  0.000000000  0.750000000  0.833333333   0.0      20  r02
     61  0.000000000  0.833333333  0.000000000   0.0      13  r09
     62  0.000000000  0.833333333  0.166666667   0.0      14  r09
     63  0.000000000  0.833333333  0.333333333   0.0      15  r09
     64  0.000000000  0.833333333  0.500000000   0.0      16  r09
     65  0.000000000  0.833333333  0.666666667   0.0      15  r02
     66  0.000000000  0.833333333  0.833333333   0.0      14  r02
     67  0.000000000  0.916666667  0.000000000   0.0       7  r09
     68  0.000000000  0.916666667  0.166666667   0.0       8  r09
     69  0.000000000  0.916666667  0.333333333   0.0       9  r09
     70  0.000000000  0.916666667  0.500000000   0.0      10  r09
     71  0.000000000  0.916666667  0.666666667   0.0       9  r02
     72  0.000000000  0.916666667  0.833333333   0.0       8  r02
     73  0.083333333  0.000000000  0.000000000   0.0       7  r17
     74  0.083333333  0.000000000  0.166666667   0.0       8  r17
     75  0.083333333  0.000000000  0.333333333   0.0       9  r17
     76  0.083333333  0.000000000  0.500000000   0.0      10  r17
     77  0.083333333  0.000000000  0.666666667   0.0       9  r02
     78  0.083333333  0.000000000  0.833333333   0.0       8  r02
     79  0.083333333  0.083333333  0.000000000   6.0       0  ---
     80  0.083333333  0.083333333  0.166666667  12.0       0  ---
     81  0.083333333  0.083333333  0.333333333  12.0       0  ---
     82  0.083333333  0.083333333  0.500000000   6.0       0  ---
     83  0.083333333  0.083333333  0.666666667   0.0      81  r02
     84  0.083333333  0.083333333  0.833333333   0.0      80  r02
     85  0.083333333  0.166666667  0.000000000  12.0       0  ---
     86  0.083333333  0.166666667  0.166666667  24.0       0  ---
     87  0.083333333  0.166666667  0.333333333  24.0       0  ---
     88  0.083333333  0.166666667  0.500000000  12.0       0  ---
     89  0.083333333  0.166666667  0.666666667   0.0      87  r02
     90  0.083333333  0.166666667  0.833333333   0.0      86  r02
     91  0.083333333  0.250000000  0.000000000  12.0       0  ---
     92  0.083333333  0.250000000  0.166666667  24.0       0  ---
     93  0.083333333  0.250000000  0.333333333  24.0       0  ---
     94  0.083333333  0.250000000  0.500000000  12.0       0  ---
     95  0.083333333  0.250000000  0.666666667   0.0      93  r02
     96  0.083333333  0.250000000  0.833333333   0.0      92  r02
     97  0.083333333  0.333333333  0.000000000  12.0       0  ---
     98  0.083333333  0.333333333  0.166666667  24.0       0  ---
     99  0.083333333  0.333333333  0.333333333  24.0       0  ---
    100  0.083333333  0.333333333  0.500000000  12.0       0  ---
    101  0.083333333  0.333333333  0.666666667   0.0      99  r02
    102  0.083333333  0.333333333  0.833333333   0.0      98  r02
    103  0.083333333  0.416666667  0.000000000  12.0       0  ---
    104  0.083333333  0.416666667  0.166666667  24.0       0  ---
    105  0.083333333  0.416666667  0.333333333  24.0       0  ---
    106  0.083333333  0.416666667  0.500000000  12.0       0  ---
    107  0.083333333  0.416666667  0.666666667   0.0     105  r02
    108  0.083333333  0.416666667  0.833333333   0.0     104  r02
    109  0.083333333  0.500000000  0.000000000   0.0     103  r13
    110  0.083333333  0.500000000  0.166666667   0.0     104  r13
    111  0.083333333  0.500000000  0.333333333   0.0     105  r13
    112  0.083333333  0.500000000  0.500000000   0.0     106  r13
    113  0.083333333  0.500000000  0.666666667   0.0     105  r02
    114  0.083333333  0.500000000  0.833333333   0.0     104  r02
    115  0.083333333  0.583333333  0.000000000   0.0      97  r13
    116  0.083333333  0.583333333  0.166666667   0.0      98  r13
    117  0.083333333  0.583333333  0.333333333   0.0      99  r13
    118  0.083333333  0.583333333  0.500000000   0.0     100  r13
    119  0.083333333  0.583333333  0.666666667   0.0      99  r02
    120  0.083333333  0.583333333  0.833333333   0.0      98  r02
    121  0.083333333  0.666666667  0.000000000   0.0      91  r13
    122  0.083333333  0.666666667  0.166666667   0.0      92  r13
    123  0.083333333  0.666666667  0.333333333   0.0      93  r13
    124  0.083333333  0.666666667  0.500000000   0.0      94  r13
    125  0.083333333  0.666666667  0.666666667   0.0      93  r02
    126  0.083333333  0.666666667  0.833333333   0.0      92  r02
    127  0.083333333  0.750000000  0.000000000   0.0      85  r13
    128  0.083333333  0.750000000  0.166666667   0.0      86  r13
    129  0.083333333  0.750000000  0.333333333   0.0      87  r13
    130  0.083333333  0.750000000  0.500000000   0.0      88  r13
    131  0.083333333  0.750000000  0.666666667   0.0      87  r02
    132  0.083333333  0.750000000  0.833333333   0.0      86  r02
    133  0.083333333  0.833333333  0.000000000   0.0      79  r13
    134  0.083333333  0.833333333  0.166666667   0.0      80  r13
    135  0.083333333  0.833333333  0.333333333   0.0      81  r13
    136  0.083333333  0.833333333  0.500000000   0.0      82  r13
    137  0.083333333  0.833333333  0.666666667   0.0      81  r02
    138  0.083333333  0.833333333  0.833333333   0.0      80  r02
    139  0.083333333  0.916666667  0.000000000   0.0       7  r03
    140  0.083333333  0.916666667  0.166666667   0.0       8  r03
    141  0.083333333  0.916666667  0.333333333   0.0       9  r03
    142  0.083333333  0.916666667  0.500000000   0.0      10  r03
    143  0.083333333  0.916666667  0.666666667   0.0       9  r02
    144  0.083333333  0.916666667  0.833333333   0.0       8  r02
    145  0.166666667  0.000000000  0.000000000   0.0      13  r17
    146  0.166666667  0.000000000  0.166666667   0.0      14  r17
    147  0.166666667  0.000000000  0.333333333   0.0      15  r17
    148  0.166666667  0.000000000  0.500000000   0.0      16  r17
    149  0.166666667  0.000000000  0.666666667   0.0      15  r02
    150  0.166666667  0.000000000  0.833333333   0.0      14  r02
    151  0.166666667  0.083333333  0.000000000   0.0      85  r21
    152  0.166666667  0.083333333  0.166666667   0.0      86  r21
    153  0.166666667  0.083333333  0.333333333   0.0      87  r21
    154  0.166666667  0.083333333  0.500000000   0.0      88  r21
    155  0.166666667  0.083333333  0.666666667   0.0      87  r02
    156  0.166666667  0.083333333  0.833333333   0.0      86  r02
    157  0.166666667  0.166666667  0.000000000   6.0       0  ---
    158  0.166666667  0.166666667  0.166666667  12.0       0  ---
    159  0.166666667  0.166666667  0.333333333  12.0       0  ---
    160  0.166666667  0.166666667  0.500000000   6.0       0  ---
    161  0.166666667  0.166666667  0.666666667   0.0     159  r02
    162  0.166666667  0.166666667  0.833333333   0.0     158  r02
    163  0.166666667  0.250000000  0.000000000  12.0       0  ---
    164  0.166666667  0.250000000  0.166666667  24.0       0  ---
    165  0.166666667  0.250000000  0.333333333  24.0       0  ---
    166  0.166666667  0.250000000  0.500000000  12.0       0  ---
    167  0.166666667  0.250000000  0.666666667   0.0     165  r02
    168  0.166666667  0.250000000  0.833333333   0.0     164  r02
    169  0.166666667  0.333333333  0.000000000  12.0       0  ---
    170  0.166666667  0.333333333  0.166666667  24.0       0  ---
    171  0.166666667  0.333333333  0.333333333  24.0       0  ---
    172  0.166666667  0.333333333  0.500000000  12.0       0  ---
    173  0.166666667  0.333333333  0.666666667   0.0     171  r02
    174  0.166666667  0.333333333  0.833333333   0.0     170  r02
    175  0.166666667  0.416666667  0.000000000   6.0       0  ---
    176  0.166666667  0.416666667  0.166666667  12.0       0  ---
    177  0.166666667  0.416666667  0.333333333  12.0       0  ---
    178  0.166666667  0.416666667  0.500000000   6.0       0  ---
    179  0.166666667  0.416666667  0.666666667   0.0     177  r02
    180  0.166666667  0.416666667  0.833333333   0.0     176  r02
    181  0.166666667  0.500000000  0.000000000   0.0     169  r13
    182  0.166666667  0.500000000  0.166666667   0.0     170  r13
    183  0.166666667  0.500000000  0.333333333   0.0     171  r13
    184  0.166666667  0.500000000  0.500000000   0.0     172  r13
    185  0.166666667  0.500000000  0.666666667   0.0     171  r02
    186  0.166666667  0.500000000  0.833333333   0.0     170  r02
    187  0.166666667  0.583333333  0.000000000   0.0     163  r13
    188  0.166666667  0.583333333  0.166666667   0.0     164  r13
    189  0.166666667  0.583333333  0.333333333   0.0     165  r13
    190  0.166666667  0.583333333  0.500000000   0.0     166  r13
    191  0.166666667  0.583333333  0.666666667   0.0     165  r02
    192  0.166666667  0.583333333  0.833333333   0.0     164  r02
    193  0.166666667  0.666666667  0.000000000   0.0     157  r13
    194  0.166666667  0.666666667  0.166666667   0.0     158  r13
    195  0.166666667  0.666666667  0.333333333   0.0     159  r13
    196  0.166666667  0.666666667  0.500000000   0.0     160  r13
    197  0.166666667  0.666666667  0.666666667   0.0     159  r02
    198  0.166666667  0.666666667  0.833333333   0.0     158  r02
    199  0.166666667  0.750000000  0.000000000   0.0      85  r03
    200  0.166666667  0.750000000  0.166666667   0.0      86  r03
    201  0.166666667  0.750000000  0.333333333   0.0      87  r03
    202  0.166666667  0.750000000  0.500000000   0.0      88  r03
    203  0.166666667  0.750000000  0.666666667   0.0      87  r02
    204  0.166666667  0.750000000  0.833333333   0.0      86  r02
    205  0.166666667  0.833333333  0.000000000   0.0      13  r03
    206  0.166666667  0.833333333  0.166666667   0.0      14  r03
    207  0.166666667  0.833333333  0.333333333   0.0      15  r03
    208  0.166666667  0.833333333  0.500000000   0.0      16  r03
    209  0.166666667  0.833333333  0.666666667   0.0      15  r02
    210  0.166666667  0.833333333  0.833333333   0.0      14  r02
    211  0.166666667  0.916666667  0.000000000   0.0      79  r07
    212  0.166666667  0.916666667  0.166666667   0.0      80  r07
    213  0.166666667  0.916666667  0.333333333   0.0      81  r07
    214  0.166666667  0.916666667  0.500000000   0.0      82  r07
    215  0.166666667  0.916666667  0.666666667   0.0      81  r02
    216  0.166666667  0.916666667  0.833333333   0.0      80  r02
    217  0.250000000  0.000000000  0.000000000   0.0      19  r17
    218  0.250000000  0.000000000  0.166666667   0.0      20  r17
    219  0.250000000  0.000000000  0.333333333   0.0      21  r17
    220  0.250000000  0.000000000  0.500000000   0.0      22  r17
    221  0.250000000  0.000000000  0.666666667   0.0      21  r02
    222  0.250000000  0.000000000  0.833333333   0.0      20  r02
    223  0.250000000  0.083333333  0.000000000   0.0      91  r21
    224  0.250000000  0.083333333  0.166666667   0.0      92  r21
    225  0.250000000  0.083333333  0.333333333   0.0      93  r21
    226  0.250000000  0.083333333  0.500000000   0.0      94  r21
    227  0.250000000  0.083333333  0.666666667   0.0      93  r02
    228  0.250000000  0.083333333  0.833333333   0.0      92  r02
    229  0.250000000  0.166666667  0.000000000   0.0     163  r21
    230  0.250000000  0.166666667  0.166666667   0.0     164  r21
    231  0.250000000  0.166666667  0.333333333   0.0     165  r21
    232  0.250000000  0.166666667  0.500000000   0.0     166  r21
    233  0.250000000  0.166666667  0.666666667   0.0     165  r02
    234  0.250000000  0.166666667  0.833333333   0.0     164  r02
    235  0.250000000  0.250000000  0.000000000   6.0       0  ---
    236  0.250000000  0.250000000  0.166666667  12.0       0  ---
    237  0.250000000  0.250000000  0.333333333  12.0       0  ---
    238  0.250000000  0.250000000  0.500000000   6.0       0  ---
    239  0.250000000  0.250000000  0.666666667   0.0     237  r02
    240  0.250000000  0.250000000  0.833333333   0.0     236  r02
    241  0.250000000  0.333333333  0.000000000  12.0       0  ---
    242  0.250000000  0.333333333  0.166666667  24.0       0  ---
    243  0.250000000  0.333333333  0.333333333  24.0       0  ---
    244  0.250000000  0.333333333  0.500000000  12.0       0  ---
    245  0.250000000  0.333333333  0.666666667   0.0     243  r02
    246  0.250000000  0.333333333  0.833333333   0.0     242  r02
    247  0.250000000  0.416666667  0.000000000   0.0     241  r13
    248  0.250000000  0.416666667  0.166666667   0.0     242  r13
    249  0.250000000  0.416666667  0.333333333   0.0     243  r13
    250  0.250000000  0.416666667  0.500000000   0.0     244  r13
    251  0.250000000  0.416666667  0.666666667   0.0     243  r02
    252  0.250000000  0.416666667  0.833333333   0.0     242  r02
    253  0.250000000  0.500000000  0.000000000   0.0     235  r13
    254  0.250000000  0.500000000  0.166666667   0.0     236  r13
    255  0.250000000  0.500000000  0.333333333   0.0     237  r13
    256  0.250000000  0.500000000  0.500000000   0.0     238  r13
    257  0.250000000  0.500000000  0.666666667   0.0     237  r02
    258  0.250000000  0.500000000  0.833333333   0.0     236  r02
    259  0.250000000  0.583333333  0.000000000   0.0     163  r03
    260  0.250000000  0.583333333  0.166666667   0.0     164  r03
    261  0.250000000  0.583333333  0.333333333   0.0     165  r03
    262  0.250000000  0.583333333  0.500000000   0.0     166  r03
    263  0.250000000  0.583333333  0.666666667   0.0     165  r02
    264  0.250000000  0.583333333  0.833333333   0.0     164  r02
    265  0.250000000  0.666666667  0.000000000   0.0      91  r03
    266  0.250000000  0.666666667  0.166666667   0.0      92  r03
    267  0.250000000  0.666666667  0.333333333   0.0      93  r03
    268  0.250000000  0.666666667  0.500000000   0.0      94  r03
    269  0.250000000  0.666666667  0.666666667   0.0      93  r02
    270  0.250000000  0.666666667  0.833333333   0.0      92  r02
    271  0.250000000  0.750000000  0.000000000   0.0      19  r03
    272  0.250000000  0.750000000  0.166666667   0.0      20  r03
    273  0.250000000  0.750000000  0.333333333   0.0      21  r03
    274  0.250000000  0.750000000  0.500000000   0.0      22  r03
    275  0.250000000  0.750000000  0.666666667   0.0      21  r02
    276  0.250000000  0.750000000  0.833333333   0.0      20  r02
    277  0.250000000  0.833333333  0.000000000   0.0      85  r07
    278  0.250000000  0.833333333  0.166666667   0.0      86  r07
    279  0.250000000  0.833333333  0.333333333   0.0      87  r07
    280  0.250000000  0.833333333  0.500000000   0.0      88  r07
    281  0.250000000  0.833333333  0.666666667   0.0      87  r02
    282  0.250000000  0.833333333  0.833333333   0.0      86  r02
    283  0.250000000  0.916666667  0.000000000   0.0      85  r07
    284  0.250000000  0.916666667  0.166666667   0.0      86  r07
    285  0.250000000  0.916666667  0.333333333   0.0      87  r07
    286  0.250000000  0.916666667  0.500000000   0.0      88  r07
    287  0.250000000  0.916666667  0.666666667   0.0      87  r02
    288  0.250000000  0.916666667  0.833333333   0.0      86  r02
    289  0.333333333  0.000000000  0.000000000   0.0      25  r17
    290  0.333333333  0.000000000  0.166666667   0.0      26  r17
    291  0.333333333  0.000000000  0.333333333   0.0      27  r17
    292  0.333333333  0.000000000  0.500000000   0.0      28  r17
    293  0.333333333  0.000000000  0.666666667   0.0      27  r02
    294  0.333333333  0.000000000  0.833333333   0.0      26  r02
    295  0.333333333  0.083333333  0.000000000   0.0      97  r21
    296  0.333333333  0.083333333  0.166666667   0.0      98  r21
    297  0.333333333  0.083333333  0.333333333   0.0      99  r21
    298  0.333333333  0.083333333  0.500000000   0.0     100  r21
    299  0.333333333  0.083333333  0.666666667   0.0      99  r02
    300  0.333333333  0.083333333  0.833333333   0.0      98  r02
    301  0.333333333  0.166666667  0.000000000   0.0     169  r21
    302  0.333333333  0.166666667  0.166666667   0.0     170  r21
    303  0.333333333  0.166666667  0.333333333   0.0     171  r21
    304  0.333333333  0.166666667  0.500000000   0.0     172  r21
    305  0.333333333  0.166666667  0.666666667   0.0     171  r02
    306  0.333333333  0.166666667  0.833333333   0.0     170  r02
    307  0.333333333  0.250000000  0.000000000   0.0     241  r21
    308  0.333333333  0.250000000  0.166666667   0.0     242  r21
    309  0.333333333  0.250000000  0.333333333   0.0     243  r21
    310  0.333333333  0.250000000  0.500000000   0.0     244  r21
    311  0.333333333  0.250000000  0.666666667   0.0     243  r02
    312  0.333333333  0.250000000  0.833333333   0.0     242  r02
    313  0.333333333  0.333333333  0.000000000   2.0       0  ---
    314  0.333333333  0.333333333  0.166666667   4.0       0  ---
    315  0.333333333  0.333333333  0.333333333   4.0       0  ---
    316  0.333333333  0.333333333  0.500000000   2.0       0  ---
    317  0.333333333  0.333333333  0.666666667   0.0     315  r02
    318  0.333333333  0.333333333  0.833333333   0.0     314  r02
    319  0.333333333  0.416666667  0.000000000   0.0     241  r03
    320  0.333333333  0.416666667  0.166666667   0.0     242  r03
    321  0.333333333  0.416666667  0.333333333   0.0     243  r03
    322  0.333333333  0.416666667  0.500000000   0.0     244  r03
    323  0.333333333  0.416666667  0.666666667   0.0     243  r02
    324  0.333333333  0.416666667  0.833333333   0.0     242  r02
    325  0.333333333  0.500000000  0.000000000   0.0     169  r03
    326  0.333333333  0.500000000  0.166666667   0.0     170  r03
    327  0.333333333  0.500000000  0.333333333   0.0     171  r03
    328  0.333333333  0.500000000  0.500000000   0.0     172  r03
    329  0.333333333  0.500000000  0.666666667   0.0     171  r02
    330  0.333333333  0.500000000  0.833333333   0.0     170  r02
    331  0.333333333  0.583333333  0.000000000   0.0      97  r03
    332  0.333333333  0.583333333  0.166666667   0.0      98  r03
    333  0.333333333  0.583333333  0.333333333   0.0      99  r03
    334  0.333333333  0.583333333  0.500000000   0.0     100  r03
    335  0.333333333  0.583333333  0.666666667   0.0      99  r02
    336  0.333333333  0.583333333  0.833333333   0.0      98  r02
    337  0.333333333  0.666666667  0.000000000   0.0      25  r03
    338  0.333333333  0.666666667  0.166666667   0.0      26  r03
    339  0.333333333  0.666666667  0.333333333   0.0      27  r03
    340  0.333333333  0.666666667  0.500000000   0.0      28  r03
    341  0.333333333  0.666666667  0.666666667   0.0      27  r02
    342  0.333333333  0.666666667  0.833333333   0.0      26  r02
    343  0.333333333  0.750000000  0.000000000   0.0      91  r07
    344  0.333333333  0.750000000  0.166666667   0.0      92  r07
    345  0.333333333  0.750000000  0.333333333   0.0      93  r07
    346  0.333333333  0.750000000  0.500000000   0.0      94  r07
    347  0.333333333  0.750000000  0.666666667   0.0      93  r02
    348  0.333333333  0.750000000  0.833333333   0.0      92  r02
    349  0.333333333  0.833333333  0.000000000   0.0     157  r07
    350  0.333333333  0.833333333  0.166666667   0.0     158  r07
    351  0.333333333  0.833333333  0.333333333   0.0     159  r07
    352  0.333333333  0.833333333  0.500000000   0.0     160  r07
    353  0.333333333  0.833333333  0.666666667   0.0     159  r02
    354  0.333333333  0.833333333  0.833333333   0.0     158  r02
    355  0.333333333  0.916666667  0.000000000   0.0      91  r07
    356  0.333333333  0.916666667  0.166666667   0.0      92  r07
    357  0.333333333  0.916666667  0.333333333   0.0      93  r07
    358  0.333333333  0.916666667  0.500000000   0.0      94  r07
    359  0.333333333  0.916666667  0.666666667   0.0      93  r02
    360  0.333333333  0.916666667  0.833333333   0.0      92  r02
    361  0.416666667  0.000000000  0.000000000   0.0      31  r17
    362  0.416666667  0.000000000  0.166666667   0.0      32  r17
    363  0.416666667  0.000000000  0.333333333   0.0      33  r17
    364  0.416666667  0.000000000  0.500000000   0.0      34  r17
    365  0.416666667  0.000000000  0.666666667   0.0      33  r02
    366  0.416666667  0.000000000  0.833333333   0.0      32  r02
    367  0.416666667  0.083333333  0.000000000   0.0     103  r21
    368  0.416666667  0.083333333  0.166666667   0.0     104  r21
    369  0.416666667  0.083333333  0.333333333   0.0     105  r21
    370  0.416666667  0.083333333  0.500000000   0.0     106  r21
    371  0.416666667  0.083333333  0.666666667   0.0     105  r02
    372  0.416666667  0.083333333  0.833333333   0.0     104  r02
    373  0.416666667  0.166666667  0.000000000   0.0     175  r21
    374  0.416666667  0.166666667  0.166666667   0.0     176  r21
    375  0.416666667  0.166666667  0.333333333   0.0     177  r21
    376  0.416666667  0.166666667  0.500000000   0.0     178  r21
    377  0.416666667  0.166666667  0.666666667   0.0     177  r02
    378  0.416666667  0.166666667  0.833333333   0.0     176  r02
    379  0.416666667  0.250000000  0.000000000   0.0     241  r03
    380  0.416666667  0.250000000  0.166666667   0.0     242  r03
    381  0.416666667  0.250000000  0.333333333   0.0     243  r03
    382  0.416666667  0.250000000  0.500000000   0.0     244  r03
    383  0.416666667  0.250000000  0.666666667   0.0     243  r02
    384  0.416666667  0.250000000  0.833333333   0.0     242  r02
    385  0.416666667  0.333333333  0.000000000   0.0     241  r03
    386  0.416666667  0.333333333  0.166666667   0.0     242  r03
    387  0.416666667  0.333333333  0.333333333   0.0     243  r03
    388  0.416666667  0.333333333  0.500000000   0.0     244  r03
    389  0.416666667  0.333333333  0.666666667   0.0     243  r02
    390  0.416666667  0.333333333  0.833333333   0.0     242  r02
    391  0.416666667  0.416666667  0.000000000   0.0     175  r03
    392  0.416666667  0.416666667  0.166666667   0.0     176  r03
    393  0.416666667  0.416666667  0.333333333   0.0     177  r03
    394  0.416666667  0.416666667  0.500000000   0.0     178  r03
    395  0.416666667  0.416666667  0.666666667   0.0     177  r02
    396  0.416666667  0.416666667  0.833333333   0.0     176  r02
    397  0.416666667  0.500000000  0.000000000   0.0     103  r03
    398  0.416666667  0.500000000  0.166666667   0.0     104  r03
    399  0.416666667  0.500000000  0.333333333   0.0     105  r03
    400  0.416666667  0.500000000  0.500000000   0.0     106  r03
    401  0.416666667  0.500000000  0.666666667   0.0     105  r02
    402  0.416666667  0.500000000  0.833333333   0.0     104  r02
    403  0.416666667  0.583333333  0.000000000   0.0      31  r03
    404  0.416666667  0.583333333  0.166666667   0.0      32  r03
    405  0.416666667  0.583333333  0.333333333   0.0      33  r03
    406  0.416666667  0.583333333  0.500000000   0.0      34  r03
    407  0.416666667  0.583333333  0.666666667   0.0      33  r02
    408  0.416666667  0.583333333  0.833333333   0.0      32  r02
    409  0.416666667  0.666666667  0.000000000   0.0      97  r07
    410  0.416666667  0.666666667  0.166666667   0.0      98  r07
    411  0.416666667  0.666666667  0.333333333   0.0      99  r07
    412  0.416666667  0.666666667  0.500000000   0.0     100  r07
    413  0.416666667  0.666666667  0.666666667   0.0      99  r02
    414  0.416666667  0.666666667  0.833333333   0.0      98  r02
    415  0.416666667  0.750000000  0.000000000   0.0     163  r07
    416  0.416666667  0.750000000  0.166666667   0.0     164  r07
    417  0.416666667  0.750000000  0.333333333   0.0     165  r07
    418  0.416666667  0.750000000  0.500000000   0.0     166  r07
    419  0.416666667  0.750000000  0.666666667   0.0     165  r02
    420  0.416666667  0.750000000  0.833333333   0.0     164  r02
    421  0.416666667  0.833333333  0.000000000   0.0     163  r07
    422  0.416666667  0.833333333  0.166666667   0.0     164  r07
    423  0.416666667  0.833333333  0.333333333   0.0     165  r07
    424  0.416666667  0.833333333  0.500000000   0.0     166  r07
    425  0.416666667  0.833333333  0.666666667   0.0     165  r02
    426  0.416666667  0.833333333  0.833333333   0.0     164  r02
    427  0.416666667  0.916666667  0.000000000   0.0      97  r07
    428  0.416666667  0.916666667  0.166666667   0.0      98  r07
    429  0.416666667  0.916666667  0.333333333   0.0      99  r07
    430  0.416666667  0.916666667  0.500000000   0.0     100  r07
    431  0.416666667  0.916666667  0.666666667   0.0      99  r02
    432  0.416666667  0.916666667  0.833333333   0.0      98  r02
    433  0.500000000  0.000000000  0.000000000   0.0      37  r17
    434  0.500000000  0.000000000  0.166666667   0.0      38  r17
    435  0.500000000  0.000000000  0.333333333   0.0      39  r17
    436  0.500000000  0.000000000  0.500000000   0.0      40  r17
    437  0.500000000  0.000000000  0.666666667   0.0      39  r02
    438  0.500000000  0.000000000  0.833333333   0.0      38  r02
    439  0.500000000  0.083333333  0.000000000   0.0     103  r03
    440  0.500000000  0.083333333  0.166666667   0.0     104  r03
    441  0.500000000  0.083333333  0.333333333   0.0     105  r03
    442  0.500000000  0.083333333  0.500000000   0.0     106  r03
    443  0.500000000  0.083333333  0.666666667   0.0     105  r02
    444  0.500000000  0.083333333  0.833333333   0.0     104  r02
    445  0.500000000  0.166666667  0.000000000   0.0     169  r03
    446  0.500000000  0.166666667  0.166666667   0.0     170  r03
    447  0.500000000  0.166666667  0.333333333   0.0     171  r03
    448  0.500000000  0.166666667  0.500000000   0.0     172  r03
    449  0.500000000  0.166666667  0.666666667   0.0     171  r02
    450  0.500000000  0.166666667  0.833333333   0.0     170  r02
    451  0.500000000  0.250000000  0.000000000   0.0     235  r03
    452  0.500000000  0.250000000  0.166666667   0.0     236  r03
    453  0.500000000  0.250000000  0.333333333   0.0     237  r03
    454  0.500000000  0.250000000  0.500000000   0.0     238  r03
    455  0.500000000  0.250000000  0.666666667   0.0     237  r02
    456  0.500000000  0.250000000  0.833333333   0.0     236  r02
    457  0.500000000  0.333333333  0.000000000   0.0     169  r03
    458  0.500000000  0.333333333  0.166666667   0.0     170  r03
    459  0.500000000  0.333333333  0.333333333   0.0     171  r03
    460  0.500000000  0.333333333  0.500000000   0.0     172  r03
    461  0.500000000  0.333333333  0.666666667   0.0     171  r02
    462  0.500000000  0.333333333  0.833333333   0.0     170  r02
    463  0.500000000  0.416666667  0.000000000   0.0     103  r03
    464  0.500000000  0.416666667  0.166666667   0.0     104  r03
    465  0.500000000  0.416666667  0.333333333   0.0     105  r03
    466  0.500000000  0.416666667  0.500000000   0.0     106  r03
    467  0.500000000  0.416666667  0.666666667   0.0     105  r02
    468  0.500000000  0.416666667  0.833333333   0.0     104  r02
    469  0.500000000  0.500000000  0.000000000   0.0      37  r03
    470  0.500000000  0.500000000  0.166666667   0.0      38  r03
    471  0.500000000  0.500000000  0.333333333   0.0      39  r03
    472  0.500000000  0.500000000  0.500000000   0.0      40  r03
    473  0.500000000  0.500000000  0.666666667   0.0      39  r02
    474  0.500000000  0.500000000  0.833333333   0.0      38  r02
    475  0.500000000  0.583333333  0.000000000   0.0     103  r05
    476  0.500000000  0.583333333  0.166666667   0.0     104  r05
    477  0.500000000  0.583333333  0.333333333   0.0     105  r05
    478  0.500000000  0.583333333  0.500000000   0.0     106  r05
    479  0.500000000  0.583333333  0.666666667   0.0     105  r02
    480  0.500000000  0.583333333  0.833333333   0.0     104  r02
    481  0.500000000  0.666666667  0.000000000   0.0     169  r05
    482  0.500000000  0.666666667  0.166666667   0.0     170  r05
    483  0.500000000  0.666666667  0.333333333   0.0     171  r05
    484  0.500000000  0.666666667  0.500000000   0.0     172  r05
    485  0.500000000  0.666666667  0.666666667   0.0     171  r02
    486  0.500000000  0.666666667  0.833333333   0.0     170  r02
    487  0.500000000  0.750000000  0.000000000   0.0     235  r05
    488  0.500000000  0.750000000  0.166666667   0.0     236  r05
    489  0.500000000  0.750000000  0.333333333   0.0     237  r05
    490  0.500000000  0.750000000  0.500000000   0.0     238  r05
    491  0.500000000  0.750000000  0.666666667   0.0     237  r02
    492  0.500000000  0.750000000  0.833333333   0.0     236  r02
    493  0.500000000  0.833333333  0.000000000   0.0     169  r05
    494  0.500000000  0.833333333  0.166666667   0.0     170  r05
    495  0.500000000  0.833333333  0.333333333   0.0     171  r05
    496  0.500000000  0.833333333  0.500000000   0.0     172  r05
    497  0.500000000  0.833333333  0.666666667   0.0     171  r02
    498  0.500000000  0.833333333  0.833333333   0.0     170  r02
    499  0.500000000  0.916666667  0.000000000   0.0     103  r05
    500  0.500000000  0.916666667  0.166666667   0.0     104  r05
    501  0.500000000  0.916666667  0.333333333   0.0     105  r05
    502  0.500000000  0.916666667  0.500000000   0.0     106  r05
    503  0.500000000  0.916666667  0.666666667   0.0     105  r02
    504  0.500000000  0.916666667  0.833333333   0.0     104  r02
    505  0.583333333  0.000000000  0.000000000   0.0      31  r03
    506  0.583333333  0.000000000  0.166666667   0.0      32  r03
    507  0.583333333  0.000000000  0.333333333   0.0      33  r03
    508  0.583333333  0.000000000  0.500000000   0.0      34  r03
    509  0.583333333  0.000000000  0.666666667   0.0      33  r02
    510  0.583333333  0.000000000  0.833333333   0.0      32  r02
    511  0.583333333  0.083333333  0.000000000   0.0      97  r03
    512  0.583333333  0.083333333  0.166666667   0.0      98  r03
    513  0.583333333  0.083333333  0.333333333   0.0      99  r03
    514  0.583333333  0.083333333  0.500000000   0.0     100  r03
    515  0.583333333  0.083333333  0.666666667   0.0      99  r02
    516  0.583333333  0.083333333  0.833333333   0.0      98  r02
    517  0.583333333  0.166666667  0.000000000   0.0     163  r03
    518  0.583333333  0.166666667  0.166666667   0.0     164  r03
    519  0.583333333  0.166666667  0.333333333   0.0     165  r03
    520  0.583333333  0.166666667  0.500000000   0.0     166  r03
    521  0.583333333  0.166666667  0.666666667   0.0     165  r02
    522  0.583333333  0.166666667  0.833333333   0.0     164  r02
    523  0.583333333  0.250000000  0.000000000   0.0     163  r03
    524  0.583333333  0.250000000  0.166666667   0.0     164  r03
    525  0.583333333  0.250000000  0.333333333   0.0     165  r03
    526  0.583333333  0.250000000  0.500000000   0.0     166  r03
    527  0.583333333  0.250000000  0.666666667   0.0     165  r02
    528  0.583333333  0.250000000  0.833333333   0.0     164  r02
    529  0.583333333  0.333333333  0.000000000   0.0      97  r03
    530  0.583333333  0.333333333  0.166666667   0.0      98  r03
    531  0.583333333  0.333333333  0.333333333   0.0      99  r03
    532  0.583333333  0.333333333  0.500000000   0.0     100  r03
    533  0.583333333  0.333333333  0.666666667   0.0      99  r02
    534  0.583333333  0.333333333  0.833333333   0.0      98  r02
    535  0.583333333  0.416666667  0.000000000   0.0      31  r03
    536  0.583333333  0.416666667  0.166666667   0.0      32  r03
    537  0.583333333  0.416666667  0.333333333   0.0      33  r03
    538  0.583333333  0.416666667  0.500000000   0.0      34  r03
    539  0.583333333  0.416666667  0.666666667   0.0      33  r02
    540  0.583333333  0.416666667  0.833333333   0.0      32  r02
    541  0.583333333  0.500000000  0.000000000   0.0     103  r05
    542  0.583333333  0.500000000  0.166666667   0.0     104  r05
    543  0.583333333  0.500000000  0.333333333   0.0     105  r05
    544  0.583333333  0.500000000  0.500000000   0.0     106  r05
    545  0.583333333  0.500000000  0.666666667   0.0     105  r02
    546  0.583333333  0.500000000  0.833333333   0.0     104  r02
    547  0.583333333  0.583333333  0.000000000   0.0     175  r05
    548  0.583333333  0.583333333  0.166666667   0.0     176  r05
    549  0.583333333  0.583333333  0.333333333   0.0     177  r05
    550  0.583333333  0.583333333  0.500000000   0.0     178  r05
    551  0.583333333  0.583333333  0.666666667   0.0     177  r02
    552  0.583333333  0.583333333  0.833333333   0.0     176  r02
    553  0.583333333  0.666666667  0.000000000   0.0     241  r05
    554  0.583333333  0.666666667  0.166666667   0.0     242  r05
    555  0.583333333  0.666666667  0.333333333   0.0     243  r05
    556  0.583333333  0.666666667  0.500000000   0.0     244  r05
    557  0.583333333  0.666666667  0.666666667   0.0     243  r02
    558  0.583333333  0.666666667  0.833333333   0.0     242  r02
    559  0.583333333  0.750000000  0.000000000   0.0     241  r05
    560  0.583333333  0.750000000  0.166666667   0.0     242  r05
    561  0.583333333  0.750000000  0.333333333   0.0     243  r05
    562  0.583333333  0.750000000  0.500000000   0.0     244  r05
    563  0.583333333  0.750000000  0.666666667   0.0     243  r02
    564  0.583333333  0.750000000  0.833333333   0.0     242  r02
    565  0.583333333  0.833333333  0.000000000   0.0     175  r05
    566  0.583333333  0.833333333  0.166666667   0.0     176  r05
    567  0.583333333  0.833333333  0.333333333   0.0     177  r05
    568  0.583333333  0.833333333  0.500000000   0.0     178  r05
    569  0.583333333  0.833333333  0.666666667   0.0     177  r02
    570  0.583333333  0.833333333  0.833333333   0.0     176  r02
    571  0.583333333  0.916666667  0.000000000   0.0     103  r03
    572  0.583333333  0.916666667  0.166666667   0.0     104  r03
    573  0.583333333  0.916666667  0.333333333   0.0     105  r03
    574  0.583333333  0.916666667  0.500000000   0.0     106  r03
    575  0.583333333  0.916666667  0.666666667   0.0     105  r02
    576  0.583333333  0.916666667  0.833333333   0.0     104  r02
    577  0.666666667  0.000000000  0.000000000   0.0      25  r03
    578  0.666666667  0.000000000  0.166666667   0.0      26  r03
    579  0.666666667  0.000000000  0.333333333   0.0      27  r03
    580  0.666666667  0.000000000  0.500000000   0.0      28  r03
    581  0.666666667  0.000000000  0.666666667   0.0      27  r02
    582  0.666666667  0.000000000  0.833333333   0.0      26  r02
    583  0.666666667  0.083333333  0.000000000   0.0      91  r03
    584  0.666666667  0.083333333  0.166666667   0.0      92  r03
    585  0.666666667  0.083333333  0.333333333   0.0      93  r03
    586  0.666666667  0.083333333  0.500000000   0.0      94  r03
    587  0.666666667  0.083333333  0.666666667   0.0      93  r02
    588  0.666666667  0.083333333  0.833333333   0.0      92  r02
    589  0.666666667  0.166666667  0.000000000   0.0     157  r03
    590  0.666666667  0.166666667  0.166666667   0.0     158  r03
    591  0.666666667  0.166666667  0.333333333   0.0     159  r03
    592  0.666666667  0.166666667  0.500000000   0.0     160  r03
    593  0.666666667  0.166666667  0.666666667   0.0     159  r02
    594  0.666666667  0.166666667  0.833333333   0.0     158  r02
    595  0.666666667  0.250000000  0.000000000   0.0      91  r03
    596  0.666666667  0.250000000  0.166666667   0.0      92  r03
    597  0.666666667  0.250000000  0.333333333   0.0      93  r03
    598  0.666666667  0.250000000  0.500000000   0.0      94  r03
    599  0.666666667  0.250000000  0.666666667   0.0      93  r02
    600  0.666666667  0.250000000  0.833333333   0.0      92  r02
    601  0.666666667  0.333333333  0.000000000   0.0      25  r03
    602  0.666666667  0.333333333  0.166666667   0.0      26  r03
    603  0.666666667  0.333333333  0.333333333   0.0      27  r03
    604  0.666666667  0.333333333  0.500000000   0.0      28  r03
    605  0.666666667  0.333333333  0.666666667   0.0      27  r02
    606  0.666666667  0.333333333  0.833333333   0.0      26  r02
    607  0.666666667  0.416666667  0.000000000   0.0      97  r05
    608  0.666666667  0.416666667  0.166666667   0.0      98  r05
    609  0.666666667  0.416666667  0.333333333   0.0      99  r05
    610  0.666666667  0.416666667  0.500000000   0.0     100  r05
    611  0.666666667  0.416666667  0.666666667   0.0      99  r02
    612  0.666666667  0.416666667  0.833333333   0.0      98  r02
    613  0.666666667  0.500000000  0.000000000   0.0     169  r05
    614  0.666666667  0.500000000  0.166666667   0.0     170  r05
    615  0.666666667  0.500000000  0.333333333   0.0     171  r05
    616  0.666666667  0.500000000  0.500000000   0.0     172  r05
    617  0.666666667  0.500000000  0.666666667   0.0     171  r02
    618  0.666666667  0.500000000  0.833333333   0.0     170  r02
    619  0.666666667  0.583333333  0.000000000   0.0     241  r05
    620  0.666666667  0.583333333  0.166666667   0.0     242  r05
    621  0.666666667  0.583333333  0.333333333   0.0     243  r05
    622  0.666666667  0.583333333  0.500000000   0.0     244  r05
    623  0.666666667  0.583333333  0.666666667   0.0     243  r02
    624  0.666666667  0.583333333  0.833333333   0.0     242  r02
    625  0.666666667  0.666666667  0.000000000   0.0     313  r05
    626  0.666666667  0.666666667  0.166666667   0.0     314  r05
    627  0.666666667  0.666666667  0.333333333   0.0     315  r05
    628  0.666666667  0.666666667  0.500000000   0.0     316  r05
    629  0.666666667  0.666666667  0.666666667   0.0     315  r02
    630  0.666666667  0.666666667  0.833333333   0.0     314  r02
    631  0.666666667  0.750000000  0.000000000   0.0     241  r03
    632  0.666666667  0.750000000  0.166666667   0.0     242  r03
    633  0.666666667  0.750000000  0.333333333   0.0     243  r03
    634  0.666666667  0.750000000  0.500000000   0.0     244  r03
    635  0.666666667  0.750000000  0.666666667   0.0     243  r02
    636  0.666666667  0.750000000  0.833333333   0.0     242  r02
    637  0.666666667  0.833333333  0.000000000   0.0     169  r03
    638  0.666666667  0.833333333  0.166666667   0.0     170  r03
    639  0.666666667  0.833333333  0.333333333   0.0     171  r03
    640  0.666666667  0.833333333  0.500000000   0.0     172  r03
    641  0.666666667  0.833333333  0.666666667   0.0     171  r02
    642  0.666666667  0.833333333  0.833333333   0.0     170  r02
    643  0.666666667  0.916666667  0.000000000   0.0      97  r03
    644  0.666666667  0.916666667  0.166666667   0.0      98  r03
    645  0.666666667  0.916666667  0.333333333   0.0      99  r03
    646  0.666666667  0.916666667  0.500000000   0.0     100  r03
    647  0.666666667  0.916666667  0.666666667   0.0      99  r02
    648  0.666666667  0.916666667  0.833333333   0.0      98  r02
    649  0.750000000  0.000000000  0.000000000   0.0      19  r03
    650  0.750000000  0.000000000  0.166666667   0.0      20  r03
    651  0.750000000  0.000000000  0.333333333   0.0      21  r03
    652  0.750000000  0.000000000  0.500000000   0.0      22  r03
    653  0.750000000  0.000000000  0.666666667   0.0      21  r02
    654  0.750000000  0.000000000  0.833333333   0.0      20  r02
    655  0.750000000  0.083333333  0.000000000   0.0      85  r03
    656  0.750000000  0.083333333  0.166666667   0.0      86  r03
    657  0.750000000  0.083333333  0.333333333   0.0      87  r03
    658  0.750000000  0.083333333  0.500000000   0.0      88  r03
    659  0.750000000  0.083333333  0.666666667   0.0      87  r02
    660  0.750000000  0.083333333  0.833333333   0.0      86  r02
    661  0.750000000  0.166666667  0.000000000   0.0      85  r03
    662  0.750000000  0.166666667  0.166666667   0.0      86  r03
    663  0.750000000  0.166666667  0.333333333   0.0      87  r03
    664  0.750000000  0.166666667  0.500000000   0.0      88  r03
    665  0.750000000  0.166666667  0.666666667   0.0      87  r02
    666  0.750000000  0.166666667  0.833333333   0.0      86  r02
    667  0.750000000  0.250000000  0.000000000   0.0      19  r03
    668  0.750000000  0.250000000  0.166666667   0.0      20  r03
    669  0.750000000  0.250000000  0.333333333   0.0      21  r03
    670  0.750000000  0.250000000  0.500000000   0.0      22  r03
    671  0.750000000  0.250000000  0.666666667   0.0      21  r02
    672  0.750000000  0.250000000  0.833333333   0.0      20  r02
    673  0.750000000  0.333333333  0.000000000   0.0      91  r05
    674  0.750000000  0.333333333  0.166666667   0.0      92  r05
    675  0.750000000  0.333333333  0.333333333   0.0      93  r05
    676  0.750000000  0.333333333  0.500000000   0.0      94  r05
    677  0.750000000  0.333333333  0.666666667   0.0      93  r02
    678  0.750000000  0.333333333  0.833333333   0.0      92  r02
    679  0.750000000  0.416666667  0.000000000   0.0     163  r05
    680  0.750000000  0.416666667  0.166666667   0.0     164  r05
    681  0.750000000  0.416666667  0.333333333   0.0     165  r05
    682  0.750000000  0.416666667  0.500000000   0.0     166  r05
    683  0.750000000  0.416666667  0.666666667   0.0     165  r02
    684  0.750000000  0.416666667  0.833333333   0.0     164  r02
    685  0.750000000  0.500000000  0.000000000   0.0     235  r05
    686  0.750000000  0.500000000  0.166666667   0.0     236  r05
    687  0.750000000  0.500000000  0.333333333   0.0     237  r05
    688  0.750000000  0.500000000  0.500000000   0.0     238  r05
    689  0.750000000  0.500000000  0.666666667   0.0     237  r02
    690  0.750000000  0.500000000  0.833333333   0.0     236  r02
    691  0.750000000  0.583333333  0.000000000   0.0     241  r03
    692  0.750000000  0.583333333  0.166666667   0.0     242  r03
    693  0.750000000  0.583333333  0.333333333   0.0     243  r03
    694  0.750000000  0.583333333  0.500000000   0.0     244  r03
    695  0.750000000  0.583333333  0.666666667   0.0     243  r02
    696  0.750000000  0.583333333  0.833333333   0.0     242  r02
    697  0.750000000  0.666666667  0.000000000   0.0     241  r03
    698  0.750000000  0.666666667  0.166666667   0.0     242  r03
    699  0.750000000  0.666666667  0.333333333   0.0     243  r03
    700  0.750000000  0.666666667  0.500000000   0.0     244  r03
    701  0.750000000  0.666666667  0.666666667   0.0     243  r02
    702  0.750000000  0.666666667  0.833333333   0.0     242  r02
    703  0.750000000  0.750000000  0.000000000   0.0     235  r03
    704  0.750000000  0.750000000  0.166666667   0.0     236  r03
    705  0.750000000  0.750000000  0.333333333   0.0     237  r03
    706  0.750000000  0.750000000  0.500000000   0.0     238  r03
    707  0.750000000  0.750000000  0.666666667   0.0     237  r02
    708  0.750000000  0.750000000  0.833333333   0.0     236  r02
    709  0.750000000  0.833333333  0.000000000   0.0     163  r03
    710  0.750000000  0.833333333  0.166666667   0.0     164  r03
    711  0.750000000  0.833333333  0.333333333   0.0     165  r03
    712  0.750000000  0.833333333  0.500000000   0.0     166  r03
    713  0.750000000  0.833333333  0.666666667   0.0     165  r02
    714  0.750000000  0.833333333  0.833333333   0.0     164  r02
    715  0.750000000  0.916666667  0.000000000   0.0      91  r03
    716  0.750000000  0.916666667  0.166666667   0.0      92  r03
    717  0.750000000  0.916666667  0.333333333   0.0      93  r03
    718  0.750000000  0.916666667  0.500000000   0.0      94  r03
    719  0.750000000  0.916666667  0.666666667   0.0      93  r02
    720  0.750000000  0.916666667  0.833333333   0.0      92  r02
    721  0.833333333  0.000000000  0.000000000   0.0      13  r03
    722  0.833333333  0.000000000  0.166666667   0.0      14  r03
    723  0.833333333  0.000000000  0.333333333   0.0      15  r03
    724  0.833333333  0.000000000  0.500000000   0.0      16  r03
    725  0.833333333  0.000000000  0.666666667   0.0      15  r02
    726  0.833333333  0.000000000  0.833333333   0.0      14  r02
    727  0.833333333  0.083333333  0.000000000   0.0      79  r03
    728  0.833333333  0.083333333  0.166666667   0.0      80  r03
    729  0.833333333  0.083333333  0.333333333   0.0      81  r03
    730  0.833333333  0.083333333  0.500000000   0.0      82  r03
    731  0.833333333  0.083333333  0.666666667   0.0      81  r02
    732  0.833333333  0.083333333  0.833333333   0.0      80  r02
    733  0.833333333  0.166666667  0.000000000   0.0      13  r03
    734  0.833333333  0.166666667  0.166666667   0.0      14  r03
    735  0.833333333  0.166666667  0.333333333   0.0      15  r03
    736  0.833333333  0.166666667  0.500000000   0.0      16  r03
    737  0.833333333  0.166666667  0.666666667   0.0      15  r02
    738  0.833333333  0.166666667  0.833333333   0.0      14  r02
    739  0.833333333  0.250000000  0.000000000   0.0      85  r05
    740  0.833333333  0.250000000  0.166666667   0.0      86  r05
    741  0.833333333  0.250000000  0.333333333   0.0      87  r05
    742  0.833333333  0.250000000  0.500000000   0.0      88  r05
    743  0.833333333  0.250000000  0.666666667   0.0      87  r02
    744  0.833333333  0.250000000  0.833333333   0.0      86  r02
    745  0.833333333  0.333333333  0.000000000   0.0     157  r05
    746  0.833333333  0.333333333  0.166666667   0.0     158  r05
    747  0.833333333  0.333333333  0.333333333   0.0     159  r05
    748  0.833333333  0.333333333  0.500000000   0.0     160  r05
    749  0.833333333  0.333333333  0.666666667   0.0     159  r02
    750  0.833333333  0.333333333  0.833333333   0.0     158  r02
    751  0.833333333  0.416666667  0.000000000   0.0     163  r03
    752  0.833333333  0.416666667  0.166666667   0.0     164  r03
    753  0.833333333  0.416666667  0.333333333   0.0     165  r03
    754  0.833333333  0.416666667  0.500000000   0.0     166  r03
    755  0.833333333  0.416666667  0.666666667   0.0     165  r02
    756  0.833333333  0.416666667  0.833333333   0.0     164  r02
    757  0.833333333  0.500000000  0.000000000   0.0     169  r03
    758  0.833333333  0.500000000  0.166666667   0.0     170  r03
    759  0.833333333  0.500000000  0.333333333   0.0     171  r03
    760  0.833333333  0.500000000  0.500000000   0.0     172  r03
    761  0.833333333  0.500000000  0.666666667   0.0     171  r02
    762  0.833333333  0.500000000  0.833333333   0.0     170  r02
    763  0.833333333  0.583333333  0.000000000   0.0     175  r03
    764  0.833333333  0.583333333  0.166666667   0.0     176  r03
    765  0.833333333  0.583333333  0.333333333   0.0     177  r03
    766  0.833333333  0.583333333  0.500000000   0.0     178  r03
    767  0.833333333  0.583333333  0.666666667   0.0     177  r02
    768  0.833333333  0.583333333  0.833333333   0.0     176  r02
    769  0.833333333  0.666666667  0.000000000   0.0     169  r03
    770  0.833333333  0.666666667  0.166666667   0.0     170  r03
    771  0.833333333  0.666666667  0.333333333   0.0     171  r03
    772  0.833333333  0.666666667  0.500000000   0.0     172  r03
    773  0.833333333  0.666666667  0.666666667   0.0     171  r02
    774  0.833333333  0.666666667  0.833333333   0.0     170  r02
    775  0.833333333  0.750000000  0.000000000   0.0     163  r03
    776  0.833333333  0.750000000  0.166666667   0.0     164  r03
    777  0.833333333  0.750000000  0.333333333   0.0     165  r03
    778  0.833333333  0.750000000  0.500000000   0.0     166  r03
    779  0.833333333  0.750000000  0.666666667   0.0     165  r02
    780  0.833333333  0.750000000  0.833333333   0.0     164  r02
    781  0.833333333  0.833333333  0.000000000   0.0     157  r03
    782  0.833333333  0.833333333  0.166666667   0.0     158  r03
    783  0.833333333  0.833333333  0.333333333   0.0     159  r03
    784  0.833333333  0.833333333  0.500000000   0.0     160  r03
    785  0.833333333  0.833333333  0.666666667   0.0     159  r02
    786  0.833333333  0.833333333  0.833333333   0.0     158  r02
    787  0.833333333  0.916666667  0.000000000   0.0      85  r03
    788  0.833333333  0.916666667  0.166666667   0.0      86  r03
    789  0.833333333  0.916666667  0.333333333   0.0      87  r03
    790  0.833333333  0.916666667  0.500000000   0.0      88  r03
    791  0.833333333  0.916666667  0.666666667   0.0      87  r02
    792  0.833333333  0.916666667  0.833333333   0.0      86  r02
    793  0.916666667  0.000000000  0.000000000   0.0       7  r03
    794  0.916666667  0.000000000  0.166666667   0.0       8  r03
    795  0.916666667  0.000000000  0.333333333   0.0       9  r03
    796  0.916666667  0.000000000  0.500000000   0.0      10  r03
    797  0.916666667  0.000000000  0.666666667   0.0       9  r02
    798  0.916666667  0.000000000  0.833333333   0.0       8  r02
    799  0.916666667  0.083333333  0.000000000   0.0       7  r03
    800  0.916666667  0.083333333  0.166666667   0.0       8  r03
    801  0.916666667  0.083333333  0.333333333   0.0       9  r03
    802  0.916666667  0.083333333  0.500000000   0.0      10  r03
    803  0.916666667  0.083333333  0.666666667   0.0       9  r02
    804  0.916666667  0.083333333  0.833333333   0.0       8  r02
    805  0.916666667  0.166666667  0.000000000   0.0      79  r05
    806  0.916666667  0.166666667  0.166666667   0.0      80  r05
    807  0.916666667  0.166666667  0.333333333   0.0      81  r05
    808  0.916666667  0.166666667  0.500000000   0.0      82  r05
    809  0.916666667  0.166666667  0.666666667   0.0      81  r02
    810  0.916666667  0.166666667  0.833333333   0.0      80  r02
    811  0.916666667  0.250000000  0.000000000   0.0      85  r03
    812  0.916666667  0.250000000  0.166666667   0.0      86  r03
    813  0.916666667  0.250000000  0.333333333   0.0      87  r03
    814  0.916666667  0.250000000  0.500000000   0.0      88  r03
    815  0.916666667  0.250000000  0.666666667   0.0      87  r02
    816  0.916666667  0.250000000  0.833333333   0.0      86  r02
    817  0.916666667  0.333333333  0.000000000   0.0      91  r03
    818  0.916666667  0.333333333  0.166666667   0.0      92  r03
    819  0.916666667  0.333333333  0.333333333   0.0      93  r03
    820  0.916666667  0.333333333  0.500000000   0.0      94  r03
    821  0.916666667  0.333333333  0.666666667   0.0      93  r02
    822  0.916666667  0.333333333  0.833333333   0.0      92  r02
    823  0.916666667  0.416666667  0.000000000   0.0      97  r03
    824  0.916666667  0.416666667  0.166666667   0.0      98  r03
    825  0.916666667  0.416666667  0.333333333   0.0      99  r03
    826  0.916666667  0.416666667  0.500000000   0.0     100  r03
    827  0.916666667  0.416666667  0.666666667   0.0      99  r02
    828  0.916666667  0.416666667  0.833333333   0.0      98  r02
    829  0.916666667  0.500000000  0.000000000   0.0     103  r03
    830  0.916666667  0.500000000  0.166666667   0.0     104  r03
    831  0.916666667  0.500000000  0.333333333   0.0     105  r03
    832  0.916666667  0.500000000  0.500000000   0.0     106  r03
    833  0.916666667  0.500000000  0.666666667   0.0     105  r02
    834  0.916666667  0.500000000  0.833333333   0.0     104  r02
    835  0.916666667  0.583333333  0.000000000   0.0     103  r03
    836  0.916666667  0.583333333  0.166666667   0.0     104  r03
    837  0.916666667  0.583333333  0.333333333   0.0     105  r03
    838  0.916666667  0.583333333  0.500000000   0.0     106  r03
    839  0.916666667  0.583333333  0.666666667   0.0     105  r02
    840  0.916666667  0.583333333  0.833333333   0.0     104  r02
    841  0.916666667  0.666666667  0.000000000   0.0      97  r03
    842  0.916666667  0.666666667  0.166666667   0.0      98  r03
    843  0.916666667  0.666666667  0.333333333   0.0      99  r03
    844  0.916666667  0.666666667  0.500000000   0.0     100  r03
    845  0.916666667  0.666666667  0.666666667   0.0      99  r02
    846  0.916666667  0.666666667  0.833333333   0.0      98  r02
    847  0.916666667  0.750000000  0.000000000   0.0      91  r03
    848  0.916666667  0.750000000  0.166666667   0.0      92  r03
    849  0.916666667  0.750000000  0.333333333   0.0      93  r03
    850  0.916666667  0.750000000  0.500000000   0.0      94  r03
    851  0.916666667  0.750000000  0.666666667   0.0      93  r02
    852  0.916666667  0.750000000  0.833333333   0.0      92  r02
    853  0.916666667  0.833333333  0.000000000   0.0      85  r03
    854  0.916666667  0.833333333  0.166666667   0.0      86  r03
    855  0.916666667  0.833333333  0.333333333   0.0      87  r03
    856  0.916666667  0.833333333  0.500000000   0.0      88  r03
    857  0.916666667  0.833333333  0.666666667   0.0      87  r02
    858  0.916666667  0.833333333  0.833333333   0.0      86  r02
    859  0.916666667  0.916666667  0.000000000   0.0      79  r03
    860  0.916666667  0.916666667  0.166666667   0.0      80  r03
    861  0.916666667  0.916666667  0.333333333   0.0      81  r03
    862  0.916666667  0.916666667  0.500000000   0.0      82  r03
    863  0.916666667  0.916666667  0.666666667   0.0      81  r02
    864  0.916666667  0.916666667  0.833333333   0.0      80  r02

k-points in the irreducible wedge
     76
      1  0.000000000  0.000000000  0.000000000   1.0       1
      2  0.000000000  0.000000000  0.166666667   2.0       2
      3  0.000000000  0.000000000  0.333333333   2.0       3
      4  0.000000000  0.000000000  0.500000000   1.0       4
      5  0.000000000  0.083333333  0.000000000   6.0       7
      6  0.000000000  0.083333333  0.166666667  12.0       8
      7  0.000000000  0.083333333  0.333333333  12.0       9
      8  0.000000000  0.083333333  0.500000000   6.0      10
      9  0.000000000  0.166666667  0.000000000   6.0      13
     10  0.000000000  0.166666667  0.166666667  12.0      14
     11  0.000000000  0.166666667  0.333333333  12.0      15
     12  0.000000000  0.166666667  0.500000000   6.0      16
     13  0.000000000  0.250000000  0.000000000   6.0      19
     14  0.000000000  0.250000000  0.166666667  12.0      20
     15  0.000000000  0.250000000  0.333333333  12.0      21
     16  0.000000000  0.250000000  0.500000000   6.0      22
     17  0.000000000  0.333333333  0.000000000   6.0      25
     18  0.000000000  0.333333333  0.166666667  12.0      26
     19  0.000000000  0.333333333  0.333333333  12.0      27
     20  0.000000000  0.333333333  0.500000000   6.0      28
     21  0.000000000  0.416666667  0.000000000   6.0      31
     22  0.000000000  0.416666667  0.166666667  12.0      32
     23  0.000000000  0.416666667  0.333333333  12.0      33
     24  0.000000000  0.416666667  0.500000000   6.0      34
     25  0.000000000  0.500000000  0.000000000   3.0      37
     26  0.000000000  0.500000000  0.166666667   6.0      38
     27  0.000000000  0.500000000  0.333333333   6.0      39
     28  0.000000000  0.500000000  0.500000000   3.0      40
     29  0.083333333  0.083333333  0.000000000   6.0      79
     30  0.083333333  0.083333333  0.166666667  12.0      80
     31  0.083333333  0.083333333  0.333333333  12.0      81
     32  0.083333333  0.083333333  0.500000000   6.0      82
     33  0.083333333  0.166666667  0.000000000  12.0      85
     34  0.083333333  0.166666667  0.166666667  24.0      86
     35  0.083333333  0.166666667  0.333333333  24.0      87
     36  0.083333333  0.166666667  0.500000000  12.0      88
     37  0.083333333  0.250000000  0.000000000  12.0      91
     38  0.083333333  0.250000000  0.166666667  24.0      92
     39  0.083333333  0.250000000  0.333333333  24.0      93
     40  0.083333333  0.250000000  0.500000000  12.0      94
     41  0.083333333  0.333333333  0.000000000  12.0      97
     42  0.083333333  0.333333333  0.166666667  24.0      98
     43  0.083333333  0.333333333  0.333333333  24.0      99
     44  0.083333333  0.333333333  0.500000000  12.0     100
     45  0.083333333  0.416666667  0.000000000  12.0     103
     46  0.083333333  0.416666667  0.166666667  24.0     104
     47  0.083333333  0.416666667  0.333333333  24.0     105
     48  0.083333333  0.416666667  0.500000000  12.0     106
     49  0.166666667  0.166666667  0.000000000   6.0     157
     50  0.166666667  0.166666667  0.166666667  12.0     158
     51  0.166666667  0.166666667  0.333333333  12.0     159
     52  0.166666667  0.166666667  0.500000000   6.0     160
     53  0.166666667  0.250000000  0.000000000  12.0     163
     54  0.166666667  0.250000000  0.166666667  24.0     164
     55  0.166666667  0.250000000  0.333333333  24.0     165
     56  0.166666667  0.250000000  0.500000000  12.0     166
     57  0.166666667  0.333333333  0.000000000  12.0     169
     58  0.166666667  0.333333333  0.166666667  24.0     170
     59  0.166666667  0.333333333  0.333333333  24.0     171
     60  0.166666667  0.333333333  0.500000000  12.0     172
     61  0.166666667  0.416666667  0.000000000   6.0     175
     62  0.166666667  0.416666667  0.166666667  12.0     176
     63  0.166666667  0.416666667  0.333333333  12.0     177
     64  0.166666667  0.416666667  0.500000000   6.0     178
     65  0.250000000  0.250000000  0.000000000   6.0     235
     66  0.250000000  0.250000000  0.166666667  12.0     236
     67  0.250000000  0.250000000  0.333333333  12.0     237
     68  0.250000000  0.250000000  0.500000000   6.0     238
     69  0.250000000  0.333333333  0.000000000  12.0     241
     70  0.250000000  0.333333333  0.166666667  24.0     242
     71  0.250000000  0.333333333  0.333333333  24.0     243
     72  0.250000000  0.333333333  0.500000000  12.0     244
     73  0.333333333  0.333333333  0.000000000   2.0     313
     74  0.333333333  0.333333333  0.166666667   4.0     314
     75  0.333333333  0.333333333  0.333333333   4.0     315
     76  0.333333333  0.333333333  0.500000000   2.0     316

