K_POINTS crystal
  126
  0.041666667  0.041666667  0.083333333   4.0
  0.041666667  0.041666667  0.250000000   4.0
  0.041666667  0.041666667  0.416666667   4.0
  0.041666667  0.125000000  0.083333333   8.0
  0.041666667  0.125000000  0.250000000   8.0
  0.041666667  0.125000000  0.416666667   8.0
  0.041666667  0.208333333  0.083333333   8.0
  0.041666667  0.208333333  0.250000000   8.0
  0.041666667  0.208333333  0.416666667   8.0
  0.041666667  0.291666667  0.083333333   8.0
  0.041666667  0.291666667  0.250000000   8.0
  0.041666667  0.291666667  0.416666667   8.0
  0.041666667  0.375000000  0.083333333   8.0
  0.041666667  0.375000000  0.250000000   8.0
  0.041666667  0.375000000  0.416666667   8.0
  0.041666667  0.458333333  0.083333333   8.0
  0.041666667  0.458333333  0.250000000   8.0
  0.041666667  0.458333333  0.416666667   8.0
  0.041666667  0.541666667  0.083333333   8.0
  0.041666667  0.541666667  0.250000000   8.0
  0.041666667  0.541666667  0.416666667   8.0
  0.041666667  0.625000000  0.083333333   8.0
  0.041666667  0.625000000  0.250000000   8.0
  0.041666667  0.625000000  0.416666667   8.0
  0.041666667  0.708333333  0.083333333   8.0
  0.041666667  0.708333333  0.250000000   8.0
  0.041666667  0.708333333  0.416666667   8.0
  0.041666667  0.791666667  0.083333333   8.0
  0.041666667  0.791666667  0.250000000   8.0
  0.041666667  0.791666667  0.416666667   8.0
  0.041666667  0.875000000  0.083333333   8.0
  0.041666667  0.875000000  0.250000000   8.0
  0.041666667  0.875000000  0.416666667   8.0
  0.041666667  0.958333333  0.083333333   4.0
  0.041666667  0.958333333  0.250000000   4.0
  0.041666667  0.958333333  0.416666667   4.0
  0.125000000  0.125000000  0.083333333   4.0
  0.125000000  0.125000000  0.250000000   4.0
  0.125000000  0.125000000  0.416666667   4.0
  0.125000000  0.208333333  0.083333333   8.0
  0.125000000  0.208333333  0.250000000   8.0
  0.125000000  0.208333333  0.416666667   8.0
  0.125000000  0.291666667  0.083333333   8.0
  0.125000000  0.291666667  0.250000000   8.0
  0.125000000  0.291666667  0.416666667   8.0
  0.125000000  0.375000000  0.083333333   8.0
  0.125000000  0.375000000  0.250000000   8.0
  0.125000000  0.375000000  0.416666667   8.0
  0.125000000  0.458333333  0.083333333   8.0
  0.125000000  0.458333333  0.250000000   8.0
  0.125000000  0.458333333  0.416666667   8.0
  0.125000000  0.541666667  0.083333333   8.0
  0.125000000  0.541666667  0.250000000   8.0
  0.125000000  0.541666667  0.416666667   8.0
  0.125000000  0.625000000  0.083333333   8.0
  0.125000000  0.625000000  0.250000000   8.0
  0.125000000  0.625000000  0.416666667   8.0
  0.125000000  0.708333333  0.083333333   8.0
  0.125000000  0.708333333  0.250000000   8.0
  0.125000000  0.708333333  0.416666667   8.0
  0.125000000  0.791666667  0.083333333   8.0
  0.125000000  0.791666667  0.250000000   8.0
  0.125000000  0.791666667  0.416666667   8.0
  0.125000000  0.875000000  0.083333333   4.0
  0.125000000  0.875000000  0.250000000   4.0
  0.125000000  0.875000000  0.416666667   4.0
  0.208333333  0.208333333  0.083333333   4.0
  0.208333333  0.208333333  0.250000000   4.0
  0.208333333  0.208333333  0.416666667   4.0
  0.208333333  0.291666667  0.083333333   8.0
  0.208333333  0.291666667  0.250000000   8.0
  0.208333333  0.291666667  0.416666667   8.0
  0.208333333  0.375000000  0.083333333   8.0
  0.208333333  0.375000000  0.250000000   8.0
  0.208333333  0.375000000  0.416666667   8.0
  0.208333333  0.458333333  0.083333333   8.0
  0.208333333  0.458333333  0.250000000   8.0
  0.208333333  0.458333333  0.416666667   8.0
  0.208333333  0.541666667  0.083333333   8.0
  0.208333333  0.541666667  0.250000000   8.0
  0.208333333  0.541666667  0.416666667   8.0
  0.208333333  0.625000000  0.083333333   8.0
  0.208333333  0.625000000  0.250000000   8.0
  0.208333333  0.625000000  0.416666667   8.0
  0.208333333  0.708333333  0.083333333   8.0
  0.208333333  0.708333333  0.250000000   8.0
  0.208333333  0.708333333  0.416666667   8.0
  0.208333333  0.791666667  0.083333333   4.0
  0.208333333  0.791666667  0.250000000   4.0
  0.208333333  0.791666667  0.416666667   4.0
  0.291666667  0.291666667  0.083333333   4.0
  0.291666667  0.291666667  0.250000000   4.0
  0.291666667  0.291666667  0.416666667   4.0
  0.291666667  0.375000000  0.083333333   8.0
  0.291666667  0.375000000  0.250000000   8.0
  0.291666667  0.375000000  0.416666667   8.0
  0.291666667  0.458333333  0.083333333   8.0
  0.291666667  0.458333333  0.250000000   8.0
  0.291666667  0.458333333  0.416666667   8.0
  0.291666667  0.541666667  0.083333333   8.0
  0.291666667  0.541666667  0.250000000   8.0
  0.291666667  0.541666667  0.416666667   8.0
  0.291666667  0.625000000  0.083333333   8.0
  0.291666667  0.625000000  0.250000000   8.0
  0.291666667  0.625000000  0.416666667   8.0
  0.291666667  0.708333333  0.083333333   4.0
  0.291666667  0.708333333  0.250000000   4.0
  0.291666667  0.708333333  0.416666667   4.0
  0.375000000  0.375000000  0.083333333   4.0
  0.375000000  0.375000000  0.250000000   4.0
  0.375000000  0.375000000  0.416666667   4.0
  0.375000000  0.458333333  0.083333333   8.0
  0.375000000  0.458333333  0.250000000   8.0
  0.375000000  0.458333333  0.416666667   8.0
  0.375000000  0.541666667  0.083333333   8.0
  0.375000000  0.541666667  0.250000000   8.0
  0.375000000  0.541666667  0.416666667   8.0
  0.375000000  0.625000000  0.083333333   4.0
  0.375000000  0.625000000  0.250000000   4.0
  0.375000000  0.625000000  0.416666667   4.0
  0.458333333  0.458333333  0.083333333   4.0
  0.458333333  0.458333333  0.250000000   4.0
  0.458333333  0.458333333  0.416666667   4.0
  0.458333333  0.541666667  0.083333333   4.0
  0.458333333  0.541666667  0.250000000   4.0
  0.458333333  0.541666667  0.416666667   4.0
