k-points are in crystal coordinates
nk(3) =    12   12    6
dk(3) =   0.500000000  0.500000000  0.500000000

direct lattice vectors
a1 =   1.000000000  0.000000000  0.000000000
a2 =  -0.500000000  0.866025000  0.000000000
a3 =   0.000000000  0.000000000  2.660224000

unit cell volume =  0.230382049E+01

reciprocal lattice vectors
b1 =   6.283185307  3.627600420  0.000000000
b2 =   0.000000000  7.255200840  0.000000000
b3 =   0.000000000  0.000000000  2.361900843

symmetries of the Bravais lattice
 24
Space group 191, symbol P6/mmm               
r01 =     1   0   0     0   1   0     0   0   1      0.000000    0.000000    0.000000
r02 =     1   0   0     0   1   0     0   0  -1      0.000000    0.000000    0.000000
r03 =    -1   0   0    -1   1   0     0   0   1      0.000000    0.000000    0.000000
r04 =    -1   0   0    -1   1   0     0   0  -1      0.000000    0.000000    0.000000
r05 =    -1   1   0     0   1   0     0   0   1      0.000000    0.000000    0.000000
r06 =    -1   1   0     0   1   0     0   0  -1      0.000000    0.000000    0.000000
r07 =     1  -1   0     1   0   0     0   0   1      0.000000    0.000000    0.000000
r08 =     1  -1   0     1   0   0     0   0  -1      0.000000    0.000000    0.000000
r09 =    -1   0   0     0  -1   0     0   0   1      0.000000    0.000000    0.000000
r10 =    -1   0   0     0  -1   0     0   0  -1      0.000000    0.000000    0.000000
r11 =     1   0   0     1  -1   0     0   0   1      0.000000    0.000000    0.000000
r12 =     1   0   0     1  -1   0     0   0  -1      0.000000    0.000000    0.000000
r13 =     1  -1   0     0  -1   0     0   0   1      0.000000    0.000000    0.000000
r14 =     1  -1   0     0  -1   0     0   0  -1      0.000000    0.000000    0.000000
r15 =    -1   1   0    -1   0   0     0   0   1      0.000000    0.000000    0.000000
r16 =    -1   1   0    -1   0   0     0   0  -1      0.000000    0.000000    0.000000
r17 =     0   1   0    -1   1   0     0   0   1      0.000000    0.000000    0.000000
r18 =     0   1   0    -1   1   0     0   0  -1      0.000000    0.000000    0.000000
r19 =     0  -1   0    -1   0   0     0   0   1      0.000000    0.000000    0.000000
r20 =     0  -1   0    -1   0   0     0   0  -1      0.000000    0.000000    0.000000
r21 =     0   1   0     1   0   0     0   0   1      0.000000    0.000000    0.000000
r22 =     0   1   0     1   0   0     0   0  -1      0.000000    0.000000    0.000000
r23 =     0  -1   0     1  -1   0     0   0   1      0.000000    0.000000    0.000000
r24 =     0  -1   0     1  -1   0     0   0  -1      0.000000    0.000000    0.000000

symmetries of the crystal without FFT grid
 24
Space group 194, symbol P6_3/mmc             
r01 =     1   0   0     0   1   0     0   0   1      0.000000    0.000000    0.000000
r02 =     1   0   0     0   1   0     0   0  -1      0.000000    0.000000    3.141592
r03 =    -1   0   0    -1   1   0     0   0   1      0.000001   -0.000000    3.141592
r04 =    -1   0   0    -1   1   0     0   0  -1      0.000001   -0.000000   -0.000001
r05 =    -1   1   0     0   1   0     0   0   1      0.000000    0.000000    0.000000
r06 =    -1   1   0     0   1   0     0   0  -1      0.000000    0.000000    3.141592
r07 =     1  -1   0     1   0   0     0   0   1     -0.000002   -0.000000    3.141592
r08 =     1  -1   0     1   0   0     0   0  -1     -0.000002   -0.000000   -0.000001
r09 =    -1   0   0     0  -1   0     0   0   1      0.000001    0.000003    3.141592
r10 =    -1   0   0     0  -1   0     0   0  -1      0.000001    0.000003   -0.000001
r11 =     1   0   0     1  -1   0     0   0   1      0.000000    0.000003    0.000000
r12 =     1   0   0     1  -1   0     0   0  -1      0.000000    0.000003    3.141592
r13 =     1  -1   0     0  -1   0     0   0   1      0.000001    0.000003    3.141592
r14 =     1  -1   0     0  -1   0     0   0  -1      0.000001    0.000003   -0.000001
r15 =    -1   1   0    -1   0   0     0   0   1      0.000003    0.000003    0.000000
r16 =    -1   1   0    -1   0   0     0   0  -1      0.000003    0.000003    3.141592
r17 =     0   1   0    -1   1   0     0   0   1      0.000001   -0.000000    3.141592
r18 =     0   1   0    -1   1   0     0   0  -1      0.000001   -0.000000   -0.000001
r19 =     0  -1   0    -1   0   0     0   0   1      0.000003    0.000003    0.000000
r20 =     0  -1   0    -1   0   0     0   0  -1      0.000003    0.000003    3.141592
r21 =     0   1   0     1   0   0     0   0   1     -0.000002   -0.000000    3.141592
r22 =     0   1   0     1   0   0     0   0  -1     -0.000002   -0.000000   -0.000001
r23 =     0  -1   0     1  -1   0     0   0   1      0.000000    0.000003    0.000000
r24 =     0  -1   0     1  -1   0     0   0  -1      0.000000    0.000003    3.141592

FFT grid:     25    25    72

symmetries of the crystal with FFT grid
 24
Space group 194, symbol P6_3/mmc             
r01 =     1   0   0     0   1   0     0   0   1      0.000000    0.000000    0.000000
r02 =     1   0   0     0   1   0     0   0  -1      0.000000    0.000000    3.141592
r03 =    -1   0   0    -1   1   0     0   0   1      0.000001   -0.000000    3.141592
r04 =    -1   0   0    -1   1   0     0   0  -1      0.000001   -0.000000   -0.000001
r05 =    -1   1   0     0   1   0     0   0   1      0.000000    0.000000    0.000000
r06 =    -1   1   0     0   1   0     0   0  -1      0.000000    0.000000    3.141592
r07 =     1  -1   0     1   0   0     0   0   1     -0.000002   -0.000000    3.141592
r08 =     1  -1   0     1   0   0     0   0  -1     -0.000002   -0.000000   -0.000001
r09 =    -1   0   0     0  -1   0     0   0   1      0.000001    0.000003    3.141592
r10 =    -1   0   0     0  -1   0     0   0  -1      0.000001    0.000003   -0.000001
r11 =     1   0   0     1  -1   0     0   0   1      0.000000    0.000003    0.000000
r12 =     1   0   0     1  -1   0     0   0  -1      0.000000    0.000003    3.141592
r13 =     1  -1   0     0  -1   0     0   0   1      0.000001    0.000003    3.141592
r14 =     1  -1   0     0  -1   0     0   0  -1      0.000001    0.000003   -0.000001
r15 =    -1   1   0    -1   0   0     0   0   1      0.000003    0.000003    0.000000
r16 =    -1   1   0    -1   0   0     0   0  -1      0.000003    0.000003    3.141592
r17 =     0   1   0    -1   1   0     0   0   1      0.000001   -0.000000    3.141592
r18 =     0   1   0    -1   1   0     0   0  -1      0.000001   -0.000000   -0.000001
r19 =     0  -1   0    -1   0   0     0   0   1      0.000003    0.000003    0.000000
r20 =     0  -1   0    -1   0   0     0   0  -1      0.000003    0.000003    3.141592
r21 =     0   1   0     1   0   0     0   0   1     -0.000002   -0.000000    3.141592
r22 =     0   1   0     1   0   0     0   0  -1     -0.000002   -0.000000   -0.000001
r23 =     0  -1   0     1  -1   0     0   0   1      0.000000    0.000003    0.000000
r24 =     0  -1   0     1  -1   0     0   0  -1      0.000000    0.000003    3.141592

symmetries that reduce the k-points
r02 =     1   0   0     0   1   0     0   0  -1
r09 =    -1   0   0     0  -1   0     0   0   1
r19 =     0  -1   0    -1   0   0     0   0   1
r21 =     0   1   0     1   0   0     0   0   1

k-points in the original uniform grid
    864
      1  0.041666667  0.041666667  0.083333333   4.0       0  ---
      2  0.041666667  0.041666667  0.250000000   4.0       0  ---
      3  0.041666667  0.041666667  0.416666667   4.0       0  ---
      4  0.041666667  0.041666667  0.583333333   0.0       3  r02
      5  0.041666667  0.041666667  0.750000000   0.0       2  r02
      6  0.041666667  0.041666667  0.916666667   0.0       1  r02
      7  0.041666667  0.125000000  0.083333333   8.0       0  ---
      8  0.041666667  0.125000000  0.250000000   8.0       0  ---
      9  0.041666667  0.125000000  0.416666667   8.0       0  ---
     10  0.041666667  0.125000000  0.583333333   0.0       9  r02
     11  0.041666667  0.125000000  0.750000000   0.0       8  r02
     12  0.041666667  0.125000000  0.916666667   0.0       7  r02
     13  0.041666667  0.208333333  0.083333333   8.0       0  ---
     14  0.041666667  0.208333333  0.250000000   8.0       0  ---
     15  0.041666667  0.208333333  0.416666667   8.0       0  ---
     16  0.041666667  0.208333333  0.583333333   0.0      15  r02
     17  0.041666667  0.208333333  0.750000000   0.0      14  r02
     18  0.041666667  0.208333333  0.916666667   0.0      13  r02
     19  0.041666667  0.291666667  0.083333333   8.0       0  ---
     20  0.041666667  0.291666667  0.250000000   8.0       0  ---
     21  0.041666667  0.291666667  0.416666667   8.0       0  ---
     22  0.041666667  0.291666667  0.583333333   0.0      21  r02
     23  0.041666667  0.291666667  0.750000000   0.0      20  r02
     24  0.041666667  0.291666667  0.916666667   0.0      19  r02
     25  0.041666667  0.375000000  0.083333333   8.0       0  ---
     26  0.041666667  0.375000000  0.250000000   8.0       0  ---
     27  0.041666667  0.375000000  0.416666667   8.0       0  ---
     28  0.041666667  0.375000000  0.583333333   0.0      27  r02
     29  0.041666667  0.375000000  0.750000000   0.0      26  r02
     30  0.041666667  0.375000000  0.916666667   0.0      25  r02
     31  0.041666667  0.458333333  0.083333333   8.0       0  ---
     32  0.041666667  0.458333333  0.250000000   8.0       0  ---
     33  0.041666667  0.458333333  0.416666667   8.0       0  ---
     34  0.041666667  0.458333333  0.583333333   0.0      33  r02
     35  0.041666667  0.458333333  0.750000000   0.0      32  r02
     36  0.041666667  0.458333333  0.916666667   0.0      31  r02
     37  0.041666667  0.541666667  0.083333333   8.0       0  ---
     38  0.041666667  0.541666667  0.250000000   8.0       0  ---
     39  0.041666667  0.541666667  0.416666667   8.0       0  ---
     40  0.041666667  0.541666667  0.583333333   0.0      39  r02
     41  0.041666667  0.541666667  0.750000000   0.0      38  r02
     42  0.041666667  0.541666667  0.916666667   0.0      37  r02
     43  0.041666667  0.625000000  0.083333333   8.0       0  ---
     44  0.041666667  0.625000000  0.250000000   8.0       0  ---
     45  0.041666667  0.625000000  0.416666667   8.0       0  ---
     46  0.041666667  0.625000000  0.583333333   0.0      45  r02
     47  0.041666667  0.625000000  0.750000000   0.0      44  r02
     48  0.041666667  0.625000000  0.916666667   0.0      43  r02
     49  0.041666667  0.708333333  0.083333333   8.0       0  ---
     50  0.041666667  0.708333333  0.250000000   8.0       0  ---
     51  0.041666667  0.708333333  0.416666667   8.0       0  ---
     52  0.041666667  0.708333333  0.583333333   0.0      51  r02
     53  0.041666667  0.708333333  0.750000000   0.0      50  r02
     54  0.041666667  0.708333333  0.916666667   0.0      49  r02
     55  0.041666667  0.791666667  0.083333333   8.0       0  ---
     56  0.041666667  0.791666667  0.250000000   8.0       0  ---
     57  0.041666667  0.791666667  0.416666667   8.0       0  ---
     58  0.041666667  0.791666667  0.583333333   0.0      57  r02
     59  0.041666667  0.791666667  0.750000000   0.0      56  r02
     60  0.041666667  0.791666667  0.916666667   0.0      55  r02
     61  0.041666667  0.875000000  0.083333333   8.0       0  ---
     62  0.041666667  0.875000000  0.250000000   8.0       0  ---
     63  0.041666667  0.875000000  0.416666667   8.0       0  ---
     64  0.041666667  0.875000000  0.583333333   0.0      63  r02
     65  0.041666667  0.875000000  0.750000000   0.0      62  r02
     66  0.041666667  0.875000000  0.916666667   0.0      61  r02
     67  0.041666667  0.958333333  0.083333333   4.0       0  ---
     68  0.041666667  0.958333333  0.250000000   4.0       0  ---
     69  0.041666667  0.958333333  0.416666667   4.0       0  ---
     70  0.041666667  0.958333333  0.583333333   0.0      69  r02
     71  0.041666667  0.958333333  0.750000000   0.0      68  r02
     72  0.041666667  0.958333333  0.916666667   0.0      67  r02
     73  0.125000000  0.041666667  0.083333333   0.0       7  r21
     74  0.125000000  0.041666667  0.250000000   0.0       8  r21
     75  0.125000000  0.041666667  0.416666667   0.0       9  r21
     76  0.125000000  0.041666667  0.583333333   0.0       9  r02
     77  0.125000000  0.041666667  0.750000000   0.0       8  r02
     78  0.125000000  0.041666667  0.916666667   0.0       7  r02
     79  0.125000000  0.125000000  0.083333333   4.0       0  ---
     80  0.125000000  0.125000000  0.250000000   4.0       0  ---
     81  0.125000000  0.125000000  0.416666667   4.0       0  ---
     82  0.125000000  0.125000000  0.583333333   0.0      81  r02
     83  0.125000000  0.125000000  0.750000000   0.0      80  r02
     84  0.125000000  0.125000000  0.916666667   0.0      79  r02
     85  0.125000000  0.208333333  0.083333333   8.0       0  ---
     86  0.125000000  0.208333333  0.250000000   8.0       0  ---
     87  0.125000000  0.208333333  0.416666667   8.0       0  ---
     88  0.125000000  0.208333333  0.583333333   0.0      87  r02
     89  0.125000000  0.208333333  0.750000000   0.0      86  r02
     90  0.125000000  0.208333333  0.916666667   0.0      85  r02
     91  0.125000000  0.291666667  0.083333333   8.0       0  ---
     92  0.125000000  0.291666667  0.250000000   8.0       0  ---
     93  0.125000000  0.291666667  0.416666667   8.0       0  ---
     94  0.125000000  0.291666667  0.583333333   0.0      93  r02
     95  0.125000000  0.291666667  0.750000000   0.0      92  r02
     96  0.125000000  0.291666667  0.916666667   0.0      91  r02
     97  0.125000000  0.375000000  0.083333333   8.0       0  ---
     98  0.125000000  0.375000000  0.250000000   8.0       0  ---
     99  0.125000000  0.375000000  0.416666667   8.0       0  ---
    100  0.125000000  0.375000000  0.583333333   0.0      99  r02
    101  0.125000000  0.375000000  0.750000000   0.0      98  r02
    102  0.125000000  0.375000000  0.916666667   0.0      97  r02
    103  0.125000000  0.458333333  0.083333333   8.0       0  ---
    104  0.125000000  0.458333333  0.250000000   8.0       0  ---
    105  0.125000000  0.458333333  0.416666667   8.0       0  ---
    106  0.125000000  0.458333333  0.583333333   0.0     105  r02
    107  0.125000000  0.458333333  0.750000000   0.0     104  r02
    108  0.125000000  0.458333333  0.916666667   0.0     103  r02
    109  0.125000000  0.541666667  0.083333333   8.0       0  ---
    110  0.125000000  0.541666667  0.250000000   8.0       0  ---
    111  0.125000000  0.541666667  0.416666667   8.0       0  ---
    112  0.125000000  0.541666667  0.583333333   0.0     111  r02
    113  0.125000000  0.541666667  0.750000000   0.0     110  r02
    114  0.125000000  0.541666667  0.916666667   0.0     109  r02
    115  0.125000000  0.625000000  0.083333333   8.0       0  ---
    116  0.125000000  0.625000000  0.250000000   8.0       0  ---
    117  0.125000000  0.625000000  0.416666667   8.0       0  ---
    118  0.125000000  0.625000000  0.583333333   0.0     117  r02
    119  0.125000000  0.625000000  0.750000000   0.0     116  r02
    120  0.125000000  0.625000000  0.916666667   0.0     115  r02
    121  0.125000000  0.708333333  0.083333333   8.0       0  ---
    122  0.125000000  0.708333333  0.250000000   8.0       0  ---
    123  0.125000000  0.708333333  0.416666667   8.0       0  ---
    124  0.125000000  0.708333333  0.583333333   0.0     123  r02
    125  0.125000000  0.708333333  0.750000000   0.0     122  r02
    126  0.125000000  0.708333333  0.916666667   0.0     121  r02
    127  0.125000000  0.791666667  0.083333333   8.0       0  ---
    128  0.125000000  0.791666667  0.250000000   8.0       0  ---
    129  0.125000000  0.791666667  0.416666667   8.0       0  ---
    130  0.125000000  0.791666667  0.583333333   0.0     129  r02
    131  0.125000000  0.791666667  0.750000000   0.0     128  r02
    132  0.125000000  0.791666667  0.916666667   0.0     127  r02
    133  0.125000000  0.875000000  0.083333333   4.0       0  ---
    134  0.125000000  0.875000000  0.250000000   4.0       0  ---
    135  0.125000000  0.875000000  0.416666667   4.0       0  ---
    136  0.125000000  0.875000000  0.583333333   0.0     135  r02
    137  0.125000000  0.875000000  0.750000000   0.0     134  r02
    138  0.125000000  0.875000000  0.916666667   0.0     133  r02
    139  0.125000000  0.958333333  0.083333333   0.0      61  r19
    140  0.125000000  0.958333333  0.250000000   0.0      62  r19
    141  0.125000000  0.958333333  0.416666667   0.0      63  r19
    142  0.125000000  0.958333333  0.583333333   0.0      63  r02
    143  0.125000000  0.958333333  0.750000000   0.0      62  r02
    144  0.125000000  0.958333333  0.916666667   0.0      61  r02
    145  0.208333333  0.041666667  0.083333333   0.0      13  r21
    146  0.208333333  0.041666667  0.250000000   0.0      14  r21
    147  0.208333333  0.041666667  0.416666667   0.0      15  r21
    148  0.208333333  0.041666667  0.583333333   0.0      15  r02
    149  0.208333333  0.041666667  0.750000000   0.0      14  r02
    150  0.208333333  0.041666667  0.916666667   0.0      13  r02
    151  0.208333333  0.125000000  0.083333333   0.0      85  r21
    152  0.208333333  0.125000000  0.250000000   0.0      86  r21
    153  0.208333333  0.125000000  0.416666667   0.0      87  r21
    154  0.208333333  0.125000000  0.583333333   0.0      87  r02
    155  0.208333333  0.125000000  0.750000000   0.0      86  r02
    156  0.208333333  0.125000000  0.916666667   0.0      85  r02
    157  0.208333333  0.208333333  0.083333333   4.0       0  ---
    158  0.208333333  0.208333333  0.250000000   4.0       0  ---
    159  0.208333333  0.208333333  0.416666667   4.0       0  ---
    160  0.208333333  0.208333333  0.583333333   0.0     159  r02
    161  0.208333333  0.208333333  0.750000000   0.0     158  r02
    162  0.208333333  0.208333333  0.916666667   0.0     157  r02
    163  0.208333333  0.291666667  0.083333333   8.0       0  ---
    164  0.208333333  0.291666667  0.250000000   8.0       0  ---
    165  0.208333333  0.291666667  0.416666667   8.0       0  ---
    166  0.208333333  0.291666667  0.583333333   0.0     165  r02
    167  0.208333333  0.291666667  0.750000000   0.0     164  r02
    168  0.208333333  0.291666667  0.916666667   0.0     163  r02
    169  0.208333333  0.375000000  0.083333333   8.0       0  ---
    170  0.208333333  0.375000000  0.250000000   8.0       0  ---
    171  0.208333333  0.375000000  0.416666667   8.0       0  ---
    172  0.208333333  0.375000000  0.583333333   0.0     171  r02
    173  0.208333333  0.375000000  0.750000000   0.0     170  r02
    174  0.208333333  0.375000000  0.916666667   0.0     169  r02
    175  0.208333333  0.458333333  0.083333333   8.0       0  ---
    176  0.208333333  0.458333333  0.250000000   8.0       0  ---
    177  0.208333333  0.458333333  0.416666667   8.0       0  ---
    178  0.208333333  0.458333333  0.583333333   0.0     177  r02
    179  0.208333333  0.458333333  0.750000000   0.0     176  r02
    180  0.208333333  0.458333333  0.916666667   0.0     175  r02
    181  0.208333333  0.541666667  0.083333333   8.0       0  ---
    182  0.208333333  0.541666667  0.250000000   8.0       0  ---
    183  0.208333333  0.541666667  0.416666667   8.0       0  ---
    184  0.208333333  0.541666667  0.583333333   0.0     183  r02
    185  0.208333333  0.541666667  0.750000000   0.0     182  r02
    186  0.208333333  0.541666667  0.916666667   0.0     181  r02
    187  0.208333333  0.625000000  0.083333333   8.0       0  ---
    188  0.208333333  0.625000000  0.250000000   8.0       0  ---
    189  0.208333333  0.625000000  0.416666667   8.0       0  ---
    190  0.208333333  0.625000000  0.583333333   0.0     189  r02
    191  0.208333333  0.625000000  0.750000000   0.0     188  r02
    192  0.208333333  0.625000000  0.916666667   0.0     187  r02
    193  0.208333333  0.708333333  0.083333333   8.0       0  ---
    194  0.208333333  0.708333333  0.250000000   8.0       0  ---
    195  0.208333333  0.708333333  0.416666667   8.0       0  ---
    196  0.208333333  0.708333333  0.583333333   0.0     195  r02
    197  0.208333333  0.708333333  0.750000000   0.0     194  r02
    198  0.208333333  0.708333333  0.916666667   0.0     193  r02
    199  0.208333333  0.791666667  0.083333333   4.0       0  ---
    200  0.208333333  0.791666667  0.250000000   4.0       0  ---
    201  0.208333333  0.791666667  0.416666667   4.0       0  ---
    202  0.208333333  0.791666667  0.583333333   0.0     201  r02
    203  0.208333333  0.791666667  0.750000000   0.0     200  r02
    204  0.208333333  0.791666667  0.916666667   0.0     199  r02
    205  0.208333333  0.875000000  0.083333333   0.0     127  r19
    206  0.208333333  0.875000000  0.250000000   0.0     128  r19
    207  0.208333333  0.875000000  0.416666667   0.0     129  r19
    208  0.208333333  0.875000000  0.583333333   0.0     129  r02
    209  0.208333333  0.875000000  0.750000000   0.0     128  r02
    210  0.208333333  0.875000000  0.916666667   0.0     127  r02
    211  0.208333333  0.958333333  0.083333333   0.0      55  r19
    212  0.208333333  0.958333333  0.250000000   0.0      56  r19
    213  0.208333333  0.958333333  0.416666667   0.0      57  r19
    214  0.208333333  0.958333333  0.583333333   0.0      57  r02
    215  0.208333333  0.958333333  0.750000000   0.0      56  r02
    216  0.208333333  0.958333333  0.916666667   0.0      55  r02
    217  0.291666667  0.041666667  0.083333333   0.0      19  r21
    218  0.291666667  0.041666667  0.250000000   0.0      20  r21
    219  0.291666667  0.041666667  0.416666667   0.0      21  r21
    220  0.291666667  0.041666667  0.583333333   0.0      21  r02
    221  0.291666667  0.041666667  0.750000000   0.0      20  r02
    222  0.291666667  0.041666667  0.916666667   0.0      19  r02
    223  0.291666667  0.125000000  0.083333333   0.0      91  r21
    224  0.291666667  0.125000000  0.250000000   0.0      92  r21
    225  0.291666667  0.125000000  0.416666667   0.0      93  r21
    226  0.291666667  0.125000000  0.583333333   0.0      93  r02
    227  0.291666667  0.125000000  0.750000000   0.0      92  r02
    228  0.291666667  0.125000000  0.916666667   0.0      91  r02
    229  0.291666667  0.208333333  0.083333333   0.0     163  r21
    230  0.291666667  0.208333333  0.250000000   0.0     164  r21
    231  0.291666667  0.208333333  0.416666667   0.0     165  r21
    232  0.291666667  0.208333333  0.583333333   0.0     165  r02
    233  0.291666667  0.208333333  0.750000000   0.0     164  r02
    234  0.291666667  0.208333333  0.916666667   0.0     163  r02
    235  0.291666667  0.291666667  0.083333333   4.0       0  ---
    236  0.291666667  0.291666667  0.250000000   4.0       0  ---
    237  0.291666667  0.291666667  0.416666667   4.0       0  ---
    238  0.291666667  0.291666667  0.583333333   0.0     237  r02
    239  0.291666667  0.291666667  0.750000000   0.0     236  r02
    240  0.291666667  0.291666667  0.916666667   0.0     235  r02
    241  0.291666667  0.375000000  0.083333333   8.0       0  ---
    242  0.291666667  0.375000000  0.250000000   8.0       0  ---
    243  0.291666667  0.375000000  0.416666667   8.0       0  ---
    244  0.291666667  0.375000000  0.583333333   0.0     243  r02
    245  0.291666667  0.375000000  0.750000000   0.0     242  r02
    246  0.291666667  0.375000000  0.916666667   0.0     241  r02
    247  0.291666667  0.458333333  0.083333333   8.0       0  ---
    248  0.291666667  0.458333333  0.250000000   8.0       0  ---
    249  0.291666667  0.458333333  0.416666667   8.0       0  ---
    250  0.291666667  0.458333333  0.583333333   0.0     249  r02
    251  0.291666667  0.458333333  0.750000000   0.0     248  r02
    252  0.291666667  0.458333333  0.916666667   0.0     247  r02
    253  0.291666667  0.541666667  0.083333333   8.0       0  ---
    254  0.291666667  0.541666667  0.250000000   8.0       0  ---
    255  0.291666667  0.541666667  0.416666667   8.0       0  ---
    256  0.291666667  0.541666667  0.583333333   0.0     255  r02
    257  0.291666667  0.541666667  0.750000000   0.0     254  r02
    258  0.291666667  0.541666667  0.916666667   0.0     253  r02
    259  0.291666667  0.625000000  0.083333333   8.0       0  ---
    260  0.291666667  0.625000000  0.250000000   8.0       0  ---
    261  0.291666667  0.625000000  0.416666667   8.0       0  ---
    262  0.291666667  0.625000000  0.583333333   0.0     261  r02
    263  0.291666667  0.625000000  0.750000000   0.0     260  r02
    264  0.291666667  0.625000000  0.916666667   0.0     259  r02
    265  0.291666667  0.708333333  0.083333333   4.0       0  ---
    266  0.291666667  0.708333333  0.250000000   4.0       0  ---
    267  0.291666667  0.708333333  0.416666667   4.0       0  ---
    268  0.291666667  0.708333333  0.583333333   0.0     267  r02
    269  0.291666667  0.708333333  0.750000000   0.0     266  r02
    270  0.291666667  0.708333333  0.916666667   0.0     265  r02
    271  0.291666667  0.791666667  0.083333333   0.0     193  r19
    272  0.291666667  0.791666667  0.250000000   0.0     194  r19
    273  0.291666667  0.791666667  0.416666667   0.0     195  r19
    274  0.291666667  0.791666667  0.583333333   0.0     195  r02
    275  0.291666667  0.791666667  0.750000000   0.0     194  r02
    276  0.291666667  0.791666667  0.916666667   0.0     193  r02
    277  0.291666667  0.875000000  0.083333333   0.0     121  r19
    278  0.291666667  0.875000000  0.250000000   0.0     122  r19
    279  0.291666667  0.875000000  0.416666667   0.0     123  r19
    280  0.291666667  0.875000000  0.583333333   0.0     123  r02
    281  0.291666667  0.875000000  0.750000000   0.0     122  r02
    282  0.291666667  0.875000000  0.916666667   0.0     121  r02
    283  0.291666667  0.958333333  0.083333333   0.0      49  r19
    284  0.291666667  0.958333333  0.250000000   0.0      50  r19
    285  0.291666667  0.958333333  0.416666667   0.0      51  r19
    286  0.291666667  0.958333333  0.583333333   0.0      51  r02
    287  0.291666667  0.958333333  0.750000000   0.0      50  r02
    288  0.291666667  0.958333333  0.916666667   0.0      49  r02
    289  0.375000000  0.041666667  0.083333333   0.0      25  r21
    290  0.375000000  0.041666667  0.250000000   0.0      26  r21
    291  0.375000000  0.041666667  0.416666667   0.0      27  r21
    292  0.375000000  0.041666667  0.583333333   0.0      27  r02
    293  0.375000000  0.041666667  0.750000000   0.0      26  r02
    294  0.375000000  0.041666667  0.916666667   0.0      25  r02
    295  0.375000000  0.125000000  0.083333333   0.0      97  r21
    296  0.375000000  0.125000000  0.250000000   0.0      98  r21
    297  0.375000000  0.125000000  0.416666667   0.0      99  r21
    298  0.375000000  0.125000000  0.583333333   0.0      99  r02
    299  0.375000000  0.125000000  0.750000000   0.0      98  r02
    300  0.375000000  0.125000000  0.916666667   0.0      97  r02
    301  0.375000000  0.208333333  0.083333333   0.0     169  r21
    302  0.375000000  0.208333333  0.250000000   0.0     170  r21
    303  0.375000000  0.208333333  0.416666667   0.0     171  r21
    304  0.375000000  0.208333333  0.583333333   0.0     171  r02
    305  0.375000000  0.208333333  0.750000000   0.0     170  r02
    306  0.375000000  0.208333333  0.916666667   0.0     169  r02
    307  0.375000000  0.291666667  0.083333333   0.0     241  r21
    308  0.375000000  0.291666667  0.250000000   0.0     242  r21
    309  0.375000000  0.291666667  0.416666667   0.0     243  r21
    310  0.375000000  0.291666667  0.583333333   0.0     243  r02
    311  0.375000000  0.291666667  0.750000000   0.0     242  r02
    312  0.375000000  0.291666667  0.916666667   0.0     241  r02
    313  0.375000000  0.375000000  0.083333333   4.0       0  ---
    314  0.375000000  0.375000000  0.250000000   4.0       0  ---
    315  0.375000000  0.375000000  0.416666667   4.0       0  ---
    316  0.375000000  0.375000000  0.583333333   0.0     315  r02
    317  0.375000000  0.375000000  0.750000000   0.0     314  r02
    318  0.375000000  0.375000000  0.916666667   0.0     313  r02
    319  0.375000000  0.458333333  0.083333333   8.0       0  ---
    320  0.375000000  0.458333333  0.250000000   8.0       0  ---
    321  0.375000000  0.458333333  0.416666667   8.0       0  ---
    322  0.375000000  0.458333333  0.583333333   0.0     321  r02
    323  0.375000000  0.458333333  0.750000000   0.0     320  r02
    324  0.375000000  0.458333333  0.916666667   0.0     319  r02
    325  0.375000000  0.541666667  0.083333333   8.0       0  ---
    326  0.375000000  0.541666667  0.250000000   8.0       0  ---
    327  0.375000000  0.541666667  0.416666667   8.0       0  ---
    328  0.375000000  0.541666667  0.583333333   0.0     327  r02
    329  0.375000000  0.541666667  0.750000000   0.0     326  r02
    330  0.375000000  0.541666667  0.916666667   0.0     325  r02
    331  0.375000000  0.625000000  0.083333333   4.0       0  ---
    332  0.375000000  0.625000000  0.250000000   4.0       0  ---
    333  0.375000000  0.625000000  0.416666667   4.0       0  ---
    334  0.375000000  0.625000000  0.583333333   0.0     333  r02
    335  0.375000000  0.625000000  0.750000000   0.0     332  r02
    336  0.375000000  0.625000000  0.916666667   0.0     331  r02
    337  0.375000000  0.708333333  0.083333333   0.0     259  r19
    338  0.375000000  0.708333333  0.250000000   0.0     260  r19
    339  0.375000000  0.708333333  0.416666667   0.0     261  r19
    340  0.375000000  0.708333333  0.583333333   0.0     261  r02
    341  0.375000000  0.708333333  0.750000000   0.0     260  r02
    342  0.375000000  0.708333333  0.916666667   0.0     259  r02
    343  0.375000000  0.791666667  0.083333333   0.0     187  r19
    344  0.375000000  0.791666667  0.250000000   0.0     188  r19
    345  0.375000000  0.791666667  0.416666667   0.0     189  r19
    346  0.375000000  0.791666667  0.583333333   0.0     189  r02
    347  0.375000000  0.791666667  0.750000000   0.0     188  r02
    348  0.375000000  0.791666667  0.916666667   0.0     187  r02
    349  0.375000000  0.875000000  0.083333333   0.0     115  r19
    350  0.375000000  0.875000000  0.250000000   0.0     116  r19
    351  0.375000000  0.875000000  0.416666667   0.0     117  r19
    352  0.375000000  0.875000000  0.583333333   0.0     117  r02
    353  0.375000000  0.875000000  0.750000000   0.0     116  r02
    354  0.375000000  0.875000000  0.916666667   0.0     115  r02
    355  0.375000000  0.958333333  0.083333333   0.0      43  r19
    356  0.375000000  0.958333333  0.250000000   0.0      44  r19
    357  0.375000000  0.958333333  0.416666667   0.0      45  r19
    358  0.375000000  0.958333333  0.583333333   0.0      45  r02
    359  0.375000000  0.958333333  0.750000000   0.0      44  r02
    360  0.375000000  0.958333333  0.916666667   0.0      43  r02
    361  0.458333333  0.041666667  0.083333333   0.0      31  r21
    362  0.458333333  0.041666667  0.250000000   0.0      32  r21
    363  0.458333333  0.041666667  0.416666667   0.0      33  r21
    364  0.458333333  0.041666667  0.583333333   0.0      33  r02
    365  0.458333333  0.041666667  0.750000000   0.0      32  r02
    366  0.458333333  0.041666667  0.916666667   0.0      31  r02
    367  0.458333333  0.125000000  0.083333333   0.0     103  r21
    368  0.458333333  0.125000000  0.250000000   0.0     104  r21
    369  0.458333333  0.125000000  0.416666667   0.0     105  r21
    370  0.458333333  0.125000000  0.583333333   0.0     105  r02
    371  0.458333333  0.125000000  0.750000000   0.0     104  r02
    372  0.458333333  0.125000000  0.916666667   0.0     103  r02
    373  0.458333333  0.208333333  0.083333333   0.0     175  r21
    374  0.458333333  0.208333333  0.250000000   0.0     176  r21
    375  0.458333333  0.208333333  0.416666667   0.0     177  r21
    376  0.458333333  0.208333333  0.583333333   0.0     177  r02
    377  0.458333333  0.208333333  0.750000000   0.0     176  r02
    378  0.458333333  0.208333333  0.916666667   0.0     175  r02
    379  0.458333333  0.291666667  0.083333333   0.0     247  r21
    380  0.458333333  0.291666667  0.250000000   0.0     248  r21
    381  0.458333333  0.291666667  0.416666667   0.0     249  r21
    382  0.458333333  0.291666667  0.583333333   0.0     249  r02
    383  0.458333333  0.291666667  0.750000000   0.0     248  r02
    384  0.458333333  0.291666667  0.916666667   0.0     247  r02
    385  0.458333333  0.375000000  0.083333333   0.0     319  r21
    386  0.458333333  0.375000000  0.250000000   0.0     320  r21
    387  0.458333333  0.375000000  0.416666667   0.0     321  r21
    388  0.458333333  0.375000000  0.583333333   0.0     321  r02
    389  0.458333333  0.375000000  0.750000000   0.0     320  r02
    390  0.458333333  0.375000000  0.916666667   0.0     319  r02
    391  0.458333333  0.458333333  0.083333333   4.0       0  ---
    392  0.458333333  0.458333333  0.250000000   4.0       0  ---
    393  0.458333333  0.458333333  0.416666667   4.0       0  ---
    394  0.458333333  0.458333333  0.583333333   0.0     393  r02
    395  0.458333333  0.458333333  0.750000000   0.0     392  r02
    396  0.458333333  0.458333333  0.916666667   0.0     391  r02
    397  0.458333333  0.541666667  0.083333333   4.0       0  ---
    398  0.458333333  0.541666667  0.250000000   4.0       0  ---
    399  0.458333333  0.541666667  0.416666667   4.0       0  ---
    400  0.458333333  0.541666667  0.583333333   0.0     399  r02
    401  0.458333333  0.541666667  0.750000000   0.0     398  r02
    402  0.458333333  0.541666667  0.916666667   0.0     397  r02
    403  0.458333333  0.625000000  0.083333333   0.0     325  r19
    404  0.458333333  0.625000000  0.250000000   0.0     326  r19
    405  0.458333333  0.625000000  0.416666667   0.0     327  r19
    406  0.458333333  0.625000000  0.583333333   0.0     327  r02
    407  0.458333333  0.625000000  0.750000000   0.0     326  r02
    408  0.458333333  0.625000000  0.916666667   0.0     325  r02
    409  0.458333333  0.708333333  0.083333333   0.0     253  r19
    410  0.458333333  0.708333333  0.250000000   0.0     254  r19
    411  0.458333333  0.708333333  0.416666667   0.0     255  r19
    412  0.458333333  0.708333333  0.583333333   0.0     255  r02
    413  0.458333333  0.708333333  0.750000000   0.0     254  r02
    414  0.458333333  0.708333333  0.916666667   0.0     253  r02
    415  0.458333333  0.791666667  0.083333333   0.0     181  r19
    416  0.458333333  0.791666667  0.250000000   0.0     182  r19
    417  0.458333333  0.791666667  0.416666667   0.0     183  r19
    418  0.458333333  0.791666667  0.583333333   0.0     183  r02
    419  0.458333333  0.791666667  0.750000000   0.0     182  r02
    420  0.458333333  0.791666667  0.916666667   0.0     181  r02
    421  0.458333333  0.875000000  0.083333333   0.0     109  r19
    422  0.458333333  0.875000000  0.250000000   0.0     110  r19
    423  0.458333333  0.875000000  0.416666667   0.0     111  r19
    424  0.458333333  0.875000000  0.583333333   0.0     111  r02
    425  0.458333333  0.875000000  0.750000000   0.0     110  r02
    426  0.458333333  0.875000000  0.916666667   0.0     109  r02
    427  0.458333333  0.958333333  0.083333333   0.0      37  r19
    428  0.458333333  0.958333333  0.250000000   0.0      38  r19
    429  0.458333333  0.958333333  0.416666667   0.0      39  r19
    430  0.458333333  0.958333333  0.583333333   0.0      39  r02
    431  0.458333333  0.958333333  0.750000000   0.0      38  r02
    432  0.458333333  0.958333333  0.916666667   0.0      37  r02
    433  0.541666667  0.041666667  0.083333333   0.0      37  r09
    434  0.541666667  0.041666667  0.250000000   0.0      38  r09
    435  0.541666667  0.041666667  0.416666667   0.0      39  r09
    436  0.541666667  0.041666667  0.583333333   0.0      39  r02
    437  0.541666667  0.041666667  0.750000000   0.0      38  r02
    438  0.541666667  0.041666667  0.916666667   0.0      37  r02
    439  0.541666667  0.125000000  0.083333333   0.0     109  r09
    440  0.541666667  0.125000000  0.250000000   0.0     110  r09
    441  0.541666667  0.125000000  0.416666667   0.0     111  r09
    442  0.541666667  0.125000000  0.583333333   0.0     111  r02
    443  0.541666667  0.125000000  0.750000000   0.0     110  r02
    444  0.541666667  0.125000000  0.916666667   0.0     109  r02
    445  0.541666667  0.208333333  0.083333333   0.0     181  r09
    446  0.541666667  0.208333333  0.250000000   0.0     182  r09
    447  0.541666667  0.208333333  0.416666667   0.0     183  r09
    448  0.541666667  0.208333333  0.583333333   0.0     183  r02
    449  0.541666667  0.208333333  0.750000000   0.0     182  r02
    450  0.541666667  0.208333333  0.916666667   0.0     181  r02
    451  0.541666667  0.291666667  0.083333333   0.0     253  r09
    452  0.541666667  0.291666667  0.250000000   0.0     254  r09
    453  0.541666667  0.291666667  0.416666667   0.0     255  r09
    454  0.541666667  0.291666667  0.583333333   0.0     255  r02
    455  0.541666667  0.291666667  0.750000000   0.0     254  r02
    456  0.541666667  0.291666667  0.916666667   0.0     253  r02
    457  0.541666667  0.375000000  0.083333333   0.0     325  r09
    458  0.541666667  0.375000000  0.250000000   0.0     326  r09
    459  0.541666667  0.375000000  0.416666667   0.0     327  r09
    460  0.541666667  0.375000000  0.583333333   0.0     327  r02
    461  0.541666667  0.375000000  0.750000000   0.0     326  r02
    462  0.541666667  0.375000000  0.916666667   0.0     325  r02
    463  0.541666667  0.458333333  0.083333333   0.0     397  r09
    464  0.541666667  0.458333333  0.250000000   0.0     398  r09
    465  0.541666667  0.458333333  0.416666667   0.0     399  r09
    466  0.541666667  0.458333333  0.583333333   0.0     399  r02
    467  0.541666667  0.458333333  0.750000000   0.0     398  r02
    468  0.541666667  0.458333333  0.916666667   0.0     397  r02
    469  0.541666667  0.541666667  0.083333333   0.0     391  r09
    470  0.541666667  0.541666667  0.250000000   0.0     392  r09
    471  0.541666667  0.541666667  0.416666667   0.0     393  r09
    472  0.541666667  0.541666667  0.583333333   0.0     393  r02
    473  0.541666667  0.541666667  0.750000000   0.0     392  r02
    474  0.541666667  0.541666667  0.916666667   0.0     391  r02
    475  0.541666667  0.625000000  0.083333333   0.0     319  r09
    476  0.541666667  0.625000000  0.250000000   0.0     320  r09
    477  0.541666667  0.625000000  0.416666667   0.0     321  r09
    478  0.541666667  0.625000000  0.583333333   0.0     321  r02
    479  0.541666667  0.625000000  0.750000000   0.0     320  r02
    480  0.541666667  0.625000000  0.916666667   0.0     319  r02
    481  0.541666667  0.708333333  0.083333333   0.0     247  r09
    482  0.541666667  0.708333333  0.250000000   0.0     248  r09
    483  0.541666667  0.708333333  0.416666667   0.0     249  r09
    484  0.541666667  0.708333333  0.583333333   0.0     249  r02
    485  0.541666667  0.708333333  0.750000000   0.0     248  r02
    486  0.541666667  0.708333333  0.916666667   0.0     247  r02
    487  0.541666667  0.791666667  0.083333333   0.0     175  r09
    488  0.541666667  0.791666667  0.250000000   0.0     176  r09
    489  0.541666667  0.791666667  0.416666667   0.0     177  r09
    490  0.541666667  0.791666667  0.583333333   0.0     177  r02
    491  0.541666667  0.791666667  0.750000000   0.0     176  r02
    492  0.541666667  0.791666667  0.916666667   0.0     175  r02
    493  0.541666667  0.875000000  0.083333333   0.0     103  r09
    494  0.541666667  0.875000000  0.250000000   0.0     104  r09
    495  0.541666667  0.875000000  0.416666667   0.0     105  r09
    496  0.541666667  0.875000000  0.583333333   0.0     105  r02
    497  0.541666667  0.875000000  0.750000000   0.0     104  r02
    498  0.541666667  0.875000000  0.916666667   0.0     103  r02
    499  0.541666667  0.958333333  0.083333333   0.0      31  r09
    500  0.541666667  0.958333333  0.250000000   0.0      32  r09
    501  0.541666667  0.958333333  0.416666667   0.0      33  r09
    502  0.541666667  0.958333333  0.583333333   0.0      33  r02
    503  0.541666667  0.958333333  0.750000000   0.0      32  r02
    504  0.541666667  0.958333333  0.916666667   0.0      31  r02
    505  0.625000000  0.041666667  0.083333333   0.0      43  r09
    506  0.625000000  0.041666667  0.250000000   0.0      44  r09
    507  0.625000000  0.041666667  0.416666667   0.0      45  r09
    508  0.625000000  0.041666667  0.583333333   0.0      45  r02
    509  0.625000000  0.041666667  0.750000000   0.0      44  r02
    510  0.625000000  0.041666667  0.916666667   0.0      43  r02
    511  0.625000000  0.125000000  0.083333333   0.0     115  r09
    512  0.625000000  0.125000000  0.250000000   0.0     116  r09
    513  0.625000000  0.125000000  0.416666667   0.0     117  r09
    514  0.625000000  0.125000000  0.583333333   0.0     117  r02
    515  0.625000000  0.125000000  0.750000000   0.0     116  r02
    516  0.625000000  0.125000000  0.916666667   0.0     115  r02
    517  0.625000000  0.208333333  0.083333333   0.0     187  r09
    518  0.625000000  0.208333333  0.250000000   0.0     188  r09
    519  0.625000000  0.208333333  0.416666667   0.0     189  r09
    520  0.625000000  0.208333333  0.583333333   0.0     189  r02
    521  0.625000000  0.208333333  0.750000000   0.0     188  r02
    522  0.625000000  0.208333333  0.916666667   0.0     187  r02
    523  0.625000000  0.291666667  0.083333333   0.0     259  r09
    524  0.625000000  0.291666667  0.250000000   0.0     260  r09
    525  0.625000000  0.291666667  0.416666667   0.0     261  r09
    526  0.625000000  0.291666667  0.583333333   0.0     261  r02
    527  0.625000000  0.291666667  0.750000000   0.0     260  r02
    528  0.625000000  0.291666667  0.916666667   0.0     259  r02
    529  0.625000000  0.375000000  0.083333333   0.0     331  r09
    530  0.625000000  0.375000000  0.250000000   0.0     332  r09
    531  0.625000000  0.375000000  0.416666667   0.0     333  r09
    532  0.625000000  0.375000000  0.583333333   0.0     333  r02
    533  0.625000000  0.375000000  0.750000000   0.0     332  r02
    534  0.625000000  0.375000000  0.916666667   0.0     331  r02
    535  0.625000000  0.458333333  0.083333333   0.0     325  r09
    536  0.625000000  0.458333333  0.250000000   0.0     326  r09
    537  0.625000000  0.458333333  0.416666667   0.0     327  r09
    538  0.625000000  0.458333333  0.583333333   0.0     327  r02
    539  0.625000000  0.458333333  0.750000000   0.0     326  r02
    540  0.625000000  0.458333333  0.916666667   0.0     325  r02
    541  0.625000000  0.541666667  0.083333333   0.0     319  r09
    542  0.625000000  0.541666667  0.250000000   0.0     320  r09
    543  0.625000000  0.541666667  0.416666667   0.0     321  r09
    544  0.625000000  0.541666667  0.583333333   0.0     321  r02
    545  0.625000000  0.541666667  0.750000000   0.0     320  r02
    546  0.625000000  0.541666667  0.916666667   0.0     319  r02
    547  0.625000000  0.625000000  0.083333333   0.0     313  r09
    548  0.625000000  0.625000000  0.250000000   0.0     314  r09
    549  0.625000000  0.625000000  0.416666667   0.0     315  r09
    550  0.625000000  0.625000000  0.583333333   0.0     315  r02
    551  0.625000000  0.625000000  0.750000000   0.0     314  r02
    552  0.625000000  0.625000000  0.916666667   0.0     313  r02
    553  0.625000000  0.708333333  0.083333333   0.0     241  r09
    554  0.625000000  0.708333333  0.250000000   0.0     242  r09
    555  0.625000000  0.708333333  0.416666667   0.0     243  r09
    556  0.625000000  0.708333333  0.583333333   0.0     243  r02
    557  0.625000000  0.708333333  0.750000000   0.0     242  r02
    558  0.625000000  0.708333333  0.916666667   0.0     241  r02
    559  0.625000000  0.791666667  0.083333333   0.0     169  r09
    560  0.625000000  0.791666667  0.250000000   0.0     170  r09
    561  0.625000000  0.791666667  0.416666667   0.0     171  r09
    562  0.625000000  0.791666667  0.583333333   0.0     171  r02
    563  0.625000000  0.791666667  0.750000000   0.0     170  r02
    564  0.625000000  0.791666667  0.916666667   0.0     169  r02
    565  0.625000000  0.875000000  0.083333333   0.0      97  r09
    566  0.625000000  0.875000000  0.250000000   0.0      98  r09
    567  0.625000000  0.875000000  0.416666667   0.0      99  r09
    568  0.625000000  0.875000000  0.583333333   0.0      99  r02
    569  0.625000000  0.875000000  0.750000000   0.0      98  r02
    570  0.625000000  0.875000000  0.916666667   0.0      97  r02
    571  0.625000000  0.958333333  0.083333333   0.0      25  r09
    572  0.625000000  0.958333333  0.250000000   0.0      26  r09
    573  0.625000000  0.958333333  0.416666667   0.0      27  r09
    574  0.625000000  0.958333333  0.583333333   0.0      27  r02
    575  0.625000000  0.958333333  0.750000000   0.0      26  r02
    576  0.625000000  0.958333333  0.916666667   0.0      25  r02
    577  0.708333333  0.041666667  0.083333333   0.0      49  r09
    578  0.708333333  0.041666667  0.250000000   0.0      50  r09
    579  0.708333333  0.041666667  0.416666667   0.0      51  r09
    580  0.708333333  0.041666667  0.583333333   0.0      51  r02
    581  0.708333333  0.041666667  0.750000000   0.0      50  r02
    582  0.708333333  0.041666667  0.916666667   0.0      49  r02
    583  0.708333333  0.125000000  0.083333333   0.0     121  r09
    584  0.708333333  0.125000000  0.250000000   0.0     122  r09
    585  0.708333333  0.125000000  0.416666667   0.0     123  r09
    586  0.708333333  0.125000000  0.583333333   0.0     123  r02
    587  0.708333333  0.125000000  0.750000000   0.0     122  r02
    588  0.708333333  0.125000000  0.916666667   0.0     121  r02
    589  0.708333333  0.208333333  0.083333333   0.0     193  r09
    590  0.708333333  0.208333333  0.250000000   0.0     194  r09
    591  0.708333333  0.208333333  0.416666667   0.0     195  r09
    592  0.708333333  0.208333333  0.583333333   0.0     195  r02
    593  0.708333333  0.208333333  0.750000000   0.0     194  r02
    594  0.708333333  0.208333333  0.916666667   0.0     193  r02
    595  0.708333333  0.291666667  0.083333333   0.0     265  r09
    596  0.708333333  0.291666667  0.250000000   0.0     266  r09
    597  0.708333333  0.291666667  0.416666667   0.0     267  r09
    598  0.708333333  0.291666667  0.583333333   0.0     267  r02
    599  0.708333333  0.291666667  0.750000000   0.0     266  r02
    600  0.708333333  0.291666667  0.916666667   0.0     265  r02
    601  0.708333333  0.375000000  0.083333333   0.0     259  r09
    602  0.708333333  0.375000000  0.250000000   0.0     260  r09
    603  0.708333333  0.375000000  0.416666667   0.0     261  r09
    604  0.708333333  0.375000000  0.583333333   0.0     261  r02
    605  0.708333333  0.375000000  0.750000000   0.0     260  r02
    606  0.708333333  0.375000000  0.916666667   0.0     259  r02
    607  0.708333333  0.458333333  0.083333333   0.0     253  r09
    608  0.708333333  0.458333333  0.250000000   0.0     254  r09
    609  0.708333333  0.458333333  0.416666667   0.0     255  r09
    610  0.708333333  0.458333333  0.583333333   0.0     255  r02
    611  0.708333333  0.458333333  0.750000000   0.0     254  r02
    612  0.708333333  0.458333333  0.916666667   0.0     253  r02
    613  0.708333333  0.541666667  0.083333333   0.0     247  r09
    614  0.708333333  0.541666667  0.250000000   0.0     248  r09
    615  0.708333333  0.541666667  0.416666667   0.0     249  r09
    616  0.708333333  0.541666667  0.583333333   0.0     249  r02
    617  0.708333333  0.541666667  0.750000000   0.0     248  r02
    618  0.708333333  0.541666667  0.916666667   0.0     247  r02
    619  0.708333333  0.625000000  0.083333333   0.0     241  r09
    620  0.708333333  0.625000000  0.250000000   0.0     242  r09
    621  0.708333333  0.625000000  0.416666667   0.0     243  r09
    622  0.708333333  0.625000000  0.583333333   0.0     243  r02
    623  0.708333333  0.625000000  0.750000000   0.0     242  r02
    624  0.708333333  0.625000000  0.916666667   0.0     241  r02
    625  0.708333333  0.708333333  0.083333333   0.0     235  r09
    626  0.708333333  0.708333333  0.250000000   0.0     236  r09
    627  0.708333333  0.708333333  0.416666667   0.0     237  r09
    628  0.708333333  0.708333333  0.583333333   0.0     237  r02
    629  0.708333333  0.708333333  0.750000000   0.0     236  r02
    630  0.708333333  0.708333333  0.916666667   0.0     235  r02
    631  0.708333333  0.791666667  0.083333333   0.0     163  r09
    632  0.708333333  0.791666667  0.250000000   0.0     164  r09
    633  0.708333333  0.791666667  0.416666667   0.0     165  r09
    634  0.708333333  0.791666667  0.583333333   0.0     165  r02
    635  0.708333333  0.791666667  0.750000000   0.0     164  r02
    636  0.708333333  0.791666667  0.916666667   0.0     163  r02
    637  0.708333333  0.875000000  0.083333333   0.0      91  r09
    638  0.708333333  0.875000000  0.250000000   0.0      92  r09
    639  0.708333333  0.875000000  0.416666667   0.0      93  r09
    640  0.708333333  0.875000000  0.583333333   0.0      93  r02
    641  0.708333333  0.875000000  0.750000000   0.0      92  r02
    642  0.708333333  0.875000000  0.916666667   0.0      91  r02
    643  0.708333333  0.958333333  0.083333333   0.0      19  r09
    644  0.708333333  0.958333333  0.250000000   0.0      20  r09
    645  0.708333333  0.958333333  0.416666667   0.0      21  r09
    646  0.708333333  0.958333333  0.583333333   0.0      21  r02
    647  0.708333333  0.958333333  0.750000000   0.0      20  r02
    648  0.708333333  0.958333333  0.916666667   0.0      19  r02
    649  0.791666667  0.041666667  0.083333333   0.0      55  r09
    650  0.791666667  0.041666667  0.250000000   0.0      56  r09
    651  0.791666667  0.041666667  0.416666667   0.0      57  r09
    652  0.791666667  0.041666667  0.583333333   0.0      57  r02
    653  0.791666667  0.041666667  0.750000000   0.0      56  r02
    654  0.791666667  0.041666667  0.916666667   0.0      55  r02
    655  0.791666667  0.125000000  0.083333333   0.0     127  r09
    656  0.791666667  0.125000000  0.250000000   0.0     128  r09
    657  0.791666667  0.125000000  0.416666667   0.0     129  r09
    658  0.791666667  0.125000000  0.583333333   0.0     129  r02
    659  0.791666667  0.125000000  0.750000000   0.0     128  r02
    660  0.791666667  0.125000000  0.916666667   0.0     127  r02
    661  0.791666667  0.208333333  0.083333333   0.0     199  r09
    662  0.791666667  0.208333333  0.250000000   0.0     200  r09
    663  0.791666667  0.208333333  0.416666667   0.0     201  r09
    664  0.791666667  0.208333333  0.583333333   0.0     201  r02
    665  0.791666667  0.208333333  0.750000000   0.0     200  r02
    666  0.791666667  0.208333333  0.916666667   0.0     199  r02
    667  0.791666667  0.291666667  0.083333333   0.0     193  r09
    668  0.791666667  0.291666667  0.250000000   0.0     194  r09
    669  0.791666667  0.291666667  0.416666667   0.0     195  r09
    670  0.791666667  0.291666667  0.583333333   0.0     195  r02
    671  0.791666667  0.291666667  0.750000000   0.0     194  r02
    672  0.791666667  0.291666667  0.916666667   0.0     193  r02
    673  0.791666667  0.375000000  0.083333333   0.0     187  r09
    674  0.791666667  0.375000000  0.250000000   0.0     188  r09
    675  0.791666667  0.375000000  0.416666667   0.0     189  r09
    676  0.791666667  0.375000000  0.583333333   0.0     189  r02
    677  0.791666667  0.375000000  0.750000000   0.0     188  r02
    678  0.791666667  0.375000000  0.916666667   0.0     187  r02
    679  0.791666667  0.458333333  0.083333333   0.0     181  r09
    680  0.791666667  0.458333333  0.250000000   0.0     182  r09
    681  0.791666667  0.458333333  0.416666667   0.0     183  r09
    682  0.791666667  0.458333333  0.583333333   0.0     183  r02
    683  0.791666667  0.458333333  0.750000000   0.0     182  r02
    684  0.791666667  0.458333333  0.916666667   0.0     181  r02
    685  0.791666667  0.541666667  0.083333333   0.0     175  r09
    686  0.791666667  0.541666667  0.250000000   0.0     176  r09
    687  0.791666667  0.541666667  0.416666667   0.0     177  r09
    688  0.791666667  0.541666667  0.583333333   0.0     177  r02
    689  0.791666667  0.541666667  0.750000000   0.0     176  r02
    690  0.791666667  0.541666667  0.916666667   0.0     175  r02
    691  0.791666667  0.625000000  0.083333333   0.0     169  r09
    692  0.791666667  0.625000000  0.250000000   0.0     170  r09
    693  0.791666667  0.625000000  0.416666667   0.0     171  r09
    694  0.791666667  0.625000000  0.583333333   0.0     171  r02
    695  0.791666667  0.625000000  0.750000000   0.0     170  r02
    696  0.791666667  0.625000000  0.916666667   0.0     169  r02
    697  0.791666667  0.708333333  0.083333333   0.0     163  r09
    698  0.791666667  0.708333333  0.250000000   0.0     164  r09
    699  0.791666667  0.708333333  0.416666667   0.0     165  r09
    700  0.791666667  0.708333333  0.583333333   0.0     165  r02
    701  0.791666667  0.708333333  0.750000000   0.0     164  r02
    702  0.791666667  0.708333333  0.916666667   0.0     163  r02
    703  0.791666667  0.791666667  0.083333333   0.0     157  r09
    704  0.791666667  0.791666667  0.250000000   0.0     158  r09
    705  0.791666667  0.791666667  0.416666667   0.0     159  r09
    706  0.791666667  0.791666667  0.583333333   0.0     159  r02
    707  0.791666667  0.791666667  0.750000000   0.0     158  r02
    708  0.791666667  0.791666667  0.916666667   0.0     157  r02
    709  0.791666667  0.875000000  0.083333333   0.0      85  r09
    710  0.791666667  0.875000000  0.250000000   0.0      86  r09
    711  0.791666667  0.875000000  0.416666667   0.0      87  r09
    712  0.791666667  0.875000000  0.583333333   0.0      87  r02
    713  0.791666667  0.875000000  0.750000000   0.0      86  r02
    714  0.791666667  0.875000000  0.916666667   0.0      85  r02
    715  0.791666667  0.958333333  0.083333333   0.0      13  r09
    716  0.791666667  0.958333333  0.250000000   0.0      14  r09
    717  0.791666667  0.958333333  0.416666667   0.0      15  r09
    718  0.791666667  0.958333333  0.583333333   0.0      15  r02
    719  0.791666667  0.958333333  0.750000000   0.0      14  r02
    720  0.791666667  0.958333333  0.916666667   0.0      13  r02
    721  0.875000000  0.041666667  0.083333333   0.0      61  r09
    722  0.875000000  0.041666667  0.250000000   0.0      62  r09
    723  0.875000000  0.041666667  0.416666667   0.0      63  r09
    724  0.875000000  0.041666667  0.583333333   0.0      63  r02
    725  0.875000000  0.041666667  0.750000000   0.0      62  r02
    726  0.875000000  0.041666667  0.916666667   0.0      61  r02
    727  0.875000000  0.125000000  0.083333333   0.0     133  r09
    728  0.875000000  0.125000000  0.250000000   0.0     134  r09
    729  0.875000000  0.125000000  0.416666667   0.0     135  r09
    730  0.875000000  0.125000000  0.583333333   0.0     135  r02
    731  0.875000000  0.125000000  0.750000000   0.0     134  r02
    732  0.875000000  0.125000000  0.916666667   0.0     133  r02
    733  0.875000000  0.208333333  0.083333333   0.0     127  r09
    734  0.875000000  0.208333333  0.250000000   0.0     128  r09
    735  0.875000000  0.208333333  0.416666667   0.0     129  r09
    736  0.875000000  0.208333333  0.583333333   0.0     129  r02
    737  0.875000000  0.208333333  0.750000000   0.0     128  r02
    738  0.875000000  0.208333333  0.916666667   0.0     127  r02
    739  0.875000000  0.291666667  0.083333333   0.0     121  r09
    740  0.875000000  0.291666667  0.250000000   0.0     122  r09
    741  0.875000000  0.291666667  0.416666667   0.0     123  r09
    742  0.875000000  0.291666667  0.583333333   0.0     123  r02
    743  0.875000000  0.291666667  0.750000000   0.0     122  r02
    744  0.875000000  0.291666667  0.916666667   0.0     121  r02
    745  0.875000000  0.375000000  0.083333333   0.0     115  r09
    746  0.875000000  0.375000000  0.250000000   0.0     116  r09
    747  0.875000000  0.375000000  0.416666667   0.0     117  r09
    748  0.875000000  0.375000000  0.583333333   0.0     117  r02
    749  0.875000000  0.375000000  0.750000000   0.0     116  r02
    750  0.875000000  0.375000000  0.916666667   0.0     115  r02
    751  0.875000000  0.458333333  0.083333333   0.0     109  r09
    752  0.875000000  0.458333333  0.250000000   0.0     110  r09
    753  0.875000000  0.458333333  0.416666667   0.0     111  r09
    754  0.875000000  0.458333333  0.583333333   0.0     111  r02
    755  0.875000000  0.458333333  0.750000000   0.0     110  r02
    756  0.875000000  0.458333333  0.916666667   0.0     109  r02
    757  0.875000000  0.541666667  0.083333333   0.0     103  r09
    758  0.875000000  0.541666667  0.250000000   0.0     104  r09
    759  0.875000000  0.541666667  0.416666667   0.0     105  r09
    760  0.875000000  0.541666667  0.583333333   0.0     105  r02
    761  0.875000000  0.541666667  0.750000000   0.0     104  r02
    762  0.875000000  0.541666667  0.916666667   0.0     103  r02
    763  0.875000000  0.625000000  0.083333333   0.0      97  r09
    764  0.875000000  0.625000000  0.250000000   0.0      98  r09
    765  0.875000000  0.625000000  0.416666667   0.0      99  r09
    766  0.875000000  0.625000000  0.583333333   0.0      99  r02
    767  0.875000000  0.625000000  0.750000000   0.0      98  r02
    768  0.875000000  0.625000000  0.916666667   0.0      97  r02
    769  0.875000000  0.708333333  0.083333333   0.0      91  r09
    770  0.875000000  0.708333333  0.250000000   0.0      92  r09
    771  0.875000000  0.708333333  0.416666667   0.0      93  r09
    772  0.875000000  0.708333333  0.583333333   0.0      93  r02
    773  0.875000000  0.708333333  0.750000000   0.0      92  r02
    774  0.875000000  0.708333333  0.916666667   0.0      91  r02
    775  0.875000000  0.791666667  0.083333333   0.0      85  r09
    776  0.875000000  0.791666667  0.250000000   0.0      86  r09
    777  0.875000000  0.791666667  0.416666667   0.0      87  r09
    778  0.875000000  0.791666667  0.583333333   0.0      87  r02
    779  0.875000000  0.791666667  0.750000000   0.0      86  r02
    780  0.875000000  0.791666667  0.916666667   0.0      85  r02
    781  0.875000000  0.875000000  0.083333333   0.0      79  r09
    782  0.875000000  0.875000000  0.250000000   0.0      80  r09
    783  0.875000000  0.875000000  0.416666667   0.0      81  r09
    784  0.875000000  0.875000000  0.583333333   0.0      81  r02
    785  0.875000000  0.875000000  0.750000000   0.0      80  r02
    786  0.875000000  0.875000000  0.916666667   0.0      79  r02
    787  0.875000000  0.958333333  0.083333333   0.0       7  r09
    788  0.875000000  0.958333333  0.250000000   0.0       8  r09
    789  0.875000000  0.958333333  0.416666667   0.0       9  r09
    790  0.875000000  0.958333333  0.583333333   0.0       9  r02
    791  0.875000000  0.958333333  0.750000000   0.0       8  r02
    792  0.875000000  0.958333333  0.916666667   0.0       7  r02
    793  0.958333333  0.041666667  0.083333333   0.0      67  r09
    794  0.958333333  0.041666667  0.250000000   0.0      68  r09
    795  0.958333333  0.041666667  0.416666667   0.0      69  r09
    796  0.958333333  0.041666667  0.583333333   0.0      69  r02
    797  0.958333333  0.041666667  0.750000000   0.0      68  r02
    798  0.958333333  0.041666667  0.916666667   0.0      67  r02
    799  0.958333333  0.125000000  0.083333333   0.0      61  r09
    800  0.958333333  0.125000000  0.250000000   0.0      62  r09
    801  0.958333333  0.125000000  0.416666667   0.0      63  r09
    802  0.958333333  0.125000000  0.583333333   0.0      63  r02
    803  0.958333333  0.125000000  0.750000000   0.0      62  r02
    804  0.958333333  0.125000000  0.916666667   0.0      61  r02
    805  0.958333333  0.208333333  0.083333333   0.0      55  r09
    806  0.958333333  0.208333333  0.250000000   0.0      56  r09
    807  0.958333333  0.208333333  0.416666667   0.0      57  r09
    808  0.958333333  0.208333333  0.583333333   0.0      57  r02
    809  0.958333333  0.208333333  0.750000000   0.0      56  r02
    810  0.958333333  0.208333333  0.916666667   0.0      55  r02
    811  0.958333333  0.291666667  0.083333333   0.0      49  r09
    812  0.958333333  0.291666667  0.250000000   0.0      50  r09
    813  0.958333333  0.291666667  0.416666667   0.0      51  r09
    814  0.958333333  0.291666667  0.583333333   0.0      51  r02
    815  0.958333333  0.291666667  0.750000000   0.0      50  r02
    816  0.958333333  0.291666667  0.916666667   0.0      49  r02
    817  0.958333333  0.375000000  0.083333333   0.0      43  r09
    818  0.958333333  0.375000000  0.250000000   0.0      44  r09
    819  0.958333333  0.375000000  0.416666667   0.0      45  r09
    820  0.958333333  0.375000000  0.583333333   0.0      45  r02
    821  0.958333333  0.375000000  0.750000000   0.0      44  r02
    822  0.958333333  0.375000000  0.916666667   0.0      43  r02
    823  0.958333333  0.458333333  0.083333333   0.0      37  r09
    824  0.958333333  0.458333333  0.250000000   0.0      38  r09
    825  0.958333333  0.458333333  0.416666667   0.0      39  r09
    826  0.958333333  0.458333333  0.583333333   0.0      39  r02
    827  0.958333333  0.458333333  0.750000000   0.0      38  r02
    828  0.958333333  0.458333333  0.916666667   0.0      37  r02
    829  0.958333333  0.541666667  0.083333333   0.0      31  r09
    830  0.958333333  0.541666667  0.250000000   0.0      32  r09
    831  0.958333333  0.541666667  0.416666667   0.0      33  r09
    832  0.958333333  0.541666667  0.583333333   0.0      33  r02
    833  0.958333333  0.541666667  0.750000000   0.0      32  r02
    834  0.958333333  0.541666667  0.916666667   0.0      31  r02
    835  0.958333333  0.625000000  0.083333333   0.0      25  r09
    836  0.958333333  0.625000000  0.250000000   0.0      26  r09
    837  0.958333333  0.625000000  0.416666667   0.0      27  r09
    838  0.958333333  0.625000000  0.583333333   0.0      27  r02
    839  0.958333333  0.625000000  0.750000000   0.0      26  r02
    840  0.958333333  0.625000000  0.916666667   0.0      25  r02
    841  0.958333333  0.708333333  0.083333333   0.0      19  r09
    842  0.958333333  0.708333333  0.250000000   0.0      20  r09
    843  0.958333333  0.708333333  0.416666667   0.0      21  r09
    844  0.958333333  0.708333333  0.583333333   0.0      21  r02
    845  0.958333333  0.708333333  0.750000000   0.0      20  r02
    846  0.958333333  0.708333333  0.916666667   0.0      19  r02
    847  0.958333333  0.791666667  0.083333333   0.0      13  r09
    848  0.958333333  0.791666667  0.250000000   0.0      14  r09
    849  0.958333333  0.791666667  0.416666667   0.0      15  r09
    850  0.958333333  0.791666667  0.583333333   0.0      15  r02
    851  0.958333333  0.791666667  0.750000000   0.0      14  r02
    852  0.958333333  0.791666667  0.916666667   0.0      13  r02
    853  0.958333333  0.875000000  0.083333333   0.0       7  r09
    854  0.958333333  0.875000000  0.250000000   0.0       8  r09
    855  0.958333333  0.875000000  0.416666667   0.0       9  r09
    856  0.958333333  0.875000000  0.583333333   0.0       9  r02
    857  0.958333333  0.875000000  0.750000000   0.0       8  r02
    858  0.958333333  0.875000000  0.916666667   0.0       7  r02
    859  0.958333333  0.958333333  0.083333333   0.0       1  r09
    860  0.958333333  0.958333333  0.250000000   0.0       2  r09
    861  0.958333333  0.958333333  0.416666667   0.0       3  r09
    862  0.958333333  0.958333333  0.583333333   0.0       3  r02
    863  0.958333333  0.958333333  0.750000000   0.0       2  r02
    864  0.958333333  0.958333333  0.916666667   0.0       1  r02

k-points in the irreducible wedge
    126
      1  0.041666667  0.041666667  0.083333333   4.0       1
      2  0.041666667  0.041666667  0.250000000   4.0       2
      3  0.041666667  0.041666667  0.416666667   4.0       3
      4  0.041666667  0.125000000  0.083333333   8.0       7
      5  0.041666667  0.125000000  0.250000000   8.0       8
      6  0.041666667  0.125000000  0.416666667   8.0       9
      7  0.041666667  0.208333333  0.083333333   8.0      13
      8  0.041666667  0.208333333  0.250000000   8.0      14
      9  0.041666667  0.208333333  0.416666667   8.0      15
     10  0.041666667  0.291666667  0.083333333   8.0      19
     11  0.041666667  0.291666667  0.250000000   8.0      20
     12  0.041666667  0.291666667  0.416666667   8.0      21
     13  0.041666667  0.375000000  0.083333333   8.0      25
     14  0.041666667  0.375000000  0.250000000   8.0      26
     15  0.041666667  0.375000000  0.416666667   8.0      27
     16  0.041666667  0.458333333  0.083333333   8.0      31
     17  0.041666667  0.458333333  0.250000000   8.0      32
     18  0.041666667  0.458333333  0.416666667   8.0      33
     19  0.041666667  0.541666667  0.083333333   8.0      37
     20  0.041666667  0.541666667  0.250000000   8.0      38
     21  0.041666667  0.541666667  0.416666667   8.0      39
     22  0.041666667  0.625000000  0.083333333   8.0      43
     23  0.041666667  0.625000000  0.250000000   8.0      44
     24  0.041666667  0.625000000  0.416666667   8.0      45
     25  0.041666667  0.708333333  0.083333333   8.0      49
     26  0.041666667  0.708333333  0.250000000   8.0      50
     27  0.041666667  0.708333333  0.416666667   8.0      51
     28  0.041666667  0.791666667  0.083333333   8.0      55
     29  0.041666667  0.791666667  0.250000000   8.0      56
     30  0.041666667  0.791666667  0.416666667   8.0      57
     31  0.041666667  0.875000000  0.083333333   8.0      61
     32  0.041666667  0.875000000  0.250000000   8.0      62
     33  0.041666667  0.875000000  0.416666667   8.0      63
     34  0.041666667  0.958333333  0.083333333   4.0      67
     35  0.041666667  0.958333333  0.250000000   4.0      68
     36  0.041666667  0.958333333  0.416666667   4.0      69
     37  0.125000000  0.125000000  0.083333333   4.0      79
     38  0.125000000  0.125000000  0.250000000   4.0      80
     39  0.125000000  0.125000000  0.416666667   4.0      81
     40  0.125000000  0.208333333  0.083333333   8.0      85
     41  0.125000000  0.208333333  0.250000000   8.0      86
     42  0.125000000  0.208333333  0.416666667   8.0      87
     43  0.125000000  0.291666667  0.083333333   8.0      91
     44  0.125000000  0.291666667  0.250000000   8.0      92
     45  0.125000000  0.291666667  0.416666667   8.0      93
     46  0.125000000  0.375000000  0.083333333   8.0      97
     47  0.125000000  0.375000000  0.250000000   8.0      98
     48  0.125000000  0.375000000  0.416666667   8.0      99
     49  0.125000000  0.458333333  0.083333333   8.0     103
     50  0.125000000  0.458333333  0.250000000   8.0     104
     51  0.125000000  0.458333333  0.416666667   8.0     105
     52  0.125000000  0.541666667  0.083333333   8.0     109
     53  0.125000000  0.541666667  0.250000000   8.0     110
     54  0.125000000  0.541666667  0.416666667   8.0     111
     55  0.125000000  0.625000000  0.083333333   8.0     115
     56  0.125000000  0.625000000  0.250000000   8.0     116
     57  0.125000000  0.625000000  0.416666667   8.0     117
     58  0.125000000  0.708333333  0.083333333   8.0     121
     59  0.125000000  0.708333333  0.250000000   8.0     122
     60  0.125000000  0.708333333  0.416666667   8.0     123
     61  0.125000000  0.791666667  0.083333333   8.0     127
     62  0.125000000  0.791666667  0.250000000   8.0     128
     63  0.125000000  0.791666667  0.416666667   8.0     129
     64  0.125000000  0.875000000  0.083333333   4.0     133
     65  0.125000000  0.875000000  0.250000000   4.0     134
     66  0.125000000  0.875000000  0.416666667   4.0     135
     67  0.208333333  0.208333333  0.083333333   4.0     157
     68  0.208333333  0.208333333  0.250000000   4.0     158
     69  0.208333333  0.208333333  0.416666667   4.0     159
     70  0.208333333  0.291666667  0.083333333   8.0     163
     71  0.208333333  0.291666667  0.250000000   8.0     164
     72  0.208333333  0.291666667  0.416666667   8.0     165
     73  0.208333333  0.375000000  0.083333333   8.0     169
     74  0.208333333  0.375000000  0.250000000   8.0     170
     75  0.208333333  0.375000000  0.416666667   8.0     171
     76  0.208333333  0.458333333  0.083333333   8.0     175
     77  0.208333333  0.458333333  0.250000000   8.0     176
     78  0.208333333  0.458333333  0.416666667   8.0     177
     79  0.208333333  0.541666667  0.083333333   8.0     181
     80  0.208333333  0.541666667  0.250000000   8.0     182
     81  0.208333333  0.541666667  0.416666667   8.0     183
     82  0.208333333  0.625000000  0.083333333   8.0     187
     83  0.208333333  0.625000000  0.250000000   8.0     188
     84  0.208333333  0.625000000  0.416666667   8.0     189
     85  0.208333333  0.708333333  0.083333333   8.0     193
     86  0.208333333  0.708333333  0.250000000   8.0     194
     87  0.208333333  0.708333333  0.416666667   8.0     195
     88  0.208333333  0.791666667  0.083333333   4.0     199
     89  0.208333333  0.791666667  0.250000000   4.0     200
     90  0.208333333  0.791666667  0.416666667   4.0     201
     91  0.291666667  0.291666667  0.083333333   4.0     235
     92  0.291666667  0.291666667  0.250000000   4.0     236
     93  0.291666667  0.291666667  0.416666667   4.0     237
     94  0.291666667  0.375000000  0.083333333   8.0     241
     95  0.291666667  0.375000000  0.250000000   8.0     242
     96  0.291666667  0.375000000  0.416666667   8.0     243
     97  0.291666667  0.458333333  0.083333333   8.0     247
     98  0.291666667  0.458333333  0.250000000   8.0     248
     99  0.291666667  0.458333333  0.416666667   8.0     249
    100  0.291666667  0.541666667  0.083333333   8.0     253
    101  0.291666667  0.541666667  0.250000000   8.0     254
    102  0.291666667  0.541666667  0.416666667   8.0     255
    103  0.291666667  0.625000000  0.083333333   8.0     259
    104  0.291666667  0.625000000  0.250000000   8.0     260
    105  0.291666667  0.625000000  0.416666667   8.0     261
    106  0.291666667  0.708333333  0.083333333   4.0     265
    107  0.291666667  0.708333333  0.250000000   4.0     266
    108  0.291666667  0.708333333  0.416666667   4.0     267
    109  0.375000000  0.375000000  0.083333333   4.0     313
    110  0.375000000  0.375000000  0.250000000   4.0     314
    111  0.375000000  0.375000000  0.416666667   4.0     315
    112  0.375000000  0.458333333  0.083333333   8.0     319
    113  0.375000000  0.458333333  0.250000000   8.0     320
    114  0.375000000  0.458333333  0.416666667   8.0     321
    115  0.375000000  0.541666667  0.083333333   8.0     325
    116  0.375000000  0.541666667  0.250000000   8.0     326
    117  0.375000000  0.541666667  0.416666667   8.0     327
    118  0.375000000  0.625000000  0.083333333   4.0     331
    119  0.375000000  0.625000000  0.250000000   4.0     332
    120  0.375000000  0.625000000  0.416666667   4.0     333
    121  0.458333333  0.458333333  0.083333333   4.0     391
    122  0.458333333  0.458333333  0.250000000   4.0     392
    123  0.458333333  0.458333333  0.416666667   4.0     393
    124  0.458333333  0.541666667  0.083333333   4.0     397
    125  0.458333333  0.541666667  0.250000000   4.0     398
    126  0.458333333  0.541666667  0.416666667   4.0     399

